16
310940
344384
590996
599148
605816
611896
617668
622760
627544
631996
635920
639596
643312
646920
650232
653468
656748
659872
662976
665952
668848
671680
674500
677312
680004
682708
685368
688032
690648
693132
695552
697928
700268
702632
704956
707108
709272
711504
713708
715828
717972
720056
722168
724220
726220
728192
730212
732188
734112
736064
737904
739668
741480
743344
745192
746984
748676
750400
752164
753900
755536
757148
758780
760464
762112
763740
765328
766904
768476
770036
771536
772956
774388
775932
777512
779004
780440
781908
783352
784784
786212
787592
789008
790444
791900
793264
794608
795964
797312
798620
799936
801292
802620
803964
805340
806644
807888
809156
810416
811656
812940
814252
815512
816756
818032
819288
820500
821680
822864
824068
825316
826580
827764
828852
829980
831136
832292
833444
834576
835712
836816
837944
839108
840212
841288
842416
843548
844680
845812
846900
847956
849012
850108
851188
852248
853328
854420
855524
856656
857772
858848
859880
860880
861872
862928
864008
865112
866164
867164
868140
869136
870164
871192
872232
873232
874228
875216
876184
877148
878100
879096
880064
881056
882020
883000
883948
884892
885796
886760
887744
888704
889660
890604
891560
892548
893572
894564
895516
896424
897312
898184
899056
899944
900872
901816
902768
903700
904588
905444
906280
907100
907932
908764
909612
910480
911336
912168
912976
913784
914600
915424
916260
917104
917968
918848
919704
920544
921360
922168
922984
923796
924628
925444
926256
927072
927892
928680
929468
930248
931032
931832
932620
933380
934156
934928
935724
936528
937324
938120
938912
939716
940500
941292
942080
942848
943592
944316
945080
945852
946656
947468
948232
948980
949728
950496
951252
951992
952712
953436
954148
954860
955596
956344
957112
957876
958632
959360
960084
960812
961552
962288
963020
963744
964464
965188
965904
966628
967348
968056
968760
969464
970156
970848
971524
972212
972908
973620
974336
975044
975760
976500
977244
977980
978688
979368
980032
980708
981388
982076
982788
983512
984224
984908
985580
986264
986956
987660
988376
989088
989792
990476
991140
991820
992500
993192
993876
994536
995192
995852
996508
997160
997820
998484
999172
999880
1000604
1001332
1002064
1002772
1003448
1004112
1004768
1005424
1006076
1006716
1007352
1008000
1008664
1009352
1010032
1010692
1011348
1012000
1012636
1013252
1013868
1014452
1015032
1015592
1016164
1016740
1017324
1017908
1018496
1019088
1019700
1020332
1020988
1021660
1022308
1022912
1023504
1024084
1024660
1025248
1025852
1026468
1027092
1027732
1028368
1029008
1029652
1030300
1030948
1031580
1032188
1032800
1033428
1034064
1034708
1035340
1035952
1036548
1037128
1037700
1038264
1038824
1039404
1040012
1040652
1041316
1041988
1042640
1043280
1043904
1044528
1045164
1045804
1046448
1047092
1047748
1048408
1049068
1049716
1050332
1050940
1051552
1052148
1052768
1053372
1053968
1054564
1055156
1055744
1056348
1056956
1057564
1058172
1058780
1059380
1059980
1060588
1061196
1061820
1062432
1063032
1063612
1064212
1064800
1065384
1065976
1066560
1067148
1067744
1068344
1068940
1069516
1070108
1070692
1071280
1071880
1072496
1073120
1073736
1074328
1074908
1075488
1076072
1076680
1077280
1077884
1078460
1079028
1079588
1080152
1080720
1081316
1081908
1082512
1083120
1083724
1084332
1084944
1085536
1086120
1086684
1087240
1087788
1088332
1088884
1089432
1089996
1090552
1091120
1091692
1092280
1092904
1093524
1094128
1094724
1095300
1095864
1096432
1096996
1097580
1098156
1098736
1099304
1099868
1100428
1100996
1101568
1102140
1102696
1103240
1103784
1104320
1104868
1105424
1105996
1106584
1107188
1107788
1108376
1108944
1109500
1110048
1110588
1111136
1111692
1112256
1112816
1113384
1113940
1114492
1115060
1115620
1116180
1116748
1117316
1117868
1118416
1118956
1119484
1120008
1120544
1121088
1121644
1122204
1122768
1123328
1123884
1124440
1125004
1125572
1126140
1126704
1127272
1127820
1128360
1128884
1129392
1129896
1130412
1130936
1131488
1132052
1132636
1133220
1133808
1134384
1134948
1135496
1136036
1136564
1137092
1137620
1138152
1138688
1139220
1139752
1140280
1140804
1141328
1141856
1142376
1142896
1143412
1143932
1144452
1144976
1145500
1146028
1146568
1147124
1147688
1148256
1148812
1149356
1149884
1150396
1150904
1151408
1151912
1152416
1152932
1153444
1153948
1154464
1154980
1155496
1156012
1156524
1157040
1157548
1158068
1158596
1159144
1159692
1160240
1160788
1161332
1161864
1162392
1162936
1163472
1164004
1164544
1165072
1165596
1166124
1166648
1167168
1167692
1168228
1168760
1169312
1169864
1170412
1170960
1171504
1172032
1172544
1173052
1173556
1174072
1174584
1175100
1175608
1176144
1176680
1177228
1177776
1178316
1178848
1179368
1179888
1180396
1180908
1181424
1181956
1182500
1183032
1183568
1184100
1184628
1185160
1185696
1186236
1186780
1187328
1187876
1188420
1188956
1189484
1190020
1190552
1191100
1191648
1192188
1192740
1193284
1193820
1194356
1194896
1195444
1195992
1196548
1197100
1197656
1198212
1198756
1199284
1199792
1200296
1200800
1201312
1201840
1202380
1202928
1203488
1204048
1204600
1205132
1205660
1206176
1206692
1207212
1207756
1208312
1208872
1209416
1209956
1210488
1211008
1211532
1212060
1212600
1213124
1213648
1214172
1214700
1215212
1215720
1216216
1216724
1217216
1217720
1218224
1218720
1219220
1219728
1220240
1220764
1221296
1221824
1222344
1222852
1223352
1223868
1224392
1224924
1225452
1225984
1226532
1227060
1227600
1228128
1228648
1229156
1229664
1230168
1230692
1231212
1231724
1232240
1232756
1233280
1233784
1234284
1234800
1235344
1235904
1236476
1237036
1237592
1238144
1238708
1239260
1239812
1240360
1240908
1241460
1242012
1242572
1243136
1243696
1244260
1244828
1245404
1245976
1246544
1247104
1247652
1248192
1248728
1249268
1249824
1250392
1250968
1251552
1252132
1252712
1253280
1253840
1254396
1254932
1255444
1255948
1256452
1256964
1257480
1258008
1258552
1259108
1259680
1260244
1260820
1261396
1261952
1262492
1263016
1263540
1264068
1264596
1265116
1265640
1266156
1266664
1267188
1267688
1268192
1268680
1269160
1269640
1270128
1270620
1271120
1271628
1272140
1272660
1273192
1273716
1274236
1274756
1275276
1275800
1276324
1276848
1277356
1277860
1278368
1278860
1279352
1279856
1280368
1280884
1281412
1281936
1282452
1282960
1283460
1283964
1284484
1285016
1285552
1286080
1286608
1287128
1287648
1288172
1288700
1289228
1289772
1290304
1290828
1291348
1291860
1292384
1292916
1293444
1293976
1294500
1295016
1295536
1296068
1296592
1297124
1297656
1298184
1298704
1299224
1299740
1300268
1300800
1301332
1301860
1302372
1302872
1303372
1303876
1304380
1304892
1305420
1305956
1306504
1307056
1307592
1308140
1308668
1309192
1309708
1310228
1310744
1311268
1311788
1312304
1312816
1313324
1313832
1314340
1314860
1315392
1315940
1316488
1317036
1317568
1318088
1318592
1319096
1319600
1320112
1320632
1321148
1321652
1322152
1322656
1323168
1323696
1324240
1324792
1325332
1325868
1326400
1326928
1327460
1327996
1328528
1329056
1329572
1330084
1330576
1331056
1331528
1331992
1332464
1332952
1333460
1333992
1334540
1335100
1335656
1336200
1336732
1337244
1337748
1338240
1338728
1339220
1339716
1340220
1340732
1341252
1341784
1342320
1342860
1343400
1343928
1344448
1344964
1345472
1345992
1346508
1347028
1347544
1348052
1348568
1349076
1349576
1350088
1350604
1351124
1351656
1352192
1352728
1353256
1353788
1354312
1354832
1355352
1355860
1356352
1356844
1357348
1357856
1358368
1358896
1359436
1359980
1360516
1361044
1361564
1362076
1362592
1363112
1363624
1364136
1364652
1365164
1365684
1366200
1366736
1367272
1367808
1368336
1368860
1369372
1369896
1370412
1370924
1371440
1371964
1372476
1372996
1373520
1374044
1374568
1375080
1375596
1376116
1376636
1377152
1377676
1378196
1378700
1379208
1379716
1380228
1380752
1381272
1381792
1382308
1382832
1383356
1383884
1384412
1384936
1385448
1385948
1386448
1386948
1387448
1387960
1388472
1389000
1389524
1390052
1390576
1391092
1391604
1392120
1392636
1393152
1393664
1394176
1394688
1395200
1395712
1396232
1396748
1397260
1397776
1398296
1398816
1399340
1399860
1400372
1400884
1401392
1401900
1402400
1402916
1403420
1403940
1404444
1404952
1405468
1405980
1406484
1406984
1407488
1407996
1408508
1409024
1409544
1410064
1410584
1411100
1411612
1412124
1412632
1413144
1413652
1414176
1414684
1415208
1415716
1416224
1416732
1417240
1417760
1418280
1418796
1419312
1419836
1420360
1420876
1421380
1421872
1422368
1422872
1423380
1423896
1424412
1424924
1425436
1425952
1426472
1426988
1427496
1427992
1428480
1428956
1429440
1429928
1430420
1430924
1431432
1431944
1432460
1432976
1433488
1433992
1434492
1434980
1435468
1435956
1436452
1436952
1437456
1437956
1438456
1438956
1439460
1439972
1440484
1440996
1441496
1441992
1442476
1442956
1443436
1443924
1444416
1444912
1445408
1445904
1446392
1446876
1447360
1447840
1448320
1448812
1449296
1449788
1450292
1450788
1451280
1451776
1452272
1452776
1453268
1453768
1454260
1454744
1455220
1455700
1456180
1456664
1457160
1457660
1458148
1458640
1459136
1459628
1460112
1460600
1461076
1461540
1462008
1462476
1462948
1463428
1463912
1464404
1464892
1465372
1465840
1466304
1466764
1467232
1467704
1468184
1468676
1469176
1469680
1470176
1470672
1471156
1471632
1472100
1472564
1473032
1473500
1473960
1474420
1474880
1475336
1475800
1476272
1476752
1477236
1477716
1478192
1478668
1479140
1479608
1480088
1480560
1481036
1481508
1481988
1482472
1482952
1483428
1483896
1484364
1484836
1485308
1485780
1486244
1486704
1487168
1487636
1488112
1488592
1489064
1489548
1490028
1490500
1490960
1491424
1491880
1492340
1492808
1493272
1493736
1494192
1494652
1495108
1495556
1496020
1496480
1496936
1497400
1497860
1498328
1498792
1499252
1499708
1500156
1500600
1501032
1501464
1501908
1502360
1502824
1503280
1503740
1504196
1504648
1505100
1505548
1506008
1506464
1506924
1507384
1507836
1508280
1508724
1509164
1509600
1510040
1510484
1510948
1511408
1511884
1512356
1512824
1513284
1513744
1514196
1514644
1515088
1515532
1515964
1516404
1516840
1517276
1517712
1518136
1518572
1519016
1519472
1519936
1520404
1520860
1521320
1521764
1522204
1522648
1523092
1523540
1523988
1524440
1524888
1525336
1525780
1526224
1526672
1527120
1527580
1528032
1528476
1528920
1529352
1529784
1530200
1530616
1531024
1531428
1531836
1532248
1532672
1533100
1533536
1533980
1534420
1534856
1535304
1535736
1536164
1536584
1537000
1537420
1537840
1538260
1538676
1539092
1539512
1539940
1540380
1540816
1541248
1541672
1542112
1542556
1543012
1543464
1543916
1544368
1544816
1545268
1545720
1546172
1546628
1547080
1547524
1547960
1548384
1548796
1549200
1549604
1550008
1550412
1550812
1551212
1551608
1552000
1552396
1552792
1553196
1553608
1554020
1554440
1554880
1555316
1555760
1556208
1556660
1557108
1557552
1557992
1558432
1558864
1559316
1559752
1560188
1560616
1561028
1561428
1561816
1562200
1562580
1562956
1563332
1563700
1564072
1564452
1564820
1565200
1565580
1565968
1566364
1566776
1567204
1567644
1568080
1568516
1568952
1569376
1569804
1570220
1570628
1571032
1571428
1571824
1572212
1572596
1572988
1573380
1573768
1574152
1574540
1574928
1575312
1575704
1576100
1576500
1576904
1577312
1577724
1578144
1578568
1578984
1579400
1579800
1580204
1580604
1581008
1581412
1581816
1582224
1582624
1583024
1583428
1583824
1584220
1584612
1585000
1585396
1585792
1586192
1586596
1587008
1587412
1587824
1588220
1588612
1589004
1589392
1589788
1590176
1590568
1590960
1591352
1591736
1592132
1592524
1592916
1593308
1593692
1594076
1594464
1594852
1595240
1595640
1596036
1596432
1596828
1597228
1597620
1598024
1598420
1598816
1599204
1599596
1599984
1600368
1600756
1601148
1601536
1601920
1602308
1602692
1603072
1603456
1603836
1604216
1604608
1605000
1605388
1605780
1606164
1606552
1606940
1607324
1607712
1608096
1608472
1608848
1609216
1609580
1609944
1610304
1610672
1611036
1611412
1611796
1612180
1612572
1612964
1613356
1613748
1614136
1614516
1614896
1615260
1615636
1616000
1616368
1616740
1617104
1617484
1617848
1618212
1618584
1618956
1619328
1619704
1620084
1620464
1620836
1621204
1621564
1621916
1622264
1622616
1622968
1623308
1623652
1623996
1624336
1624676
1625020
1625364
1625708
1626052
1626412
1626768
1627128
1627496
1627864
1628236
1628608
1628984
1629360
1629732
1630108
1630484
1630864
1631240
1631616
1631992
1632360
1632724
1633092
1633460
1633824
1634188
1634556
1634920
1635288
1635652
1636016
1636376
1636744
1637112
1637484
1637852
1638232
1638612
1639000
1639384
1639764
1640144
1640516
1640884
1641256
1641620
1641988
1642352
1642712
1643068
1643420
1643776
1644132
1644488
1644848
1645208
1645564
1645920
1646280
1646632
1646984
1647336
1647692
1648048
1648404
1648764
1649124
1649488
1649852
1650212
1650580
1650940
1651300
1651656
1652012
1652368
1652720
1653072
1653420
1653780
1654132
1654488
1654840
1655192
1655548
1655916
1656284
1656652
1657020
1657384
1657744
1658100
1658452
1658812
1659164
1659520
1659888
1660256
1660628
1661004
1661380
1661752
1662120
1662484
1662836
1663184
1663528
1663876
1664224
1664564
1664904
1665244
1665584
1665936
1666288
1666648
1667000
1667360
1667716
1668080
1668444
1668812
1669176
1669544
1669904
1670260
1670620
1670976
1671336
1671700
1672056
1672420
1672776
1673128
1673480
1673824
1674172
1674528
1674888
1675240
1675592
1675944
1676292
1676636
1676988
1677340
1677696
1678056
1678416
1678772
1679132
1679488
1679848
1680204
1680556
1680916
1681272
1681632
1681988
1682344
1682692
1683040
1683388
1683732
1684076
1684420
1684760
1685104
1685448
1685800
1686156
1686516
1686876
1687244
1687608
1687968
1688328
1688680
1689032
1689380
1689724
1690072
1690420
1690776
1691120
1691476
1691828
1692180
1692528
1692872
1693216
1693564
1693908
1694256
1694608
1694956
1695316
1695672
1696028
1696380
1696728
1697076
1697424
1697764
1698112
1698464
1698808
1699152
1699500
1699844
1700192
1700540
1700892
1701240
1701588
1701932
1702276
1702616
1702964
1703308
1703652
1704000
1704344
1704680
1705008
1705336
1705660
1705972
1706288
1706600
1706920
1707244
1707572
1707908
1708248
1708592
1708944
1709296
1709652
1710008
1710376
1710740
1711104
1711464
1711824
1712176
1712528
1712876
1713224
1713568
1713912
1714252
1714596
1714940
1715288
1715640
1715992
1716344
1716684
1717032
1717368
1717708
1718044
1718376
1718716
1719060
1719400
1719748
1720092
1720444
1720792
1721140
1721480
1721820
1722164
1722504
1722852
1723192
1723540
1723884
1724236
1724588
1724932
1725292
1725644
1726000
1726352
1726708
1727060
1727416
1727764
1728112
1728456
1728800
1729144
1729488
1729828
1730164
1730504
1730844
1731184
1731524
1731868
1732212
1732556
1732904
1733252
1733600
1733948
1734296
1734648
1735004
1735360
1735720
1736084
1736448
1736808
1737168
1737528
1737880
1738228
1738572
1738912
1739252
1739596
1739944
1740288
1740636
1740984
1741332
1741676
1742028
1742380
1742732
1743088
1743440
1743796
1744148
1744500
1744844
1745196
1745532
1745876
1746220
1746564
1746900
1747240
1747576
1747908
1748252
1748596
1748936
1749280
1749620
1749960
1750300
1750648
1750988
1751336
1751684
1752040
1752396
1752756
1753116
1753472
1753828
1754180
1754536
1754892
1755248
1755600
1755940
1756284
1756620
1756948
1757268
1757592
1757924
1758260
1758604
1758952
1759300
1759648
1760004
1760356
1760712
1761064
1761420
1761772
1762128
1762484
1762840
1763196
1763552
1763912
1764276
1764640
1765004
1765368
1765732
1766092
1766456
1766820
1767188
1767560
1767940
1768320
1768704
1769088
1769464
1769844
1770216
1770588
1770952
1771312
1771664
1772012
1772352
1772696
1773036
1773380
1773724
1774068
1774416
1774768
1775120
1775472
1775820
1776168
1776516
1776864
1777212
1777564
1777912
1778264
1778616
1778956
1779292
1779628
1779960
1780292
1780624
1780960
1781292
1781628
1781964
1782304
1782640
1782980
1783320
1783656
1783992
1784336
1784676
1785016
1785352
1785688
1786016
1786352
1786688
1787020
1787360
1787700
1788040
1788376
1788708
1789036
1789364
1789688
1790012
1790340
1790668
1791008
1791344
1791684
1792020
1792368
1792708
1793048
1793392
1793732
1794072
1794408
1794748
1795088
1795432
1795776
1796120
1796464
1796812
1797156
1797500
1797844
1798184
1798524
1798868
1799208
1799552
1799896
1800244
1800588
1800928
1801268
1801604
1801936
1802268
1802600
1802936
1803272
1803612
1803956
1804304
1804656
1805004
1805352
1805696
1806044
1806384
1806724
1807064
1807400
1807744
1808084
1808428
1808768
1809108
1809440
1809772
1810108
1810440
1810776
1811112
1811452
1811796
1812132
1812468
1812808
1813148
1813488
1813824
1814164
1814504
1814840
1815176
1815524
1815864
1816208
1816552
1816892
1817236
1817572
1817908
1818244
1818572
1818908
1819244
1819572
1819900
1820216
1820532
1820848
1821164
1821488
1821820
1822152
1822492
1822840
1823188
1823536
1823884
1824224
1824564
1824892
1825228
1825568
1825908
1826248
1826588
1826928
1827272
1827620
1827960
1828304
1828652
1828992
1829332
1829668
1830008
1830348
1830692
1831028
1831368
1831708
1832044
1832376
1832708
1833044
1833380
1833716
1834060
1834408
1834752
1835096
1835436
1835780
1836116
1836456
1836792
1837128
1837464
1837804
1838140
1838480
1838816
1839152
1839492
1839832
1840176
1840516
1840856
1841200
1841544
1841884
1842228
1842572
1842912
1843252
1843592
1843940
1844280
1844632
1844972
1845316
1845656
1846000
1846348
1846688
1847032
1847376
1847720
1848064
1848408
1848748
1849092
1849428
1849768
1850108
1850448
1850792
1851128
1851464
1851800
1852140
1852476
1852820
1853160
1853500
1853840
1854180
1854524
1854864
1855208
1855548
1855888
1856224
1856564
1856896
1857232
1857572
1857916
1858260
1858600
1858944
1859284
1859624
1859960
1860296
1860636
1860972
1861316
1861656
1861996
1862336
1862672
1863012
1863352
1863696
1864040
1864384
1864724
1865068
1865416
1865756
1866104
1866440
1866784
1867124
1867464
1867804
1868144
1868484
1868820
1869156
1869492
1869832
1870168
1870504
1870844
1871180
1871524
1871868
1872208
1872548
1872884
1873212
1873540
1873868
1874196
1874528
1874864
1875204
1875552
1875896
1876248
1876600
1876948
1877300
1877648
1877996
1878344
1878692
1879040
1879388
1879728
1880064
1880396
1880732
1881064
1881396
1881732
1882068
1882404
1882744
1883080
1883416
1883748
1884080
1884412
1884736
1885068
1885400
1885728
1886072
1886412
1886760
1887104
1887460
1887804
1888152
1888500
1888840
1889180
1889520
1889860
1890204
1890544
1890888
1891228
1891564
1891900
1892236
1892580
1892912
1893244
1893576
1893904
1894236
1894568
1894900
1895236
1895572
1895908
1896244
1896584
1896920
1897252
1897576
1897904
1898236
1898568
1898900
1899236
1899580
1899924
1900264
1900604
1900952
1901296
1901640
1901976
1902312
1902644
1902976
1903308
1903640
1903976
1904312
1904648
1904988
1905328
1905668
1906004
1906340
1906672
1907004
1907332
1907664
1907992
1908324
1908656
1908988
1909320
1909652
1909972
1910296
1910612
1910936
1911256
1911576
1911904
1912240
1912576
1912916
1913256
1913596
1913928
1914264
1914596
1914924
1915248
1915564
1915884
1916200
1916520
1916844
1917164
1917496
1917828
1918160
1918488
1918816
1919148
1919476
1919808
1920144
1920476
1920816
1921156
1921504
1921848
1922188
1922528
1922868
1923204
1923532
1923856
1924180
1924500
1924828
1925152
1925480
1925808
1926132
1926456
1926784
1927108
1927428
1927756
1928080
1928404
1928732
1929060
1929388
1929716
1930040
1930368
1930684
1931016
1931344
1931668
1931992
1932316
1932636
1932956
1933280
1933600
1933920
1934232
1934544
1934852
1935168
1935488
1935808
1936136
1936464
1936788
1937112
1937436
1937760
1938088
1938412
1938744
1939068
1939396
1939720
1940040
1940356
1940672
1940992
1941308
1941632
1941956
1942284
1942608
1942932
1943260
1943580
1943900
1944224
1944548
1944872
1945192
1945520
1945852
1946176
1946500
1946824
1947148
1947472
1947804
1948132
1948464
1948792
1949116
1949440
1949764
1950088
1950408
1950732
1951056
1951384
1951708
1952036
1952368
1952696
1953020
1953344
1953664
1953984
1954292
1954604
1954912
1955216
1955524
1955828
1956128
1956428
1956728
1957028
1957336
1957640
1957944
1958256
1958568
1958884
1959204
1959516
1959832
1960144
1960452
1960764
1961080
1961392
1961700
1962012
1962324
1962648
1962968
1963284
1963600
1963916
1964232
1964552
1964868
1965188
1965504
1965820
1966140
1966464
1966788
1967112
1967436
1967756
1968076
1968388
1968696
1969004
1969304
1969608
1969908
1970216
1970516
1970812
1971112
1971408
1971704
1972004
1972300
1972600
1972900
1973208
1973520
1973832
1974156
1974476
1974796
1975116
1975444
1975768
1976088
1976416
1976740
1977068
1977396
1977716
1978032
1978336
1978636
1978928
1979216
1979504
1979784
1980060
1980340
1980612
1980884
1981156
1981428
1981708
1981988
1982280
1982572
1982872
1983176
1983484
1983800
1984112
1984428
1984744
1985064
1985376
1985688
1985996
1986304
1986600
1986900
1987200
1987492
1987780
1988068
1988360
1988648
1988936
1989224
1989512
1989804
1990092
1990384
1990680
1990980
1991280
1991588
1991892
1992196
1992500
1992800
1993104
1993408
1993716
1994016
1994324
1994632
1994936
1995248
1995556
1995860
1996160
1996460
1996760
1997052
1997348
1997648
1997948
1998248
1998544
1998852
1999144
1999448
1999740
2000036
2000328
2000616
2000912
2001212
2001508
2001812
2002116
2002420
2002716
2003008
2003296
2003584
2003872
2004160
2004448
2004740
2005036
2005328
2005628
2005928
2006228
2006532
2006836
2007136
2007436
2007732
2008032
2008332
2008632
2008928
2009220
2009508
2009796
2010084
2010372
2010668
2010960
2011256
2011548
2011844
2012136
2012432
2012724
2013016
2013308
2013600
2013888
2014172
2014452
2014732
2015012
2015288
2015568
2015848
2016132
2016416
2016704
2016988
2017280
2017568
2017852
2018140
2018420
2018700
2018980
2019260
2019536
2019816
2020096
2020376
2020648
2020924
2021196
2021472
2021744
2022016
2022288
2022560
2022828
2023096
2023360
2023624
2023888
2024156
2024424
2024684
2024948
2025208
2025468
2025728
2025992
2026252
2026520
2026788
2027056
2027324
2027592
2027868
2028140
2028416
2028696
2028976
2029260
2029540
2029824
2030116
2030408
2030696
2030984
2031272
2031556
2031832
2032108
2032384
2032656
2032928
2033200
2033480
2033760
2034044
2034328
2034612
2034904
2035200
2035496
2035788
2036080
2036372
2036664
2036960
2037256
2037548
2037844
2038136
2038428
2038720
2039012
2039300
2039588
2039876
2040160
2040444
2040728
2041012
2041292
2041572
2041848
2042128
2042408
2042688
2042968
2043248
2043532
2043816
2044100
2044384
2044668
2044952
2045232
2045512
2045800
2046088
2046368
2046652
2046928
2047208
2047484
2047764
2048044
2048324
2048600
2048880
2049164
2049440
2049724
2050008
2050296
2050584
2050872
2051160
2051444
2051728
2052012
2052296
2052580
2052860
2053144
2053428
2053712
2053996
2054288
2054576
2054864
2055152
2055436
2055716
2055992
2056268
2056544
2056812
2057080
2057348
2057612
2057880
2058152
2058424
2058696
2058972
2059252
2059532
2059816
2060100
2060384
2060668
2060952
2061228
2061512
2061796
2062080
2062364
2062648
2062936
2063220
2063504
2063784
2064064
2064348
2064632
2064916
2065200
2065476
2065752
2066028
2066300
2066568
2066840
2067108
2067388
2067660
2067936
2068212
2068488
2068760
2069040
2069316
2069600
2069884
2070164
2070448
2070728
2071004
2071280
2071556
2071828
2072108
2072388
2072668
2072948
2073228
2073508
2073788
2074068
2074348
2074628
2074908
2075192
2075472
2075756
2076044
2076332
2076620
2076904
2077188
2077468
2077748
2078024
2078300
2078580
2078856
2079132
2079412
2079688
2079968
2080248
2080528
2080804
2081084
2081368
2081648
2081932
2082208
2082488
2082760
2083044
2083324
2083604
2083888
2084168
2084448
2084732
2085016
2085300
2085588
2085872
2086156
2086432
2086712
2086984
2087256
2087536
2087816
2088092
2088368
2088640
2088916
2089192
2089468
2089736
2090004
2090272
2090544
2090816
2091092
2091372
2091656
2091944
2092236
2092532
2092828
2093124
2093420
2093716
2094012
2094312
2094604
2094900
2095196
2095488
2095780
2096072
2096360
2096648
2096940
2097228
2097512
2097796
2098076
2098360
2098636
2098912
2099184
2099452
2099716
2099984
2100248
2100516
2100784
2101052
2101324
2101596
2101868
2102140
2102412
2102680
2102960
2103232
2103512
2103792
2104076
2104356
2104632
2104916
2105200
2105480
2105760
2106044
2106328
2106612
2106900
2107184
2107468
2107756
2108040
2108324
2108600
2108880
2109156
2109424
2109700
2109968
2110236
2110512
2110784
2111060
2111336
2111612
2111892
2112168
2112444
2112720
2112996
2113268
2113548
2113828
2114112
2114396
2114680
2114968
2115256
2115540
2115820
2116096
2116372
2116648
2116924
2117200
2117476
2117748
2118020
2118292
2118560
2118828
2119096
2119364
2119636
2119900
2120168
2120436
2120700
2120968
2121232
2121496
2121760
2122028
2122296
2122560
2122828
2123096
2123364
2123640
2123916
2124192
2124468
2124744
2125020
2125300
2125580
2125864
2126148
2126436
2126732
2127024
2127320
2127612
2127900
2128188
2128476
2128760
2129044
2129328
2129608
2129880
2130152
2130420
2130684
2130944
2131208
2131472
2131740
2132012
2132280
2132556
2132832
2133112
2133396
2133680
2133964
2134248
2134536
2134820
2135100
2135388
2135668
2135952
2136236
2136524
2136808
2137092
2137372
2137656
2137936
2138212
2138496
2138776
2139056
2139348
2139636
2139924
2140212
2140500
2140788
2141080
2141368
2141652
2141932
2142216
2142492
2142768
2143048
2143324
2143604
2143884
2144160
2144448
2144732
2145012
2145300
2145584
2145864
2146148
2146432
2146712
2146992
2147272
2147548
2147824
2148096
2148364
2148632
2148900
2149164
2149428
2149688
2149956
2150216
2150480
2150748
2151012
2151280
2151548
2151812
2152080
2152352
2152624
2152892
2153160
2153436
2153704
2153976
2154248
2154520
2154796
2155072
2155348
2155620
2155892
2156160
2156428
2156692
2156956
2157224
2157488
2157756
2158024
2158288
2158556
2158828
2159100
2159368
2159632
2159904
2160172
2160440
2160708
2160976
2161248
2161520
2161792
2162068
2162344
2162624
2162900
2163172
2163444
2163720
2163992
2164264
2164540
2164812
2165084
2165360
2165628
2165904
2166172
2166444
2166712
2166976
2167240
2167516
2167784
2168052
2168320
2168596
2168872
2169144
2169420
2169692
2169968
2170240
2170512
2170784
2171056
2171328
2171600
2171872
2172144
2172408
2172676
2172940
2173208
2173472
2173740
2174004
2174268
2174540
2174808
2175080
2175352
2175624
2175896
2176164
2176436
2176704
2176972
2177240
2177504
2177764
2178024
2178288
2178548
2178812
2179072
2179336
2179600
2179860
2180124
2180388
2180648
2180904
2181160
2181416
2181672
2181932
2182200
2182464
2182732
2183000
2183268
2183540
2183812
2184080
2184352
2184616
2184884
2185160
2185432
2185704
2185980
2186252
2186528
2186804
2187080
2187356
2187636
2187912
2188188
2188460
2188736
2189012
2189288
2189560
2189832
2190104
2190376
2190648
2190916
2191184
2191452
2191724
2192000
2192276
2192556
2192832
2193108
2193384
2193656
2193924
2194192
2194460
2194728
2194992
2195260
2195528
2195800
2196072
2196344
2196620
2196892
2197164
2197436
2197708
2197984
2198256
2198528
2198800
2199080
2199356
2199632
2199912
2200192
2200468
2200748
2201024
2201300
2201576
2201848
2202124
2202404
2202676
2202948
2203224
2203496
2203768
2204036
2204308
2204584
2204852
2205124
2205396
2205664
2205940
2206212
2206480
2206752
2207024
2207300
2207576
2207852
2208128
2208404
2208680
2208952
2209228
2209504
2209772
2210044
2210316
2210580
2210856
2211128
2211400
2211676
2211952
2212224
2212496
2212768
2213044
2213316
2213588
2213864
2214136
2214408
2214680
2214948
2215220
2215492
2215764
2216040
2216320
2216596
2216872
2217152
2217432
2217708
2217984
2218256
2218524
2218796
2219064
2219336
2219608
2219876
2220148
2220420
2220688
2220964
2221236
2221508
2221780
2222052
2222328
2222604
2222876
2223148
2223420
2223688
2223956
2224220
2224492
2224760
2225036
2225312
2225588
2225868
2226148
2226428
2226708
2226988
2227268
2227544
2227820
2228100
2228376
2228652
2228928
2229200
2229472
2229748
2230020
2230296
2230568
2230840
2231116
2231392
2231664
2231936
2232208
2232472
2232740
2233004
2233268
2233536
2233804
2234072
2234348
2234620
2234900
2235176
2235452
2235732
2236008
2236284
2236556
2236832
2237108
2237380
2237656
2237928
2238200
2238472
2238744
2239016
2239284
2239556
2239824
2240092
2240364
2240632
2240900
2241176
2241448
2241720
2241992
2242268
2242536
2242800
2243064
2243332
2243596
2243860
2244128
2244396
2244664
2244932
2245208
2245484
2245756
2246032
2246308
2246580
2246848
2247120
2247384
2247652
2247920
2248192
2248460
2248728
2249000
2249268
2249536
2249808
2250080
2250348
2250612
2250876
2251140
2251408
2251672
2251936
2252208
2252472
2252740
2253004
2253264
2253528
2253788
2254048
2254312
2254580
2254848
2255120
2255392
2255664
2255940
2256212
2256484
2256752
2257020
2257288
2257548
2257808
2258068
2258332
2258596
2258860
2259128
2259396
2259660
2259924
2260188
2260452
2260716
2260976
2261240
2261504
2261772
2262036
2262308
2262580
2262848
2263124
2263396
2263668
2263940
2264212
2264480
2264744
2265012
2265280
2265548
2265812
2266076
2266336
2266596
2266856
2267108
2267364
2267616
2267872
2268124
2268380
2268632
2268888
2269144
2269400
2269656
2269912
2270164
2270420
2270668
2270928
2271184
2271440
2271700
2271960
2272220
2272476
2272736
2272992
2273244
2273504
2273760
2274016
2274272
2274528
2274784
2275044
2275300
2275556
2275816
2276076
2276336
2276596
2276856
2277116
2277372
2277628
2277888
2278144
2278400
2278660
2278916
2279176
2279436
2279700
2279964
2280224
2280484
2280744
2281008
2281268
2281532
2281796
2282060
2282320
2282580
2282840
2283100
2283360
2283624
2283888
2284148
2284404
2284668
2284924
2285184
2285444
2285700
2285960
2286216
2286476
2286736
2286992
2287256
2287516
2287776
2288040
2288300
2288552
2288808
2289060
2289312
2289560
2289808
2290052
2290300
2290544
2290788
2291040
2291292
2291540
2291796
2292052
2292308
2292564
2292820
2293076
2293328
2293580
2293828
2294080
2294328
2294576
2294824
2295076
2295332
2295592
2295848
2296104
2296364
2296628
2296888
2297156
2297420
2297688
2297956
2298220
2298488
2298760
2299028
2299300
2299572
2299840
2300100
2300364
2300620
2300876
2301128
2301380
2301628
2301872
2302116
2302360
2302604
2302844
2303084
2303328
2303572
2303816
2304064
2304316
2304572
2304828
2305088
2305352
2305616
2305884
2306152
2306420
2306692
2306964
2307240
2307516
2307788
2308064
2308332
2308600
2308864
2309120
2309372
2309624
2309868
2310116
2310360
2310596
2310836
2311076
2311316
2311560
2311804
2312048
2312300
2312552
2312804
2313060
2313316
2313576
2313840
2314108
2314376
2314644
2314912
2315180
2315440
2315708
2315972
2316228
2316488
2316748
2317004
2317256
2317516
2317772
2318028
2318284
2318540
2318792
2319048
2319308
2319568
2319828
2320092
2320352
2320608
2320868
2321132
2321392
2321660
2321924
2322196
2322464
2322736
2323008
2323280
2323552
2323824
2324096
2324368
2324640
2324916
2325188
2325460
2325732
2326000
2326268
2326536
2326800
2327064
2327332
2327596
2327860
2328124
2328396
2328664
2328936
2329208
2329484
2329752
2330016
2330284
2330544
2330808
2331080
2331344
2331616
2331888
2332160
2332440
2332712
2332988
2333264
2333544
2333824
2334100
2334384
2334668
2334948
2335232
2335516
2335796
2336072
2336348
2336620
2336896
2337176
2337456
2337732
2338012
2338292
2338568
2338848
2339128
2339408
2339692
2339972
2340252
2340532
2340804
2341084
2341356
2341628
2341904
2342176
2342448
2342724
2342996
2343272
2343552
2343832
2344112
2344396
2344676
2344956
2345232
2345512
2345784
2346060
2346336
2346608
2346880
2347152
2347424
2347696
2347968
2348244
2348520
2348796
2349068
2349340
2349608
2349876
2350140
2350408
2350668
2350928
2351188
2351448
2351700
2351960
2352216
2352472
2352736
2352996
2353260
2353520
2353788
2354052
2354324
2354600
2354876
2355156
2355440
2355724
2356008
2356300
2356592
2356888
2357184
2357484
2357780
2358084
2358384
2358688
2358992
2359292
2359596
2359904
2360208
2360520
2360828
2361132
2361440
2361748
2362056
2362364
2362676
2362988
2363304
2363620
2363936
2364248
2364560
2364868
2365172
2365476
2365784
2366092
2366396
2366700
2367004
2367300
2367600
2367904
2368208
2368508
2368812
2369116
2369424
2369732
2370040
2370356
2370672
2370988
2371304
2371616
2371932
2372244
2372556
2372872
2373184
2373496
2373808
2374116
2374424
2374732
2375040
2375344
2375648
2375952
2376260
2376564
2376872
2377176
2377480
2377792
2378104
2378424
2378744
2379064
2379376
2379696
2380008
2380324
2380648
2380968
2381292
2381620
2381948
2382276
2382608
2382940
2383272
2383600
2383920
2384236
2384544
2384856
2385164
2385476
2385784
2386096
2386408
2386724
2387048
2387372
2387700
2388028
2388356
2388688
2389020
2389356
2389692
2390028
2390360
2390692
2391020
2391348
2391680
2392012
2392340
2392676
2393004
2393336
2393660
2393988
2394316
2394648
2394980
2395312
2395640
2395972
2396304
2396632
2396964
2397292
2397628
2397968
2398304
2398644
2398980
2399316
2399652
2399988
2400324
2400668
2401008
2401356
2401700
2402040
2402376
2402716
2403052
2403388
2403728
2404068
2404404
2404736
2405072
2405408
2405744
2406084
2406428
2406772
2407124
2407472
2407820
2408172
2408520
2408868
2409216
2409568
2409920
2410276
2410624
2410976
2411324
2411680
2412032
2412376
2412728
2413072
2413424
2413772
2414128
2414480
2414836
2415188
2415540
2415888
2416240
2416584
2416932
2417280
2417632
2417984
2418340
2418696
2419056
2419412
2419776
2420136
2420496
2420860
2421224
2421580
2421936
2422292
2422648
2423008
2423368
2423724
2424084
2424436
2424796
2425148
2425500
2425856
2426208
2426556
2426904
2427260
2427624
2427988
2428360
2428740
2429120
2429504
2429888
2430272
2430660
2431044
2431424
2431804
2432176
2432544
2432912
2433280
2433648
2434020
2434388
2434764
2435136
2435516
2435900
2436288
2436676
2437064
2437448
2437824
2438192
2438568
2438940
2439312
2439692
2440084
2440476
2440868
2441268
2441672
2442072
2442472
2442868
2443264
2443664
2444068
2444472
2444872
2445284
2445688
2446092
2446496
2446896
2447296
2447700
2448108
2448520
2448936
2449356
2449784
2450212
2450644
2451076
2451508
2451940
2452364
2452784
2453192
2453604
2454012
2454424
2454844
2455264
2455688
2456124
2456560
2456996
2457432
2457860
2458284
2458708
2459132
2459560
2459996
2460440
2460888
2461332
2461776
2462220
2462660
2463088
2463516
2463940
2464364
2464792
2465240
2465680
2466116
2466552
2466988
2467428
2467860
2468296
2468740
2469184
2469628
2470064
2470500
2470932
2471364
2471804
2472240
2472672
2473116
2473564
2474012
2474464
2474920
2475376
2475840
2476312
2476780
2477248
2477712
2478188
2478660
2479132
2479600
2480060
2480524
2480996
2481472
2481956
2482432
2482896
2483356
2483824
2484292
2484756
2485220
2485688
2486152
2486632
2487112
2487588
2488044
2488500
2488976
2489468
2489972
2490496
2491024
2491560
2492088
2492616
2493136
2493648
2494164
2494668
2495172
2495688
2496196
2496704
2497220
2497740
2498276
2498828
2499388
2499940
2500496
2501040
2501584
2502132
2502700
2503296
2503916
2504532
2505148
2505760
2506348
2506932
2507508
2508068
2508608
2509136
2509660
2510184
2510712
2511252
2511804
2512376
2512960
2513564
2514176
2514812
2515444
2516056
2516652
2517240
2517836
2518444
2519044
2519644
2520244
2520848
2521444
2522028
2522604
2523176
2523752
2524324
2524896
2525488
2526092
2526704
2527328
2527964
2528616
2529260
2529892
2530512
2531148
2531792
2532452
2533116
2533772
2534412
2535064
2535696
2536356
2537040
2537724
2538424
2539116
2539796
2540460
2541120
2541772
2542436
2543136
2543868
2544592
2545320
2546012
2546708
2547428
2548176
2548936
2549700
2550468
2551256
2552032
2552784
2553536
2554308
2555116
2555908
2556720
2557536
2558356
2559180
2560008
2560824
2561676
2562536
2563404
2564260
2565144
2566024
2566920
2567840
2568764
2569660
2570516
2571336
2572196
2573076
2573992
2574948
2575996
2577088
2578220
2579292
2580336
2581372
2582400
2583476
2584608
2585768
2586960
2588156
2589368
2590528
2591640
2592820
2594052
2595300
2596656
2598052
2599444
2600844
2602184
2603600
2605028
2606476
2607968
2609556
2611212
2612896
2614552
2616132
2617900
2619972
2622236
2624576
2626968
2629392
2632136
2635372
2638944
2643448
2648984
2658888
2710660
2715408
2718220
2721668
2725172
2727964
2729816
2731536
2733484
2735512
2737460
2739276
2741044
2742768
2744512
2746328
2748172
2749892
2751536
2753272
2755044
2756968
2758900
2760736
2762436
2764048
2765628
2767140
2768704
2770280
2771732
2773072
2774364
2775856
2777440
2779100
2780836
2782492
2783964
2785412
2786844
2788356
2789872
2791348
2792736
2794068
2795368
2796676
2797892
2799000
2800136
2801284
2802492
2803736
2804984
2806184
2807348
2808480
2809572
2810608
2811656
2812744
2814000
2815472
2817052
2818480
2819732
2820864
2821932
2822996
2824100
2825236
2826372
2827480
2828604
2829708
2830740
2831736
2832736
2833740
2834784
2835860
2836912
2837868
2838868
2839924
2841056
2842288
2843560
2844820
2846108
2847320
2848416
2849456
2850520
2851612
2852672
2853704
2854684
2855620
2856524
2857408
2858312
2859224
2860124
2861044
2861992
2862904
2863776
2864672
2865560
2866452
2867364
2868276
2869212
2870184
2871172
2872184
2873192
2874148
2875056
2875892
2876676
2877456
2878264
2879056
2879848
2880628
2881468
2882344
2883272
2884180
2885056
2885888
2886676
2887412
2888136
2888876
2889688
2890568
2891480
2892372
2893232
2894056
2894868
2895692
2896524
2897356
2898172
2898968
2899752
2900532
2901296
2902056
2902820
2903604
2904396
2905188
2905960
2906732
2907520
2908320
2909136
2909964
2910760
2911528
2912284
2913060
2913844
2914644
2915444
2916232
2917004
2917784
2918552
2919288
2919992
2920700
2921472
2922344
2923272
2924196
2925076
2925916
2926708
2927424
2928096
2928712
2929332
2929952
2930620
2931348
2932156
2933008
2933860
2934676
2935400
2936124
2936868
2937604
2938324
2939040
2939780
2940508
2941256
2942008
2942764
2943528
2944268
2944972
2945652
2946320
2947012
2947712
2948448
2949204
2949980
2950748
2951508
2952256
2952968
2953640
2954288
2954924
2955560
2956196
2956860
2957560
2958336
2959140
2959936
2960668
2961352
2962036
2962732
2963440
2964156
2964876
2965608
2966324
2967016
2967712
2968408
2969120
2969844
2970560
2971248
2971948
2972628
2973300
2973980
2974656
2975316
2975944
2976560
2977176
2977812
2978480
2979188
2979916
2980644
2981344
2982012
2982660
2983300
2983940
2984576
2985220
2985900
2986612
2987356
2988096
2988832
2989536
2990224
2990896
2991560
2992200
2992840
2993480
2994124
2994768
2995396
2996032
2996680
2997348
2998008
2998676
2999336
2999984
3000632
3001276
3001928
3002600
3003280
3003984
3004676
3005352
3005988
3006592
3007176
3007744
3008296
3008848
3009420
3010016
3010652
3011304
3011988
3012668
3013328
3013976
3014616
3015244
3015872
3016512
3017172
3017844
3018520
3019196
3019868
3020536
3021176
3021800
3022412
3023016
3023616
3024228
3024848
3025480
3026100
3026724
3027332
3027952
3028556
3029168
3029780
3030404
3031028
3031652
3032268
3032876
3033504
3034136
3034760
3035384
3036000
3036620
3037244
3037876
3038504
3039124
3039732
3040332
3040940
3041556
3042172
3042772
3043352
3043904
3044436
3044968
3045516
3046116
3046752
3047432
3048100
3048764
3049396
3050020
3050644
3051284
3051932
3052544
3053124
3053672
3054224
3054768
3055324
3055904
3056532
3057200
3057880
3058568
3059228
3059860
3060468
3061052
3061624
3062176
3062724
3063272
3063840
3064420
3065036
3065664
3066308
3066932
3067560
3068156
3068756
3069356
3069948
3070536
3071120
3071704
3072304
3072908
3073524
3074144
3074776
3075396
3076024
3076636
3077236
3077832
3078416
3079008
3079600
3080204
3080800
3081392
3081996
3082604
3083208
3083800
3084380
3084960
3085544
3086132
3086728
3087328
3087928
3088528
3089128
3089724
3090324
3090912
3091504
3092096
3092692
3093300
3093912
3094524
3095116
3095700
3096284
3096872
3097468
3098080
3098700
3099320
3099928
3100524
3101108
3101692
3102272
3102852
3103424
3104004
3104588
3105176
3105772
3106368
3106960
3107556
3108160
3108752
3109332
3109912
3110496
3111076
3111652
3112232
3112808
3113392
3113980
3114568
3115160
3115752
3116348
3116952
3117552
3118160
3118760
3119372
3119984
3120576
3121156
3121736
3122328
3122920
3123516
3124100
3124684
3125264
3125848
3126428
3127000
3127572
3128136
3128704
3129280
3129864
3130452
3131028
3131608
3132188
3132760
3133340
3133916
3134492
3135060
3135624
3136188
3136760
3137352
3137948
3138548
3139148
3139748
3140336
3140912
3141496
3142084
3142680
3143256
3143816
3144384
3144948
3145520
3146104
3146696
3147284
3147860
3148440
3149032
3149640
3150240
3150824
3151384
3151932
3152468
3153008
3153556
3154112
3154680
3155264
3155856
3156448
3157028
3157592
3158140
3158708
3159296
3159940
3160600
3161240
3161848
3162428
3162996
3163536
3164084
3164640
3165212
3165788
3166368
3166932
3167492
3168056
3168640
3169236
3169836
3170448
3171084
3171704
3172312
3172908
3173500
3174088
3174672
3175244
3175812
3176404
3177016
3177640
3178264
3178884
3179496
3180104
3180704
3181296
3181868
3182452
3183036
3183640
3184244
3184848
3185448
3186036
3186624
3187212
3187812
3188420
3189036
3189660
3190292
3190916
3191544
3192164
3192768
3193376
3193984
3194584
3195184
3195780
3196376
3197000
3197628
3198272
3198912
3199532
3200144
3200756
3201376
3202004
3202628
3203268
3203900
3204552
3205196
3205844
3206476
3207092
3207716
3208324
3208924
3209524
3210120
3210720
3211348
3211980
3212636
3213292
3213944
3214588
3215224
3215864
3216476
3217068
3217676
3218276
3218908
3219544
3220184
3220828
3221480
3222132
3222792
3223456
3224136
3224816
3225504
3226196
3226880
3227564
3228248
3228936
3229596
3230224
3230836
3231456
3232100
3232772
3233432
3234096
3234764
3235428
3236096
3236800
3237504
3238208
3238904
3239584
3240248
3240904
3241604
3242304
3243020
3243728
3244444
3245168
3245876
3246588
3247300
3248012
3248712
3249404
3250092
3250768
3251448
3252132
3252800
3253480
3254196
3254952
3255720
3256492
3257256
3258032
3258808
3259588
3260356
3261116
3261872
3262640
3263432
3264220
3265004
3265784
3266572
3267360
3268152
3268952
3269756
3270568
3271380
3272152
3272904
3273672
3274484
3275328
3276176
3277020
3277824
3278620
3279436
3280308
3281208
3282072
3282908
3283728
3284608
3285532
3286452
3287344
3288228
3289116
3290020
3290928
3291836
3292752
3293668
3294588
3295560
3296532
3297488
3298428
3299360
3300284
3301208
3302188
3303192
3304184
3305160
3306132
3307124
3308124
3309128
3310148
3311156
3312128
3313072
3314024
3314984
3316028
3317140
3318312
3319504
3320660
3321840
3323044
3324260
3325504
3326748
3328076
3329444
3330816
3332184
3333584
3335028
3336496
3338020
3339284
3340664
3342236
3343816
3345424
3346972
3348464
3350108
3351956
3353912
3355888
3357856
3359996
3362048
3363980
3365864
3367864
3370136
3372428
3374860
3377708
3380628
3384060
3387840
3392292
3396580
3403272
3440584
3498152
3500592
3503332
3506308
3509100
3511876
3514672
3517460
3520568
3523496
3526100
3528620
3531156
3533596
3536068
3538756
3541524
3544072
3546516
3549336
3552052
3554468
3556936
3559492
3561932
3564520
3567016
3569416
3571988
3574212
3576416
3578836
3581260
3583440
3585812
3588288
3590756
3593132
3595476
3597836
3600420
3602968
3605188
3607524
3610080
3612480
3614728
3617020
3619520
3622020
3624372
3626604
3628964
3631552
3634188
3636736
3639164
3641608
3644140
3646844
3650020
3653452
3656376
3658972
3661528
3664116
3666860
3669736
3672456
3675080
3677612
3680404
3683112
3685740
3688532
3691196
3694088
3697148
3700072
3703084
3706140
3709028
3712248
3715748
3719148
3722744
3726148
3729616
3733644
3737304
3741668
3746084
3750436
3754644
3759652
3764284
3770092
3776308
3783984
3793044
3804156
3821864
