16
9344
36620
57804
79480
154048
193288
411124
667468
878788
897360
908260
916708
923572
929652
935524
941004
946088
950796
955420
960004
964528
968956
973292
977368
981556
985420
989320
993216
996984
1000604
1004372
1007932
1011532
1015064
1018636
1022244
1025632
1029012
1032504
1035884
1039328
1042708
1046040
1049352
1052696
1055964
1059248
1062564
1065808
1069016
1072144
1075280
1078412
1081612
1084732
1087812
1090864
1093916
1097020
1100108
1103048
1106096
1109180
1112044
1114888
1117916
1120732
1123620
1126536
1129460
1132336
1135024
1137816
1140632
1143340
1146104
1148820
1151524
1154104
1156736
1159340
1161884
1164448
1167080
1169680
1172228
1174768
1177216
1179628
1182052
1184368
1186740
1189204
1191580
1193848
1196160
1198600
1200872
1203112
1205396
1207684
1209928
1212184
1214368
1216556
1218776
1221024
1223164
1225348
1227428
1229576
1231668
1233736
1235744
1237828
1239984
1242108
1244108
1246136
1248172
1250244
1252244
1254236
1256244
1258296
1260300
1262296
1264272
1266244
1268192
1270168
1272120
1274088
1276040
1277988
1279908
1281808
1283720
1285580
1287408
1289272
1291144
1293016
1294860
1296736
1298604
1300508
1302352
1304172
1306016
1307880
1309748
1311588
1313456
1315332
1317176
1318964
1320784
1322680
1324560
1326376
1328128
1329840
1331632
1333472
1335328
1337096
1338892
1340680
1342516
1344304
1346128
1347944
1349752
1351556
1353412
1355332
1357148
1358944
1360736
1362448
1364256
1366072
1367868
1369584
1371272
1373048
1374888
1376672
1378468
1380288
1382072
1383816
1385568
1387412
1389312
1391080
1392816
1394580
1396328
1398092
1399792
1401548
1403340
1405096
1406872
1408680
1410416
1412212
1413924
1415692
1417460
1419232
1421028
1422796
1424612
1426412
1428264
1430108
1431972
1433764
1435612
1437484
1439332
1441196
1443056
1444876
1446728
1448516
1450424
1452312
1454212
1456140
1458140
1460136
1462372
1464764
1466984
1468956
1470904
1472852
1474824
1476792
1478720
1480680
1482684
1484804
1486908
1489036
1491220
1493348
1495424
1497456
1499452
1501424
1503372
1505404
1507452
1509428
1511400
1513400
1515480
1517512
1519604
1521720
1523964
1526040
1528064
1530240
1532328
1534380
1536488
1538568
1540532
1542480
1544488
1546504
1548456
1550404
1552360
1554248
1556148
1558016
1559780
1561640
1563536
1565464
1567328
1569196
1571096
1572864
1574592
1576352
1578156
1580020
1581856
1583548
1585208
1586892
1588564
1590308
1592072
1593788
1595424
1597020
1598628
1600252
1601840
1603484
1605156
1606784
1608452
1610124
1611868
1613504
1615024
1616452
1617816
1619244
1620780
1622252
1623660
1625076
1626476
1627872
1629284
1630712
1632104
1633488
1634816
1636120
1637496
1638868
1640192
1641536
1642844
1644132
1645440
1646784
1648092
1649376
1650632
1651896
1653172
1654432
1655716
1657028
1658324
1659636
1660968
1662264
1663500
1664660
1665808
1666992
1668200
1669488
1670796
1672100
1673348
1674536
1675684
1676792
1677884
1679016
1680192
1681352
1682508
1683648
1684776
1685888
1686988
1688112
1689304
1690492
1691620
1692684
1693724
1694772
1695796
1696824
1697852
1698860
1699900
1701008
1702136
1703216
1704252
1705276
1706304
1707348
1708360
1709380
1710432
1711460
1712460
1713428
1714404
1715380
1716368
1717344
1718316
1719256
1720208
1721192
1722200
1723208
1724216
1725172
1726132
1727096
1728048
1728980
1729924
1730828
1731740
1732672
1733640
1734648
1735676
1736696
1737644
1738544
1739416
1740264
1741116
1742024
1742944
1743880
1744828
1745796
1746716
1747604
1748448
1749312
1750212
1751156
1752064
1752956
1753856
1754772
1755700
1756604
1757476
1758328
1759164
1759988
1760832
1761684
1762548
1763448
1764344
1765224
1766088
1766952
1767800
1768624
1769420
1770216
1771028
1771860
1772704
1773552
1774392
1775236
1776084
1776948
1777804
1778676
1779540
1780396
1781228
1782040
1782844
1783664
1784508
1785360
1786204
1787028
1787856
1788668
1789472
1790240
1790988
1791724
1792448
1793196
1793952
1794736
1795556
1796380
1797196
1797972
1798728
1799456
1800196
1800936
1801696
1802464
1803272
1804096
1804940
1805768
1806572
1807372
1808148
1808900
1809640
1810396
1811148
1811912
1812680
1813448
1814216
1814980
1815744
1816512
1817300
1818088
1818888
1819692
1820488
1821268
1822020
1822752
1823464
1824164
1824844
1825524
1826216
1826932
1827664
1828388
1829096
1829808
1830504
1831200
1831916
1832640
1833376
1834120
1834880
1835648
1836432
1837208
1837992
1838760
1839516
1840248
1840964
1841656
1842332
1842992
1843660
1844344
1845048
1845764
1846460
1847164
1847832
1848512
1849200
1849892
1850584
1851260
1851920
1852580
1853244
1853908
1854580
1855260
1855936
1856592
1857232
1857884
1858532
1859164
1859796
1860436
1861088
1861760
1862440
1863104
1863812
1864536
1865256
1865948
1866616
1867256
1867868
1868488
1869088
1869688
1870288
1870924
1871568
1872204
1872860
1873508
1874148
1874784
1875412
1876048
1876692
1877332
1877964
1878596
1879236
1879868
1880508
1881168
1881828
1882468
1883084
1883676
1884248
1884800
1885348
1885892
1886440
1887008
1887576
1888144
1888704
1889272
1889840
1890408
1890976
1891560
1892140
1892732
1893332
1893944
1894568
1895196
1895832
1896464
1897080
1897692
1898292
1898908
1899520
1900124
1900724
1901344
1901964
1902584
1903200
1903808
1904408
1905004
1905600
1906196
1906792
1907388
1907992
1908596
1909212
1909820
1910440
1911052
1911652
1912252
1912848
1913444
1914044
1914624
1915208
1915776
1916344
1916920
1917496
1918076
1918652
1919232
1919804
1920372
1920952
1921528
1922096
1922644
1923192
1923736
1924296
1924852
1925424
1926000
1926576
1927148
1927724
1928300
1928868
1929440
1930012
1930580
1931160
1931740
1932308
1932876
1933444
1934020
1934584
1935152
1935724
1936296
1936868
1937440
1938000
1938552
1939104
1939652
1940204
1940764
1941328
1941896
1942464
1943032
1943596
1944160
1944724
1945280
1945836
1946372
1946912
1947448
1947980
1948524
1949060
1949592
1950128
1950664
1951216
1951780
1952348
1952904
1953456
1954004
1954548
1955084
1955616
1956148
1956680
1957212
1957744
1958280
1958816
1959348
1959904
1960452
1961008
1961568
1962112
1962656
1963192
1963740
1964284
1964824
1965364
1965896
1966424
1966952
1967480
1968008
1968544
1969060
1969592
1970112
1970644
1971172
1971704
1972232
1972764
1973300
1973828
1974364
1974900
1975428
1975956
1976484
1977004
1977508
1978032
1978552
1979076
1979592
1980112
1980640
1981168
1981700
1982228
1982756
1983284
1983808
1984320
1984832
1985340
1985848
1986352
1986856
1987372
1987880
1988388
1988900
1989412
1989932
1990456
1990992
1991528
1992052
1992568
1993080
1993584
1994088
1994584
1995092
1995588
1996088
1996596
1997100
1997604
1998104
1998608
1999116
1999632
2000160
2000688
2001216
2001744
2002256
2002752
2003252
2003744
2004244
2004760
2005272
2005788
2006292
2006796
2007300
2007800
2008308
2008816
2009324
2009840
2010356
2010880
2011388
2011884
2012376
2012872
2013368
2013872
2014384
2014912
2015444
2015960
2016480
2016988
2017504
2018008
2018500
2018988
2019484
2019984
2020484
2020988
2021500
2022008
2022508
2023008
2023504
2024004
2024508
2025016
2025512
2026004
2026484
2026960
2027440
2027920
2028404
2028896
2029392
2029884
2030388
2030888
2031380
2031860
2032340
2032816
2033300
2033792
2034284
2034780
2035272
2035760
2036248
2036740
2037240
2037736
2038240
2038740
2039240
2039740
2040236
2040728
2041224
2041712
2042196
2042684
2043168
2043664
2044168
2044668
2045176
2045680
2046180
2046680
2047172
2047668
2048168
2048664
2049168
2049664
2050168
2050664
2051164
2051660
2052148
2052628
2053096
2053564
2054040
2054520
2054996
2055484
2055968
2056456
2056940
2057412
2057908
2058404
2058912
2059428
2059940
2060460
2060964
2061460
2061940
2062428
2062904
2063376
2063840
2064316
2064792
2065260
2065740
2066220
2066700
2067176
2067672
2068172
2068664
2069160
2069652
2070148
2070640
2071148
2071652
2072156
2072656
2073144
2073628
2074108
2074592
2075080
2075568
2076064
2076556
2077044
2077540
2078036
2078532
2079020
2079516
2080016
2080520
2081036
2081544
2082052
2082548
2083032
2083492
2083952
2084408
2084876
2085344
2085824
2086304
2086784
2087276
2087780
2088284
2088800
2089312
2089820
2090324
2090820
2091308
2091788
2092268
2092744
2093220
2093696
2094176
2094656
2095132
2095616
2096100
2096580
2097048
2097528
2097996
2098472
2098944
2099424
2099896
2100384
2100868
2101352
2101836
2102324
2102812
2103300
2103788
2104276
2104764
2105252
2105740
2106232
2106728
2107232
2107740
2108248
2108744
2109232
2109720
2110208
2110696
2111180
2111656
2112140
2112616
2113088
2113552
2114000
2114452
2114896
2115336
2115780
2116236
2116696
2117164
2117640
2118124
2118612
2119104
2119600
2120100
2120612
2121124
2121644
2122168
2122684
2123184
2123676
2124172
2124668
2125176
2125680
2126184
2126676
2127148
2127600
2128040
2128464
2128884
2129312
2129752
2130196
2130648
2131104
2131572
2132048
2132528
2133024
2133532
2134044
2134540
2135024
2135520
2136016
2136504
2136996
2137492
2138000
2138512
2139028
2139540
2140032
2140512
2140976
2141444
2141900
2142360
2142816
2143276
2143736
2144184
2144628
2145076
2145520
2145968
2146416
2146864
2147316
2147772
2148236
2148712
2149192
2149676
2150168
2150668
2151168
2151660
2152152
2152640
2153132
2153628
2154124
2154616
2155108
2155584
2156048
2156504
2156960
2157416
2157880
2158348
2158836
2159328
2159828
2160324
2160816
2161312
2161800
2162284
2162760
2163240
2163712
2164184
2164648
2165112
2165576
2166048
2166524
2167008
2167496
2167980
2168472
2168968
2169464
2169952
2170444
2170924
2171400
2171876
2172340
2172812
2173288
2173764
2174252
2174728
2175208
2175680
2176152
2176628
2177100
2177564
2178032
2178500
2178980
2179460
2179944
2180432
2180924
2181420
2181916
2182416
2182904
2183396
2183888
2184368
2184852
2185340
2185824
2186308
2186792
2187276
2187752
2188232
2188712
2189200
2189692
2190188
2190692
2191196
2191700
2192200
2192700
2193188
2193684
2194176
2194656
2195152
2195640
2196136
2196628
2197112
2197604
2198100
2198592
2199092
2199592
2200088
2200592
2201096
2201600
2202100
2202600
2203104
2203604
2204096
2204584
2205080
2205576
2206080
2206576
2207072
2207572
2208072
2208572
2209060
2209556
2210052
2210548
2211036
2211528
2212008
2212500
2212984
2213476
2213960
2214456
2214944
2215424
2215908
2216392
2216876
2217364
2217848
2218340
2218824
2219296
2219784
2220260
2220740
2221216
2221692
2222168
2222644
2223128
2223608
2224088
2224584
2225080
2225580
2226076
2226568
2227056
2227544
2228024
2228508
2229000
2229488
2229976
2230464
2230948
2231436
2231924
2232408
2232904
2233396
2233896
2234392
2234880
2235372
2235864
2236352
2236844
2237336
2237816
2238296
2238772
2239244
2239720
2240204
2240692
2241180
2241672
2242168
2242660
2243160
2243652
2244144
2244644
2245140
2245632
2246120
2246608
2247088
2247564
2248048
2248532
2249012
2249500
2249984
2250468
2250956
2251448
2251936
2252432
2252932
2253420
2253900
2254384
2254880
2255372
2255864
2256352
2256828
2257304
2257780
2258260
2258740
2259232
2259716
2260208
2260688
2261188
2261684
2262168
2262648
2263132
2263608
2264084
2264560
2265040
2265528
2266016
2266508
2267008
2267508
2268016
2268520
2269016
2269516
2270008
2270508
2271004
2271500
2271996
2272492
2272992
2273484
2273960
2274432
2274908
2275376
2275852
2276332
2276820
2277304
2277776
2278252
2278732
2279224
2279712
2280204
2280688
2281164
2281632
2282096
2282556
2283016
2283484
2283956
2284436
2284912
2285400
2285884
2286368
2286852
2287336
2287820
2288296
2288768
2289244
2289716
2290188
2290664
2291140
2291628
2292112
2292592
2293088
2293576
2294056
2294528
2294992
2295452
2295912
2296384
2296860
2297348
2297832
2298312
2298788
2299260
2299736
2300208
2300684
2301156
2301624
2302096
2302556
2303016
2303476
2303944
2304428
2304916
2305412
2305892
2306380
2306848
2307320
2307796
2308280
2308768
2309248
2309732
2310212
2310684
2311148
2311608
2312068
2312528
2312992
2313456
2313924
2314384
2314860
2315348
2315836
2316328
2316828
2317340
2317868
2318400
2318940
2319472
2319996
2320520
2321020
2321512
2321992
2322468
2322940
2323404
2323860
2324320
2324768
2325220
2325676
2326144
2326604
2327064
2327524
2327980
2328436
2328892
2329352
2329812
2330276
2330732
2331192
2331652
2332100
2332564
2333020
2333472
2333940
2334412
2334896
2335384
2335864
2336340
2336796
2337240
2337680
2338128
2338576
2339024
2339480
2339932
2340380
2340828
2341276
2341720
2342172
2342620
2343076
2343524
2343980
2344428
2344868
2345300
2345740
2346176
2346620
2347064
2347512
2347964
2348412
2348864
2349308
2349752
2350200
2350644
2351092
2351540
2351988
2352432
2352864
2353304
2353736
2354172
2354616
2355064
2355512
2355960
2356408
2356848
2357288
2357736
2358184
2358636
2359080
2359528
2359972
2360412
2360852
2361300
2361752
2362208
2362668
2363128
2363592
2364048
2364496
2364924
2365348
2365760
2366176
2366588
2367000
2367424
2367852
2368284
2368720
2369164
2369604
2370052
2370492
2370944
2371388
2371828
2372264
2372696
2373128
2373556
2373976
2374404
2374824
2375252
2375680
2376104
2376544
2376976
2377412
2377852
2378288
2378728
2379164
2379600
2380032
2380468
2380896
2381328
2381756
2382184
2382604
2383012
2383416
2383812
2384212
2384616
2385016
2385420
2385836
2386248
2386660
2387080
2387504
2387936
2388368
2388800
2389232
2389664
2390100
2390548
2390996
2391444
2391896
2392340
2392780
2393208
2393620
2394020
2394420
2394824
2395236
2395656
2396076
2396496
2396916
2397328
2397728
2398132
2398536
2398944
2399344
2399744
2400140
2400536
2400928
2401328
2401732
2402148
2402564
2402996
2403428
2403860
2404292
2404724
2405156
2405580
2406004
2406436
2406860
2407272
2407672
2408072
2408472
2408864
2409256
2409644
2410036
2410420
2410808
2411204
2411604
2412004
2412412
2412820
2413228
2413636
2414048
2414460
2414876
2415288
2415700
2416104
2416504
2416904
2417304
2417696
2418084
2418476
2418868
2419256
2419648
2420040
2420436
2420832
2421228
2421620
2422020
2422420
2422828
2423244
2423656
2424084
2424512
2424928
2425340
2425732
2426116
2426492
2426868
2427244
2427632
2428028
2428428
2428828
2429224
2429612
2429988
2430352
2430716
2431076
2431436
2431800
2432168
2432536
2432916
2433304
2433708
2434120
2434544
2434972
2435396
2435820
2436236
2436648
2437052
2437452
2437844
2438224
2438596
2438964
2439336
2439708
2440084
2440472
2440852
2441236
2441616
2441992
2442372
2442752
2443132
2443508
2443880
2444256
2444628
2445000
2445376
2445760
2446140
2446528
2446920
2447304
2447688
2448068
2448448
2448836
2449216
2449608
2449992
2450372
2450748
2451128
2451496
2451868
2452240
2452608
2452976
2453340
2453704
2454072
2454440
2454816
2455196
2455576
2455956
2456332
2456700
2457064
2457424
2457784
2458136
2458488
2458832
2459172
2459504
2459832
2460152
2460472
2460788
2461112
2461428
2461748
2462060
2462380
2462700
2463020
2463340
2463664
2463992
2464320
2464652
2464984
2465320
2465668
2466012
2466364
2466712
2467060
2467412
2467760
2468112
2468464
2468812
2469168
2469528
2469888
2470248
2470616
2470984
2471348
2471716
2472084
2472452
2472824
2473192
2473572
2473948
2474328
2474712
2475088
2475464
2475836
2476208
2476584
2476956
2477328
2477696
2478056
2478412
2478764
2479116
2479472
2479824
2480168
2480520
2480864
2481208
2481552
2481896
2482240
2482588
2482936
2483292
2483648
2484008
2484372
2484736
2485100
2485468
2485836
2486208
2486572
2486936
2487308
2487668
2488028
2488380
2488736
2489096
2489452
2489812
2490168
2490532
2490892
2491248
2491604
2491960
2492312
2492660
2493012
2493364
2493716
2494072
2494424
2494780
2495136
2495500
2495860
2496224
2496588
2496948
2497304
2497660
2498008
2498356
2498704
2499052
2499392
2499736
2500080
2500428
2500780
2501136
2501492
2501848
2502204
2502552
2502904
2503252
2503604
2503956
2504304
2504656
2505008
2505360
2505712
2506068
2506424
2506772
2507128
2507476
2507820
2508168
2508512
2508860
2509204
2509552
2509900
2510248
2510592
2510936
2511284
2511632
2511980
2512332
2512680
2513028
2513380
2513728
2514076
2514420
2514768
2515112
2515456
2515804
2516148
2516492
2516844
2517188
2517532
2517880
2518228
2518572
2518912
2519260
2519604
2519944
2520292
2520636
2520984
2521328
2521676
2522020
2522364
2522704
2523044
2523380
2523720
2524060
2524404
2524752
2525092
2525440
2525792
2526136
2526484
2526824
2527164
2527500
2527840
2528176
2528516
2528860
2529200
2529544
2529884
2530224
2530568
2530908
2531236
2531572
2531908
2532244
2532584
2532932
2533280
2533636
2533984
2534332
2534676
2535016
2535356
2535696
2536040
2536380
2536720
2537060
2537404
2537752
2538096
2538444
2538788
2539128
2539472
2539804
2540136
2540460
2540788
2541112
2541436
2541764
2542100
2542440
2542788
2543136
2543484
2543836
2544184
2544532
2544876
2545220
2545564
2545908
2546252
2546592
2546936
2547276
2547616
2547952
2548288
2548616
2548956
2549288
2549628
2549960
2550288
2550620
2550948
2551280
2551612
2551944
2552280
2552620
2552960
2553304
2553644
2553984
2554316
2554648
2554980
2555316
2555648
2555984
2556320
2556656
2556992
2557328
2557664
2557996
2558328
2558664
2558992
2559328
2559664
2560004
2560344
2560680
2561020
2561364
2561708
2562048
2562400
2562744
2563088
2563428
2563764
2564096
2564428
2564756
2565088
2565416
2565748
2566084
2566416
2566752
2567088
2567424
2567756
2568088
2568420
2568748
2569088
2569428
2569768
2570108
2570448
2570788
2571124
2571456
2571780
2572112
2572436
2572772
2573104
2573436
2573772
2574100
2574440
2574772
2575108
2575436
2575764
2576096
2576432
2576764
2577096
2577436
2577772
2578108
2578452
2578792
2579128
2579464
2579800
2580132
2580468
2580800
2581132
2581464
2581796
2582124
2582456
2582780
2583116
2583452
2583780
2584116
2584456
2584792
2585136
2585484
2585836
2586180
2586532
2586880
2587236
2587592
2587944
2588296
2588644
2588992
2589332
2589664
2589992
2590324
2590660
2591000
2591336
2591676
2592016
2592356
2592692
2593024
2593364
2593696
2594024
2594360
2594696
2595032
2595368
2595708
2596048
2596384
2596724
2597060
2597392
2597728
2598064
2598396
2598728
2599056
2599384
2599712
2600040
2600368
2600696
2601024
2601360
2601696
2602028
2602360
2602696
2603024
2603356
2603684
2604016
2604344
2604680
2605016
2605356
2605700
2606044
2606388
2606732
2607072
2607416
2607764
2608104
2608448
2608788
2609128
2609468
2609800
2610128
2610456
2610780
2611096
2611412
2611724
2612040
2612352
2612664
2612976
2613292
2613604
2613920
2614232
2614552
2614876
2615200
2615528
2615864
2616200
2616536
2616872
2617212
2617556
2617908
2618256
2618616
2618972
2619320
2619664
2620000
2620332
2620660
2620984
2621304
2621616
2621924
2622236
2622544
2622856
2623168
2623484
2623804
2624124
2624444
2624764
2625080
2625408
2625736
2626064
2626392
2626732
2627076
2627416
2627764
2628104
2628444
2628780
2629120
2629456
2629792
2630124
2630456
2630784
2631104
2631428
2631740
2632052
2632360
2632668
2632976
2633284
2633592
2633900
2634220
2634536
2634852
2635168
2635488
2635808
2636128
2636452
2636780
2637108
2637444
2637776
2638108
2638444
2638776
2639104
2639432
2639756
2640076
2640396
2640712
2641028
2641344
2641664
2641984
2642308
2642640
2642972
2643300
2643632
2643964
2644288
2644616
2644936
2645260
2645576
2645892
2646208
2646532
2646852
2647176
2647496
2647820
2648144
2648472
2648796
2649124
2649452
2649780
2650108
2650436
2650772
2651112
2651456
2651800
2652148
2652492
2652836
2653176
2653508
2653836
2654160
2654476
2654792
2655108
2655420
2655740
2656060
2656388
2656724
2657056
2657400
2657744
2658080
2658416
2658748
2659084
2659416
2659752
2660084
2660420
2660752
2661084
2661420
2661756
2662092
2662424
2662760
2663092
2663428
2663764
2664100
2664436
2664772
2665108
2665444
2665776
2666112
2666448
2666784
2667112
2667448
2667780
2668112
2668444
2668776
2669108
2669440
2669764
2670100
2670432
2670764
2671100
2671440
2671780
2672120
2672464
2672808
2673156
2673504
2673852
2674196
2674544
2674884
2675224
2675564
2675900
2676236
2676564
2676892
2677220
2677548
2677876
2678208
2678540
2678868
2679192
2679520
2679848
2680176
2680504
2680836
2681168
2681500
2681836
2682164
2682500
2682836
2683168
2683496
2683824
2684156
2684480
2684808
2685136
2685464
2685792
2686128
2686468
2686804
2687136
2687468
2687800
2688128
2688452
2688780
2689112
2689440
2689776
2690104
2690432
2690764
2691096
2691428
2691760
2692100
2692436
2692772
2693108
2693448
2693788
2694132
2694476
2694812
2695152
2695488
2695820
2696152
2696480
2696800
2697124
2697444
2697772
2698100
2698424
2698760
2699092
2699424
2699764
2700104
2700440
2700772
2701104
2701436
2701768
2702100
2702432
2702768
2703112
2703448
2703788
2704128
2704460
2704796
2705132
2705468
2705800
2706136
2706476
2706816
2707164
2707508
2707844
2708176
2708508
2708836
2709168
2709496
2709832
2710164
2710496
2710832
2711172
2711508
2711844
2712176
2712504
2712828
2713156
2713484
2713816
2714156
2714492
2714840
2715184
2715532
2715876
2716220
2716556
2716896
2717232
2717572
2717908
2718256
2718596
2718940
2719280
2719616
2719956
2720292
2720628
2720960
2721292
2721620
2721948
2722276
2722608
2722944
2723280
2723620
2723960
2724292
2724624
2724948
2725264
2725584
2725900
2726220
2726544
2726876
2727204
2727540
2727872
2728208
2728540
2728872
2729200
2729532
2729864
2730196
2730528
2730864
2731208
2731552
2731896
2732244
2732588
2732932
2733272
2733608
2733936
2734260
2734580
2734900
2735220
2735548
2735876
2736208
2736536
2736872
2737200
2737524
2737848
2738168
2738488
2738808
2739124
2739452
2739788
2740124
2740464
2740812
2741160
2741500
2741836
2742168
2742492
2742816
2743136
2743452
2743768
2744088
2744408
2744740
2745068
2745400
2745736
2746064
2746396
2746728
2747056
2747384
2747716
2748060
2748404
2748748
2749092
2749448
2749804
2750164
2750520
2750880
2751240
2751596
2751956
2752312
2752660
2753008
2753356
2753704
2754040
2754376
2754708
2755032
2755352
2755668
2755988
2756312
2756636
2756964
2757300
2757640
2757980
2758324
2758660
2758996
2759332
2759660
2759984
2760304
2760628
2760948
2761272
2761600
2761928
2762264
2762600
2762932
2763256
2763580
2763896
2764216
2764536
2764860
2765184
2765512
2765840
2766168
2766492
2766812
2767132
2767452
2767760
2768072
2768388
2768700
2769016
2769328
2769644
2769964
2770276
2770588
2770900
2771208
2771516
2771824
2772124
2772432
2772736
2773048
2773360
2773684
2774004
2774324
2774644
2774964
2775280
2775592
2775904
2776216
2776524
2776836
2777144
2777452
2777760
2778072
2778380
2778696
2779012
2779332
2779656
2779980
2780308
2780636
2780968
2781296
2781628
2781960
2782296
2782628
2782960
2783292
2783612
2783932
2784236
2784540
2784844
2785144
2785448
2785752
2786056
2786360
2786676
2786988
2787308
2787632
2787956
2788284
2788608
2788928
2789248
2789564
2789884
2790196
2790508
2790824
2791140
2791456
2791776
2792092
2792408
2792720
2793040
2793356
2793672
2793992
2794304
2794620
2794936
2795252
2795568
2795888
2796208
2796524
2796844
2797160
2797472
2797776
2798084
2798384
2798680
2798980
2799280
2799576
2799872
2800168
2800468
2800772
2801080
2801388
2801692
2802000
2802312
2802620
2802936
2803252
2803564
2803880
2804192
2804504
2804816
2805124
2805440
2805748
2806056
2806364
2806664
2806964
2807260
2807552
2807848
2808140
2808436
2808728
2809032
2809328
2809624
2809920
2810216
2810516
2810812
2811116
2811420
2811728
2812036
2812348
2812664
2812976
2813300
2813616
2813940
2814256
2814572
2814880
2815184
2815484
2815780
2816076
2816368
2816660
2816948
2817240
2817528
2817820
2818116
2818412
2818704
2819004
2819304
2819604
2819908
2820212
2820520
2820832
2821140
2821452
2821760
2822072
2822376
2822680
2822980
2823280
2823568
2823864
2824152
2824444
2824736
2825024
2825316
2825604
2825896
2826188
2826480
2826780
2827076
2827384
2827688
2827996
2828300
2828592
2828892
2829184
2829480
2829780
2830084
2830392
2830700
2831012
2831324
2831628
2831932
2832228
2832516
2832804
2833088
2833372
2833652
2833936
2834216
2834496
2834780
2835064
2835348
2835632
2835916
2836204
2836496
2836792
2837088
2837388
2837688
2837984
2838280
2838580
2838880
2839180
2839488
2839792
2840096
2840400
2840700
2840996
2841288
2841580
2841864
2842148
2842428
2842708
2842984
2843264
2843544
2843832
2844124
2844416
2844716
2845012
2845312
2845608
2845904
2846200
2846488
2846780
2847068
2847360
2847652
2847944
2848236
2848532
2848820
2849104
2849392
2849680
2849964
2850252
2850536
2850824
2851112
2851400
2851684
2851972
2852256
2852544
2852828
2853112
2853396
2853676
2853956
2854232
2854504
2854776
2855048
2855316
2855588
2855852
2856120
2856384
2856648
2856912
2857176
2857440
2857700
2857960
2858216
2858472
2858732
2858992
2859248
2859512
2859772
2860028
2860288
2860540
2860796
2861052
2861304
2861556
2861816
2862072
2862332
2862596
2862860
2863128
2863400
2863672
2863944
2864224
2864504
2864788
2865072
2865360
2865652
2865948
2866240
2866532
2866828
2867120
2867416
2867708
2868004
2868292
2868576
2868860
2869136
2869412
2869688
2869956
2870228
2870496
2870768
2871036
2871308
2871576
2871848
2872116
2872388
2872660
2872932
2873208
2873484
2873760
2874040
2874324
2874608
2874892
2875176
2875460
2875744
2876024
2876308
2876584
2876864
2877144
2877424
2877704
2877988
2878268
2878552
2878832
2879112
2879392
2879672
2879952
2880232
2880508
2880784
2881064
2881344
2881624
2881904
2882188
2882472
2882760
2883048
2883336
2883624
2883912
2884196
2884476
2884752
2885028
2885300
2885572
2885836
2886108
2886372
2886648
2886920
2887192
2887468
2887740
2888016
2888288
2888564
2888840
2889112
2889388
2889664
2889944
2890224
2890508
2890792
2891076
2891360
2891644
2891928
2892212
2892496
2892780
2893068
2893348
2893632
2893916
2894196
2894472
2894748
2895024
2895296
2895572
2895844
2896116
2896388
2896656
2896928
2897200
2897472
2897740
2898012
2898284
2898552
2898824
2899092
2899360
2899628
2899900
2900172
2900444
2900716
2900988
2901264
2901536
2901812
2902088
2902364
2902644
2902920
2903200
2903476
2903756
2904032
2904312
2904588
2904868
2905140
2905416
2905684
2905956
2906228
2906500
2906768
2907036
2907308
2907576
2907840
2908108
2908376
2908648
2908916
2909180
2909448
2909720
2909988
2910256
2910528
2910796
2911064
2911336
2911608
2911884
2912160
2912436
2912708
2912980
2913256
2913524
2913800
2914072
2914344
2914620
2914892
2915160
2915436
2915708
2915980
2916252
2916524
2916792
2917056
2917328
2917592
2917852
2918116
2918380
2918644
2918912
2919184
2919456
2919736
2920016
2920296
2920576
2920860
2921140
2921420
2921700
2921976
2922256
2922532
2922808
2923084
2923360
2923632
2923904
2924176
2924448
2924720
2924988
2925260
2925528
2925796
2926060
2926332
2926600
2926864
2927132
2927400
2927668
2927932
2928200
2928468
2928732
2928992
2929252
2929516
2929776
2930036
2930300
2930564
2930832
2931100
2931368
2931640
2931912
2932188
2932464
2932736
2933012
2933284
2933560
2933836
2934108
2934376
2934648
2934916
2935188
2935460
2935732
2936008
2936280
2936552
2936820
2937092
2937360
2937628
2937896
2938164
2938432
2938704
2938972
2939244
2939512
2939780
2940048
2940312
2940580
2940852
2941124
2941396
2941668
2941944
2942216
2942492
2942768
2943044
2943324
2943604
2943880
2944160
2944440
2944716
2944992
2945264
2945536
2945800
2946064
2946324
2946588
2946848
2947104
2947360
2947616
2947872
2948128
2948388
2948652
2948908
2949172
2949432
2949700
2949968
2950236
2950508
2950784
2951056
2951328
2951600
2951872
2952144
2952420
2952696
2952976
2953256
2953536
2953820
2954100
2954384
2954660
2954936
2955216
2955496
2955772
2956048
2956316
2956588
2956860
2957128
2957388
2957648
2957916
2958176
2958448
2958716
2958984
2959260
2959532
2959804
2960080
2960356
2960628
2960904
2961176
2961448
2961716
2961988
2962264
2962536
2962808
2963084
2963356
2963628
2963900
2964168
2964440
2964708
2964980
2965244
2965520
2965788
2966056
2966320
2966588
2966860
2967132
2967396
2967660
2967920
2968176
2968432
2968684
2968940
2969196
2969460
2969720
2969984
2970252
2970524
2970792
2971064
2971340
2971608
2971888
2972160
2972436
2972712
2972984
2973260
2973532
2973800
2974072
2974340
2974608
2974868
2975136
2975396
2975660
2975920
2976184
2976448
2976712
2976980
2977248
2977520
2977788
2978056
2978324
2978596
2978868
2979136
2979404
2979672
2979940
2980216
2980484
2980760
2981032
2981300
2981568
2981836
2982100
2982368
2982640
2982904
2983168
2983428
2983688
2983952
2984212
2984472
2984740
2985004
2985272
2985536
2985804
2986068
2986340
2986608
2986876
2987144
2987412
2987680
2987952
2988220
2988484
2988748
2989012
2989272
2989536
2989796
2990056
2990320
2990580
2990836
2991092
2991348
2991604
2991860
2992112
2992368
2992624
2992880
2993132
2993388
2993644
2993900
2994156
2994412
2994668
2994928
2995192
2995452
2995720
2995984
2996248
2996516
2996780
2997044
2997308
2997572
2997828
2998088
2998340
2998592
2998844
2999092
2999344
2999592
2999844
3000100
3000352
3000608
3000860
3001112
3001364
3001608
3001856
3002100
3002344
3002584
3002824
3003068
3003308
3003556
3003804
3004052
3004304
3004560
3004812
3005068
3005328
3005584
3005844
3006108
3006372
3006636
3006904
3007168
3007432
3007700
3007968
3008236
3008504
3008772
3009036
3009304
3009572
3009840
3010112
3010380
3010652
3010916
3011184
3011448
3011712
3011976
3012244
3012508
3012772
3013036
3013300
3013568
3013828
3014096
3014360
3014624
3014892
3015152
3015424
3015688
3015952
3016220
3016488
3016760
3017032
3017308
3017576
3017848
3018120
3018388
3018660
3018928
3019200
3019472
3019744
3020016
3020288
3020556
3020824
3021092
3021360
3021624
3021892
3022160
3022428
3022692
3022964
3023236
3023512
3023784
3024060
3024336
3024612
3024888
3025164
3025436
3025712
3025980
3026252
3026524
3026792
3027064
3027336
3027604
3027872
3028144
3028412
3028680
3028948
3029220
3029488
3029748
3030020
3030284
3030552
3030816
3031084
3031348
3031612
3031876
3032140
3032404
3032668
3032932
3033196
3033460
3033720
3033984
3034248
3034512
3034776
3035040
3035304
3035568
3035836
3036100
3036368
3036632
3036900
3037172
3037440
3037712
3037980
3038252
3038520
3038788
3039060
3039328
3039600
3039872
3040140
3040408
3040684
3040952
3041224
3041492
3041760
3042032
3042296
3042564
3042832
3043100
3043364
3043628
3043888
3044152
3044416
3044684
3044944
3045212
3045476
3045748
3046016
3046288
3046552
3046820
3047088
3047356
3047620
3047888
3048152
3048420
3048684
3048952
3049220
3049492
3049760
3050028
3050300
3050568
3050840
3051112
3051384
3051660
3051936
3052208
3052480
3052748
3053020
3053288
3053556
3053824
3054092
3054360
3054632
3054908
3055176
3055448
3055716
3055976
3056240
3056500
3056760
3057020
3057284
3057548
3057816
3058088
3058360
3058632
3058904
3059180
3059452
3059724
3060000
3060272
3060548
3060824
3061100
3061376
3061648
3061920
3062192
3062460
3062728
3062996
3063256
3063520
3063788
3064052
3064320
3064584
3064852
3065120
3065388
3065656
3065920
3066176
3066432
3066688
3066944
3067200
3067460
3067720
3067984
3068248
3068512
3068780
3069048
3069312
3069580
3069848
3070112
3070380
3070648
3070920
3071192
3071464
3071744
3072020
3072296
3072572
3072848
3073120
3073384
3073648
3073912
3074176
3074440
3074700
3074968
3075232
3075496
3075760
3076024
3076288
3076552
3076816
3077076
3077340
3077600
3077860
3078120
3078380
3078644
3078908
3079172
3079432
3079696
3079956
3080216
3080484
3080744
3081008
3081272
3081536
3081800
3082060
3082324
3082584
3082848
3083108
3083368
3083628
3083888
3084152
3084416
3084684
3084948
3085220
3085492
3085768
3086044
3086320
3086604
3086892
3087180
3087480
3087776
3088072
3088368
3088664
3088960
3089252
3089544
3089836
3090124
3090420
3090712
3091000
3091288
3091576
3091860
3092140
3092420
3092696
3092968
3093236
3093496
3093760
3094016
3094272
3094524
3094776
3095028
3095280
3095532
3095788
3096040
3096296
3096548
3096800
3097048
3097296
3097544
3097792
3098040
3098288
3098544
3098796
3099052
3099308
3099564
3099820
3100080
3100336
3100596
3100852
3101104
3101360
3101608
3101856
3102100
3102348
3102592
3102840
3103088
3103336
3103588
3103836
3104088
3104336
3104588
3104836
3105088
3105336
3105584
3105832
3106080
3106328
3106572
3106820
3107064
3107308
3107556
3107800
3108044
3108284
3108528
3108772
3109016
3109264
3109508
3109756
3110012
3110264
3110520
3110776
3111032
3111292
3111548
3111808
3112068
3112328
3112584
3112836
3113088
3113336
3113584
3113832
3114080
3114328
3114580
3114836
3115088
3115344
3115600
3115860
3116120
3116376
3116636
3116888
3117140
3117392
3117644
3117892
3118140
3118388
3118636
3118884
3119136
3119388
3119636
3119888
3120140
3120392
3120648
3120908
3121164
3121420
3121676
3121936
3122200
3122460
3122720
3122984
3123248
3123512
3123772
3124028
3124288
3124540
3124792
3125044
3125288
3125536
3125780
3126020
3126260
3126500
3126740
3126976
3127220
3127460
3127700
3127948
3128196
3128448
3128708
3128968
3129236
3129500
3129772
3130044
3130316
3130592
3130864
3131140
3131412
3131684
3131948
3132212
3132468
3132724
3132976
3133220
3133472
3133712
3133956
3134200
3134440
3134680
3134924
3135164
3135408
3135652
3135904
3136152
3136408
3136664
3136924
3137188
3137452
3137720
3137992
3138260
3138524
3138784
3139052
3139316
3139576
3139836
3140096
3140352
3140608
3140864
3141124
3141380
3141640
3141900
3142160
3142420
3142688
3142952
3143224
3143492
3143760
3144032
3144300
3144564
3144828
3145084
3145348
3145612
3145872
3146132
3146392
3146656
3146916
3147180
3147440
3147700
3147964
3148224
3148488
3148748
3149016
3149284
3149556
3149832
3150104
3150376
3150644
3150908
3151172
3151444
3151716
3151988
3152264
3152540
3152820
3153096
3153368
3153640
3153912
3154180
3154444
3154712
3154976
3155240
3155512
3155784
3156056
3156332
3156612
3156888
3157164
3157440
3157712
3157988
3158260
3158536
3158812
3159084
3159360
3159636
3159916
3160196
3160476
3160764
3161048
3161332
3161616
3161896
3162180
3162460
3162740
3163020
3163292
3163568
3163844
3164112
3164388
3164668
3164948
3165232
3165516
3165804
3166092
3166380
3166668
3166960
3167248
3167540
3167824
3168108
3168396
3168680
3168960
3169240
3169524
3169808
3170088
3170368
3170652
3170932
3171216
3171508
3171800
3172096
3172384
3172676
3172960
3173240
3173524
3173808
3174088
3174368
3174648
3174928
3175204
3175476
3175752
3176020
3176288
3176552
3176816
3177080
3177344
3177604
3177864
3178124
3178384
3178640
3178896
3179152
3179408
3179660
3179920
3180172
3180428
3180688
3180944
3181200
3181456
3181720
3181980
3182236
3182496
3182760
3183028
3183296
3183564
3183836
3184112
3184392
3184672
3184956
3185244
3185536
3185836
3186136
3186444
3186760
3187076
3187392
3187712
3188032
3188352
3188676
3189000
3189320
3189632
3189944
3190248
3190552
3190856
3191160
3191460
3191760
3192060
3192360
3192656
3192956
3193252
3193544
3193836
3194128
3194420
3194716
3195012
3195308
3195608
3195912
3196220
3196528
3196836
3197148
3197460
3197772
3198084
3198396
3198704
3199012
3199324
3199636
3199948
3200264
3200576
3200892
3201208
3201524
3201840
3202156
3202468
3202780
3203096
3203412
3203728
3204040
3204356
3204672
3204992
3205312
3205636
3205956
3206272
3206596
3206912
3207224
3207536
3207852
3208164
3208476
3208788
3209096
3209412
3209728
3210044
3210360
3210680
3211000
3211320
3211644
3211968
3212296
3212616
3212944
3213268
3213588
3213916
3214240
3214564
3214892
3215216
3215544
3215864
3216188
3216508
3216836
3217164
3217492
3217820
3218148
3218476
3218800
3219120
3219448
3219768
3220096
3220420
3220748
3221072
3221400
3221724
3222052
3222380
3222708
3223036
3223364
3223688
3224020
3224344
3224672
3224996
3225320
3225644
3225972
3226296
3226628
3226956
3227288
3227620
3227956
3228292
3228632
3228972
3229316
3229656
3229996
3230332
3230664
3230992
3231324
3231660
3231988
3232324
3232660
3233000
3233336
3233672
3234016
3234360
3234700
3235036
3235368
3235704
3236040
3236380
3236720
3237060
3237400
3237744
3238084
3238420
3238748
3239080
3239404
3239748
3240088
3240436
3240792
3241144
3241500
3241852
3242196
3242544
3242888
3243236
3243584
3243928
3244272
3244620
3244980
3245336
3245696
3246056
3246408
3246764
3247116
3247460
3247808
3248144
3248476
3248812
3249148
3249488
3249844
3250208
3250576
3250948
3251320
3251688
3252056
3252424
3252780
3253136
3253488
3253852
3254204
3254564
3254928
3255288
3255648
3256016
3256376
3256744
3257116
3257484
3257852
3258220
3258568
3258928
3259280
3259640
3259996
3260356
3260720
3261088
3261460
3261832
3262200
3262572
3262940
3263304
3263676
3264056
3264432
3264808
3265188
3265568
3265952
3266332
3266712
3267096
3267480
3267860
3268240
3268624
3269008
3269396
3269784
3270172
3270560
3270948
3271336
3271732
3272128
3272532
3272932
3273328
3273728
3274124
3274516
3274924
3275328
3275740
3276148
3276568
3276988
3277404
3277820
3278228
3278636
3279036
3279432
3279824
3280224
3280620
3281020
3281424
3281824
3282228
3282620
3283020
3283416
3283824
3284236
3284648
3285068
3285488
3285904
3286324
3286748
3287168
3287588
3287996
3288408
3288816
3289228
3289636
3290048
3290460
3290876
3291296
3291720
3292148
3292572
3292996
3293424
3293852
3294280
3294712
3295136
3295560
3295972
3296400
3296812
3297244
3297680
3298116
3298556
3298996
3299448
3299912
3300388
3300864
3301352
3301824
3302284
3302744
3303204
3303672
3304120
3304564
3304996
3305428
3305852
3306260
3306672
3307104
3307560
3308024
3308508
3308992
3309480
3309968
3310464
3310960
3311444
3311924
3312400
3312868
3313332
3313792
3314248
3314704
3315168
3315632
3316104
3316584
3317060
3317544
3318024
3318496
3318964
3319436
3319916
3320392
3320876
3321356
3321836
3322320
3322816
3323312
3323804
3324300
3324792
3325280
3325768
3326260
3326772
3327284
3327800
3328316
3328840
3329368
3329908
3330444
3330972
3331492
3332016
3332540
3333076
3333608
3334132
3334668
3335192
3335712
3336224
3336740
3337252
3337764
3338276
3338800
3339328
3339872
3340416
3340976
3341548
3342124
3342700
3343284
3343856
3344428
3345000
3345572
3346156
3346740
3347312
3347876
3348452
3349036
3349636
3350244
3350860
3351452
3352024
3352580
3353132
3353704
3354280
3354860
3355448
3356028
3356596
3357152
3357708
3358272
3358856
3359484
3360144
3360828
3361508
3362172
3362836
3363516
3364184
3364848
3365492
3366144
3366796
3367452
3368112
3368768
3369420
3370084
3370744
3371400
3372056
3372720
3373392
3374064
3374732
3375380
3376004
3376624
3377252
3377888
3378556
3379228
3379920
3380640
3381412
3382224
3383032
3383836
3384640
3385424
3386188
3386932
3387656
3388412
3389208
3390024
3390864
3391728
3392572
3393368
3394160
3394948
3395768
3396624
3397520
3398464
3399392
3400300
3401176
3402084
3402988
3403908
3404876
3405824
3406772
3407728
3408696
3409700
3410796
3411924
3413024
3414136
3415228
3416328
3417460
3418616
3419844
3421008
3422104
3423232
3424412
3425624
3426876
3428116
3429412
3430720
3432136
3433600
3435036
3436516
3437980
3439564
3441140
3442724
3444356
3446120
3448032
3449928
3452040
3454272
3456688
3459292
3462016
3464848
3468092
3471796
3476068
3481988
3524852
3531332
3535152
3538308
3541356
3544232
3546676
3549332
3551724
3553988
3556180
3558620
3560752
3562712
3564524
3566444
3568344
3570200
3572076
3573936
3575908
3577952
3579840
3581692
3583440
3585056
3586624
3588184
3589736
3591264
3592788
3594260
3595716
3597128
3598552
3599956
3601364
3602764
3604132
3605380
3606608
3607868
3609184
3610552
3611932
3613340
3614664
3615988
3617288
3618580
3619824
3621052
3622304
3623564
3624820
3626112
3627328
3628452
3629536
3630696
3631928
3633288
3634772
3636164
3637376
3638408
3639436
3640516
3641716
3642960
3644216
3645436
3646588
3647684
3648772
3649904
3651036
3652168
3653244
3654264
3655276
3656284
3657284
3658260
3659252
3660256
3661332
3662428
3663488
3664532
3665560
3666544
3667488
3668380
3669284
3670236
3671284
3672384
3673504
3674628
3675724
3676728
3677696
3678632
3679560
3680496
3681496
3682544
3683596
3684608
3685544
3686460
3687372
3688288
3689252
3690220
3691140
3692004
3692836
3693680
3694508
3695344
3696188
3697040
3697920
3698808
3699692
3700576
3701424
3702260
3703116
3703996
3704844
3705672
3706460
3707248
3708060
3708908
3709744
3710620
3711556
3712520
3713524
3714480
3715352
3716148
3716912
3717668
3718456
3719252
3720096
3720916
3721720
3722500
3723248
3724004
3724772
3725560
3726344
3727116
3727888
3728696
3729524
3730328
3731096
3731872
3732640
3733404
3734156
3734928
3735692
3736460
3737236
3738012
3738780
3739516
3740260
3741064
3741912
3742768
3743592
3744380
3745136
3745880
3746620
3747356
3748116
3748896
3749684
3750464
3751216
3751952
3752684
3753412
3754136
3754828
3755516
3756204
3756892
3757616
3758408
3759224
3760032
3760800
3761540
3762252
3762896
3763508
3764124
3764780
3765484
3766244
3767020
3767804
3768588
3769332
3770036
3770704
3771360
3772016
3772684
3773360
3774076
3774796
3775504
3776196
3776892
3777608
3778328
3779036
3779720
3780400
3781076
3781768
3782460
3783168
3783888
3784596
3785308
3786012
3786716
3787412
3788100
3788772
3789428
3790092
3790752
3791432
3792100
3792784
3793476
3794160
3794848
3795536
3796224
3796888
3797536
3798192
3798852
3799516
3800208
3800924
3801636
3802336
3803020
3803692
3804348
3805008
3805676
3806356
3807044
3807744
3808452
3809144
3809816
3810472
3811124
3811776
3812444
3813100
3813752
3814404
3815044
3815672
3816296
3816916
3817544
3818180
3818844
3819528
3820236
3820952
3821648
3822312
3822944
3823572
3824208
3824836
3825460
3826096
3826764
3827468
3828180
3828872
3829540
3830180
3830792
3831376
3831948
3832520
3833104
3833708
3834340
3834980
3835624
3836276
3836916
3837540
3838160
3838800
3839432
3840072
3840696
3841324
3841952
3842592
3843232
3843884
3844540
3845168
3845780
3846356
3846912
3847476
3848052
3848644
3849264
3849908
3850556
3851212
3851876
3852536
3853184
3853808
3854420
3855024
3855628
3856244
3856860
3857480
3858096
3858704
3859316
3859936
3860564
3861188
3861808
3862420
3863024
3863624
3864224
3864816
3865416
3866016
3866620
3867228
3867840
3868472
3869104
3869724
3870328
3870940
3871572
3872212
3872860
3873484
3874092
3874676
3875256
3875852
3876452
3877048
3877652
3878256
3878860
3879468
3880072
3880676
3881276
3881880
3882472
3883076
3883660
3884252
3884852
3885464
3886088
3886728
3887352
3887964
3888576
3889184
3889808
3890440
3891080
3891700
3892292
3892864
3893440
3894012
3894588
3895192
3895820
3896472
3897128
3897772
3898412
3899048
3899656
3900244
3900828
3901400
3901968
3902544
3903128
3903732
3904336
3904956
3905580
3906200
3906804
3907396
3907992
3908588
3909192
3909784
3910380
3910968
3911588
3912208
3912824
3913432
3914036
3914648
3915264
3915888
3916504
3917128
3917724
3918308
3918880
3919452
3920032
3920620
3921216
3921824
3922424
3923008
3923584
3924168
3924764
3925368
3925984
3926600
3927220
3927856
3928480
3929092
3929692
3930272
3930856
3931428
3932004
3932600
3933204
3933812
3934400
3934988
3935556
3936140
3936732
3937336
3937948
3938564
3939168
3939760
3940336
3940904
3941464
3942024
3942588
3943160
3943736
3944336
3944940
3945548
3946144
3946740
3947336
3947936
3948520
3949088
3949648
3950208
3950772
3951340
3951916
3952508
3953112
3953720
3954344
3954960
3955572
3956184
3956784
3957376
3957952
3958536
3959112
3959692
3960268
3960852
3961460
3962092
3962728
3963352
3963976
3964588
3965196
3965792
3966368
3966924
3967476
3968028
3968604
3969196
3969808
3970404
3971016
3971612
3972208
3972792
3973376
3973944
3974504
3975052
3975600
3976164
3976748
3977360
3977988
3978608
3979232
3979856
3980476
3981088
3981696
3982320
3982932
3983532
3984112
3984676
3985248
3985820
3986404
3987000
3987592
3988176
3988776
3989392
3990032
3990668
3991280
3991884
3992472
3993048
3993620
3994192
3994752
3995332
3995924
3996512
3997116
3997704
3998288
3998872
3999464
4000072
4000716
4001380
4002044
4002716
4003384
4004024
4004632
4005228
4005828
4006428
4007036
4007620
4008196
4008744
4009284
4009840
4010428
4011064
4011720
4012396
4013068
4013724
4014356
4014980
4015608
4016220
4016820
4017404
4018004
4018620
4019240
4019856
4020472
4021088
4021700
4022320
4022924
4023528
4024140
4024760
4025384
4026016
4026628
4027240
4027852
4028468
4029100
4029724
4030372
4031008
4031648
4032300
4032952
4033604
4034252
4034880
4035504
4036124
4036744
4037364
4038000
4038652
4039324
4039996
4040656
4041292
4041928
4042572
4043224
4043872
4044516
4045168
4045816
4046480
4047156
4047852
4048556
4049256
4049956
4050648
4051336
4052012
4052672
4053328
4053996
4054680
4055384
4056100
4056804
4057492
4058184
4058880
4059544
4060184
4060824
4061468
4062132
4062832
4063544
4064260
4064984
4065720
4066436
4067156
4067892
4068648
4069432
4070224
4071016
4071788
4072544
4073304
4074048
4074784
4075492
4076172
4076880
4077616
4078356
4079076
4079780
4080504
4081232
4081976
4082740
4083520
4084288
4085040
4085772
4086520
4087308
4088108
4088908
4089708
4090520
4091312
4092108
4092904
4093696
4094496
4095288
4096052
4096832
4097628
4098412
4099188
4099908
4100624
4101412
4102276
4103184
4104080
4104936
4105756
4106596
4107456
4108336
4109236
4110148
4111084
4112016
4112928
4113804
4114660
4115572
4116504
4117444
4118376
4119292
4120236
4121180
4122120
4123044
4123960
4124956
4126004
4127056
4128084
4129056
4130044
4131036
4132040
4133080
4134140
4135152
4136124
4137144
4138296
4139476
4140620
4141760
4142884
4144032
4145224
4146476
4147668
4148804
4149980
4151308
4152696
4154052
4155344
4156620
4157932
4159288
4160648
4162012
4163376
4164872
4166376
4167900
4169432
4170928
4172380
4173924
4175412
4176776
4178244
4179884
4181668
4183588
4185744
4187844
4189692
4191564
4193604
4195748
4197872
4199844
4201796
4204008
4206612
4209720
4213328
4217332
4220796
4224304
4230056
4232852
4274596
4321260
4325604
4330340
4333780
4337060
4340520
4343860
4347368
4351608
4355344
4358964
4362552
4366216
4369912
4373396
4377084
4380508
4384140
4387948
4391768
4395472
4399348
4403140
4407116
4411820
4415796
4420028
4424428
4429376
4433896
4438224
4443644
4448980
4454404
4459380
4465148
4470924
4477252
4484092
4491772
4500152
4509468
4521232
4541440
5402952
5438196
5463880
5485208
5503388
5519288
5534208
5547808
5560656
5572268
5583680
5594816
5605348
5615376
5624868
5634692
5644136
5653612
5662408
5671460
5680484
5689356
5698112
5706644
5715412
5724012
5732904
5742036
5751288
5760884
5770648
5780996
5791608
5803472
5816240
5831232
5849052
5877976
