16
16404
601524
623656
641292
654444
662576
669420
675428
681060
685980
690504
694740
698920
702816
706476
710112
713476
716760
719928
722936
725960
728912
731892
734632
737380
740092
742612
745144
747744
750220
752588
754872
757196
759564
761964
764148
766312
768484
770588
772612
774696
776724
778672
780668
782664
784616
786536
788488
790412
792252
794068
795856
797560
799300
801096
802904
804592
806252
807912
809544
811152
812752
814380
815996
817552
819072
820580
822152
823680
825176
826632
828076
829576
831048
832500
833928
835360
836788
838212
839600
840936
842296
843688
845076
846400
847732
849052
850348
851632
852940
854260
855556
856864
858140
859376
860608
861848
863104
864348
865604
866872
868104
869288
870496
871712
872876
874060
875264
876456
877612
878796
879968
881104
882264
883400
884520
885640
886740
887844
888932
890064
891200
892276
893348
894408
895496
896584
897624
898664
899696
900720
901740
902772
903816
904852
905872
906876
907876
908884
909900
910900
911900
912888
913888
914900
915936
916940
917908
918860
919812
920772
921736
922700
923644
924612
925564
926524
927444
928356
929268
930204
931128
932072
933008
933920
934828
935724
936624
937536
938452
939392
940312
941212
942136
943100
944076
945024
945928
946796
947644
948476
949320
950144
950960
951820
952736
953672
954568
955420
956236
957048
957852
958668
959484
960296
961112
961940
962768
963604
964428
965268
966108
966948
967784
968600
969396
970188
970988
971788
972588
973408
974220
975032
975836
976628
977408
978188
978956
979736
980508
981272
982036
982792
983556
984324
985108
985888
986664
987428
988188
988940
989696
990452
991204
991936
992656
993384
994140
994912
995692
996456
997192
997920
998656
999392
1000136
1000872
1001592
1002300
1003016
1003740
1004484
1005220
1005952
1006656
1007344
1008040
1008756
1009488
1010224
1010940
1011624
1012300
1012976
1013660
1014360
1015076
1015768
1016476
1017172
1017872
1018580
1019276
1019968
1020680
1021384
1022072
1022768
1023464
1024148
1024852
1025548
1026236
1026900
1027556
1028200
1028848
1029500
1030168
1030852
1031548
1032240
1032904
1033568
1034232
1034908
1035604
1036296
1036964
1037620
1038264
1038900
1039540
1040204
1040868
1041532
1042176
1042820
1043464
1044096
1044732
1045372
1046024
1046704
1047404
1048112
1048808
1049484
1050136
1050772
1051424
1052072
1052696
1053304
1053900
1054512
1055128
1055780
1056456
1057124
1057772
1058424
1059068
1059696
1060304
1060900
1061472
1062024
1062576
1063120
1063656
1064192
1064736
1065280
1065848
1066436
1067060
1067700
1068332
1068960
1069556
1070140
1070708
1071280
1071864
1072464
1073072
1073692
1074308
1074924
1075536
1076152
1076776
1077384
1077984
1078572
1079156
1079736
1080308
1080896
1081468
1082052
1082632
1083208
1083792
1084376
1084964
1085544
1086136
1086724
1087336
1087960
1088584
1089200
1089804
1090412
1091020
1091616
1092208
1092780
1093356
1093916
1094484
1095052
1095628
1096204
1096796
1097396
1098012
1098628
1099252
1099852
1100440
1101000
1101560
1102112
1102664
1103224
1103792
1104368
1104968
1105564
1106156
1106744
1107328
1107916
1108504
1109080
1109644
1110200
1110756
1111312
1111876
1112440
1113004
1113592
1114168
1114744
1115320
1115892
1116460
1117024
1117576
1118144
1118712
1119284
1119856
1120416
1121000
1121580
1122168
1122748
1123312
1123864
1124412
1124956
1125516
1126080
1126664
1127236
1127804
1128376
1128944
1129516
1130088
1130660
1131220
1131760
1132288
1132804
1133324
1133848
1134380
1134912
1135448
1135988
1136540
1137108
1137684
1138236
1138776
1139304
1139840
1140392
1140960
1141520
1142084
1142628
1143168
1143692
1144212
1144756
1145308
1145860
1146420
1146968
1147516
1148048
1148580
1149144
1149700
1150260
1150800
1151328
1151844
1152360
1152876
1153392
1153932
1154464
1155004
1155544
1156084
1156632
1157164
1157696
1158220
1158744
1159264
1159784
1160324
1160856
1161396
1161932
1162472
1163012
1163544
1164080
1164616
1165148
1165676
1166200
1166720
1167240
1167756
1168276
1168808
1169344
1169880
1170408
1170924
1171440
1171956
1172476
1173004
1173532
1174068
1174580
1175100
1175624
1176144
1176664
1177188
1177716
1178228
1178732
1179248
1179760
1180292
1180816
1181344
1181864
1182392
1182916
1183436
1183952
1184460
1184968
1185476
1185980
1186500
1187012
1187540
1188064
1188592
1189112
1189632
1190148
1190656
1191168
1191680
1192192
1192712
1193232
1193760
1194276
1194784
1195304
1195812
1196328
1196832
1197336
1197836
1198324
1198824
1199324
1199836
1200352
1200880
1201404
1201944
1202476
1203008
1203532
1204040
1204536
1205032
1205520
1206020
1206524
1207032
1207536
1208036
1208552
1209060
1209572
1210084
1210592
1211112
1211628
1212132
1212624
1213104
1213580
1214072
1214560
1215056
1215552
1216052
1216548
1217052
1217560
1218060
1218556
1219040
1219532
1220036
1220540
1221048
1221556
1222060
1222564
1223068
1223568
1224076
1224572
1225068
1225568
1226072
1226568
1227080
1227580
1228092
1228588
1229088
1229584
1230092
1230608
1231124
1231648
1232172
1232696
1233216
1233728
1234236
1234744
1235244
1235752
1236248
1236756
1237260
1237764
1238264
1238768
1239268
1239764
1240268
1240784
1241308
1241832
1242348
1242864
1243376
1243884
1244376
1244872
1245368
1245872
1246372
1246876
1247380
1247884
1248388
1248888
1249380
1249880
1250372
1250856
1251328
1251820
1252328
1252848
1253368
1253888
1254404
1254916
1255428
1255936
1256428
1256920
1257404
1257888
1258360
1258832
1259312
1259796
1260276
1260764
1261252
1261752
1262260
1262768
1263272
1263764
1264248
1264740
1265236
1265728
1266212
1266684
1267160
1267648
1268148
1268664
1269176
1269688
1270192
1270664
1271120
1271576
1272044
1272528
1273032
1273556
1274084
1274616
1275148
1275688
1276224
1276756
1277292
1277824
1278360
1278900
1279428
1279952
1280464
1280980
1281488
1282008
1282512
1283020
1283524
1284028
1284528
1285020
1285524
1286040
1286568
1287100
1287644
1288176
1288708
1289228
1289752
1290268
1290772
1291276
1291760
1292240
1292720
1293200
1293696
1294200
1294720
1295228
1295744
1296260
1296776
1297280
1297780
1298276
1298768
1299268
1299760
1300256
1300748
1301256
1301768
1302272
1302768
1303252
1303736
1304204
1304668
1305152
1305636
1306124
1306624
1307120
1307616
1308100
1308580
1309056
1309528
1309992
1310464
1310928
1311388
1311856
1312336
1312816
1313292
1313764
1314248
1314740
1315244
1315748
1316252
1316748
1317224
1317688
1318152
1318640
1319136
1319644
1320156
1320668
1321168
1321660
1322160
1322660
1323164
1323660
1324144
1324620
1325104
1325588
1326076
1326572
1327072
1327572
1328096
1328616
1329128
1329636
1330128
1330608
1331096
1331584
1332072
1332560
1333048
1333536
1334016
1334492
1334964
1335436
1335916
1336404
1336900
1337388
1337876
1338368
1338880
1339384
1339892
1340400
1340908
1341416
1341912
1342404
1342884
1343356
1343844
1344332
1344816
1345304
1345776
1346240
1346700
1347168
1347648
1348140
1348636
1349144
1349648
1350144
1350632
1351120
1351604
1352088
1352572
1353052
1353540
1354024
1354500
1354988
1355480
1355972
1356464
1356964
1357464
1357956
1358452
1358948
1359448
1359944
1360440
1360924
1361396
1361856
1362308
1362764
1363228
1363712
1364212
1364732
1365256
1365776
1366288
1366804
1367308
1367800
1368280
1368756
1369224
1369696
1370176
1370656
1371156
1371660
1372172
1372676
1373184
1373680
1374160
1374632
1375092
1375560
1376040
1376536
1377036
1377528
1378020
1378508
1378996
1379476
1379960
1380444
1380936
1381428
1381932
1382424
1382916
1383416
1383908
1384392
1384876
1385352
1385820
1386284
1386752
1387224
1387684
1388160
1388644
1389132
1389624
1390120
1390620
1391120
1391620
1392112
1392604
1393096
1393588
1394080
1394576
1395068
1395564
1396056
1396544
1397032
1397532
1398020
1398496
1398976
1399448
1399932
1400416
1400900
1401392
1401884
1402376
1402860
1403352
1403848
1404344
1404848
1405336
1405812
1406284
1406760
1407236
1407716
1408204
1408700
1409200
1409700
1410188
1410676
1411164
1411656
1412140
1412620
1413096
1413552
1414032
1414512
1414992
1415472
1415968
1416456
1416952
1417448
1417936
1418416
1418888
1419368
1419848
1420332
1420820
1421308
1421784
1422260
1422732
1423212
1423700
1424200
1424700
1425204
1425704
1426204
1426700
1427188
1427684
1428168
1428652
1429128
1429604
1430088
1430568
1431052
1431532
1432012
1432492
1432964
1433448
1433936
1434416
1434904
1435388
1435872
1436360
1436840
1437312
1437780
1438240
1438708
1439176
1439652
1440132
1440612
1441104
1441592
1442088
1442588
1443084
1443584
1444080
1444572
1445060
1445552
1446048
1446540
1447020
1447484
1447952
1448416
1448892
1449372
1449856
1450336
1450812
1451296
1451784
1452272
1452756
1453228
1453688
1454140
1454596
1455052
1455516
1455984
1456452
1456928
1457412
1457900
1458384
1458868
1459348
1459824
1460292
1460752
1461212
1461676
1462152
1462636
1463116
1463584
1464052
1464520
1464996
1465472
1465948
1466416
1466876
1467332
1467792
1468260
1468740
1469220
1469692
1470168
1470632
1471096
1471552
1472004
1472452
1472912
1473372
1473832
1474292
1474740
1475196
1475640
1476092
1476544
1477004
1477464
1477932
1478412
1478896
1479380
1479860
1480332
1480804
1481276
1481744
1482220
1482684
1483144
1483584
1484016
1484440
1484868
1485300
1485760
1486236
1486720
1487208
1487684
1488148
1488608
1489068
1489528
1489984
1490436
1490884
1491324
1491760
1492188
1492616
1493056
1493512
1493984
1494460
1494924
1495376
1495816
1496252
1496696
1497148
1497600
1498056
1498504
1498948
1499388
1499828
1500272
1500724
1501180
1501644
1502112
1502580
1503060
1503532
1503996
1504452
1504900
1505348
1505788
1506224
1506660
1507104
1507552
1508008
1508460
1508912
1509364
1509812
1510264
1510712
1511164
1511612
1512060
1512504
1512948
1513396
1513828
1514260
1514692
1515128
1515568
1516008
1516452
1516896
1517332
1517768
1518204
1518640
1519080
1519520
1519964
1520400
1520840
1521276
1521716
1522148
1522576
1523004
1523428
1523856
1524296
1524736
1525172
1525612
1526044
1526472
1526896
1527324
1527756
1528184
1528612
1529036
1529456
1529876
1530292
1530700
1531112
1531524
1531940
1532356
1532772
1533188
1533608
1534020
1534440
1534860
1535280
1535716
1536148
1536584
1537016
1537456
1537884
1538308
1538728
1539148
1539564
1539980
1540404
1540832
1541252
1541668
1542092
1542512
1542928
1543352
1543772
1544204
1544648
1545096
1545540
1545976
1546404
1546824
1547236
1547648
1548060
1548464
1548872
1549272
1549676
1550076
1550476
1550872
1551264
1551660
1552064
1552476
1552892
1553316
1553744
1554172
1554588
1554996
1555400
1555796
1556188
1556580
1556976
1557372
1557760
1558156
1558556
1558952
1559352
1559772
1560196
1560628
1561060
1561492
1561924
1562360
1562804
1563240
1563672
1564112
1564540
1564964
1565384
1565808
1566232
1566656
1567072
1567480
1567880
1568272
1568656
1569040
1569420
1569808
1570200
1570592
1570984
1571372
1571764
1572164
1572568
1572980
1573384
1573788
1574196
1574608
1575020
1575444
1575856
1576264
1576664
1577052
1577440
1577828
1578220
1578620
1579020
1579432
1579840
1580244
1580644
1581032
1581420
1581800
1582180
1582564
1582944
1583320
1583696
1584076
1584456
1584832
1585224
1585612
1586008
1586408
1586816
1587220
1587624
1588024
1588436
1588832
1589228
1589616
1590000
1590380
1590752
1591124
1591492
1591860
1592228
1592596
1592968
1593340
1593712
1594088
1594468
1594848
1595232
1595620
1596008
1596396
1596792
1597188
1597580
1597960
1598340
1598720
1599104
1599484
1599860
1600248
1600624
1601008
1601392
1601772
1602156
1602536
1602912
1603288
1603668
1604052
1604440
1604824
1605204
1605584
1605960
1606336
1606716
1607100
1607480
1607856
1608232
1608608
1608976
1609352
1609724
1610096
1610464
1610832
1611200
1611568
1611936
1612304
1612684
1613068
1613452
1613844
1614232
1614620
1615012
1615400
1615780
1616160
1616532
1616896
1617252
1617612
1617976
1618344
1618708
1619076
1619444
1619812
1620176
1620552
1620928
1621312
1621692
1622076
1622452
1622828
1623204
1623580
1623952
1624324
1624692
1625056
1625412
1625768
1626120
1626468
1626820
1627180
1627544
1627912
1628292
1628676
1629056
1629448
1629832
1630212
1630584
1630948
1631304
1631656
1632020
1632384
1632748
1633116
1633488
1633860
1634228
1634588
1634948
1635304
1635656
1636004
1636352
1636696
1637032
1637376
1637716
1638060
1638400
1638756
1639108
1639468
1639812
1640156
1640492
1640820
1641148
1641472
1641808
1642136
1642476
1642816
1643156
1643500
1643840
1644188
1644532
1644876
1645212
1645552
1645888
1646228
1646568
1646912
1647248
1647588
1647928
1648264
1648600
1648940
1649276
1649612
1649952
1650296
1650648
1650996
1651348
1651708
1652060
1652428
1652788
1653152
1653504
1653864
1654216
1654568
1654924
1655280
1655632
1655984
1656340
1656696
1657052
1657408
1657760
1658116
1658472
1658828
1659180
1659536
1659888
1660244
1660596
1660952
1661308
1661660
1662016
1662368
1662724
1663080
1663432
1663776
1664120
1664464
1664804
1665144
1665488
1665832
1666176
1666520
1666860
1667204
1667544
1667888
1668236
1668588
1668936
1669288
1669640
1669996
1670344
1670700
1671052
1671404
1671760
1672112
1672464
1672812
1673156
1673504
1673856
1674196
1674548
1674900
1675244
1675600
1675948
1676308
1676660
1677008
1677352
1677692
1678024
1678356
1678692
1679024
1679356
1679692
1680028
1680364
1680704
1681048
1681392
1681732
1682076
1682420
1682760
1683108
1683452
1683804
1684152
1684500
1684844
1685188
1685532
1685868
1686216
1686560
1686904
1687244
1687584
1687920
1688260
1688600
1688944
1689284
1689624
1689960
1690296
1690624
1690956
1691288
1691624
1691960
1692296
1692644
1692992
1693340
1693684
1694028
1694368
1694708
1695044
1695384
1695724
1696064
1696400
1696736
1697064
1697400
1697736
1698068
1698404
1698740
1699076
1699416
1699756
1700092
1700436
1700780
1701124
1701472
1701820
1702164
1702504
1702840
1703188
1703532
1703872
1704220
1704556
1704892
1705236
1705576
1705916
1706256
1706588
1706924
1707248
1707580
1707908
1708244
1708576
1708904
1709240
1709580
1709912
1710248
1710580
1710912
1711240
1711572
1711904
1712240
1712580
1712924
1713272
1713616
1713960
1714300
1714640
1714976
1715312
1715644
1715976
1716308
1716640
1716976
1717308
1717644
1717984
1718320
1718656
1718988
1719320
1719652
1719976
1720308
1720640
1720976
1721316
1721660
1722008
1722360
1722712
1723064
1723408
1723756
1724104
1724444
1724784
1725116
1725460
1725800
1726140
1726476
1726812
1727148
1727480
1727812
1728140
1728472
1728804
1729136
1729460
1729788
1730112
1730440
1730768
1731092
1731416
1731744
1732072
1732404
1732736
1733068
1733396
1733720
1734048
1734376
1734708
1735040
1735376
1735712
1736048
1736388
1736724
1737064
1737400
1737736
1738068
1738404
1738740
1739080
1739412
1739752
1740088
1740420
1740752
1741084
1741416
1741748
1742084
1742416
1742748
1743080
1743408
1743740
1744072
1744404
1744736
1745068
1745404
1745736
1746064
1746392
1746716
1747040
1747368
1747696
1748032
1748368
1748704
1749040
1749384
1749724
1750064
1750400
1750736
1751068
1751404
1751740
1752072
1752412
1752748
1753084
1753416
1753744
1754072
1754404
1754736
1755064
1755396
1755732
1756068
1756400
1756736
1757068
1757404
1757740
1758084
1758420
1758764
1759096
1759436
1759772
1760108
1760440
1760772
1761108
1761432
1761760
1762084
1762412
1762736
1763060
1763380
1763708
1764032
1764356
1764684
1765004
1765324
1765640
1765968
1766300
1766636
1766972
1767304
1767644
1767972
1768292
1768612
1768928
1769256
1769580
1769904
1770236
1770568
1770904
1771240
1771580
1771920
1772256
1772596
1772940
1773280
1773620
1773960
1774300
1774640
1774976
1775312
1775648
1775988
1776328
1776664
1777008
1777348
1777692
1778036
1778380
1778724
1779068
1779416
1779760
1780112
1780460
1780808
1781152
1781496
1781836
1782176
1782516
1782852
1783192
1783524
1783860
1784200
1784536
1784880
1785220
1785560
1785896
1786236
1786572
1786908
1787248
1787584
1787924
1788268
1788604
1788944
1789280
1789612
1789936
1790260
1790580
1790900
1791220
1791540
1791868
1792192
1792520
1792844
1793168
1793492
1793812
1794136
1794456
1794780
1795104
1795428
1795748
1796072
1796388
1796700
1797020
1797340
1797656
1797976
1798296
1798616
1798928
1799232
1799544
1799856
1800172
1800488
1800812
1801140
1801464
1801792
1802124
1802456
1802784
1803116
1803444
1803772
1804100
1804428
1804756
1805084
1805412
1805740
1806068
1806400
1806724
1807052
1807376
1807696
1808020
1808344
1808672
1809000
1809332
1809664
1809992
1810312
1810640
1810960
1811276
1811600
1811924
1812248
1812572
1812904
1813236
1813568
1813904
1814232
1814568
1814896
1815224
1815552
1815876
1816200
1816528
1816852
1817180
1817508
1817832
1818152
1818472
1818788
1819104
1819428
1819748
1820076
1820412
1820740
1821068
1821400
1821728
1822056
1822380
1822704
1823032
1823356
1823684
1824008
1824332
1824656
1824980
1825300
1825624
1825944
1826268
1826584
1826904
1827224
1827544
1827864
1828184
1828496
1828808
1829116
1829432
1829748
1830068
1830396
1830728
1831060
1831392
1831728
1832056
1832392
1832716
1833040
1833360
1833684
1834016
1834344
1834672
1835000
1835328
1835652
1835980
1836308
1836632
1836960
1837288
1837616
1837944
1838276
1838604
1838928
1839252
1839576
1839904
1840228
1840552
1840872
1841196
1841516
1841836
1842160
1842484
1842808
1843132
1843460
1843784
1844108
1844424
1844736
1845048
1845360
1845672
1845976
1846284
1846596
1846904
1847220
1847536
1847852
1848172
1848492
1848812
1849140
1849468
1849804
1850140
1850476
1850812
1851148
1851476
1851812
1852140
1852464
1852792
1853112
1853436
1853760
1854080
1854408
1854732
1855052
1855376
1855696
1856016
1856336
1856656
1856980
1857304
1857624
1857944
1858268
1858592
1858920
1859248
1859576
1859908
1860236
1860568
1860888
1861220
1861548
1861872
1862196
1862516
1862832
1863156
1863476
1863800
1864124
1864452
1864780
1865108
1865436
1865764
1866084
1866408
1866724
1867044
1867368
1867688
1868016
1868340
1868668
1868988
1869312
1869636
1869964
1870296
1870624
1870960
1871296
1871628
1871960
1872296
1872624
1872956
1873284
1873616
1873948
1874280
1874608
1874936
1875260
1875584
1875908
1876228
1876552
1876868
1877188
1877512
1877836
1878160
1878484
1878808
1879128
1879440
1879752
1880064
1880380
1880692
1881016
1881336
1881668
1882004
1882344
1882684
1883024
1883360
1883696
1884028
1884360
1884700
1885036
1885368
1885700
1886028
1886348
1886668
1886992
1887312
1887628
1887948
1888268
1888588
1888916
1889236
1889552
1889876
1890188
1890504
1890820
1891136
1891452
1891772
1892096
1892420
1892748
1893080
1893404
1893736
1894056
1894380
1894700
1895016
1895336
1895656
1895988
1896316
1896640
1896968
1897292
1897624
1897956
1898284
1898608
1898932
1899256
1899576
1899896
1900220
1900552
1900884
1901212
1901544
1901876
1902196
1902512
1902824
1903136
1903448
1903756
1904072
1904384
1904700
1905020
1905336
1905660
1905980
1906300
1906624
1906948
1907268
1907596
1907916
1908240
1908568
1908896
1909224
1909552
1909880
1910208
1910528
1910848
1911164
1911480
1911788
1912100
1912412
1912728
1913044
1913360
1913676
1913996
1914312
1914624
1914932
1915236
1915540
1915844
1916156
1916472
1916796
1917124
1917452
1917784
1918112
1918440
1918756
1919072
1919384
1919692
1920004
1920312
1920624
1920936
1921244
1921556
1921868
1922184
1922500
1922820
1923140
1923464
1923788
1924112
1924436
1924760
1925080
1925404
1925728
1926052
1926368
1926684
1927000
1927320
1927632
1927948
1928260
1928568
1928876
1929184
1929492
1929796
1930104
1930412
1930720
1931028
1931340
1931648
1931952
1932260
1932572
1932880
1933192
1933504
1933812
1934120
1934428
1934736
1935040
1935348
1935656
1935968
1936284
1936596
1936916
1937236
1937552
1937868
1938180
1938488
1938792
1939104
1939412
1939720
1940028
1940332
1940632
1940932
1941228
1941528
1941828
1942124
1942424
1942724
1943028
1943332
1943636
1943940
1944240
1944544
1944844
1945144
1945444
1945744
1946044
1946340
1946636
1946932
1947228
1947532
1947832
1948140
1948448
1948760
1949064
1949372
1949680
1949988
1950296
1950612
1950924
1951236
1951548
1951860
1952168
1952476
1952788
1953104
1953420
1953740
1954060
1954384
1954708
1955028
1955348
1955668
1955988
1956304
1956616
1956924
1957232
1957532
1957832
1958124
1958412
1958696
1958984
1959272
1959560
1959852
1960144
1960448
1960744
1961052
1961352
1961660
1961960
1962260
1962552
1962844
1963140
1963432
1963724
1964020
1964320
1964620
1964928
1965232
1965536
1965836
1966136
1966436
1966740
1967044
1967344
1967648
1967948
1968252
1968564
1968868
1969172
1969484
1969788
1970092
1970392
1970684
1970972
1971260
1971552
1971840
1972128
1972416
1972704
1972988
1973272
1973560
1973852
1974144
1974436
1974732
1975028
1975324
1975628
1975928
1976232
1976532
1976832
1977132
1977432
1977732
1978032
1978336
1978644
1978948
1979252
1979548
1979840
1980124
1980404
1980684
1980964
1981240
1981516
1981788
1982060
1982336
1982608
1982880
1983156
1983432
1983712
1984000
1984288
1984580
1984872
1985168
1985468
1985768
1986068
1986372
1986676
1986976
1987272
1987560
1987844
1988136
1988420
1988696
1988976
1989256
1989536
1989816
1990092
1990368
1990644
1990924
1991200
1991480
1991764
1992048
1992336
1992624
1992912
1993200
1993488
1993780
1994068
1994360
1994656
1994948
1995240
1995536
1995828
1996120
1996408
1996692
1996980
1997268
1997552
1997840
1998124
1998420
1998712
1999000
1999288
1999576
1999864
2000148
2000432
2000716
2000996
2001272
2001556
2001836
2002124
2002408
2002696
2002980
2003264
2003548
2003828
2004108
2004396
2004680
2004968
2005256
2005544
2005840
2006132
2006424
2006712
2007000
2007284
2007564
2007840
2008116
2008396
2008672
2008948
2009224
2009500
2009776
2010056
2010336
2010620
2010908
2011196
2011480
2011764
2012052
2012340
2012620
2012904
2013184
2013460
2013736
2014008
2014288
2014560
2014832
2015112
2015392
2015676
2015964
2016252
2016540
2016832
2017124
2017412
2017696
2017980
2018252
2018532
2018816
2019100
2019384
2019672
2019960
2020248
2020536
2020816
2021096
2021376
2021652
2021928
2022204
2022480
2022748
2023024
2023296
2023568
2023848
2024120
2024396
2024668
2024940
2025208
2025468
2025724
2025980
2026228
2026476
2026724
2026972
2027220
2027464
2027708
2027952
2028200
2028444
2028688
2028936
2029180
2029420
2029668
2029912
2030164
2030408
2030656
2030904
2031148
2031392
2031640
2031888
2032136
2032384
2032636
2032892
2033148
2033412
2033676
2033944
2034220
2034496
2034772
2035048
2035328
2035604
2035884
2036160
2036436
2036716
2036996
2037272
2037548
2037824
2038100
2038380
2038656
2038928
2039200
2039468
2039736
2040004
2040268
2040536
2040804
2041072
2041344
2041612
2041884
2042160
2042432
2042708
2042984
2043256
2043532
2043804
2044076
2044352
2044624
2044896
2045168
2045436
2045708
2045980
2046252
2046520
2046792
2047064
2047336
2047608
2047880
2048152
2048424
2048696
2048972
2049244
2049512
2049788
2050056
2050328
2050600
2050872
2051144
2051420
2051696
2051972
2052248
2052524
2052800
2053072
2053348
2053624
2053896
2054164
2054432
2054700
2054968
2055236
2055500
2055772
2056036
2056308
2056576
2056844
2057112
2057380
2057648
2057912
2058180
2058448
2058720
2058988
2059256
2059524
2059792
2060064
2060332
2060604
2060872
2061144
2061416
2061684
2061956
2062228
2062496
2062768
2063040
2063308
2063580
2063852
2064120
2064388
2064656
2064924
2065192
2065464
2065732
2066000
2066272
2066540
2066808
2067076
2067344
2067612
2067884
2068156
2068424
2068688
2068956
2069224
2069496
2069768
2070040
2070308
2070576
2070848
2071116
2071384
2071648
2071920
2072192
2072464
2072736
2073004
2073276
2073544
2073812
2074080
2074348
2074616
2074880
2075148
2075416
2075684
2075956
2076228
2076492
2076764
2077032
2077296
2077560
2077824
2078088
2078356
2078620
2078888
2079156
2079424
2079688
2079956
2080220
2080480
2080744
2081012
2081276
2081544
2081816
2082088
2082360
2082636
2082908
2083180
2083456
2083728
2084000
2084268
2084540
2084808
2085084
2085356
2085632
2085904
2086180
2086456
2086728
2087000
2087272
2087540
2087804
2088072
2088336
2088604
2088872
2089140
2089412
2089680
2089948
2090212
2090480
2090744
2091008
2091268
2091532
2091796
2092056
2092320
2092584
2092844
2093108
2093368
2093628
2093892
2094152
2094416
2094676
2094940
2095208
2095468
2095732
2095992
2096256
2096516
2096780
2097040
2097300
2097564
2097824
2098084
2098340
2098600
2098860
2099120
2099380
2099644
2099908
2100172
2100444
2100708
2100980
2101252
2101520
2101788
2102052
2102320
2102584
2102852
2103116
2103380
2103644
2103912
2104176
2104448
2104716
2104992
2105260
2105536
2105804
2106072
2106340
2106612
2106880
2107148
2107412
2107680
2107948
2108212
2108476
2108736
2108996
2109252
2109512
2109772
2110036
2110296
2110564
2110832
2111100
2111372
2111640
2111912
2112184
2112456
2112732
2113012
2113288
2113564
2113840
2114116
2114388
2114660
2114928
2115200
2115468
2115740
2116012
2116280
2116544
2116812
2117080
2117348
2117616
2117888
2118156
2118424
2118696
2118964
2119236
2119512
2119784
2120060
2120336
2120612
2120888
2121168
2121452
2121732
2122008
2122292
2122572
2122856
2123136
2123416
2123692
2123964
2124236
2124508
2124780
2125048
2125312
2125580
2125840
2126100
2126348
2126600
2126856
2127108
2127364
2127624
2127888
2128152
2128416
2128684
2128956
2129224
2129496
2129764
2130036
2130312
2130584
2130852
2131128
2131396
2131672
2131944
2132216
2132484
2132756
2133028
2133300
2133568
2133840
2134112
2134388
2134664
2134940
2135216
2135496
2135776
2136056
2136336
2136616
2136896
2137168
2137444
2137712
2137984
2138252
2138524
2138792
2139064
2139332
2139608
2139880
2140156
2140428
2140700
2140972
2141244
2141516
2141784
2142056
2142324
2142592
2142860
2143124
2143384
2143644
2143908
2144164
2144428
2144684
2144944
2145204
2145464
2145724
2145980
2146236
2146492
2146748
2147004
2147260
2147516
2147772
2148024
2148280
2148532
2148788
2149044
2149300
2149556
2149816
2150076
2150336
2150592
2150848
2151100
2151352
2151608
2151864
2152120
2152380
2152636
2152896
2153160
2153420
2153684
2153944
2154204
2154464
2154724
2154984
2155244
2155504
2155764
2156024
2156284
2156544
2156804
2157068
2157328
2157588
2157844
2158104
2158360
2158620
2158880
2159140
2159400
2159656
2159912
2160164
2160420
2160676
2160932
2161188
2161444
2161696
2161952
2162212
2162468
2162724
2162980
2163240
2163496
2163752
2164004
2164260
2164516
2164776
2165036
2165296
2165560
2165824
2166080
2166340
2166596
2166852
2167108
2167364
2167620
2167876
2168136
2168396
2168660
2168924
2169192
2169452
2169716
2169976
2170236
2170496
2170752
2171000
2171252
2171500
2171744
2171988
2172236
2172484
2172732
2172980
2173232
2173484
2173736
2173988
2174236
2174484
2174728
2174980
2175228
2175480
2175732
2175984
2176236
2176488
2176744
2177000
2177256
2177508
2177764
2178016
2178272
2178532
2178796
2179056
2179320
2179584
2179852
2180116
2180384
2180652
2180920
2181188
2181456
2181724
2181988
2182256
2182516
2182780
2183040
2183304
2183560
2183824
2184084
2184344
2184600
2184864
2185124
2185384
2185644
2185904
2186164
2186424
2186680
2186936
2187188
2187440
2187692
2187944
2188192
2188448
2188700
2188952
2189212
2189468
2189724
2189984
2190240
2190500
2190764
2191024
2191288
2191556
2191824
2192088
2192356
2192624
2192892
2193156
2193424
2193684
2193944
2194204
2194460
2194720
2194984
2195240
2195500
2195760
2196020
2196272
2196536
2196800
2197060
2197324
2197580
2197840
2198096
2198356
2198616
2198880
2199144
2199412
2199676
2199944
2200208
2200476
2200740
2201008
2201268
2201528
2201784
2202040
2202296
2202552
2202808
2203068
2203332
2203592
2203852
2204112
2204372
2204628
2204884
2205140
2205400
2205660
2205920
2206176
2206436
2206692
2206948
2207212
2207476
2207736
2208004
2208268
2208532
2208804
2209072
2209336
2209604
2209868
2210136
2210404
2210672
2210944
2211208
2211472
2211736
2211996
2212256
2212516
2212776
2213036
2213292
2213556
2213816
2214080
2214340
2214600
2214860
2215112
2215368
2215616
2215868
2216120
2216368
2216624
2216880
2217140
2217404
2217672
2217944
2218212
2218480
2218752
2219020
2219296
2219568
2219844
2220116
2220380
2220648
2220912
2221176
2221440
2221704
2221960
2222220
2222480
2222740
2223000
2223260
2223516
2223768
2224024
2224276
2224528
2224776
2225024
2225276
2225528
2225784
2226044
2226304
2226564
2226828
2227092
2227356
2227616
2227880
2228148
2228412
2228680
2228940
2229200
2229460
2229724
2229980
2230244
2230504
2230764
2231020
2231276
2231536
2231796
2232056
2232320
2232576
2232840
2233100
2233356
2233612
2233864
2234116
2234372
2234624
2234880
2235132
2235384
2235636
2235888
2236140
2236396
2236652
2236908
2237168
2237424
2237688
2237952
2238212
2238472
2238736
2239000
2239260
2239524
2239788
2240044
2240300
2240556
2240808
2241060
2241312
2241568
2241832
2242096
2242356
2242616
2242876
2243136
2243396
2243652
2243908
2244160
2244412
2244664
2244912
2245164
2245412
2245668
2245924
2246188
2246448
2246708
2246960
2247216
2247468
2247716
2247968
2248216
2248464
2248716
2248968
2249224
2249476
2249736
2249992
2250252
2250512
2250772
2251036
2251300
2251564
2251820
2252084
2252344
2252600
2252856
2253112
2253368
2253624
2253880
2254136
2254388
2254640
2254892
2255144
2255392
2255640
2255888
2256136
2256384
2256628
2256868
2257112
2257356
2257596
2257840
2258084
2258332
2258572
2258824
2259068
2259316
2259560
2259812
2260060
2260312
2260564
2260816
2261068
2261316
2261564
2261816
2262064
2262308
2262552
2262796
2263036
2263284
2263532
2263776
2264024
2264268
2264512
2264760
2265004
2265248
2265492
2265736
2265976
2266220
2266456
2266696
2266932
2267172
2267408
2267644
2267880
2268120
2268360
2268600
2268836
2269076
2269316
2269560
2269800
2270044
2270292
2270536
2270784
2271028
2271268
2271512
2271756
2272000
2272240
2272484
2272724
2272968
2273208
2273448
2273688
2273928
2274176
2274420
2274668
2274916
2275164
2275416
2275664
2275916
2276164
2276416
2276664
2276912
2277156
2277400
2277644
2277888
2278128
2278368
2278608
2278848
2279088
2279328
2279576
2279820
2280068
2280308
2280556
2280800
2281040
2281280
2281516
2281752
2281988
2282220
2282452
2282680
2282908
2283144
2283376
2283616
2283856
2284100
2284348
2284600
2284848
2285100
2285356
2285612
2285868
2286120
2286376
2286632
2286892
2287152
2287408
2287668
2287924
2288176
2288424
2288672
2288916
2289160
2289400
2289640
2289880
2290120
2290356
2290596
2290828
2291064
2291300
2291540
2291776
2292020
2292264
2292512
2292756
2293008
2293256
2293504
2293752
2294000
2294252
2294500
2294752
2295008
2295256
2295508
2295752
2295996
2296240
2296480
2296720
2296956
2297196
2297432
2297664
2297900
2298132
2298368
2298604
2298840
2299080
2299324
2299564
2299812
2300060
2300308
2300560
2300816
2301068
2301324
2301580
2301840
2302096
2302352
2302604
2302856
2303112
2303360
2303608
2303852
2304100
2304344
2304588
2304832
2305080
2305324
2305572
2305816
2306064
2306316
2306568
2306820
2307072
2307324
2307572
2307820
2308068
2308312
2308560
2308808
2309060
2309308
2309560
2309816
2310068
2310328
2310584
2310840
2311096
2311348
2311604
2311864
2312120
2312376
2312636
2312892
2313152
2313404
2313660
2313912
2314164
2314416
2314668
2314924
2315180
2315436
2315696
2315952
2316212
2316468
2316720
2316972
2317224
2317476
2317736
2317988
2318244
2318504
2318768
2319032
2319296
2319560
2319824
2320092
2320356
2320620
2320884
2321152
2321416
2321680
2321940
2322196
2322456
2322712
2322972
2323232
2323496
2323756
2324020
2324284
2324552
2324816
2325080
2325340
2325604
2325864
2326120
2326376
2326636
2326892
2327152
2327416
2327684
2327952
2328228
2328500
2328776
2329056
2329336
2329612
2329888
2330164
2330436
2330708
2330980
2331252
2331524
2331796
2332064
2332340
2332604
2332876
2333144
2333412
2333676
2333944
2334208
2334472
2334732
2334988
2335244
2335496
2335744
2335996
2336244
2336492
2336732
2336980
2337220
2337460
2337700
2337940
2338180
2338420
2338664
2338908
2339152
2339396
2339640
2339888
2340136
2340388
2340648
2340904
2341164
2341428
2341700
2341972
2342244
2342524
2342804
2343080
2343360
2343636
2343920
2344200
2344476
2344760
2345048
2345332
2345620
2345900
2346188
2346472
2346756
2347040
2347328
2347612
2347900
2348192
2348484
2348776
2349068
2349356
2349648
2349936
2350228
2350516
2350804
2351092
2351380
2351668
2351952
2352240
2352528
2352812
2353100
2353388
2353672
2353960
2354248
2354540
2354828
2355120
2355408
2355700
2355988
2356276
2356564
2356852
2357140
2357428
2357720
2358012
2358304
2358596
2358888
2359180
2359476
2359768
2360060
2360352
2360648
2360936
2361232
2361528
2361824
2362124
2362424
2362724
2363020
2363320
2363616
2363912
2364212
2364512
2364812
2365116
2365420
2365724
2366024
2366324
2366628
2366928
2367228
2367524
2367824
2368116
2368412
2368704
2368996
2369288
2369580
2369872
2370172
2370468
2370768
2371068
2371364
2371660
2371960
2372260
2372560
2372868
2373176
2373480
2373788
2374092
2374400
2374708
2375016
2375320
2375632
2375940
2376244
2376548
2376856
2377160
2377468
2377776
2378080
2378384
2378688
2378992
2379292
2379596
2379896
2380200
2380508
2380816
2381128
2381440
2381752
2382064
2382376
2382692
2383004
2383316
2383632
2383944
2384260
2384572
2384884
2385192
2385508
2385824
2386136
2386448
2386764
2387076
2387388
2387704
2388016
2388332
2388652
2388968
2389292
2389604
2389920
2390236
2390548
2390860
2391172
2391488
2391804
2392120
2392444
2392764
2393088
2393412
2393736
2394052
2394368
2394684
2394996
2395312
2395632
2395952
2396268
2396592
2396920
2397240
2397560
2397876
2398192
2398508
2398824
2399140
2399468
2399792
2400124
2400460
2400788
2401120
2401452
2401780
2402108
2402440
2402764
2403084
2403412
2403740
2404072
2404400
2404732
2405064
2405396
2405728
2406060
2406388
2406712
2407036
2407360
2407688
2408012
2408344
2408684
2409024
2409372
2409716
2410064
2410408
2410752
2411088
2411424
2411760
2412096
2412440
2412780
2413116
2413456
2413792
2414128
2414464
2414796
2415128
2415464
2415800
2416128
2416460
2416788
2417120
2417452
2417788
2418124
2418464
2418808
2419156
2419508
2419852
2420192
2420528
2420860
2421192
2421532
2421872
2422216
2422560
2422912
2423264
2423624
2423984
2424344
2424704
2425064
2425420
2425784
2426152
2426520
2426888
2427252
2427620
2427980
2428340
2428708
2429076
2429444
2429816
2430196
2430572
2430948
2431316
2431680
2432048
2432412
2432784
2433152
2433524
2433892
2434264
2434628
2434996
2435360
2435720
2436084
2436452
2436828
2437208
2437592
2437980
2438368
2438760
2439144
2439536
2439928
2440324
2440716
2441108
2441496
2441884
2442272
2442660
2443040
2443420
2443796
2444172
2444560
2444952
2445360
2445768
2446184
2446604
2447028
2447456
2447888
2448312
2448740
2449168
2449600
2450024
2450448
2450872
2451288
2451696
2452104
2452500
2452896
2453296
2453688
2454076
2454472
2454868
2455268
2455668
2456076
2456476
2456876
2457268
2457668
2458076
2458488
2458900
2459304
2459720
2460120
2460520
2460908
2461296
2461696
2462120
2462544
2462976
2463404
2463840
2464268
2464696
2465128
2465564
2466000
2466432
2466856
2467288
2467712
2468140
2468560
2468996
2469432
2469880
2470320
2470768
2471220
2471668
2472116
2472572
2473028
2473488
2473960
2474428
2474896
2475368
2475840
2476316
2476792
2477272
2477736
2478188
2478632
2479076
2479516
2479976
2480448
2480924
2481404
2481896
2482396
2482896
2483380
2483864
2484340
2484812
2485284
2485756
2486216
2486680
2487148
2487612
2488072
2488532
2488984
2489432
2489872
2490324
2490784
2491248
2491720
2492212
2492700
2493200
2493688
2494176
2494660
2495148
2495632
2496116
2496596
2497076
2497564
2498052
2498544
2499032
2499528
2500032
2500548
2501064
2501584
2502104
2502616
2503104
2503588
2504084
2504596
2505132
2505668
2506216
2506748
2507276
2507800
2508332
2508880
2509432
2509972
2510504
2511024
2511564
2512108
2512664
2513228
2513796
2514372
2514948
2515524
2516092
2516644
2517196
2517748
2518308
2518876
2519448
2520012
2520588
2521168
2521752
2522332
2522896
2523436
2523996
2524564
2525152
2525764
2526380
2527012
2527668
2528324
2528960
2529584
2530188
2530780
2531380
2531976
2532568
2533180
2533808
2534452
2535088
2535728
2536360
2536992
2537632
2538276
2538932
2539592
2540248
2540912
2541604
2542284
2542936
2543596
2544256
2544924
2545592
2546248
2546880
2547524
2548172
2548844
2549556
2550296
2551044
2551800
2552564
2553300
2554028
2554752
2555500
2556260
2557036
2557792
2558512
2559184
2559828
2560464
2561124
2561836
2562636
2563496
2564356
2565200
2566028
2566856
2567708
2568548
2569336
2570108
2570864
2571680
2572572
2573544
2574548
2575504
2576416
2577276
2578172
2579104
2580060
2581028
2582052
2583104
2584128
2585152
2586156
2587124
2588112
2589180
2590304
2591432
2592508
2593608
2594800
2596032
2597212
2598392
2599612
2600844
2602112
2603400
2604652
2605868
2607080
2608404
2609940
2611484
2613004
2614476
2616132
2617848
2619548
2621188
2622928
2624920
2626800
2628784
2630736
2633064
2635396
2637764
2640476
2643348
2646764
2650284
2654640
2660504
2675196
2713640
2718200
2721100
2723956
2727560
2731224
2733980
2736464
2738748
2740928
2742960
2745088
2747296
2749436
2751460
2753300
2755144
2757116
2759016
2760896
2762728
2764700
2766776
2768724
2770508
2772100
2773680
2775280
2776868
2778408
2779852
2781308
2782784
2784204
2785644
2787116
2788556
2790060
2791440
2792800
2794184
2795596
2796968
2798284
2799648
2801152
2802692
2804112
2805372
2806584
2807784
2808992
2810196
2811440
2812664
2813848
2815080
2816404
2817664
2818896
2820096
2821212
2822316
2823428
2824584
2825740
2826888
2828028
2829172
2830300
2831428
2832488
2833520
2834544
2835560
2836576
2837628
2838736
2839848
2840928
2842004
2843084
2844196
2845352
2846528
2847616
2848640
2849636
2850596
2851528
2852460
2853400
2854312
2855212
2856184
2857180
2858144
2859056
2859960
2860900
2861888
2862876
2863812
2864732
2865632
2866528
2867432
2868364
2869304
2870212
2871076
2871920
2872800
2873708
2874620
2875520
2876400
2877260
2878140
2879060
2880040
2881056
2882080
2883080
2884020
2884916
2885824
2886716
2887620
2888500
2889348
2890184
2891004
2891864
2892760
2893684
2894608
2895464
2896256
2897012
2897776
2898580
2899468
2900448
2901424
2902368
2903248
2904068
2904864
2905628
2906396
2907184
2907996
2908840
2909676
2910496
2911280
2912048
2912816
2913576
2914336
2915104
2915840
2916624
2917428
2918276
2919132
2919960
2920744
2921516
2922320
2923196
2924112
2925020
2925908
2926776
2927612
2928416
2929160
2929856
2930528
2931220
2931960
2932744
2933552
2934396
2935300
2936248
2937196
2938064
2938844
2939556
2940252
2940948
2941640
2942348
2943080
2943824
2944572
2945288
2945992
2946664
2947328
2947996
2948660
2949324
2949992
2950680
2951392
2952104
2952832
2953552
2954252
2954936
2955580
2956216
2956852
2957508
2958200
2958924
2959632
2960324
2961004
2961692
2962400
2963124
2963820
2964492
2965132
2965768
2966408
2967052
2967696
2968356
2969028
2969684
2970316
2970936
2971560
2972200
2972864
2973548
2974248
2974932
2975596
2976252
2976924
2977604
2978292
2978980
2979652
2980304
2980932
2981536
2982128
2982696
2983264
2983880
2984560
2985280
2986028
2986768
2987472
2988144
2988776
2989380
2989952
2990528
2991108
2991700
2992312
2992940
2993616
2994340
2995080
2995800
2996488
2997168
2997836
2998488
2999140
2999772
3000392
3001004
3001592
3002168
3002736
3003320
3003920
3004532
3005156
3005796
3006412
3007040
3007668
3008276
3008884
3009492
3010100
3010684
3011256
3011844
3012436
3013036
3013644
3014276
3014924
3015596
3016256
3016900
3017508
3018084
3018664
3019256
3019848
3020452
3021056
3021656
3022256
3022856
3023452
3024044
3024640
3025240
3025848
3026460
3027060
3027676
3028272
3028852
3029424
3029988
3030548
3031116
3031676
3032252
3032844
3033440
3034032
3034616
3035176
3035732
3036288
3036856
3037416
3037988
3038560
3039152
3039752
3040352
3040936
3041508
3042068
3042628
3043176
3043728
3044288
3044856
3045440
3046024
3046588
3047148
3047712
3048284
3048860
3049440
3050008
3050564
3051108
3051648
3052192
3052748
3053312
3053904
3054508
3055108
3055700
3056272
3056820
3057364
3057904
3058440
3058980
3059520
3060080
3060640
3061208
3061776
3062352
3062924
3063496
3064060
3064624
3065200
3065780
3066364
3066936
3067488
3068036
3068584
3069144
3069704
3070264
3070832
3071392
3071956
3072504
3073040
3073568
3074092
3074624
3075164
3075704
3076248
3076800
3077348
3077900
3078444
3079012
3079568
3080120
3080660
3081204
3081732
3082252
3082776
3083308
3083840
3084384
3084932
3085480
3086032
3086576
3087128
3087676
3088224
3088776
3089312
3089844
3090372
3090904
3091436
3091972
3092512
3093052
3093592
3094124
3094668
3095212
3095768
3096328
3096880
3097416
3097940
3098456
3098984
3099500
3100024
3100568
3101120
3101676
3102232
3102788
3103336
3103876
3104412
3104940
3105460
3105980
3106496
3107016
3107540
3108052
3108572
3109092
3109620
3110152
3110684
3111224
3111764
3112312
3112852
3113392
3113924
3114460
3114996
3115524
3116056
3116580
3117112
3117644
3118176
3118712
3119244
3119780
3120308
3120836
3121364
3121892
3122424
3122964
3123504
3124052
3124600
3125132
3125660
3126184
3126712
3127236
3127764
3128292
3128828
3129368
3129904
3130432
3130960
3131476
3132004
3132528
3133052
3133580
3134116
3134652
3135184
3135720
3136256
3136792
3137328
3137864
3138400
3138932
3139460
3139980
3140496
3141016
3141536
3142060
3142580
3143108
3143640
3144176
3144712
3145244
3145776
3146316
3146864
3147408
3147940
3148448
3148964
3149472
3149976
3150492
3151008
3151532
3152056
3152584
3153116
3153656
3154188
3154732
3155264
3155788
3156320
3156844
3157360
3157872
3158376
3158888
3159404
3159932
3160452
3160972
3161492
3162012
3162536
3163060
3163576
3164080
3164584
3165096
3165608
3166112
3166616
3167120
3167616
3168116
3168612
3169112
3169616
3170128
3170636
3171152
3171668
3172196
3172740
3173280
3173816
3174348
3174872
3175392
3175904
3176412
3176932
3177452
3177968
3178472
3178972
3179464
3179956
3180456
3180968
3181472
3181980
3182496
3183016
3183536
3184064
3184580
3185088
3185584
3186080
3186576
3187076
3187568
3188064
3188572
3189080
3189592
3190104
3190612
3191124
3191632
3192148
3192676
3193220
3193760
3194284
3194796
3195300
3195784
3196264
3196744
3197236
3197736
3198240
3198748
3199256
3199768
3200292
3200828
3201364
3201896
3202456
3203004
3203556
3204096
3204640
3205184
3205724
3206252
3206768
3207276
3207796
3208324
3208848
3209388
3209924
3210460
3211000
3211520
3212032
3212536
3213048
3213564
3214080
3214596
3215108
3215632
3216160
3216696
3217252
3217812
3218364
3218904
3219436
3219968
3220504
3221036
3221568
3222108
3222644
3223192
3223728
3224272
3224816
3225352
3225880
3226408
3226928
3227432
3227936
3228436
3228948
3229460
3229980
3230508
3231044
3231588
3232140
3232696
3233252
3233796
3234340
3234872
3235384
3235900
3236408
3236908
3237428
3237956
3238496
3239032
3239580
3240124
3240668
3241204
3241732
3242248
3242756
3243268
3243788
3244316
3244860
3245412
3245980
3246544
3247116
3247692
3248268
3248844
3249412
3249976
3250532
3251092
3251656
3252216
3252760
3253284
3253808
3254332
3254876
3255432
3255980
3256540
3257084
3257632
3258184
3258744
3259308
3259888
3260460
3261032
3261596
3262172
3262752
3263328
3263904
3264488
3265080
3265672
3266260
3266848
3267428
3268008
3268580
3269148
3269720
3270284
3270852
3271416
3271972
3272516
3273076
3273648
3274232
3274844
3275444
3276056
3276672
3277300
3277936
3278584
3279220
3279856
3280484
3281108
3281728
3282336
3282932
3283540
3284140
3284780
3285416
3286084
3286740
3287372
3287976
3288572
3289180
3289800
3290444
3291084
3291708
3292332
3292976
3293648
3294328
3294984
3295620
3296252
3296892
3297572
3298268
3298964
3299652
3300340
3301012
3301704
3302380
3303052
3303716
3304392
3305108
3305820
3306540
3307236
3307916
3308604
3309288
3310004
3310728
3311440
3312128
3312796
3313460
3314124
3314808
3315520
3316256
3316960
3317656
3318352
3319044
3319732
3320444
3321152
3321864
3322564
3323264
3323984
3324728
3325500
3326288
3327092
3327892
3328692
3329496
3330316
3331172
3332008
3332836
3333596
3334336
3335112
3335928
3336772
3337624
3338488
3339396
3340320
3341240
3342128
3342996
3343892
3344776
3345636
3346472
3347308
3348152
3349020
3349932
3350880
3351852
3352860
3353884
3354924
3355948
3356952
3358000
3359088
3360200
3361280
3362332
3363360
3364388
3365436
3366512
3367644
3368848
3370076
3371212
3372320
3373424
3374564
3375780
3377064
3378284
3379412
3380516
3381644
3382800
3384092
3385612
3387208
3388648
3389976
3391336
3392828
3394556
3396300
3397996
3399660
3401400
3403188
3405088
3407052
3409136
3411288
3413352
3415480
3417660
3420128
3422768
3425872
3429276
3433304
3437304
3441876
3446744
3456928
3535856
3538884
3541708
3544572
3547468
3550232
3552908
3555784
3558916
3562012
3564968
3567604
3570100
3572496
3574936
3577232
3579500
3581784
3583940
3586020
3588420
3590984
3593172
3595372
3597604
3599700
3601656
3603784
3605920
3608100
3610132
3612216
3614232
3616372
3618400
3620368
3622324
3624240
3626232
3628332
3630296
3632204
3634008
3635896
3637944
3639948
3641840
3643712
3645560
3647480
3649352
3651244
3653136
3654972
3656768
3658584
3660428
3662248
3664120
3665980
3667824
3669612
3671448
3673244
3675040
3676876
3678844
3680748
3682564
3684384
3686340
3688240
3690040
3691852
3693640
3695512
3697484
3699356
3701188
3703100
3704876
3706684
3708488
3710408
3712248
3714088
3716056
3718084
3719960
3721816
3723748
3725720
3727644
3729436
3731356
3733336
3735200
3737108
3739008
3741036
3742984
3744908
3746756
3748772
3750836
3753036
3755148
3757188
3759192
3761208
3763388
3765596
3767804
3770132
3772340
3774572
3776756
3778992
3781340
3783780
3786120
3788312
3790784
3793216
3795524
3797880
3800196
3802656
3805248
3807756
3810344
3812988
3815516
3818072
3820808
3823784
3826708
3829500
3832292
3835628
3839044
3842396
3846076
3849424
3852652
3856252
3859792
3863376
3867268
3871584
3876324
3881324
3886636
3892032
3897848
3904644
3912848
3923776
3946616
4131456
5923608
