16
189696
662372
669776
675684
680780
685456
689904
694032
698164
702064
705684
709120
712584
715908
719144
722356
725460
728428
731376
734248
737040
739784
742432
745068
747836
750404
752584
754964
757276
759584
761864
764124
766356
768512
770612
772864
775144
777540
779840
781940
783916
785844
787732
789584
791516
793388
795232
796944
798632
800376
802132
803912
805632
807312
809044
810728
812388
814024
815604
817256
818756
820248
821744
823260
824816
826388
827920
829424
830920
832376
833792
835224
836736
838180
839564
840948
842368
843716
845056
846424
847792
849144
850452
851740
853028
854300
855612
856976
858324
859636
860888
862156
863456
864732
865952
867172
868424
869640
870864
872104
873320
874484
875676
876876
878060
879224
880388
881516
882640
883764
884876
886004
887140
888280
889380
890488
891600
892760
893896
894996
896088
897192
898328
899476
900564
901620
902692
903768
904832
905860
906864
907896
908996
910092
911148
912152
913164
914196
915200
916176
917148
918144
919172
920208
921256
922264
923252
924224
925216
926220
927256
928320
929364
930376
931340
932272
933208
934184
935200
936228
937220
938216
939172
940104
941024
941956
942876
943764
944660
945556
946496
947428
948352
949272
950176
951104
952016
952920
953832
954744
955648
956536
957408
958296
959176
960068
960960
961864
962748
963608
964480
965356
966224
967088
967944
968808
969668
970524
971368
972204
973072
973936
974816
975656
976496
977332
978164
978964
979768
980572
981392
982220
983080
983932
984772
985588
986364
987120
987900
988676
989472
990280
991092
991908
992716
993512
994300
995084
995852
996604
997360
998120
998904
999676
1000460
1001224
1001984
1002716
1003452
1004188
1004932
1005664
1006432
1007200
1007980
1008744
1009500
1010240
1010968
1011708
1012432
1013172
1013900
1014636
1015376
1016112
1016852
1017588
1018324
1019068
1019828
1020596
1021360
1022108
1022836
1023556
1024264
1024964
1025660
1026336
1027032
1027740
1028484
1029252
1030016
1030732
1031432
1032124
1032832
1033528
1034216
1034892
1035572
1036256
1036964
1037668
1038360
1039040
1039724
1040428
1041128
1041840
1042540
1043228
1043892
1044536
1045176
1045824
1046472
1047124
1047804
1048508
1049212
1049920
1050604
1051272
1051940
1052592
1053228
1053844
1054440
1055020
1055572
1056128
1056676
1057220
1057768
1058312
1058868
1059416
1059964
1060520
1061088
1061672
1062264
1062868
1063516
1064180
1064864
1065540
1066228
1066888
1067544
1068180
1068820
1069464
1070100
1070748
1071396
1072068
1072728
1073384
1074024
1074652
1075280
1075896
1076536
1077172
1077812
1078452
1079092
1079724
1080356
1080988
1081612
1082240
1082880
1083516
1084168
1084804
1085436
1086072
1086704
1087328
1087924
1088536
1089144
1089756
1090364
1090976
1091600
1092232
1092872
1093512
1094144
1094776
1095392
1096016
1096628
1097236
1097852
1098468
1099100
1099716
1100340
1100976
1101612
1102236
1102848
1103460
1104056
1104664
1105284
1105912
1106540
1107160
1107772
1108380
1108992
1109600
1110212
1110832
1111440
1112028
1112596
1113156
1113728
1114292
1114872
1115460
1116036
1116616
1117196
1117776
1118360
1118940
1119520
1120104
1120704
1121312
1121924
1122548
1123156
1123756
1124340
1124924
1125512
1126108
1126712
1127300
1127884
1128468
1129040
1129612
1130192
1130788
1131392
1132000
1132596
1133184
1133764
1134336
1134900
1135476
1136052
1136636
1137212
1137788
1138364
1138928
1139500
1140068
1140628
1141204
1141792
1142384
1142972
1143560
1144132
1144700
1145268
1145844
1146416
1147004
1147588
1148164
1148732
1149296
1149860
1150424
1151000
1151576
1152160
1152732
1153312
1153868
1154416
1154964
1155504
1156052
1156620
1157192
1157772
1158356
1158940
1159520
1160092
1160648
1161192
1161728
1162260
1162804
1163364
1163932
1164504
1165060
1165620
1166164
1166708
1167240
1167764
1168284
1168804
1169348
1169900
1170468
1171036
1171608
1172184
1172760
1173324
1173880
1174424
1174960
1175484
1176004
1176524
1177052
1177596
1178152
1178728
1179296
1179864
1180424
1180984
1181528
1182064
1182600
1183124
1183648
1184172
1184712
1185268
1185832
1186400
1186976
1187540
1188088
1188640
1189184
1189716
1190240
1190768
1191304
1191848
1192396
1192952
1193492
1194032
1194568
1195108
1195640
1196180
1196712
1197272
1197820
1198368
1198900
1199424
1199952
1200488
1201012
1201552
1202084
1202620
1203140
1203676
1204208
1204732
1205244
1205752
1206264
1206780
1207300
1207832
1208368
1208908
1209456
1210004
1210544
1211080
1211620
1212144
1212684
1213216
1213756
1214304
1214856
1215404
1215944
1216476
1216996
1217520
1218052
1218592
1219140
1219688
1220248
1220792
1221328
1221856
1222380
1222912
1223448
1223988
1224532
1225080
1225616
1226140
1226664
1227172
1227676
1228176
1228680
1229196
1229732
1230260
1230800
1231340
1231872
1232404
1232936
1233456
1233988
1234532
1235076
1235612
1236144
1236676
1237200
1237716
1238228
1238740
1239248
1239760
1240276
1240804
1241340
1241876
1242408
1242936
1243456
1243984
1244520
1245044
1245588
1246136
1246680
1247220
1247768
1248312
1248860
1249420
1249964
1250512
1251044
1251596
1252148
1252688
1253216
1253736
1254252
1254780
1255312
1255836
1256356
1256864
1257380
1257900
1258424
1258960
1259500
1260040
1260560
1261052
1261544
1262044
1262564
1263104
1263648
1264192
1264728
1265264
1265804
1266336
1266868
1267408
1267940
1268468
1268992
1269516
1270040
1270552
1271064
1271572
1272080
1272596
1273124
1273648
1274196
1274736
1275284
1275832
1276380
1276936
1277492
1278060
1278620
1279204
1279784
1280376
1280968
1281540
1282112
1282664
1283204
1283736
1284260
1284796
1285332
1285864
1286404
1286944
1287508
1288072
1288644
1289200
1289748
1290296
1290840
1291388
1291924
1292460
1292992
1293508
1294016
1294516
1295012
1295504
1295996
1296500
1297012
1297532
1298060
1298596
1299136
1299676
1300224
1300772
1301324
1301868
1302408
1302960
1303504
1304044
1304572
1305100
1305620
1306144
1306668
1307204
1307736
1308264
1308792
1309308
1309808
1310292
1310772
1311252
1311748
1312252
1312768
1313292
1313820
1314348
1314876
1315408
1315936
1316460
1316972
1317488
1317996
1318516
1319040
1319568
1320096
1320628
1321164
1321704
1322232
1322756
1323264
1323772
1324284
1324800
1325324
1325844
1326380
1326904
1327424
1327948
1328456
1328960
1329464
1329968
1330472
1330976
1331492
1332000
1332524
1333076
1333624
1334156
1334700
1335220
1335736
1336244
1336752
1337256
1337768
1338296
1338816
1339344
1339868
1340388
1340908
1341432
1341976
1342528
1343080
1343632
1344176
1344704
1345220
1345720
1346216
1346716
1347220
1347724
1348224
1348724
1349228
1349736
1350256
1350788
1351332
1351872
1352416
1352944
1353464
1353980
1354496
1355012
1355536
1356048
1356556
1357052
1357548
1358032
1358520
1359020
1359540
1360080
1360636
1361184
1361740
1362276
1362808
1363332
1363840
1364340
1364824
1365316
1365808
1366300
1366808
1367324
1367852
1368404
1368952
1369508
1370056
1370604
1371132
1371652
1372160
1372668
1373176
1373684
1374200
1374716
1375236
1375760
1376288
1376816
1377356
1377896
1378436
1378980
1379520
1380056
1380580
1381096
1381604
1382120
1382624
1383132
1383644
1384160
1384680
1385200
1385712
1386244
1386776
1387304
1387828
1388352
1388876
1389396
1389924
1390440
1390964
1391492
1392028
1392576
1393112
1393648
1394180
1394700
1395228
1395752
1396264
1396776
1397276
1397776
1398284
1398788
1399300
1399816
1400332
1400848
1401356
1401876
1402404
1402940
1403464
1403984
1404492
1404996
1405500
1406000
1406508
1407020
1407540
1408060
1408580
1409096
1409612
1410144
1410680
1411212
1411728
1412236
1412744
1413248
1413764
1414268
1414788
1415308
1415828
1416356
1416892
1417412
1417924
1418432
1418944
1419448
1419968
1420484
1421000
1421504
1422008
1422516
1423024
1423544
1424068
1424596
1425124
1425656
1426180
1426704
1427216
1427748
1428264
1428776
1429288
1429796
1430312
1430828
1431348
1431856
1432364
1432872
1433380
1433896
1434404
1434924
1435440
1435960
1436480
1437004
1437520
1438024
1438524
1439024
1439520
1440024
1440524
1441028
1441532
1442048
1442572
1443100
1443628
1444152
1444676
1445196
1445708
1446212
1446720
1447236
1447748
1448248
1448740
1449228
1449732
1450240
1450756
1451272
1451792
1452300
1452828
1453360
1453892
1454420
1454932
1455420
1455900
1456376
1456856
1457348
1457852
1458352
1458868
1459380
1459904
1460428
1460944
1461460
1461980
1462492
1462988
1463500
1464000
1464488
1464988
1465492
1465996
1466504
1467008
1467512
1468012
1468508
1469008
1469504
1469988
1470476
1470960
1471456
1471964
1472480
1473004
1473520
1474008
1474484
1474960
1475432
1475908
1476396
1476884
1477384
1477880
1478376
1478868
1479368
1479864
1480356
1480860
1481352
1481844
1482340
1482820
1483300
1483788
1484276
1484768
1485260
1485744
1486224
1486712
1487196
1487676
1488156
1488628
1489104
1489604
1490096
1490608
1491112
1491612
1492112
1492600
1493088
1493568
1494044
1494524
1495000
1495476
1495956
1496448
1496944
1497460
1497988
1498516
1499044
1499556
1500040
1500516
1500988
1501460
1501936
1502412
1502892
1503360
1503832
1504324
1504816
1505312
1505812
1506312
1506808
1507300
1507792
1508288
1508784
1509280
1509764
1510252
1510744
1511228
1511708
1512176
1512652
1513128
1513608
1514092
1514568
1515044
1515528
1516004
1516480
1516960
1517436
1517908
1518384
1518860
1519332
1519804
1520264
1520732
1521204
1521684
1522156
1522624
1523088
1523540
1523996
1524464
1524932
1525408
1525880
1526360
1526828
1527300
1527768
1528232
1528692
1529140
1529584
1530020
1530452
1530888
1531328
1531768
1532208
1532660
1533100
1533556
1534008
1534464
1534920
1535384
1535860
1536332
1536804
1537272
1537736
1538196
1538644
1539100
1539552
1540008
1540456
1540908
1541364
1541816
1542260
1542704
1543152
1543600
1544048
1544500
1544948
1545396
1545836
1546272
1546712
1547144
1547580
1548032
1548488
1548944
1549392
1549836
1550276
1550708
1551148
1551592
1552044
1552504
1552964
1553424
1553884
1554336
1554784
1555228
1555676
1556124
1556572
1557016
1557460
1557896
1558324
1558748
1559164
1559580
1560000
1560436
1560884
1561336
1561796
1562256
1562716
1563168
1563616
1564060
1564500
1564940
1565364
1565792
1566220
1566644
1567064
1567480
1567892
1568308
1568736
1569176
1569628
1570084
1570532
1570976
1571420
1571868
1572304
1572744
1573180
1573616
1574044
1574468
1574892
1575312
1575736
1576156
1576572
1576984
1577392
1577804
1578208
1578620
1579036
1579456
1579872
1580292
1580704
1581120
1581532
1581944
1582356
1582772
1583180
1583600
1584024
1584460
1584900
1585340
1585776
1586208
1586636
1587052
1587464
1587872
1588292
1588724
1589152
1589572
1590000
1590416
1590836
1591244
1591648
1592048
1592444
1592844
1593244
1593640
1594036
1594420
1594816
1595204
1595592
1595988
1596396
1596808
1597228
1597652
1598076
1598504
1598940
1599368
1599804
1600232
1600656
1601080
1601492
1601900
1602300
1602684
1603080
1603468
1603856
1604240
1604632
1605024
1605416
1605812
1606208
1606600
1606996
1607392
1607796
1608200
1608608
1609012
1609416
1609824
1610232
1610644
1611052
1611452
1611856
1612264
1612660
1613068
1613472
1613876
1614276
1614676
1615068
1615472
1615876
1616284
1616704
1617128
1617552
1617976
1618396
1618812
1619212
1619608
1619992
1620384
1620776
1621180
1621584
1621992
1622396
1622804
1623196
1623584
1623964
1624348
1624732
1625128
1625524
1625924
1626328
1626736
1627144
1627552
1627956
1628356
1628752
1629144
1629532
1629924
1630320
1630716
1631112
1631500
1631888
1632264
1632648
1633032
1633420
1633816
1634216
1634612
1635004
1635396
1635784
1636172
1636560
1636944
1637320
1637700
1638076
1638452
1638824
1639204
1639580
1639972
1640368
1640764
1641164
1641564
1641956
1642364
1642760
1643148
1643532
1643916
1644296
1644684
1645076
1645464
1645848
1646236
1646620
1646996
1647372
1647752
1648132
1648512
1648900
1649288
1649672
1650052
1650428
1650808
1651176
1651552
1651924
1652292
1652660
1653024
1653392
1653756
1654120
1654484
1654856
1655232
1655608
1655984
1656368
1656736
1657112
1657480
1657848
1658212
1658572
1658932
1659292
1659648
1660004
1660360
1660712
1661060
1661400
1661736
1662064
1662396
1662724
1663052
1663376
1663704
1664032
1664372
1664712
1665048
1665388
1665728
1666076
1666420
1666768
1667120
1667480
1667848
1668224
1668604
1668988
1669372
1669748
1670124
1670500
1670872
1671248
1671612
1671976
1672336
1672684
1673044
1673400
1673772
1674140
1674512
1674888
1675260
1675632
1676004
1676372
1676740
1677108
1677472
1677836
1678200
1678560
1678928
1679296
1679668
1680036
1680408
1680780
1681144
1681508
1681872
1682232
1682596
1682960
1683320
1683684
1684052
1684416
1684780
1685144
1685516
1685884
1686256
1686620
1686980
1687336
1687692
1688052
1688412
1688768
1689132
1689496
1689856
1690228
1690600
1690976
1691344
1691704
1692056
1692404
1692740
1693084
1693428
1693764
1694112
1694456
1694804
1695152
1695508
1695868
1696220
1696568
1696912
1697268
1697616
1697976
1698332
1698696
1699064
1699428
1699788
1700148
1700512
1700872
1701228
1701588
1701944
1702296
1702644
1702996
1703348
1703700
1704052
1704408
1704760
1705112
1705464
1705816
1706168
1706524
1706884
1707244
1707604
1707960
1708320
1708676
1709028
1709380
1709732
1710088
1710440
1710796
1711148
1711496
1711844
1712188
1712528
1712872
1713220
1713572
1713920
1714272
1714628
1714980
1715332
1715688
1716048
1716408
1716768
1717128
1717484
1717836
1718184
1718532
1718876
1719220
1719564
1719912
1720260
1720604
1720956
1721304
1721656
1722004
1722344
1722688
1723028
1723376
1723720
1724072
1724424
1724772
1725120
1725472
1725816
1726156
1726492
1726828
1727160
1727496
1727832
1728172
1728516
1728864
1729220
1729572
1729920
1730268
1730612
1730964
1731312
1731656
1732004
1732348
1732700
1733056
1733404
1733760
1734108
1734456
1734796
1735140
1735480
1735816
1736148
1736492
1736832
1737176
1737532
1737888
1738252
1738616
1738968
1739328
1739684
1740032
1740376
1740716
1741060
1741396
1741740
1742080
1742424
1742764
1743108
1743448
1743792
1744136
1744476
1744824
1745168
1745512
1745856
1746196
1746536
1746872
1747212
1747548
1747880
1748216
1748552
1748892
1749228
1749568
1749904
1750240
1750576
1750916
1751252
1751592
1751932
1752276
1752620
1752964
1753308
1753648
1753996
1754336
1754676
1755016
1755356
1755696
1756036
1756380
1756720
1757060
1757400
1757740
1758084
1758424
1758768
1759108
1759448
1759784
1760120
1760456
1760792
1761124
1761464
1761804
1762144
1762488
1762832
1763172
1763516
1763860
1764204
1764552
1764900
1765256
1765612
1765968
1766320
1766672
1767020
1767364
1767700
1768028
1768368
1768704
1769040
1769376
1769708
1770044
1770380
1770716
1771048
1771388
1771724
1772060
1772400
1772740
1773080
1773416
1773756
1774096
1774428
1774760
1775100
1775428
1775760
1776092
1776424
1776756
1777096
1777436
1777780
1778124
1778464
1778812
1779160
1779508
1779864
1780224
1780588
1780948
1781320
1781692
1782068
1782436
1782800
1783164
1783524
1783888
1784248
1784604
1784960
1785308
1785648
1785976
1786300
1786620
1786944
1787268
1787596
1787932
1788268
1788604
1788952
1789300
1789644
1789996
1790340
1790688
1791032
1791376
1791716
1792056
1792392
1792724
1793060
1793392
1793724
1794068
1794408
1794748
1795092
1795436
1795776
1796120
1796468
1796808
1797156
1797508
1797856
1798212
1798564
1798916
1799272
1799624
1799980
1800332
1800684
1801040
1801392
1801748
1802100
1802452
1802808
1803168
1803520
1803868
1804220
1804564
1804908
1805248
1805588
1805924
1806260
1806596
1806924
1807252
1807572
1807896
1808212
1808532
1808852
1809176
1809504
1809832
1810164
1810496
1810836
1811176
1811516
1811856
1812204
1812548
1812900
1813252
1813604
1813960
1814304
1814648
1814996
1815344
1815688
1816032
1816380
1816720
1817052
1817380
1817700
1818016
1818336
1818656
1818976
1819308
1819640
1819972
1820308
1820648
1820988
1821328
1821668
1822000
1822336
1822668
1823004
1823340
1823676
1824008
1824352
1824692
1825032
1825372
1825704
1826032
1826360
1826684
1827004
1827332
1827648
1827980
1828308
1828628
1828948
1829268
1829588
1829908
1830232
1830556
1830884
1831208
1831540
1831868
1832212
1832556
1832896
1833240
1833580
1833924
1834260
1834592
1834924
1835252
1835580
1835908
1836236
1836568
1836892
1837216
1837540
1837864
1838196
1838532
1838868
1839208
1839552
1839896
1840236
1840576
1840916
1841252
1841584
1841916
1842248
1842584
1842916
1843252
1843592
1843924
1844260
1844596
1844932
1845264
1845596
1845924
1846256
1846592
1846920
1847252
1847576
1847900
1848228
1848556
1848884
1849220
1849560
1849900
1850248
1850588
1850932
1851276
1851616
1851952
1852284
1852612
1852944
1853276
1853612
1853948
1854288
1854628
1854968
1855308
1855648
1855992
1856332
1856672
1857004
1857340
1857676
1858012
1858348
1858680
1859004
1859340
1859668
1859992
1860320
1860648
1860980
1861324
1861668
1862012
1862360
1862704
1863048
1863388
1863724
1864052
1864380
1864704
1865032
1865364
1865696
1866028
1866364
1866704
1867032
1867368
1867704
1868032
1868372
1868704
1869044
1869384
1869732
1870084
1870436
1870788
1871144
1871492
1871840
1872180
1872520
1872856
1873184
1873516
1873852
1874184
1874512
1874844
1875172
1875496
1875824
1876152
1876476
1876812
1877144
1877480
1877812
1878144
1878476
1878808
1879136
1879468
1879804
1880144
1880480
1880816
1881152
1881492
1881828
1882160
1882496
1882824
1883156
1883488
1883816
1884148
1884480
1884816
1885152
1885488
1885828
1886164
1886500
1886836
1887168
1887504
1887836
1888172
1888504
1888836
1889172
1889500
1889832
1890164
1890504
1890844
1891184
1891524
1891864
1892208
1892548
1892888
1893224
1893556
1893880
1894212
1894548
1894880
1895216
1895552
1895888
1896220
1896552
1896880
1897208
1897536
1897864
1898196
1898528
1898872
1899216
1899560
1899896
1900232
1900560
1900892
1901228
1901564
1901904
1902244
1902584
1902920
1903260
1903600
1903944
1904280
1904616
1904956
1905296
1905644
1905984
1906320
1906652
1906980
1907312
1907640
1907976
1908308
1908644
1908976
1909312
1909656
1909992
1910328
1910656
1910984
1911312
1911632
1911956
1912284
1912616
1912952
1913292
1913632
1913976
1914316
1914656
1914992
1915328
1915660
1915996
1916332
1916668
1917004
1917344
1917680
1918008
1918344
1918680
1919012
1919348
1919680
1920008
1920336
1920660
1920988
1921316
1921644
1921976
1922312
1922644
1922980
1923304
1923628
1923952
1924272
1924596
1924920
1925244
1925584
1925916
1926248
1926584
1926924
1927260
1927596
1927932
1928264
1928596
1928924
1929248
1929576
1929900
1930220
1930548
1930868
1931192
1931524
1931852
1932180
1932504
1932828
1933152
1933476
1933800
1934128
1934456
1934784
1935116
1935448
1935776
1936100
1936424
1936744
1937064
1937388
1937712
1938036
1938368
1938700
1939036
1939372
1939704
1940040
1940372
1940700
1941032
1941356
1941684
1942012
1942344
1942668
1942996
1943324
1943656
1943988
1944316
1944644
1944972
1945296
1945632
1945964
1946300
1946644
1946988
1947332
1947684
1948040
1948404
1948764
1949128
1949492
1949852
1950208
1950564
1950912
1951264
1951612
1951948
1952284
1952616
1952940
1953264
1953584
1953900
1954216
1954528
1954840
1955148
1955460
1955776
1956092
1956404
1956720
1957032
1957344
1957652
1957960
1958264
1958568
1958872
1959176
1959484
1959800
1960116
1960440
1960764
1961084
1961396
1961708
1962016
1962332
1962644
1962968
1963288
1963604
1963924
1964240
1964560
1964876
1965192
1965508
1965824
1966140
1966456
1966776
1967092
1967404
1967716
1968028
1968340
1968648
1968960
1969272
1969580
1969884
1970192
1970500
1970808
1971116
1971428
1971740
1972052
1972364
1972672
1972984
1973288
1973592
1973900
1974204
1974512
1974820
1975128
1975436
1975744
1976056
1976368
1976684
1977004
1977328
1977648
1977972
1978292
1978612
1978936
1979252
1979568
1979884
1980196
1980508
1980812
1981116
1981424
1981728
1982028
1982324
1982628
1982932
1983236
1983540
1983844
1984156
1984464
1984776
1985088
1985400
1985716
1986028
1986332
1986644
1986956
1987264
1987572
1987876
1988184
1988488
1988800
1989112
1989412
1989724
1990032
1990340
1990652
1990964
1991276
1991584
1991896
1992204
1992516
1992828
1993140
1993448
1993760
1994068
1994372
1994672
1994968
1995264
1995560
1995856
1996152
1996452
1996748
1997044
1997344
1997644
1997940
1998240
1998540
1998840
1999140
1999448
1999752
2000064
2000372
2000676
2000984
2001288
2001588
2001884
2002180
2002484
2002784
2003088
2003388
2003692
2003996
2004296
2004592
2004888
2005176
2005472
2005764
2006052
2006340
2006624
2006912
2007196
2007484
2007768
2008048
2008336
2008628
2008920
2009216
2009512
2009812
2010116
2010420
2010728
2011036
2011340
2011648
2011952
2012256
2012556
2012848
2013144
2013440
2013728
2014020
2014308
2014592
2014884
2015168
2015456
2015744
2016032
2016324
2016616
2016912
2017208
2017504
2017800
2018096
2018388
2018688
2018984
2019280
2019588
2019888
2020192
2020500
2020804
2021112
2021412
2021716
2022016
2022312
2022612
2022916
2023216
2023524
2023832
2024140
2024448
2024752
2025056
2025348
2025640
2025932
2026224
2026520
2026816
2027112
2027412
2027712
2028012
2028308
2028596
2028888
2029172
2029460
2029748
2030036
2030324
2030620
2030916
2031216
2031516
2031820
2032124
2032420
2032720
2033016
2033308
2033608
2033904
2034200
2034488
2034776
2035060
2035344
2035628
2035920
2036208
2036496
2036784
2037072
2037360
2037648
2037936
2038216
2038500
2038780
2039064
2039344
2039628
2039904
2040184
2040468
2040760
2041052
2041352
2041648
2041948
2042248
2042548
2042840
2043128
2043420
2043712
2044004
2044292
2044592
2044880
2045172
2045464
2045748
2046032
2046316
2046600
2046880
2047164
2047448
2047728
2048008
2048292
2048572
2048852
2049132
2049416
2049700
2049980
2050260
2050540
2050816
2051096
2051372
2051656
2051936
2052216
2052500
2052784
2053064
2053344
2053624
2053908
2054180
2054460
2054736
2055008
2055276
2055548
2055820
2056084
2056352
2056612
2056868
2057120
2057368
2057616
2057860
2058104
2058344
2058588
2058832
2059076
2059324
2059572
2059824
2060076
2060328
2060584
2060844
2061108
2061376
2061648
2061928
2062212
2062500
2062788
2063080
2063368
2063664
2063956
2064252
2064540
2064828
2065112
2065392
2065676
2065956
2066240
2066524
2066804
2067088
2067368
2067652
2067932
2068212
2068488
2068764
2069040
2069316
2069588
2069864
2070136
2070412
2070688
2070968
2071244
2071520
2071804
2072080
2072360
2072636
2072916
2073196
2073468
2073752
2074028
2074312
2074596
2074880
2075164
2075444
2075732
2076012
2076292
2076572
2076852
2077132
2077412
2077688
2077968
2078244
2078524
2078804
2079084
2079364
2079640
2079916
2080188
2080456
2080720
2080988
2081252
2081520
2081784
2082052
2082316
2082588
2082860
2083136
2083412
2083688
2083968
2084244
2084524
2084804
2085084
2085364
2085644
2085920
2086200
2086480
2086760
2087036
2087320
2087596
2087876
2088152
2088428
2088704
2088980
2089256
2089536
2089808
2090084
2090360
2090628
2090900
2091172
2091444
2091720
2091996
2092268
2092548
2092824
2093100
2093376
2093652
2093928
2094204
2094480
2094756
2095028
2095300
2095572
2095848
2096116
2096388
2096664
2096932
2097204
2097476
2097748
2098020
2098292
2098564
2098840
2099116
2099392
2099668
2099944
2100216
2100492
2100760
2101040
2101312
2101580
2101856
2102124
2102392
2102664
2102928
2103200
2103468
2103736
2104004
2104272
2104540
2104808
2105076
2105344
2105612
2105884
2106156
2106424
2106700
2106968
2107236
2107508
2107780
2108056
2108328
2108600
2108876
2109148
2109420
2109688
2109956
2110228
2110496
2110768
2111036
2111308
2111576
2111848
2112120
2112396
2112664
2112936
2113208
2113476
2113752
2114020
2114288
2114560
2114832
2115104
2115376
2115652
2115924
2116200
2116476
2116752
2117028
2117304
2117580
2117856
2118128
2118396
2118672
2118944
2119212
2119484
2119756
2120028
2120296
2120568
2120840
2121112
2121388
2121660
2121932
2122204
2122472
2122744
2123008
2123276
2123548
2123816
2124084
2124348
2124620
2124888
2125152
2125416
2125680
2125944
2126208
2126468
2126732
2126996
2127264
2127532
2127804
2128076
2128348
2128624
2128896
2129172
2129448
2129724
2130004
2130280
2130552
2130824
2131096
2131368
2131640
2131916
2132188
2132464
2132736
2133012
2133284
2133556
2133824
2134096
2134368
2134640
2134908
2135180
2135448
2135720
2135984
2136252
2136516
2136780
2137048
2137320
2137592
2137864
2138136
2138412
2138684
2138956
2139220
2139488
2139756
2140028
2140296
2140568
2140836
2141104
2141372
2141640
2141904
2142176
2142444
2142712
2142980
2143252
2143520
2143788
2144056
2144320
2144580
2144848
2145116
2145376
2145640
2145904
2146172
2146436
2146704
2146972
2147240
2147508
2147776
2148044
2148316
2148592
2148868
2149140
2149420
2149700
2149984
2150268
2150560
2150848
2151132
2151416
2151700
2151988
2152272
2152556
2152840
2153124
2153400
2153676
2153944
2154212
2154480
2154748
2155012
2155280
2155544
2155808
2156072
2156340
2156604
2156868
2157132
2157396
2157656
2157920
2158180
2158444
2158708
2158976
2159244
2159508
2159784
2160052
2160324
2160600
2160872
2161148
2161424
2161708
2161988
2162272
2162556
2162844
2163132
2163420
2163712
2164000
2164288
2164576
2164860
2165140
2165424
2165704
2165984
2166264
2166544
2166820
2167100
2167376
2167652
2167928
2168200
2168476
2168748
2169020
2169296
2169564
2169840
2170108
2170372
2170640
2170900
2171160
2171420
2171676
2171936
2172192
2172448
2172708
2172968
2173228
2173488
2173752
2174012
2174272
2174540
2174804
2175072
2175344
2175612
2175880
2176152
2176420
2176692
2176964
2177236
2177512
2177788
2178064
2178336
2178604
2178872
2179136
2179400
2179668
2179932
2180200
2180468
2180736
2181000
2181272
2181540
2181812
2182076
2182344
2182608
2182872
2183136
2183400
2183660
2183928
2184192
2184456
2184724
2184988
2185248
2185512
2185772
2186032
2186292
2186552
2186808
2187072
2187332
2187588
2187844
2188100
2188356
2188612
2188868
2189124
2189380
2189640
2189896
2190156
2190416
2190680
2190944
2191208
2191472
2191740
2192004
2192272
2192540
2192808
2193080
2193352
2193620
2193888
2194148
2194412
2194668
2194928
2195188
2195448
2195708
2195964
2196232
2196496
2196764
2197032
2197296
2197560
2197824
2198084
2198340
2198600
2198856
2199108
2199360
2199612
2199864
2200116
2200368
2200620
2200876
2201136
2201388
2201644
2201900
2202152
2202400
2202648
2202896
2203144
2203396
2203648
2203900
2204152
2204404
2204660
2204912
2205172
2205432
2205688
2205948
2206208
2206468
2206736
2207004
2207276
2207548
2207820
2208092
2208368
2208640
2208916
2209188
2209460
2209728
2209996
2210264
2210532
2210796
2211060
2211324
2211588
2211844
2212108
2212372
2212632
2212896
2213160
2213428
2213696
2213968
2214236
2214508
2214776
2215048
2215312
2215576
2215840
2216100
2216364
2216628
2216892
2217156
2217424
2217688
2217956
2218220
2218484
2218752
2219016
2219280
2219544
2219816
2220088
2220360
2220636
2220912
2221192
2221472
2221752
2222028
2222300
2222572
2222840
2223108
2223376
2223644
2223908
2224172
2224436
2224696
2224956
2225216
2225480
2225740
2226000
2226260
2226516
2226772
2227028
2227284
2227536
2227796
2228056
2228320
2228588
2228852
2229120
2229388
2229656
2229924
2230192
2230456
2230724
2230988
2231252
2231516
2231784
2232048
2232320
2232588
2232852
2233120
2233380
2233644
2233904
2234168
2234428
2234688
2234952
2235212
2235468
2235728
2235988
2236252
2236516
2236784
2237056
2237328
2237596
2237868
2238140
2238412
2238684
2238956
2239224
2239492
2239764
2240032
2240300
2240564
2240832
2241096
2241356
2241620
2241884
2242148
2242408
2242672
2242940
2243204
2243464
2243724
2243984
2244244
2244500
2244760
2245020
2245284
2245552
2245820
2246092
2246364
2246640
2246912
2247184
2247456
2247724
2247996
2248268
2248540
2248808
2249076
2249344
2249608
2249876
2250140
2250404
2250668
2250932
2251200
2251468
2251736
2252000
2252268
2252528
2252788
2253044
2253304
2253560
2253820
2254084
2254348
2254612
2254880
2255148
2255412
2255684
2255944
2256212
2256476
2256740
2257004
2257268
2257536
2257804
2258068
2258336
2258608
2258880
2259148
2259416
2259684
2259944
2260212
2260472
2260740
2261008
2261272
2261544
2261816
2262080
2262352
2262612
2262864
2263120
2263372
2263624
2263876
2264132
2264388
2264648
2264912
2265176
2265440
2265704
2265972
2266236
2266500
2266768
2267032
2267292
2267556
2267824
2268092
2268356
2268620
2268884
2269152
2269412
2269680
2269940
2270200
2270460
2270720
2270984
2271244
2271504
2271768
2272028
2272288
2272544
2272800
2273052
2273304
2273556
2273804
2274064
2274320
2274584
2274848
2275116
2275388
2275660
2275936
2276204
2276476
2276744
2277012
2277276
2277540
2277804
2278068
2278336
2278608
2278876
2279148
2279420
2279692
2279964
2280232
2280508
2280776
2281048
2281320
2281588
2281856
2282132
2282408
2282684
2282956
2283232
2283512
2283788
2284064
2284340
2284612
2284884
2285152
2285420
2285692
2285960
2286232
2286500
2286768
2287032
2287296
2287560
2287824
2288084
2288348
2288608
2288864
2289120
2289376
2289628
2289880
2290128
2290376
2290624
2290872
2291120
2291368
2291616
2291864
2292116
2292360
2292608
2292852
2293092
2293332
2293572
2293808
2294048
2294288
2294532
2294772
2295016
2295260
2295512
2295760
2296008
2296260
2296512
2296764
2297016
2297264
2297512
2297756
2298004
2298248
2298492
2298740
2298988
2299232
2299480
2299728
2299976
2300224
2300472
2300720
2300972
2301216
2301464
2301704
2301948
2302188
2302428
2302668
2302908
2303144
2303384
2303620
2303856
2304096
2304336
2304576
2304816
2305064
2305312
2305560
2305812
2306064
2306316
2306572
2306828
2307076
2307332
2307588
2307840
2308092
2308344
2308592
2308840
2309088
2309332
2309580
2309832
2310080
2310332
2310584
2310836
2311088
2311340
2311592
2311840
2312092
2312336
2312580
2312828
2313072
2313312
2313552
2313800
2314044
2314296
2314544
2314796
2315044
2315292
2315544
2315792
2316048
2316296
2316548
2316804
2317056
2317308
2317560
2317812
2318068
2318320
2318568
2318820
2319064
2319308
2319548
2319792
2320032
2320272
2320512
2320752
2320992
2321228
2321468
2321704
2321944
2322184
2322420
2322664
2322908
2323156
2323404
2323652
2323904
2324152
2324404
2324656
2324908
2325160
2325416
2325676
2325936
2326192
2326444
2326704
2326952
2327204
2327452
2327696
2327940
2328184
2328424
2328664
2328904
2329144
2329384
2329620
2329864
2330100
2330340
2330576
2330816
2331056
2331296
2331540
2331784
2332028
2332276
2332524
2332776
2333028
2333280
2333532
2333792
2334044
2334300
2334552
2334808
2335064
2335320
2335576
2335828
2336084
2336340
2336596
2336856
2337112
2337376
2337636
2337900
2338160
2338420
2338680
2338940
2339196
2339452
2339708
2339960
2340212
2340468
2340720
2340976
2341236
2341492
2341752
2342012
2342272
2342536
2342800
2343064
2343332
2343604
2343876
2344144
2344416
2344680
2344944
2345204
2345464
2345724
2345988
2346252
2346520
2346788
2347056
2347328
2347596
2347860
2348120
2348380
2348640
2348896
2349156
2349412
2349668
2349928
2350196
2350464
2350732
2351004
2351280
2351552
2351824
2352100
2352376
2352652
2352924
2353200
2353468
2353732
2354000
2354264
2354536
2354808
2355080
2355348
2355628
2355904
2356176
2356448
2356724
2356992
2357264
2357528
2357788
2358056
2358320
2358584
2358848
2359116
2359388
2359664
2359940
2360216
2360504
2360788
2361080
2361368
2361652
2361940
2362224
2362504
2362780
2363056
2363328
2363604
2363884
2364160
2364436
2364716
2364996
2365276
2365556
2365840
2366124
2366400
2366676
2366952
2367224
2367500
2367772
2368044
2368320
2368592
2368864
2369148
2369424
2369704
2369984
2370268
2370552
2370836
2371120
2371396
2371668
2371944
2372212
2372476
2372744
2373008
2373264
2373524
2373784
2374044
2374300
2374556
2374812
2375060
2375308
2375556
2375804
2376048
2376292
2376536
2376780
2377028
2377280
2377528
2377784
2378036
2378296
2378560
2378824
2379096
2379368
2379648
2379928
2380216
2380512
2380812
2381108
2381408
2381708
2382012
2382316
2382624
2382928
2383232
2383528
2383832
2384128
2384428
2384724
2385024
2385320
2385620
2385912
2386208
2386508
2386804
2387104
2387400
2387700
2388004
2388300
2388600
2388904
2389204
2389504
2389808
2390112
2390416
2390720
2391020
2391320
2391624
2391928
2392232
2392532
2392836
2393140
2393448
2393756
2394064
2394376
2394688
2395004
2395312
2395620
2395924
2396228
2396532
2396844
2397152
2397460
2397772
2398080
2398392
2398704
2399016
2399328
2399640
2399948
2400252
2400552
2400852
2401152
2401452
2401748
2402052
2402356
2402660
2402960
2403272
2403584
2403892
2404200
2404512
2404820
2405128
2405440
2405752
2406064
2406380
2406696
2407012
2407336
2407656
2407980
2408308
2408632
2408956
2409272
2409588
2409912
2410232
2410552
2410872
2411188
2411504
2411812
2412120
2412432
2412740
2413052
2413368
2413684
2414008
2414332
2414656
2414980
2415304
2415628
2415948
2416268
2416588
2416916
2417240
2417564
2417888
2418208
2418532
2418860
2419184
2419508
2419836
2420160
2420480
2420812
2421140
2421468
2421804
2422136
2422468
2422796
2423124
2423452
2423776
2424100
2424424
2424752
2425076
2425404
2425732
2426064
2426396
2426728
2427060
2427388
2427724
2428048
2428372
2428700
2429032
2429356
2429692
2430024
2430360
2430696
2431032
2431360
2431692
2432028
2432364
2432704
2433044
2433388
2433732
2434072
2434412
2434748
2435084
2435420
2435756
2436092
2436428
2436764
2437104
2437448
2437788
2438132
2438476
2438812
2439152
2439484
2439828
2440164
2440496
2440832
2441168
2441512
2441864
2442220
2442576
2442936
2443296
2443648
2444004
2444356
2444704
2445052
2445400
2445744
2446096
2446456
2446808
2447168
2447520
2447876
2448224
2448580
2448936
2449292
2449656
2450012
2450368
2450720
2451068
2451420
2451772
2452120
2452472
2452824
2453184
2453544
2453908
2454268
2454624
2454980
2455340
2455700
2456064
2456428
2456796
2457168
2457540
2457916
2458292
2458664
2459036
2459408
2459772
2460144
2460512
2460884
2461260
2461636
2462008
2462384
2462764
2463144
2463528
2463916
2464308
2464692
2465092
2465484
2465876
2466268
2466660
2467056
2467448
2467840
2468228
2468616
2469004
2469380
2469756
2470124
2470500
2470880
2471272
2471668
2472072
2472480
2472888
2473288
2473688
2474084
2474476
2474864
2475260
2475664
2476072
2476484
2476880
2477280
2477680
2478072
2478468
2478864
2479264
2479660
2480068
2480480
2480892
2481300
2481712
2482124
2482528
2482936
2483356
2483752
2484172
2484584
2485004
2485428
2485852
2486284
2486716
2487140
2487556
2487972
2488400
2488836
2489276
2489712
2490152
2490592
2491040
2491484
2491920
2492348
2492764
2493176
2493592
2494016
2494436
2494860
2495280
2495704
2496124
2496540
2496956
2497376
2497820
2498280
2498748
2499228
2499700
2500168
2500628
2501096
2501552
2501996
2502440
2502876
2503308
2503736
2504168
2504600
2505040
2505488
2505940
2506408
2506872
2507336
2507800
2508264
2508724
2509192
2509668
2510144
2510628
2511100
2511588
2512068
2512544
2513024
2513504
2513980
2514448
2514904
2515352
2515796
2516252
2516720
2517204
2517696
2518204
2518720
2519244
2519772
2520300
2520820
2521336
2521852
2522376
2522908
2523440
2523972
2524512
2525044
2525564
2526064
2526560
2527052
2527540
2528036
2528544
2529056
2529572
2530096
2530620
2531152
2531692
2532232
2532772
2533316
2533860
2534416
2534976
2535540
2536092
2536640
2537180
2537712
2538244
2538784
2539340
2539892
2540452
2541016
2541556
2542072
2542572
2543068
2543584
2544104
2544640
2545196
2545776
2546368
2546976
2547596
2548220
2548836
2549444
2550016
2550584
2551168
2551756
2552364
2552972
2553588
2554220
2554856
2555496
2556132
2556752
2557348
2557944
2558552
2559168
2559796
2560420
2561056
2561700
2562344
2562972
2563580
2564180
2564776
2565388
2566028
2566680
2567356
2568056
2568788
2569524
2570240
2570936
2571616
2572292
2572976
2573648
2574320
2575028
2575772
2576520
2577264
2578004
2578736
2579448
2580160
2580908
2581680
2582472
2583260
2584068
2584888
2585680
2586448
2587212
2587996
2588784
2589600
2590420
2591260
2592112
2592988
2593852
2594728
2595588
2596436
2597336
2598276
2599192
2600084
2600980
2601944
2602920
2603884
2604828
2605752
2606648
2607552
2608464
2609408
2610460
2611640
2612852
2613952
2615008
2616084
2617164
2618248
2619360
2620472
2621576
2622748
2623944
2625180
2626488
2627828
2629204
2630592
2631980
2633384
2634800
2636244
2637648
2639128
2640692
2642360
2644140
2645852
2647676
2649636
2651684
2653844
2656092
2658424
2661064
2663960
2666960
2670484
2674484
2679040
2685508
2731072
2737620
2740800
2744284
2748544
2751568
2754024
2756436
2758752
2761180
2763412
2765436
2767596
2769672
2771496
2773360
2775364
2777652
2779724
2781520
2783120
2784704
2786316
2787976
2789652
2791276
2792792
2794236
2795764
2797420
2799028
2800764
2802624
2804416
2806048
2807508
2808900
2810288
2811740
2813192
2814560
2815896
2817156
2818352
2819616
2820952
2822252
2823460
2824640
2825824
2827048
2828264
2829456
2830660
2831904
2833172
2834360
2835420
2836408
2837464
2838640
2839896
2841104
2842228
2843316
2844380
2845460
2846556
2847608
2848668
2849772
2850872
2851948
2853008
2854000
2854944
2855896
2856908
2858008
2859164
2860296
2861328
2862268
2863164
2864072
2865032
2866068
2867152
2868208
2869232
2870264
2871276
2872272
2873256
2874236
2875212
2876164
2877080
2878024
2879012
2879980
2880932
2881852
2882760
2883676
2884624
2885572
2886532
2887452
2888332
2889180
2890016
2890884
2891848
2892912
2894064
2895280
2896484
2897568
2898520
2899400
2900248
2901124
2902056
2903040
2904052
2905064
2906016
2906912
2907808
2908740
2909704
2910688
2911652
2912548
2913372
2914200
2915024
2915840
2916640
2917456
2918248
2919044
2919840
2920640
2921436
2922220
2923004
2923824
2924644
2925436
2926168
2926872
2927584
2928340
2929132
2929948
2930804
2931692
2932592
2933460
2934244
2934960
2935636
2936320
2937044
2937824
2938664
2939516
2940348
2941140
2941872
2942576
2943292
2944032
2944796
2945556
2946300
2947032
2947772
2948536
2949296
2950044
2950824
2951624
2952416
2953188
2953948
2954680
2955412
2956188
2956956
2957704
2958408
2959116
2959848
2960616
2961404
2962164
2962900
2963616
2964352
2965072
2965800
2966552
2967308
2968072
2968824
2969564
2970276
2970972
2971672
2972380
2973076
2973756
2974416
2975072
2975748
2976480
2977252
2978048
2978840
2979620
2980384
2981104
2981748
2982356
2982960
2983568
2984228
2984912
2985628
2986380
2987144
2987880
2988604
2989292
2989952
2990588
2991212
2991852
2992516
2993204
2993932
2994668
2995388
2996096
2996764
2997416
2998076
2998724
2999372
3000024
3000708
3001384
3002072
3002788
3003484
3004176
3004868
3005536
3006180
3006804
3007424
3008028
3008660
3009296
3009940
3010600
3011284
3011972
3012632
3013288
3013936
3014592
3015252
3015916
3016604
3017332
3018064
3018776
3019468
3020104
3020696
3021288
3021900
3022524
3023156
3023820
3024480
3025156
3025836
3026520
3027184
3027860
3028520
3029168
3029804
3030428
3031048
3031648
3032256
3032856
3033464
3034068
3034680
3035308
3035952
3036624
3037312
3037992
3038644
3039256
3039856
3040456
3041068
3041692
3042312
3042956
3043612
3044268
3044924
3045572
3046200
3046816
3047412
3047984
3048548
3049108
3049704
3050316
3050944
3051576
3052204
3052824
3053432
3054032
3054648
3055272
3055900
3056508
3057100
3057688
3058280
3058884
3059512
3060144
3060756
3061344
3061908
3062456
3063008
3063580
3064156
3064744
3065332
3065928
3066540
3067160
3067796
3068424
3069032
3069636
3070220
3070812
3071416
3072024
3072624
3073220
3073812
3074412
3075004
3075608
3076200
3076788
3077376
3077964
3078548
3079136
3079728
3080308
3080868
3081436
3081988
3082552
3083128
3083716
3084296
3084868
3085444
3086032
3086640
3087264
3087884
3088496
3089076
3089656
3090252
3090836
3091424
3092000
3092576
3093156
3093736
3094316
3094892
3095472
3096048
3096620
3097192
3097764
3098352
3098944
3099532
3100144
3100752
3101356
3101952
3102548
3103128
3103696
3104256
3104808
3105344
3105884
3106420
3106968
3107520
3108080
3108656
3109252
3109868
3110512
3111156
3111804
3112440
3113048
3113624
3114168
3114708
3115228
3115740
3116284
3116852
3117436
3118040
3118664
3119296
3119904
3120488
3121064
3121640
3122216
3122776
3123324
3123884
3124448
3125020
3125596
3126176
3126764
3127372
3127984
3128608
3129220
3129844
3130424
3131000
3131552
3132092
3132636
3133184
3133744
3134324
3134928
3135516
3136088
3136652
3137208
3137756
3138300
3138860
3139420
3139988
3140580
3141172
3141760
3142344
3142920
3143500
3144088
3144696
3145312
3145944
3146580
3147188
3147772
3148348
3148924
3149508
3150100
3150680
3151248
3151816
3152368
3152916
3153460
3154000
3154544
3155092
3155636
3156196
3156780
3157364
3157956
3158548
3159144
3159732
3160308
3160868
3161428
3161988
3162552
3163116
3163668
3164236
3164796
3165368
3165944
3166532
3167140
3167740
3168344
3168940
3169532
3170112
3170688
3171248
3171812
3172372
3172948
3173536
3174128
3174716
3175300
3175880
3176468
3177044
3177616
3178184
3178736
3179276
3179836
3180404
3180984
3181564
3182144
3182720
3183292
3183864
3184432
3185004
3185560
3186112
3186664
3187220
3187796
3188388
3188976
3189564
3190152
3190728
3191296
3191856
3192420
3192988
3193564
3194140
3194700
3195244
3195780
3196332
3196892
3197456
3198032
3198604
3199184
3199768
3200368
3200952
3201536
3202112
3202684
3203252
3203828
3204396
3204956
3205528
3206096
3206676
3207252
3207828
3208396
3208956
3209536
3210116
3210704
3211304
3211900
3212500
3213100
3213692
3214272
3214852
3215436
3216032
3216636
3217228
3217800
3218340
3218872
3219408
3219976
3220568
3221192
3221828
3222484
3223124
3223788
3224452
3225124
3225792
3226436
3227048
3227664
3228280
3228908
3229536
3230148
3230748
3231336
3231912
3232484
3233052
3233624
3234212
3234824
3235436
3236052
3236648
3237232
3237824
3238408
3239000
3239592
3240180
3240780
3241372
3241972
3242584
3243188
3243780
3244380
3244984
3245588
3246192
3246804
3247416
3248048
3248672
3249300
3249904
3250496
3251100
3251708
3252312
3252924
3253528
3254144
3254760
3255384
3256012
3256640
3257256
3257860
3258468
3259076
3259680
3260284
3260888
3261512
3262152
3262804
3263472
3264144
3264796
3265440
3266092
3266728
3267340
3267956
3268572
3269216
3269868
3270520
3271176
3271832
3272496
3273156
3273808
3274468
3275152
3275828
3276516
3277204
3277900
3278620
3279360
3280080
3280772
3281416
3282056
3282708
3283380
3284068
3284740
3285392
3286048
3286700
3287360
3288044
3288756
3289496
3290220
3290912
3291596
3292288
3293004
3293712
3294404
3295084
3295772
3296468
3297200
3297952
3298724
3299472
3300184
3300880
3301564
3302236
3302888
3303536
3304148
3304756
3305392
3306084
3306836
3307640
3308432
3309212
3310028
3310868
3311728
3312612
3313492
3314344
3315188
3316004
3316796
3317584
3318380
3319188
3320028
3320868
3321700
3322528
3323360
3324156
3324940
3325752
3326616
3327484
3328344
3329204
3330052
3330892
3331744
3332632
3333532
3334400
3335232
3336068
3336960
3337900
3338856
3339812
3340756
3341700
3342656
3343640
3344600
3345548
3346508
3347556
3348616
3349692
3350708
3351716
3352716
3353748
3354788
3355856
3356920
3358008
3359140
3360292
3361404
3362436
3363440
3364484
3365492
3366404
3367316
3368252
3369260
3370460
3371828
3373220
3374492
3375724
3377016
3378360
3379752
3381188
3382616
3384056
3385532
3387028
3388564
3390196
3391832
3393468
3395196
3396680
3398436
3400352
3402084
3403920
3405808
3407720
3409772
3412040
3414404
3416820
3419356
3422148
3424924
3427848
3430956
3434440
3438464
3442924
3446772
3450036
3455648
3544912
3547860
3549992
3552676
3556344
3559368
3562188
3565524
3568420
3571472
3574836
3577884
3580764
3583580
3586476
3589244
3592088
3595112
3597820
3600424
3603352
3606220
3609192
3612460
3614892
3617348
3619948
3622636
3625220
3628220
3630896
3633488
3636248
3639172
3641872
3644564
3647452
3650120
3652848
3655536
3658404
3661248
3663772
3666536
3669404
3672300
3675000
3677824
3680824
3683640
3686668
3689924
3693200
3696252
3699280
3702336
3705648
3709064
3712520
3716176
3719540
3722800
3726336
3730072
3733680
3737260
3741132
3745104
3749288
3753284
3757416
3761964
3766624
3771528
3776964
3782632
3788600
3794632
3801636
3809080
3818888
3831084
4049656
