16
27448
82376
170968
275420
399484
484232
533032
555956
610664
622460
630668
637876
644620
650692
656536
661992
667072
671916
676460
680968
685420
689804
694148
698388
702572
706676
710644
714492
718332
722024
725704
729368
733028
736624
740236
743808
747364
750884
754372
757780
761212
764600
767944
771236
774548
777788
781004
784212
787424
790608
793836
797008
800268
803448
806660
809868
813008
816188
819320
822456
825584
828712
831816
834984
838064
841220
844352
847508
850608
853708
856816
859872
862988
866088
869248
872352
875408
878404
881432
884436
887464
890512
893508
896540
899516
902516
905432
908356
911280
914228
917124
920044
922892
925776
928644
931492
934380
937152
939936
942648
945492
948336
951076
953864
956648
959440
962152
964928
967704
970420
973156
975900
978600
981260
983960
986600
989260
991876
994496
997108
999680
1002264
1004828
1007396
1010032
1012656
1015160
1017636
1020084
1022588
1025160
1027664
1030188
1032692
1035160
1037616
1040084
1042612
1045084
1047536
1049932
1052348
1054740
1057140
1059488
1061908
1064268
1066592
1068960
1071296
1073620
1075960
1078268
1080568
1082828
1085116
1087400
1089672
1091932
1094168
1096416
1098648
1100884
1103092
1105288
1107516
1109724
1111888
1114068
1116228
1118364
1120520
1122632
1124732
1126860
1128980
1131056
1133160
1135236
1137288
1139340
1141388
1143416
1145416
1147440
1149448
1151452
1153464
1155484
1157472
1159448
1161420
1163380
1165328
1167268
1169200
1171144
1173032
1174952
1176860
1178752
1180620
1182520
1184416
1186256
1188100
1189972
1191788
1193624
1195472
1197280
1199100
1200904
1202700
1204472
1206276
1208048
1209812
1211596
1213336
1215052
1216796
1218516
1220232
1221972
1223676
1225388
1227124
1228808
1230512
1232208
1233888
1235548
1237208
1238880
1240504
1242108
1243756
1245392
1247028
1248656
1250264
1251888
1253508
1255084
1256680
1258264
1259860
1261424
1263000
1264572
1266152
1267708
1269264
1270816
1272372
1273920
1275468
1277000
1278568
1280104
1281604
1283132
1284656
1286160
1287636
1289140
1290636
1292136
1293628
1295112
1296572
1298004
1299456
1300924
1302404
1303860
1305296
1306752
1308216
1309664
1311108
1312528
1313972
1315396
1316792
1318192
1319632
1321140
1322716
1324248
1325712
1327064
1328400
1329716
1331028
1332324
1333660
1335008
1336380
1337744
1339092
1340432
1341772
1343116
1344432
1345768
1347092
1348452
1349824
1351160
1352460
1353744
1355040
1356344
1357636
1358952
1360268
1361536
1362824
1364096
1365364
1366632
1367908
1369172
1370456
1371692
1372900
1374112
1375320
1376532
1377748
1379000
1380244
1381484
1382716
1383928
1385124
1386324
1387508
1388708
1389896
1391084
1392252
1393436
1394608
1395772
1396936
1398112
1399264
1400412
1401564
1402712
1403852
1404992
1406124
1407252
1408384
1409508
1410620
1411752
1412876
1413988
1415096
1416196
1417292
1418380
1419460
1420552
1421636
1422720
1423784
1424872
1425936
1427000
1428048
1429092
1430128
1431172
1432212
1433256
1434304
1435336
1436388
1437432
1438460
1439464
1440488
1441488
1442492
1443512
1444520
1445524
1446544
1447556
1448560
1449548
1450544
1451524
1452496
1453468
1454440
1455404
1456364
1457324
1458276
1459232
1460180
1461148
1462080
1463020
1463964
1464896
1465828
1466752
1467680
1468612
1469520
1470440
1471364
1472288
1473236
1474180
1475088
1475980
1476860
1477752
1478632
1479524
1480412
1481288
1482156
1483020
1483876
1484728
1485600
1486480
1487364
1488248
1489124
1489996
1490856
1491696
1492532
1493364
1494204
1495052
1495892
1496728
1497556
1498384
1499212
1500056
1500884
1501704
1502524
1503332
1504132
1504936
1505732
1506528
1507336
1508136
1508928
1509724
1510516
1511308
1512084
1512868
1513656
1514436
1515208
1515988
1516756
1517528
1518308
1519072
1519832
1520592
1521344
1522104
1522860
1523604
1524344
1525084
1525828
1526552
1527292
1528028
1528776
1529504
1530240
1530972
1531700
1532420
1533136
1533856
1534572
1535288
1536008
1536724
1537428
1538140
1538848
1539548
1540244
1540940
1541636
1542344
1543036
1543740
1544444
1545136
1545828
1546508
1547188
1547860
1548528
1549192
1549864
1550532
1551212
1551880
1552552
1553224
1553892
1554560
1555240
1555912
1556580
1557244
1557916
1558576
1559240
1559900
1560556
1561216
1561872
1562532
1563168
1563820
1564476
1565132
1565788
1566444
1567088
1567728
1568360
1568996
1569628
1570260
1570888
1571520
1572140
1572768
1573396
1574020
1574644
1575272
1575892
1576516
1577128
1577740
1578348
1578952
1579556
1580160
1580760
1581364
1581964
1582568
1583168
1583768
1584360
1584952
1585548
1586140
1586728
1587312
1587896
1588476
1589056
1589636
1590216
1590796
1591392
1591972
1592560
1593140
1593712
1594284
1594856
1595424
1595996
1596568
1597140
1597712
1598284
1598844
1599412
1599972
1600536
1601092
1601656
1602216
1602780
1603340
1603896
1604460
1605024
1605580
1606136
1606688
1607236
1607784
1608328
1608876
1609424
1609972
1610512
1611060
1611604
1612148
1612692
1613240
1613780
1614320
1614868
1615404
1615948
1616484
1617024
1617568
1618096
1618636
1619172
1619700
1620232
1620760
1621276
1621800
1622324
1622848
1623372
1623892
1624412
1624932
1625444
1625952
1626464
1626972
1627480
1627984
1628500
1629012
1629524
1630036
1630548
1631056
1631564
1632068
1632568
1633068
1633568
1634080
1634584
1635096
1635612
1636120
1636632
1637132
1637632
1638124
1638620
1639112
1639600
1640096
1640584
1641072
1641564
1642056
1642544
1643036
1643524
1644016
1644504
1644992
1645476
1645964
1646452
1646932
1647424
1647912
1648400
1648880
1649368
1649852
1650328
1650812
1651288
1651768
1652248
1652720
1653192
1653664
1654124
1654592
1655064
1655528
1655992
1656460
1656924
1657392
1657856
1658324
1658788
1659252
1659716
1660180
1660644
1661100
1661568
1662032
1662484
1662936
1663396
1663856
1664304
1664768
1665228
1665684
1666148
1666604
1667068
1667532
1667992
1668456
1668912
1669368
1669820
1670268
1670716
1671152
1671596
1672040
1672484
1672924
1673368
1673808
1674256
1674708
1675152
1675600
1676040
1676476
1676916
1677356
1677792
1678224
1678664
1679104
1679544
1679984
1680416
1680856
1681292
1681724
1682156
1682588
1683020
1683456
1683888
1684328
1684760
1685196
1685628
1686060
1686496
1686924
1687352
1687780
1688208
1688632
1689060
1689488
1689912
1690336
1690768
1691192
1691616
1692036
1692460
1692880
1693304
1693720
1694132
1694548
1694964
1695380
1695792
1696208
1696624
1697040
1697460
1697880
1698304
1698720
1699140
1699548
1699964
1700376
1700784
1701196
1701596
1702012
1702420
1702832
1703240
1703648
1704056
1704468
1704872
1705280
1705684
1706088
1706496
1706900
1707308
1707716
1708120
1708524
1708932
1709332
1709732
1710136
1710536
1710940
1711344
1711748
1712152
1712552
1712956
1713360
1713756
1714156
1714556
1714956
1715348
1715744
1716132
1716528
1716924
1717316
1717716
1718116
1718512
1718916
1719312
1719716
1720112
1720512
1720904
1721300
1721692
1722080
1722472
1722860
1723252
1723640
1724032
1724420
1724804
1725196
1725584
1725964
1726348
1726736
1727112
1727500
1727880
1728260
1728640
1729020
1729400
1729776
1730156
1730536
1730912
1731288
1731668
1732044
1732424
1732804
1733184
1733564
1733940
1734324
1734704
1735088
1735468
1735848
1736232
1736612
1736988
1737368
1737752
1738128
1738504
1738884
1739264
1739640
1740020
1740400
1740776
1741152
1741532
1741908
1742284
1742660
1743036
1743416
1743792
1744168
1744548
1744924
1745300
1745672
1746048
1746420
1746796
1747168
1747544
1747916
1748288
1748668
1749044
1749420
1749796
1750172
1750548
1750920
1751292
1751668
1752036
1752408
1752776
1753148
1753516
1753884
1754252
1754620
1754988
1755360
1755724
1756092
1756460
1756820
1757192
1757560
1757928
1758292
1758660
1759028
1759392
1759760
1760124
1760492
1760860
1761224
1761592
1761960
1762328
1762696
1763060
1763428
1763796
1764160
1764528
1764892
1765256
1765620
1765984
1766344
1766708
1767076
1767440
1767800
1768160
1768528
1768892
1769252
1769608
1769972
1770336
1770700
1771060
1771424
1771788
1772148
1772504
1772868
1773232
1773596
1773960
1774320
1774680
1775044
1775408
1775768
1776128
1776488
1776852
1777212
1777572
1777928
1778292
1778648
1779008
1779352
1779724
1780084
1780428
1780800
1781148
1781516
1781876
1782224
1782592
1782948
1783296
1783664
1784024
1784368
1784740
1785096
1785440
1785812
1786172
1786516
1786888
1787232
1787604
1787964
1788308
1788676
1789036
1789380
1789748
1790104
1790448
1790812
1791168
1791516
1791880
1792236
1792584
1792948
1793308
1793652
1794020
1794376
1794720
1795088
1795432
1795792
1796152
1796496
1796864
1797216
1797560
1797928
1798284
1798628
1798992
1799348
1799692
1800056
1800412
1800760
1801124
1801484
1801828
1802192
1802556
1802900
1803268
1803612
1803976
1804332
1804680
1805024
1805388
1805732
1806076
1806432
1806776
1807120
1807484
1807844
1808204
1808572
1808944
1809316
1809688
1810064
1810436
1810804
1811164
1811520
1811868
1812212
1812548
1812896
1813236
1813572
1813908
1814236
1814580
1814916
1815256
1815588
1815940
1816276
1816624
1816968
1817312
1817652
1818000
1818364
1818716
1819060
1819424
1819772
1820116
1820480
1820840
1821184
1821548
1821896
1822240
1822600
1822952
1823296
1823652
1824004
1824348
1824708
1825056
1825400
1825760
1826108
1826456
1826812
1827164
1827508
1827868
1828212
1828556
1828920
1829264
1829612
1829976
1830320
1830668
1831032
1831380
1831724
1832088
1832432
1832776
1833144
1833488
1833844
1834196
1834540
1834896
1835244
1835592
1835944
1836296
1836644
1837004
1837360
1837704
1838060
1838412
1838756
1839112
1839460
1839804
1840156
1840504
1840848
1841204
1841548
1841896
1842256
1842600
1842948
1843312
1843656
1844004
1844368
1844716
1845080
1845432
1845776
1846136
1846488
1846832
1847192
1847540
1847888
1848244
1848592
1848936
1849296
1849644
1849988
1850348
1850700
1851044
1851408
1851752
1852116
1852468
1852812
1853176
1853532
1853876
1854240
1854592
1854936
1855296
1855648
1855992
1856340
1856700
1857044
1857404
1857760
1858104
1858468
1858820
1859164
1859528
1859876
1860224
1860580
1860924
1861268
1861632
1861976
1862336
1862676
1863044
1863392
1863756
1864100
1864464
1864816
1865164
1865524
1865876
1866220
1866584
1866936
1867280
1867644
1867996
1868340
1868704
1869056
1869400
1869760
1870116
1870460
1870820
1871172
1871520
1871884
1872228
1872596
1872952
1873296
1873660
1874008
1874352
1874716
1875068
1875412
1875772
1876124
1876468
1876828
1877184
1877532
1877892
1878248
1878596
1878956
1879312
1879656
1880012
1880364
1880712
1881064
1881416
1881760
1882116
1882460
1882804
1883172
1883516
1883880
1884232
1884576
1884940
1885296
1885644
1886004
1886356
1886700
1887064
1887416
1887764
1888124
1888476
1888820
1889184
1889532
1889880
1890236
1890588
1890932
1891288
1891640
1891984
1892344
1892696
1893040
1893400
1893744
1894088
1894452
1894800
1895156
1895508
1895856
1896200
1896564
1896912
1897272
1897620
1897964
1898324
1898676
1899020
1899380
1899736
1900080
1900440
1900796
1901140
1901504
1901860
1902204
1902568
1902920
1903264
1903624
1903968
1904332
1904684
1905032
1905388
1905740
1906088
1906444
1906796
1907144
1907488
1907852
1908200
1908560
1908908
1909252
1909612
1909968
1910312
1910672
1911024
1911372
1911728
1912080
1912424
1912780
1913128
1913472
1913828
1914180
1914528
1914876
1915232
1915576
1915932
1916276
1916620
1916980
1917324
1917672
1918008
1918356
1918700
1919060
1919404
1919748
1920092
1920436
1920780
1921124
1921472
1921816
1922160
1922508
1922852
1923200
1923548
1923892
1924252
1924600
1924944
1925300
1925648
1926000
1926348
1926696
1927044
1927388
1927736
1928088
1928436
1928780
1929128
1929480
1929824
1930180
1930528
1930876
1931228
1931580
1931924
1932276
1932624
1932968
1933304
1933664
1934008
1934344
1934696
1935040
1935392
1935736
1936080
1936416
1936764
1937112
1937468
1937812
1938156
1938492
1938840
1939200
1939548
1939892
1940240
1940588
1940936
1941280
1941628
1941976
1942320
1942664
1943008
1943348
1943696
1944040
1944384
1944736
1945080
1945424
1945772
1946120
1946456
1946804
1947148
1947484
1947832
1948172
1948512
1948860
1949204
1949540
1949872
1950228
1950564
1950912
1951252
1951588
1951944
1952284
1952620
1952976
1953324
1953660
1953992
1954344
1954680
1955012
1955368
1955704
1956048
1956392
1956728
1957076
1957416
1957752
1958100
1958440
1958776
1959108
1959460
1959796
1960128
1960484
1960820
1961164
1961508
1961844
1962176
1962528
1962864
1963196
1963548
1963884
1964216
1964564
1964900
1965236
1965568
1965912
1966240
1966588
1966928
1967260
1967604
1967940
1968280
1968624
1968964
1969300
1969640
1969972
1970316
1970656
1970992
1971324
1971668
1972004
1972324
1972664
1973008
1973344
1973676
1974016
1974340
1974680
1975016
1975352
1975688
1976020
1976348
1976688
1977024
1977348
1977696
1978024
1978360
1978700
1979048
1979380
1979704
1980044
1980384
1980720
1981056
1981388
1981724
1982056
1982388
1982720
1983056
1983392
1983716
1984056
1984396
1984728
1985064
1985392
1985728
1986060
1986392
1986724
1987052
1987372
1987708
1988040
1988364
1988696
1989024
1989352
1989680
1990008
1990344
1990660
1990992
1991328
1991648
1991984
1992312
1992640
1992964
1993292
1993624
1993948
1994276
1994596
1994936
1995260
1995588
1995916
1996244
1996572
1996892
1997212
1997548
1997876
1998204
1998528
1998844
1999172
1999496
1999820
2000144
2000468
2000784
2001112
2001440
2001760
2002076
2002408
2002732
2003056
2003380
2003692
2004032
2004352
2004668
2004992
2005320
2005644
2005960
2006284
2006608
2006928
2007244
2007568
2007888
2008208
2008536
2008848
2009168
2009488
2009808
2010124
2010444
2010764
2011084
2011400
2011708
2012032
2012344
2012672
2012988
2013296
2013624
2013940
2014252
2014572
2014880
2015200
2015516
2015820
2016140
2016452
2016764
2017080
2017392
2017708
2018020
2018336
2018648
2018960
2019276
2019588
2019900
2020216
2020520
2020844
2021160
2021476
2021784
2022096
2022408
2022716
2023028
2023348
2023664
2023980
2024296
2024608
2024924
2025240
2025552
2025864
2026180
2026492
2026800
2027108
2027420
2027720
2028028
2028340
2028644
2028948
2029252
2029560
2029852
2030168
2030464
2030780
2031076
2031384
2031700
2031996
2032312
2032620
2032928
2033228
2033532
2033840
2034144
2034444
2034748
2035056
2035360
2035652
2035948
2036260
2036552
2036864
2037164
2037472
2037776
2038076
2038372
2038680
2038980
2039272
2039576
2039880
2040176
2040480
2040776
2041072
2041372
2041672
2041976
2042264
2042572
2042876
2043168
2043468
2043768
2044068
2044364
2044664
2044964
2045256
2045560
2045852
2046152
2046448
2046744
2047044
2047340
2047636
2047932
2048232
2048520
2048828
2049168
2049508
2048824
2049164
2049504
2048820
2049160
2049500
2048816
2049156
2049496
2048812
2049152
2049492
2048808
2049148
2049488
2048804
2049144
2049484
2048800
2049140
2049480
2048796
2049136
2049476
2048792
2049132
2049472
2048788
2049128
2049468
2048784
2049124
2049464
2048780
2049120
2049460
2048776
2049116
2049456
2048772
2049112
2049452
2048768
2049108
2049448
2048764
2049104
2049444
2048760
2049100
2049440
2048756
2049096
2049436
2048752
2049092
2049432
2048748
2049088
2049428
2048744
2049084
2049424
2048740
2049080
2049420
2048736
2049076
2049416
2048732
2049072
2049412
2048728
2049068
2049408
2048724
2049064
2049404
2048720
2049060
2049400
2048716
2049056
2049396
2048712
2049052
2049392
2048708
2049048
2049388
2048704
2049044
2049384
2048700
2049040
2049380
2048696
2049036
2049376
2048692
2049032
2049372
2048688
2049028
2049368
2048684
2049024
2049364
2048680
2049020
2049360
2048676
2049016
2049356
2048672
2049012
2049352
2048668
2049008
2049348
2048664
2049004
2049344
2048660
2049000
2049340
2049680
2048996
2049336
2049676
2048992
2049332
2049672
2048988
2049328
2049668
2048984
2049324
2049664
2048980
2049320
2049660
2048976
2049316
2049656
2048972
2049312
2049652
2048968
2049308
2049648
2048964
2049304
2049644
2048960
2049300
2049640
2048956
2049296
2049636
2048952
2049292
2049632
2048948
2049288
2049628
2048944
2049284
2049624
2048940
2049280
2049620
2048936
2049276
2049616
2048932
2049272
2049612
2048928
2049268
2049608
2048924
2049264
2049604
2048920
2049260
2049600
2048916
2049256
2049596
2048912
2049252
2049592
2048908
2049248
2049588
2048904
2049244
2049584
2048900
2049240
2049580
2048896
2049236
2049576
2048892
2049232
2049572
2048888
2049228
2049568
2048884
2049224
2049564
2048880
2049220
2049560
2048876
2049216
2049556
2048872
2049212
2049552
2048868
2049208
2049548
2048864
2049204
2049544
2048860
2049200
2049540
2048856
2049196
2049536
2048852
2049192
2049532
2048848
2049188
2049528
2048844
2049184
2049524
2048840
2049180
2049520
2048836
2049176
2049516
2048832
2049172
2049512
2048828
2049168
2049508
2048824
2049164
2049504
2048820
2049160
2049500
2048816
2049156
2049496
2048812
2049152
2049492
2048808
2049148
2049488
2048804
2049144
2049484
2048800
2049140
2049480
2048796
2049136
2049476
2048792
2049132
2049472
2048788
2049128
2049468
2048784
2049124
2049464
2048780
2049120
2049460
2048776
2049116
2049456
2048772
2049112
2049452
2048768
2049108
2049448
2048764
2049104
2049444
2048760
2049100
2049440
2048756
2049096
2049436
2048752
2049092
2049432
2048748
2049088
2049428
2048744
2049084
2049424
2048740
2049080
2049420
2048736
2049076
2049416
2048732
2049072
2049412
2048728
2049068
2049408
2048724
2049064
2049404
2048720
2049060
2049400
2048716
2049056
2049396
2048712
2049052
2049392
2048708
2049048
2049388
2048704
2049044
2049384
2048700
2049040
2049380
2048696
2049036
2049376
2048692
2049032
2049372
2048688
2049028
2049368
2048684
2049024
2049364
2048680
2049020
2049360
2048676
2049016
2049356
2048672
2049012
2049352
2048668
2049008
2049348
2048664
2049004
2049344
2048660
2049000
2049340
2049680
2048996
2049336
2049676
2048992
2049332
2049672
2048988
2049328
2049668
2048984
2049324
2049664
2048980
2049320
2049660
2048976
2049316
2049656
2048972
2049312
2049652
2048968
2049308
2049648
2048964
2049304
2049644
2048960
2049300
2049640
2048956
2049296
2049636
2048952
2049292
2049632
2048948
2049288
2049628
2048944
2049284
2049624
2048940
2049280
2049620
2048936
2049276
2049616
2048932
2049272
2049612
2048928
2049268
2049608
2048924
2049264
2049604
2048920
2049260
2049600
2048916
2049256
2049596
2048912
2049252
2049592
2048908
2049248
2049588
2048904
2049244
2049584
2048900
2049240
2049580
2048896
2049236
2049576
2048892
2049232
2049572
2048888
2049228
2049568
2048884
2049224
2049564
2048880
2049220
2049560
2048876
2049216
2049556
2048872
2049212
2049552
2048868
2049208
2049548
2048864
2049204
2049544
2048860
2049200
2049540
2048856
2049196
2049536
2048852
2049192
2049532
2048848
2049188
2049528
2048844
2049184
2049524
2048840
2049180
2049520
2048836
2049176
2049516
2048832
2049172
2049512
2048828
2049168
2049508
2048824
2049164
2049504
2048820
2049160
2049500
2048816
2049156
2049496
2048812
2049152
2049492
2048808
2049148
2049488
2048804
2049144
2049484
2048800
2049140
2049480
2048796
2049136
2049476
2048792
2049132
2049472
2048788
2049128
2049468
2048784
2049124
2049464
2048780
2049120
2049460
2048776
2049116
2049456
2048772
2049112
2049452
2048768
2049108
2049448
2048764
2049104
2049444
2048760
2049100
2049440
2048756
2049096
2049436
2048752
2049092
2049432
2048748
2049088
2049428
2048744
2049084
2049424
2048740
2049080
2049420
2048736
2049076
2049416
2048732
2049072
2049412
2048728
2049068
2049408
2048724
2049064
2049404
2048720
2049060
2049400
2048716
2049056
2049396
2048712
2049052
2049392
2048708
2049048
2049388
2048704
2049044
2049384
2048700
2049040
2049380
2048696
2049036
2049376
2048692
2049032
2049372
2048688
2049028
2049368
2048684
2049024
2049364
2048680
2049020
2049360
2048676
2049016
2049356
2048672
2049012
2049352
2048668
2049008
2049348
2048664
2049004
2049344
2048660
2049000
2049340
2049680
2048996
2049336
2049676
2048992
2049332
2049672
2048988
2049328
2049668
2048984
2049324
2049664
2048980
2049320
2049660
2048976
2049316
2049656
2048972
2049312
2049652
2048968
2049308
2049648
2048964
2049304
2049644
2048960
2049300
2049640
2048956
2049296
2049636
2048952
2049292
2049632
2048948
2049288
2049628
2048944
2049284
2049624
2048940
2049280
2049620
2048936
2049276
2049616
2048932
2049272
2049612
2048928
2049268
2049608
2048924
2049264
2049604
2048920
2049260
2049600
2048916
2049256
2049596
2048912
2049252
2049592
2048908
2049248
2049588
2048904
2049244
2049584
2048900
2049240
2049580
2048896
2049236
2049576
2048892
2049232
2049572
2048888
2049228
2049568
2048884
2049224
2049564
2048880
2049220
2049560
2048876
2049216
2049556
2048872
2049212
2049552
2048868
2049208
2049548
2048864
2049204
2049544
2048860
2049200
2049540
2048856
2049196
2049536
2048852
2049192
2049532
2048848
2049188
2049528
2048844
2049184
2049524
2048840
2049180
2049520
2048836
2049176
2049516
2048832
2049172
2049512
2048828
2049168
2049508
2048824
2049164
2049504
2048820
2049160
2049500
2048816
2049156
2049496
2048812
2049152
2049492
2048808
2049148
2049488
2048804
2049144
2049484
2048800
2049140
2049480
2048796
2049136
2049476
2048792
2049132
2049472
2048788
2049128
2049468
2048784
2049124
2049464
2048780
2049120
2049460
2048776
2049116
2049456
2048772
2049112
2049452
2048768
2049108
2049448
2048764
2049104
2049444
2048760
2049100
2049440
2048756
2049096
2049436
2048752
2049092
2049432
2048748
2049088
2049428
2048744
2049084
2049424
2048740
2049080
2049420
2048736
2049076
2049416
2048732
2049072
2049412
2048728
2049068
2049408
2048724
2049064
2049404
2048720
2049060
2049400
2048716
2049056
2049396
2048712
2049052
2049392
2048708
2049048
2049388
2048704
2049044
2049384
2048700
2049040
2049380
2048696
2049036
2049376
2048692
2049032
2049372
2048688
2049028
2049368
2048684
2049024
2049364
2048680
2049020
2049360
2048676
2049016
2049356
2048672
2049012
2049352
2048668
2049008
2049348
2048664
2049004
2049344
2048660
2049000
2049340
2049680
2048996
2049336
2049676
2048992
2049332
2049672
2048988
2049328
2049668
2048984
2049324
2049664
2048980
2049320
2049660
2048976
2049316
2049656
2048972
2049312
2049652
2048968
2049308
2049648
2048964
2049304
2049644
2048960
2049300
2049640
2048956
2049296
2049636
2048952
2049292
2049632
2048948
2049288
2049628
2048944
2049284
2049624
2048940
2049280
2049620
2048936
2049276
2049616
2048932
2049272
2049612
2048928
2049268
2049608
2048924
2049264
2049604
2048920
2049260
2049600
2048916
2049256
2049596
2048912
2049252
2049592
2048908
2049248
2049588
2048904
2049244
2049584
2048900
2049240
2049580
2048896
2049236
2049576
2048892
2049232
2049572
2048888
2049228
2049568
2048884
2049224
2049564
2048880
2049220
2049560
2048876
2049216
2049556
2048872
2049212
2049552
2048868
2049208
2049548
2048864
2049204
2049544
2048860
2049200
2049540
2048856
2049196
2049536
2048852
2049192
2049532
2048848
2049188
2049528
2048844
2049184
2049524
2048840
2049180
2049520
2048836
2049176
2049516
2048832
2049172
2049512
2048828
2049168
2049508
2048824
2049164
2049504
2048820
2049160
2049500
2048816
2049156
2049496
2048812
2049152
2049492
2048808
2049148
2049488
2048804
2049144
2049484
2048800
2049140
2049480
2048796
2049136
2049476
2048792
2049132
2049472
2048788
2049128
2049468
2048784
2049124
2049464
2048780
2049120
2049460
2048776
2049116
2049456
2048772
2049112
2049452
2048768
2049108
2049448
2048764
2049104
2049444
2048760
2049100
2049440
2048756
2049096
2049436
2048752
2049092
2049432
2048748
2049088
2049428
2048744
2049084
2049424
2048740
2049080
2049420
2048736
2049076
2049416
2048732
2049072
2049412
2048728
2049068
2049408
2048724
2049064
2049404
2048720
2049060
2049400
2048716
2049056
2049396
2048712
2049052
2049392
2048708
2049048
2049388
2048704
2049044
2049384
2048700
2049040
2049380
2048696
2049036
2049376
2048692
2049032
2049372
2048688
2049028
2049368
2048684
2049024
2049364
2048680
2049020
2049360
2048676
2049016
2049356
2048672
2049012
2049352
2048668
2049008
2049348
2048664
2049004
2049344
2048660
2049000
2049340
2049680
2048996
2049336
2049676
2048992
2049332
2049672
2048988
2049328
2049668
2048984
2049324
2049664
2048980
2049320
2049660
2048976
2049316
2049656
2048972
2049312
2049652
2048968
2049308
2049648
2048964
2049304
2049644
2048960
2049300
2049640
2048956
2049296
2049636
2048952
2049292
2049632
2048948
2049288
2049628
2048944
2049284
2049624
2048940
2049280
2049620
2048936
2049276
2049616
2048932
2049272
2049612
2048928
2049268
2049608
2048924
2049264
2049604
2048920
2049260
2049600
2048916
2049256
2049596
2048912
2049252
2049592
2048908
2049248
2049588
2048904
2049244
2049584
2048900
2049240
2049580
2048896
2049236
2049576
2048892
2049232
2049572
2048888
2049228
2049568
2048884
2049224
2049564
2048880
2049220
2049560
2048876
2049216
2049556
2048872
2049212
2049552
2048868
2049208
2049548
2048864
2049204
2049544
2048860
2049200
2049540
2048856
2049196
2049536
2048852
2049192
2049532
2048848
2049188
2049528
2048844
2049184
2049524
2048840
2049180
2049520
2048836
2049176
2049516
2048832
2049172
2049512
2048828
2049168
2049508
2048824
2049164
2049504
2048820
2049160
2049500
2048816
2049156
2049496
2048812
2049152
2049492
2048808
2049148
2049488
2048804
2049144
2049484
2048800
2049140
2049480
2048796
2049136
2049476
2048792
2049132
2049472
2048788
2049128
2049468
2048784
2049124
2049464
2048780
2049120
2049460
2048776
2049116
2049456
2048772
2049112
2049452
2048768
2049108
2049448
2048764
2049104
2049444
2048760
2049100
2049440
2048756
2049096
2049436
2048752
2049092
2049432
2048748
2049088
2049428
2048744
2049084
2049424
2048740
2049080
2049420
2048736
2049076
2049416
2048732
2049072
2049412
2048728
2049068
2049408
2048724
2049064
2049404
2048720
2049060
2049400
2048716
2049056
2049396
2048712
2049052
2049392
2048708
2049048
2049388
2048704
2049044
2049384
2048700
2049040
2049380
2048696
2049036
2049376
2048692
2049032
2049372
2048688
2049028
2049368
2048684
2049024
2049364
2048680
2049020
2049360
2048676
2049016
2049356
2048672
2049012
2049352
2048668
2049008
2049348
2048664
2049004
2049344
2048660
2049000
2049340
2049680
2048996
2049336
2049676
2048992
2049332
2049672
2048988
2049328
2049668
2048984
2049324
2049664
2048980
2049320
2049660
2048976
2049316
2049656
2048972
2049312
2049652
2048968
2049308
2049648
2048964
2049304
2049644
2048960
2049300
2049640
2048956
2049296
2049636
2048952
2049292
2049632
2048948
2049288
2049628
2048944
2049284
2049624
2048940
2049280
2049620
2048936
2049276
2049616
2048932
2049272
2049612
2048928
2049268
2049608
2048924
2049264
2049604
2048920
2049260
2049600
2048916
2049256
2049596
2048912
2049252
2049592
2048908
2049248
2049588
2048904
2049244
2049584
2048900
2049240
2049580
2048896
2049236
2049576
2048892
2049232
2049572
2048888
2049228
2049568
2048884
2049224
2049564
2048880
2049220
2049560
2048876
2049216
2049556
2048872
2049212
2049552
2048868
2049208
2049548
2048864
2049204
2049544
2048860
2049200
2049540
2048856
2049196
2049536
2048852
2049192
2049532
2048848
2049188
2049528
2048844
2049184
2049524
2048840
2049180
2049520
2048836
2049176
2049516
2048832
2049172
2049512
2048828
2049168
2049508
2048824
2049164
2049504
2048820
2049160
2049500
2048816
2049156
2049496
2048812
2049152
2049492
2048808
2049148
2049488
2048804
2049144
2049484
2048800
2049140
2049480
2048796
2049136
2049476
2048792
2049132
2049472
2048788
2049128
2049468
2048784
2049124
2049464
2048780
2049120
2049460
2048776
2049116
2049456
2048772
2049112
2049452
2048768
2049108
2049448
2048764
2049104
2049444
2048760
2049100
2049440
2048756
2049096
2049436
2048752
2049092
2049432
2048748
2049088
2049428
2048744
2049084
2049424
2048740
2049080
2049420
2048736
2049076
2049416
2048732
2049072
2049412
2048728
2049068
2049408
2048724
2049064
2049404
2048720
2049060
2049400
2048716
2049056
2049396
2048712
2049052
2049392
2048708
2049048
2049388
2048704
2049044
2049384
2048700
2049040
2049380
2048696
2049036
2049376
2048692
2049032
2049372
2048688
2049028
2049368
2048684
2049024
2049364
2048680
2049020
2049360
2048676
2049016
2049356
2048672
2049012
2049352
2048668
2049008
2049348
2048664
2049004
2049344
2048660
2049000
2049340
2049680
2048996
2049336
2049676
2048992
2049332
2049672
2048988
2049328
2049668
2048984
2049324
2049664
2048980
2049320
2049660
2048976
2049316
2049656
2048972
2049312
2049652
2048968
2049308
2049648
2048964
2049304
2049644
2048960
2049300
2049640
2048956
2049296
2049636
2048952
2049292
2049632
2048948
2049288
2049628
2048944
2049284
2049624
2048940
2049280
2049620
2048936
2049276
2049616
2048932
2049272
2049612
2048928
2049268
2049608
2048924
2049264
2049604
2048920
2049260
2049600
2048916
2049256
2049596
2048912
2049252
2049592
2048908
2049248
2049588
2048904
2049244
2049584
2048900
2049240
2049580
2048896
2049236
2049576
2048892
2049232
2049572
2048888
2049228
2049568
2048884
2049224
2049564
2048880
2049220
2049560
2048876
2049216
2049556
2048872
2049212
2049552
2048868
2049208
2049548
2048864
2049204
2049544
2048860
2049200
2049540
2048856
2049196
2049536
2048852
2049192
2049532
2048848
2049188
2049528
2048844
2049184
2049524
2048840
2049180
2049520
2048836
2049176
2049516
2048832
2049172
2049512
2048828
2049168
2049508
2048824
2049164
2049504
2048820
2049160
2049500
2048816
2049156
2049496
2048812
2049152
2049492
2048808
2049148
2049488
2048804
2049144
2049484
2048800
2049140
2049480
2048796
2049136
2049476
2048792
2049132
2049472
2048788
2049128
2049468
2048784
2049124
2049464
2048780
2049120
2049460
2048776
2049116
2049456
2048772
2049112
2049452
2048768
2049108
2049448
2048764
2049104
2049444
2048760
2049100
2049440
2048756
2049096
2049436
2048752
2049092
2049432
2048748
2049088
2049428
2048744
2049084
2049424
2048740
2049080
2049420
2048736
2049076
2049416
2048732
2049072
2049412
2048728
2049068
2049408
2048724
2049064
2049404
2048720
2049060
2049400
2048716
2049056
2049396
2048712
2049052
2049392
2048708
2049048
2049388
2048704
2049044
2049384
2048700
2049040
2049380
2048696
2049036
2049376
2048692
2049032
2049372
2048688
2049028
2049368
2048684
2049024
2049364
2048680
2049020
2049360
2048676
2049016
2049356
2048672
2049012
2049352
2048668
2049008
2049348
2048664
2049004
2049344
2048660
2049000
2049340
2049680
2048996
2049336
2049676
2048992
2049332
2049672
2048988
2049328
2049668
2048984
2049324
2049664
2048980
2049320
2049660
2048976
2049316
2049656
2048972
2049312
2049652
2048968
2049308
2049648
2048964
2049304
2049644
2048960
2049300
2049640
2048956
2049296
2049636
2048952
2049292
2049632
2048948
2049288
2049628
2048944
2049284
2049624
2048940
2049280
2049620
2048936
2049276
2049616
2048932
2049272
2049612
2048928
2049268
2049608
2048924
2049264
2049604
2048920
2049260
2049600
2048916
2049256
2049596
2048912
2049252
2049592
2048908
2049248
2049588
2048904
2049244
2049584
2048900
2049240
2049580
2048896
2049236
2049576
2048892
2049232
2049572
2048888
2049228
2049568
2048884
2049224
2049564
2048880
2049220
2049560
2048876
2049216
2049556
2048872
2049212
2049552
2048868
2049208
2049548
2048864
2049204
2049544
2048860
2049200
2049540
2048856
2049196
2049536
2048852
2049192
2049532
2048848
2049188
2049528
2048844
2049184
2049524
2048840
2049180
2049520
2048836
2049176
2049516
2048832
2049172
2049512
2048828
2049168
2049508
2048824
2049164
2049504
2048820
2049160
2049500
2048816
2049156
2049496
2048812
2049152
2049492
2048808
2049148
2049488
2048804
2049144
2049484
2048800
2049140
2049480
2048796
2049136
2049476
2048792
2049132
2049472
2048788
2049128
2049468
2048784
2049124
2049464
2048780
2049120
2049460
2048776
2049116
2049456
2048772
2049112
2049452
2048768
2049108
2049448
2048764
2049104
2049444
2048760
2049100
2049440
2048756
2049096
2049436
2048752
2049092
2049432
2048748
2049088
2049428
2048744
2049084
2049424
2048740
2049080
2049420
2048736
2049076
2049416
2048732
2049072
2049412
2048728
2049068
2049408
2048724
2049064
2049404
2048720
2049060
2049400
2048716
2049056
2049396
2048712
2049060
2049420
2049772
2050112
2050468
2050836
2051192
2051552
2051908
2052268
2052620
2052984
2053336
2053700
2054048
2054420
2054780
2055136
2055508
2055872
2056232
2056596
2056956
2057332
2057700
2058060
2058436
2058804
2059164
2059540
2059916
2060284
2060660
2061016
2061408
2061780
2062152
2062532
2062904
2063272
2063660
2064032
2064412
2064776
2065172
2065540
2065936
2066304
2066696
2067080
2067472
2067856
2068248
2068636
2069008
2069408
2069788
2070192
2070580
2070968
2071360
2071744
2072128
2072536
2072916
2073320
2073720
2074108
2074508
2074916
2075312
2075720
2076120
2076520
2076920
2077328
2077728
2078120
2078528
2078944
2079344
2079756
2080160
2080568
2080968
2081384
2081800
2082200
2082624
2083040
2083456
2083868
2084284
2084700
2085116
2085540
2085940
2086364
2086788
2087216
2087640
2088064
2088488
2088912
2089340
2089764
2090188
2090616
2091040
2091472
2091908
2092348
2092784
2093216
2093656
2094092
2094532
2094964
2095408
2095848
2096288
2096728
2097172
2097612
2098056
2098500
2098944
2099388
2099836
2100284
2100736
2101184
2101636
2102088
2102544
2102996
2103452
2103908
2104364
2104824
2105280
2105744
2106204
2106668
2107132
2107596
2108064
2108524
2108992
2109468
2109936
2110412
2110888
2111360
2111832
2112308
2112788
2113264
2113744
2114228
2114712
2115196
2115688
2116176
2116668
2117156
2117652
2118144
2118640
2119132
2119624
2120128
2120628
2121132
2121640
2122144
2122652
2123156
2123676
2124188
2124700
2125216
2125736
2126252
2126772
2127292
2127816
2128340
2128864
2129392
2129932
2130468
2130996
2131528
2132064
2132596
2133132
2133668
2134208
2134752
2135292
2135840
2136384
2136932
2137480
2138032
2138588
2139144
2139704
2140260
2140820
2141380
2141940
2142500
2143072
2143636
2144208
2144776
2145352
2145928
2146508
2147084
2147660
2148240
2148828
2149412
2150000
2150600
2151196
2151800
2152408
2153016
2153624
2154228
2154836
2155440
2156044
2156652
2157260
2157868
2158488
2159104
2159728
2160356
2160972
2161604
2162240
2162868
2163516
2164176
2164828
2165480
2166128
2166776
2167424
2168072
2168712
2169364
2170012
2170660
2171320
2171976
2172656
2173336
2174012
2174688
2175368
2176052
2176736
2177424
2178140
2178860
2179584
2180296
2181000
2181708
2182416
2183124
2183840
2184560
2185288
2186024
2186760
2187496
2188236
2188992
2189756
2190504
2191284
2192056
2192840
2193616
2194392
2195164
2195948
2196732
2197528
2198324
2199128
2199932
2200748
2201560
2202376
2203212
2204040
2204868
2205708
2206556
2207404
2208264
2209124
2209988
2210860
2211744
2212636
2213536
2214444
2215348
2216272
2217196
2218132
2219056
2220000
2220944
2221912
2222892
2223872
2224848
2225840
2226828
2227832
2228844
2229872
2230916
2231980
2233048
2234128
2235224
2236336
2237456
2238588
2239736
2240892
2242052
2243252
2244456
2245664
2246900
2248152
2249408
2250696
2251980
2253276
2254616
2255952
2257332
2258744
2260156
2261568
2263024
2264488
2266004
2267532
2269080
2270668
2272268
2273904
2275616
2277356
2279152
2280984
2282852
2284784
2286848
2288948
2291100
2293320
2295660
2298096
2300624
2303360
2306204
2309176
2312468
2315936
2319852
2324256
2329312
2336288
2349964
2366472
2375892
2382684
2388500
2393500
2398020
2402268
2406216
2409892
2413396
2416740
2419972
2423100
2426168
2429124
2432060
2434936
2437716
2440428
2443120
2445792
2448428
2450960
2453472
2455940
2458376
2460724
2463028
2465248
2467468
2469652
2471804
2473944
2476016
2478088
2480120
2482160
2484120
2486096
2488064
2489984
2491916
2493852
2495768
2497632
2499500
2501332
2503156
2504948
2506716
2508488
2510228
2511980
2513696
2515384
2517088
2518752
2520376
2521968
2523564
2525136
2526696
2528228
2529776
2531292
2532780
2534280
2535780
2537280
2538728
2540192
2541624
2543036
2544428
2545828
2547228
2548636
2550012
2551388
2552748
2554084
2555412
2556748
2558060
2559364
2560696
2562008
2563324
2564612
2565884
2567144
2568420
2569680
2570936
2572192
2573440
2574676
2575904
2577116
2578336
2579520
2580732
2581908
2583096
2584260
2585436
2586596
2587748
2588884
2590028
2591148
2592260
2593368
2594468
2595576
2596676
2597760
2598840
2599920
2600988
2602044
2603120
2604200
2605260
2606312
2607352
2608384
2609412
2610440
2611468
2612492
2613516
2614532
2615520
2616488
2617444
2618396
2619364
2620332
2621292
2622260
2623212
2624188
2625168
2626128
2627088
2628020
2628948
2629872
2630804
2631732
2632652
2633572
2634492
2635396
2636304
2637212
2638116
2639004
2639884
2640756
2641628
2642512
2643396
2644276
2645148
2646016
2646876
2647736
2648592
2649448
2650296
2651152
2651996
2652852
2653696
2654528
2655360
2656188
2657016
2657840
2658660
2659472
2660268
2661088
2661900
2662708
2663504
2664304
2665096
2665884
2666672
2667452
2668228
2669000
2669772
2670548
2671320
2672096
2672868
2673636
2674400
2675164
2675924
2676680
2677424
2678172
2678912
2679640
2680372
2681100
2681824
2682556
2683280
2684000
2684716
2685448
2686168
2686888
2687608
2688324
2689044
2689756
2690456
2691168
2691864
2692556
2693248
2693936
2694616
2695308
2696000
2696688
2697376
2698068
2698756
2699444
2700128
2700808
2701492
2702176
2702848
2703532
2704212
2704884
2705560
2706224
2706892
2707552
2708212
2708868
2709516
2710168
2710816
2711464
2712116
2712764
2713420
2714068
2714716
2715360
2716000
2716636
2717272
2717900
2718548
2719180
2719812
2720448
2721076
2721708
2722328
2722952
2723576
2724188
2724800
2725408
2726016
2726628
2727240
2727844
2728456
2729056
2729660
2730248
2730844
2731432
2732032
2732632
2733224
2733824
2734420
2735012
2735604
2736192
2736780
2737356
2737940
2738524
2739096
2739672
2740248
2740824
2741396
2741968
2742536
2743104
2743664
2744220
2744784
2745348
2745904
2746460
2747020
2747576
2748132
2748688
2749240
2749788
2750340
2750888
2751436
2751976
2752524
2753064
2753612
2754156
2754692
2755240
2755784
2756324
2756860
2757396
2757932
2758460
2758996
2759528
2760060
2760604
2761136
2761668
2762192
2762716
2763240
2763760
2764280
2764804
2765332
2765848
2766376
2766896
2767412
2767932
2768448
2768960
2769476
2769988
2770496
2771004
2771512
2772032
2772540
2773052
2773560
2774068
2774572
2775080
2775584
2776084
2776588
2777084
2777580
2778076
2778572
2779068
2779564
2780060
2780560
2781052
2781544
2782032
2782516
2783008
2783488
2783980
2784464
2784956
2785440
2785924
2786408
2786892
2787372
2787852
2788332
2788804
2789280
2789760
2790232
2790700
2791180
2791652
2792124
2792596
2793064
2793536
2794008
2794476
2794948
2795416
2795884
2796360
2796832
2797300
2797772
2798240
2798712
2799176
2799640
2800104
2800568
2801028
2801488
2801948
2802408
2802868
2803320
2803776
2804228
2804676
2805136
2805588
2806036
2806492
2806936
2807396
2807848
2808300
2808752
2809200
2809652
2810100
2810544
2810996
2811444
2811892
2812340
2812792
2813236
2813680
2814128
2814568
2815008
2815448
2815888
2816328
2816768
2817208
2817644
2818084
2818520
2818960
2819400
2819832
2820272
2820708
2821144
2821572
2822016
2822444
2822880
2823312
2823748
2824180
2824612
2825044
2825476
2825912
2826340
2826772
2827204
2827632
2828060
2828488
2828912
2829340
2829760
2830184
2830608
2831032
2831456
2831880
2832304
2832724
2833148
2833572
2833992
2834416
2834836
2835256
2835672
2836092
2836508
2836928
2837340
2837760
2838176
2838592
2839008
2839424
2839840
2840256
2840672
2841088
2841504
2841916
2842328
2842736
2843148
2843560
2843968
2844380
2844792
2845208
2845616
2846028
2846444
2846856
2847268
2847676
2848092
2848500
2848904
2849308
2849708
2850112
2850512
2850912
2851312
2851708
2852112
2852512
2852912
2853316
2853716
2854116
2854520
2854916
2855324
2855728
2856128
2856524
2856928
2857328
2857728
2858124
2858524
2858920
2859316
2859712
2860104
2860500
2860892
2861284
2861676
2862068
2862464
2862852
2863244
2863636
2864028
2864416
2864804
2865196
2865588
2865976
2866364
2866756
2867144
2867536
2867928
2868320
2868708
2869096
2869484
2869872
2870260
2870648
2871036
2871420
2871812
2872200
2872588
2872968
2873360
2873748
2874132
2874516
2874900
2875284
2875668
2876048
2876436
2876812
2877200
2877584
2877964
2878344
2878732
2879112
2879492
2879876
2880256
2880640
2881020
2881404
2881788
2882172
2882552
2882936
2883316
2883692
2884080
2884460
2884844
2885228
2885608
2885992
2886376
2886760
2887140
2887524
2887904
2888288
2888672
2889052
2889436
2889816
2890200
2890580
2890960
2891340
2891720
2892100
2892480
2892856
2893236
2893616
2893992
2894368
2894744
2895120
2895496
2895872
2896244
2896624
2896996
2897372
2897752
2898128
2898508
2898884
2899260
2899636
2900012
2900388
2900764
2901144
2901516
2901892
2902268
2902644
2903020
2903392
2903764
2904144
2904512
2904888
2905264
2905640
2906016
2906392
2906768
2907144
2907516
2907892
2908264
2908636
2909008
2909372
2909752
2910124
2910496
2910868
2911244
2911612
2911992
2912364
2912736
2913108
2913476
2913848
2914220
2914588
2914960
2915332
2915700
2916072
2916440
2916808
2917176
2917544
2917916
2918284
2918656
2919024
2919396
2919764
2920132
2920500
2920864
2921232
2921596
2921964
2922328
2922692
2923060
2923428
2923796
2924156
2924528
2924892
2925260
2925624
2925988
2926352
2926712
2927080
2927440
2927804
2928168
2928528
2928892
2929256
2929620
2929984
2930348
2930716
2931088
2931456
2931820
2932192
2932560
2932932
2933300
2933668
2934036
2934400
2934764
2935128
2935488
2935852
2936196
2936572
2936928
2937276
2937652
2938016
2938380
2938744
2939116
2939480
2939848
2940212
2940580
2940944
2941312
2941672
2942036
2942396
2942740
2943116
2943480
2943844
2944204
2944572
2944936
2945300
2945672
2946040
2946412
2946780
2947148
2947516
2947884
2948248
2948616
2948984
2949356
2949724
2950088
2950456
2950824
2951192
2951556
2951924
2952292
2952660
2953024
2953388
2953756
2954120
2954480
2954844
2955204
2955568
2955928
2956292
2956656
2957024
2957388
2957748
2958116
2958480
2958840
2959184
2959556
2959900
2960272
2960632
2960992
2961356
2961720
2962088
2962456
2962820
2963188
2963556
2963920
2964288
2964652
2965016
2965380
2965740
2966108
2966468
2966832
2967200
2967560
2967924
2968288
2968652
2969016
2969376
2969744
2970108
2970476
2970844
2971208
2971576
2971936
2972300
2972660
2973024
2973384
2973748
2974112
2974472
2974836
2975196
2975540
2975916
2976260
2976632
2976992
2977356
2977716
2978080
2978440
2978800
2979164
2979528
2979892
2980256
2980620
2980984
2981352
2981716
2982076
2982444
2982800
2983168
2983516
2983888
2984248
2984608
2984964
2985308
2985680
2986036
2986380
2986748
2987104
2987448
2987812
2988164
2988512
2988880
2989240
2989584
2989960
2990320
2990680
2991040
2991404
2991764
2992128
2992488
2992852
2993212
2993580
2993940
2994300
2994644
2995020
2995380
2995728
2996100
2996460
2996804
2997176
2997536
2997880
2998248
2998612
2998972
2999332
2999696
3000056
3000420
3000784
3001144
3001508
3001876
3002236
3002596
3002944
3003316
3003672
3004016
3004384
3004744
3005088
3005452
3005796
3006160
3006512
3006876
3007220
3007592
3007936
3008308
3008664
3009008
3009376
3009728
3010072
3010432
3010780
3011128
3011480
3011828
3012176
3012536
3012888
3013232
3013592
3013948
3014292
3014660
3015004
3015372
3015732
3016092
3016452
3016804
3017168
3017528
3017884
3018228
3018600
3018956
3019300
3019664
3020020
3020364
3020728
3021084
3021428
3021792
3022148
3022496
3022852
3023200
3023560
3023912
3024256
3024616
3024972
3025316
3025676
3026032
3026376
3026740
3027092
3027436
3027804
3028156
3028504
3028868
3029224
3029572
3029940
3030300
3030644
3031016
3031372
3031732
3032096
3032456
3032820
3033180
3033544
3033888
3034256
3034620
3034980
3035336
3035696
3036052
3036412
3036756
3037128
3037484
3037832
3038200
3038556
3038904
3039272
3039616
3039984
3040336
3040680
3041052
3041408
3041752
3042120
3042476
3042824
3043188
3043540
3043888
3044252
3044608
3044952
3045312
3045668
3046012
3046380
3046732
3047076
3047444
3047792
3048156
3048516
3048860
3049232
3049588
3049936
3050304
3050660
3051008
3051376
3051728
3052072
3052440
3052796
3053140
3053508
3053864
3054208
3054572
3054928
3055276
3055636
3055980
3056340
3056692
3057040
3057384
3057748
3058096
3058456
3058808
3059152
3059520
3059876
3060220
3060588
3060944
3061292
3061656
3062012
3062356
3062720
3063068
3063416
3063776
3064128
3064472
3064832
3065180
3065536
3065888
3066236
3066596
3066944
3067288
3067652
3068000
3068348
3068692
3069056
3069400
3069748
3070112
3070456
3070816
3071168
3071516
3071876
3072228
3072572
3072932
3073288
3073632
3073992
3074348
3074692
3075056
3075412
3075760
3076128
3076476
3076848
3077204
3077552
3077920
3078276
3078620
3078984
3079340
3079684
3080044
3080396
3080744
3081096
3081444
3081788
3082140
3082488
3082832
3083180
3083528
3083872
3084208
3084568
3084912
3085248
3085608
3085956
3086308
3086656
3087000
3087360
3087704
3088068
3088420
3088764
3089124
3089484
3089828
3090188
3090540
3090888
3091232
3091592
3091936
3092284
3092640
3092984
3093328
3093676
3094020
3094356
3094712
3095052
3095388
3095744
3096088
3096424
3096780
3097124
3097460
3097812
3098160
3098496
3098852
3099196
3099532
3099884
3100224
3100560
3100908
3101248
3101584
3101932
3102276
3102612
3102956
3103292
3103632
3103972
3104312
3104652
3104992
3105332
3105672
3106012
3106352
3106684
3107024
3107364
3107704
3108036
3108368
3108708
3109036
3109376
3109716
3110048
3110388
3110712
3111056
3111392
3111728
3112064
3112396
3112720
3113060
3113388
3113728
3114056
3114388
3114708
3115048
3115372
3115704
3116032
3116360
3116688
3117020
3117344
3117680
3118012
3118344
3118672
3119004
3119332
3119664
3119992
3120316
3120648
3120976
3121304
3121628
3121956
3122272
3122612
3122936
3123260
3123588
3123912
3124236
3124572
3124896
3125228
3125552
3125868
3126204
3126524
3126860
3127184
3127508
3127832
3128160
3128476
3128804
3129124
3129452
3129776
3130092
3130424
3130748
3131060
3131400
3131728
3132048
3132372
3132704
3133028
3133348
3133664
3133992
3134312
3134632
3134936
3135268
3135584
3135896
3136220
3136540
3136860
3137184
3137496
3137828
3138152
3138476
3138788
3139120
3139440
3139764
3140088
3140408
3140716
3141056
3141372
3141696
3142020
3142332
3142672
3142996
3143320
3143648
3143964
3144288
3144612
3144944
3145268
3145588
3145904
3146240
3146556
3146880
3147204
3147516
3147840
3148172
3148496
3148816
3149132
3149456
3149784
3150104
3150416
3150748
3151072
3151396
3151716
3152040
3152364
3152688
3153012
3153332
3153656
3153976
3154300
3154628
3154952
3155268
3155592
3155916
3156248
3156572
3156892
3157224
3157548
3157872
3158200
3158524
3158840
3159176
3159500
3159824
3160152
3160476
3160800
3161116
3161448
3161768
3162088
3162408
3162740
3163072
3163392
3163716
3164040
3164368
3164688
3165012
3165348
3165672
3165996
3166320
3166656
3166984
3167308
3167636
3167964
3168288
3168616
3168936
3169260
3169596
3169924
3170248
3170584
3170916
3171244
3171580
3171912
3172236
3172572
3172904
3173232
3173552
3173892
3174224
3174548
3174888
3175212
3175544
3175872
3176204
3176520
3176860
3177192
3177524
3177852
3178180
3178516
3178848
3179180
3179508
3179840
3180172
3180496
3180836
3181160
3181492
3181836
3182164
3182496
3182840
3183168
3183508
3183844
3184176
3184500
3184848
3185172
3185512
3185852
3186176
3186516
3186856
3187188
3187508
3187848
3188192
3188528
3188864
3189200
3189532
3189872
3190208
3190548
3190884
3191224
3191560
3191900
3192236
3192576
3192916
3193248
3193588
3193928
3194268
3194612
3194952
3195288
3195628
3195968
3196316
3196656
3196996
3197348
3197688
3198032
3198380
3198720
3199060
3199416
3199760
3200104
3200448
3200792
3201132
3201472
3201816
3202156
3202496
3202852
3203200
3203540
3203892
3204240
3204576
3204928
3205284
3205640
3205980
3206336
3206696
3207052
3207404
3207756
3208108
3208460
3208812
3209160
3209516
3209872
3210228
3210572
3210932
3211284
3211640
3211992
3212348
3212696
3213056
3213408
3213768
3214132
3214480
3214836
3215212
3215572
3215932
3216292
3216640
3217012
3217372
3217728
3218096
3218456
3218816
3219172
3219548
3219908
3220268
3220616
3220992
3221356
3221720
3222080
3222456
3222812
3223184
3223548
3223916
3224280
3224644
3225008
3225360
3225736
3226100
3226464
3226832
3227204
3227572
3227936
3228320
3228692
3229048
3229432
3229796
3230176
3230544
3230912
3231284
3231652
3232016
3232380
3232756
3233112
3233492
3233860
3234236
3234608
3234984
3235356
3235732
3236096
3236480
3236852
3237224
3237584
3237972
3238344
3238720
3239080
3239468
3239836
3240220
3240608
3240976
3241356
3241748
3242128
3242504
3242872
3243260
3243636
3244020
3244392
3244776
3245164
3245540
3245928
3246316
3246696
3247076
3247460
3247848
3248232
3248616
3249000
3249384
3249768
3250156
3250540
3250924
3251312
3251700
3252088
3252480
3252872
3253260
3253652
3254044
3254436
3254824
3255216
3255608
3256000
3256396
3256784
3257176
3257568
3257960
3258356
3258752
3259144
3259540
3259932
3260332
3260724
3261124
3261520
3261920
3262320
3262720
3263120
3263516
3263920
3264320
3264716
3265116
3265512
3265916
3266320
3266720
3267124
3267528
3267936
3268340
3268752
3269160
3269568
3269976
3270380
3270784
3271188
3271592
3271992
3272400
3272804
3273212
3273620
3274040
3274464
3274904
3275340
3275780
3276220
3276652
3277084
3277504
3277912
3278312
3278700
3279088
3279472
3279852
3280236
3280620
3281004
3281388
3281788
3282184
3282580
3282984
3283396
3283808
3284228
3284652
3285080
3285516
3285948
3286388
3286828
3287272
3287716
3288160
3288600
3289036
3289464
3289892
3290312
3290732
3291152
3291568
3291988
3292404
3292820
3293240
3293660
3294080
3294504
3294928
3295360
3295788
3296220
3296652
3297084
3297520
3297956
3298396
3298836
3299280
3299728
3300180
3300620
3301068
3301516
3301960
3302396
3302848
3303296
3303740
3304188
3304640
3305092
3305544
3305992
3306452
3306904
3307360
3307816
3308272
3308728
3309184
3309644
3310096
3310560
3311016
3311480
3311940
3312408
3312872
3313336
3313804
3314268
3314736
3315208
3315676
3316144
3316620
3317092
3317568
3318040
3318520
3318992
3319472
3319952
3320432
3320908
3321388
3321860
3322344
3322824
3323308
3323792
3324276
3324764
3325252
3325740
3326224
3326716
3327200
3327692
3328176
3328668
3329152
3329648
3330140
3330636
3331132
3331624
3332124
3332628
3333124
3333624
3334124
3334624
3335132
3335628
3336140
3336644
3337148
3337656
3338168
3338676
3339176
3339696
3340208
3340724
3341240
3341764
3342284
3342812
3343336
3343864
3344388
3344912
3345440
3345968
3346496
3347020
3347548
3348080
3348612
3349152
3349684
3350224
3350764
3351308
3351852
3352396
3352940
3353492
3354044
3354596
3355148
3355708
3356272
3356836
3357396
3357960
3358524
3359088
3359652
3360220
3360784
3361356
3361932
3362504
3363092
3363676
3364256
3364840
3365420
3366004
3366592
3367184
3367776
3368368
3368968
3369568
3370172
3370780
3371388
3371996
3372604
3373224
3373840
3374460
3375084
3375708
3376320
3376960
3377588
3378220
3378856
3379492
3380124
3380764
3381400
3382044
3382684
3383332
3383984
3384644
3385308
3385972
3386652
3387328
3388008
3388680
3389368
3390052
3390740
3391428
3392124
3392816
3393504
3394208
3394920
3395628
3396340
3397052
3397768
3398496
3399224
3399964
3400704
3401444
3402192
3402944
3403692
3404452
3405208
3405972
3406740
3407520
3408292
3409076
3409872
3410680
3411480
3412300
3413124
3413948
3414788
3415632
3416480
3417324
3418184
3419064
3419940
3420820
3421704
3422604
3423504
3424428
3425352
3426288
3427208
3428132
3429080
3430048
3431028
3432008
3433004
3434004
3435008
3436020
3437048
3438104
3439184
3440264
3441352
3442452
3443556
3444668
3445812
3446976
3448160
3449340
3450536
3451788
3453032
3454260
3455484
3456796
3458188
3459616
3461028
3462432
3463896
3465408
3466904
3468456
3470084
3471788
3473484
3475244
3477112
3479024
3481064
3483152
3485360
3487720
3490152
3492936
3495804
3499140
3502856
3507436
3513492
3543572
3549444
3553888
3557680
3561280
3564496
3567392
3570084
3572708
3575160
3577524
3579772
3581976
3584156
3586272
3588280
3590204
3592120
3593968
3595788
3597576
3599312
3601020
3602680
3604336
3606012
3607652
3609224
3610812
3612576
3614172
3615652
3617072
3618496
3619920
3621344
3622712
3624048
3625396
3626736
3628108
3629440
3630736
3632000
3633256
3634504
3635736
3637000
3638228
3639428
3640644
3641868
3643080
3644292
3645472
3646632
3647768
3648900
3650048
3651180
3652316
3653436
3654552
3655660
3656768
3657872
3658976
3660076
3661152
3662212
3663264
3664316
3665368
3666404
3667456
3668484
3669508
3670528
3671536
3672556
3673560
3674560
3675576
3676560
3677556
3678528
3679492
3680468
3681444
3682420
3683376
3684324
3685264
3686196
3687112
3688032
3688968
3689892
3690812
3691712
3692608
3693484
3694372
3695268
3696176
3697076
3697968
3698848
3699720
3700588
3701456
3702324
3703208
3704084
3704952
3705796
3706652
3707484
3708332
3709188
3710036
3710892
3711724
3712564
3713400
3714236
3715072
3715908
3716736
3717556
3718376
3719188
3720004
3720820
3721632
3722436
3723240
3724032
3724824
3725616
3726408
3727204
3727996
3728788
3729568
3730360
3731144
3731928
3732700
3733484
3734256
3735024
3735796
3736556
3737316
3738076
3738828
3739580
3740328
3741084
3741832
3742588
3743328
3744084
3744828
3745568
3746312
3747056
3747796
3748540
3749276
3750012
3750748
3751480
3752200
3752928
3753652
3754384
3755112
3755840
3756568
3757308
3758032
3758752
3759464
3760168
3760884
3761592
3762296
3763008
3763712
3764416
3765120
3765832
3766544
3767256
3767968
3768672
3769380
3770088
3770784
3771488
3772188
3772880
3773576
3774272
3774960
3775648
3776344
3777036
3777724
3778408
3779092
3779776
3780464
3781144
3781828
3782512
3783192
3783860
3784544
3785216
3785888
3786556
3787224
3787896
3788568
3789228
3789908
3790580
3791252
3791916
3792592
3793260
3793928
3794592
3795248
3795908
3796576
3797240
3797904
3798568
3799228
3799892
3800556
3801220
3801880
3802536
3803192
3803848
3804504
3805156
3805808
3806460
3807112
3807768
3808420
3809076
3809732
3810388
3811040
3811692
3812340
3812992
3813640
3814284
3814932
3815572
3816216
3816860
3817508
3818148
3818788
3819436
3820076
3820720
3821360
3821996
3822640
3823280
3823924
3824564
3825204
3825840
3826472
3827116
3827752
3828392
3829032
3829668
3830308
3830940
3831572
3832200
3832832
3833460
3834084
3834708
3835336
3835964
3836596
3837224
3837852
3838484
3839116
3839744
3840372
3841000
3841628
3842252
3842880
3843500
3844132
3844756
3845372
3846000
3846624
3847240
3847860
3848476
3849100
3849712
3850336
3850960
3851592
3852228
3852884
3853544
3854196
3854840
3855468
3856080
3856684
3857284
3857880
3858468
3859064
3859660
3860264
3860876
3861488
3862096
3862724
3863340
3863972
3864592
3865212
3865832
3866448
3867052
3867668
3868280
3868888
3869500
3870104
3870716
3871332
3871940
3872552
3873156
3873780
3874400
3875012
3875632
3876248
3876864
3877476
3878088
3878700
3879312
3879920
3880524
3881136
3881740
3882344
3882960
3883572
3884176
3884792
3885400
3886008
3886620
3887228
3887832
3888440
3889048
3889656
3890260
3890876
3891480
3892080
3892688
3893300
3893900
3894512
3895120
3895728
3896336
3896944
3897556
3898164
3898764
3899372
3899976
3900584
3901188
3901792
3902400
3903004
3903608
3904208
3904816
3905416
3906024
3906624
3907232
3907836
3908440
3909044
3909652
3910260
3910864
3911464
3912064
3912664
3913272
3913868
3914472
3915080
3915680
3916288
3916892
3917492
3918100
3918704
3919312
3919912
3920508
3921120
3921720
3922328
3922928
3923536
3924132
3924748
3925348
3925956
3926560
3927160
3927768
3928372
3928972
3929580
3930180
3930788
3931388
3931992
3932592
3933200
3933796
3934404
3935004
3935608
3936208
3936812
3937408
3938008
3938612
3939216
3939820
3940424
3941028
3941636
3942240
3942844
3943452
3944052
3944660
3945264
3945872
3946476
3947080
3947688
3948292
3948900
3949508
3950112
3950720
3951328
3951932
3952536
3953148
3953748
3954356
3954968
3955572
3956180
3956788
3957392
3958000
3958608
3959208
3959816
3960428
3961032
3961640
3962252
3962864
3963476
3964088
3964696
3965312
3965924
3966536
3967144
3967760
3968376
3968984
3969600
3970216
3970836
3971452
3972068
3972684
3973304
3973920
3974536
3975148
3975768
3976384
3977000
3977624
3978240
3978860
3979480
3980100
3980724
3981348
3981960
3982584
3983208
3983832
3984456
3985080
3985696
3986328
3986952
3987568
3988192
3988820
3989436
3990056
3990688
3991312
3991936
3992564
3993192
3993816
3994448
3995076
3995700
3996332
3996964
3997600
3998228
3998872
3999504
4000140
4000772
4001412
4002040
4002684
4003324
4003964
4004608
4005248
4005896
4006544
4007188
4007832
4008480
4009120
4009776
4010416
4011060
4011716
4012356
4013008
4013660
4014316
4014972
4015620
4016272
4016932
4017588
4018244
4018904
4019564
4020220
4020880
4021544
4022208
4022864
4023532
4024196
4024856
4025532
4026196
4026860
4027540
4028204
4028880
4029548
4030224
4030908
4031584
4032264
4032940
4033624
4034304
4034984
4035676
4036356
4037044
4037736
4038428
4039120
4039820
4040520
4041216
4041912
4042620
4043320
4044028
4044736
4045444
4046148
4046864
4047584
4048300
4049012
4049748
4050472
4051200
4051924
4052652
4053384
4054116
4054848
4055572
4056312
4057056
4057800
4058544
4059296
4060036
4060784
4061524
4062272
4063020
4063776
4064524
4065296
4066060
4066832
4067608
4068380
4069148
4069916
4070704
4071484
4072268
4073060
4073852
4074644
4075440
4076244
4077044
4077856
4078668
4079476
4080280
4081104
4081924
4082756
4083600
4084444
4085292
4086140
4086968
4087820
4088656
4089504
4090364
4091228
4092112
4092992
4093888
4094776
4095656
4096556
4097452
4098356
4099244
4100144
4101044
4101948
4102884
4103828
4104768
4105728
4106696
4107660
4108632
4109604
4110580
4111556
4112544
4113528
4114520
4115516
4116520
4117528
4118556
4119572
4120608
4121672
4122728
4123792
4124864
4125944
4127044
4128148
4129276
4130400
4131528
4132652
4133768
4134928
4136100
4137272
4138448
4139636
4140844
4142072
4143308
4144560
4145840
4147104
4148388
4149684
4151020
4152368
4153736
4155108
4156524
4157956
4159404
4160868
4162364
4163880
4165428
4167004
4168636
4170276
4171928
4173612
4175348
4177104
4178928
4180756
4182640
4184576
4186548
4188600
4190704
4192884
4195168
4197512
4199916
4202436
4205080
4207824
4210776
4213984
4217380
4221036
4225216
4229908
4235568
4243164
4269676
4280624
4288148
4294524
4300276
4305496
4310204
4314576
4318652
4322604
4326392
4330048
4333628
4337124
4340576
4343892
4347156
4350452
4353656
4356816
4359892
4362972
4366000
4368924
4371840
4374688
4377532
4380352
4383104
4385848
4388584
4391296
4393964
4396636
4399252
4401880
4404484
4407056
4409612
4412172
4414716
4417200
4419720
4422196
4424664
4427148
4429588
4432068
4434488
4436888
4439308
4441720
4444120
4446512
4448880
4451232
4453616
4456020
4458428
4460804
4463152
4465488
4467868
4470260
4472620
4474968
4477336
4479712
4482100
4484488
4486840
4489208
4491672
4494228
4496700
4499076
4501440
4503856
4506212
4508496
4510820
4513240
4515704
4518180
4520600
4523028
4525472
4527872
4530312
4532756
4535288
4537756
4540192
4542704
4545208
4547680
4550236
4552760
4555260
4557756
4560316
4562892
4565472
4568060
4570632
4573240
4575844
4578504
4581168
4583868
4586528
4589244
4591972
4594732
4597528
4600352
4603176
4606024
4608924
4611820
4614792
4617792
4620796
4623892
4626976
4630180
4633364
4636636
4639924
4643264
4646664
4650108
4653692
4657288
4660980
4664720
4668564
4672512
4676536
4680720
4685008
4689432
4694008
4698720
4703672
4708828
4714220
4719908
4725960
4732436
4739436
4747172
4756044
4766548
4780440
4838896
4860560
4879084
4901796
4965932
4985492
5005044
5029732
5116716
5182064
5221860
5255168
5300172
