16
54088
78328
98168
117808
137996
160628
186260
214420
286696
308008
328644
356408
424600
543144
611172
646100
676972
712848
742472
777192
950292
973928
985716
993372
1000160
1006140
1011296
1016092
1020556
1024828
1028908
1032752
1036428
1039908
1043248
1046532
1049780
1052936
1056064
1059092
1062068
1064936
1067780
1070548
1073252
1075912
1078524
1081096
1083632
1086092
1088548
1090988
1093396
1095756
1098068
1100368
1102688
1104928
1107136
1109348
1111532
1113704
1115868
1117992
1120108
1122188
1124264
1126312
1128316
1130336
1132316
1134256
1136216
1138168
1140072
1142008
1143924
1145788
1147676
1149592
1151452
1153308
1155152
1156996
1158840
1160672
1162496
1164312
1166112
1167896
1169676
1171468
1173212
1174980
1176736
1178496
1180212
1181924
1183664
1185368
1187072
1188768
1190468
1192172
1193848
1195520
1197188
1198872
1200548
1202208
1203872
1205544
1207184
1208824
1210472
1212112
1213772
1215420
1217028
1218680
1220316
1221944
1223572
1225184
1226820
1228436
1230032
1231660
1233264
1234852
1236448
1238060
1239632
1241240
1242848
1244448
1246032
1247636
1249244
1250852
1252472
1254060
1255660
1257264
1258856
1260456
1262036
1263636
1265244
1266828
1268404
1270008
1271612
1273216
1274804
1276396
1277984
1279580
1281144
1282768
1284372
1285976
1287560
1289184
1290776
1292376
1293960
1295588
1297200
1298832
1300456
1302092
1303720
1305356
1306988
1308628
1310272
1311912
1313584
1315248
1316900
1318564
1320200
1321888
1323536
1325228
1326912
1328584
1330276
1331964
1333668
1335384
1337120
1338836
1340588
1342332
1344068
1345832
1347568
1349328
1351100
1352912
1354748
1356540
1358360
1360180
1362020
1363840
1365700
1367580
1369432
1371296
1373176
1375064
1376968
1378828
1380748
1382656
1384544
1386464
1388372
1390280
1392168
1394076
1395984
1397908
1399792
1401692
1403596
1405480
1407408
1409288
1411184
1413052
1414896
1416760
1418648
1420508
1422376
1424224
1426076
1427904
1429760
1431600
1433432
1435264
1437096
1438896
1440740
1442544
1444328
1446152
1447952
1449736
1451500
1453284
1455032
1456796
1458548
1460292
1462028
1463756
1465448
1467140
1468840
1470500
1472192
1473848
1475504
1477160
1478824
1480468
1482084
1483708
1485320
1486928
1488500
1490104
1491708
1493296
1494852
1496444
1498008
1499556
1501112
1502660
1504188
1505688
1507220
1508744
1510248
1511748
1513216
1514712
1516196
1517684
1519144
1520584
1522036
1523476
1524908
1526348
1527772
1529196
1530612
1532012
1533428
1534828
1536220
1537612
1538988
1540368
1541716
1543088
1544456
1545832
1547192
1548560
1549908
1551244
1552584
1553936
1555276
1556588
1557912
1559236
1560556
1561860
1563168
1564460
1565772
1567064
1568376
1569668
1570992
1572272
1573532
1574796
1576084
1577376
1578644
1579888
1581144
1582404
1583676
1584936
1586172
1587408
1588620
1589860
1591096
1592348
1593560
1594756
1595944
1597168
1598388
1599620
1600832
1602012
1603192
1604388
1605616
1606840
1608048
1609248
1610432
1611608
1612776
1613944
1615100
1616260
1617432
1618608
1619768
1620916
1622084
1623252
1624408
1625564
1626724
1627868
1629024
1630184
1631356
1632484
1633576
1634688
1635784
1636916
1638024
1639140
1640252
1641364
1642480
1643576
1644664
1645760
1646844
1647944
1649024
1650096
1651156
1652228
1653312
1654380
1655444
1656516
1657596
1658652
1659708
1660756
1661792
1662840
1663896
1664944
1665996
1667028
1668068
1669104
1670128
1671160
1672184
1673188
1674208
1675228
1676240
1677256
1678260
1679260
1680264
1681264
1682260
1683256
1684240
1685224
1686208
1687200
1688184
1689160
1690132
1691104
1692080
1693048
1694004
1694976
1695948
1696900
1697872
1698824
1699784
1700732
1701680
1702648
1703604
1704552
1705492
1706416
1707344
1708268
1709188
1710100
1711008
1711924
1712824
1713732
1714636
1715556
1716468
1717376
1718264
1719180
1720072
1720952
1721824
1722712
1723592
1724460
1725340
1726212
1727084
1727952
1728816
1729676
1730532
1731396
1732244
1733108
1733952
1734792
1735636
1736472
1737312
1738140
1738976
1739796
1740628
1741448
1742264
1743076
1743892
1744712
1745524
1746336
1747140
1747956
1748772
1749584
1750396
1751192
1751984
1752792
1753596
1754392
1755184
1755960
1756756
1757540
1758328
1759116
1759904
1760688
1761468
1762244
1763012
1763772
1764528
1765296
1766056
1766812
1767564
1768320
1769072
1769820
1770572
1771324
1772064
1772820
1773564
1774312
1775064
1775804
1776548
1777272
1778000
1778716
1779432
1780164
1780880
1781588
1782316
1783028
1783736
1784440
1785148
1785856
1786560
1787272
1787976
1788672
1789364
1790056
1790752
1791448
1792136
1792824
1793512
1794200
1794884
1795580
1796256
1796936
1797612
1798300
1798976
1799644
1800324
1800988
1801652
1802312
1802972
1803628
1804284
1804936
1805600
1806252
1806904
1807556
1808200
1808848
1809484
1810120
1810760
1811400
1812040
1812676
1813320
1813964
1814612
1815256
1815888
1816528
1817156
1817796
1818424
1819060
1819692
1820328
1820960
1821584
1822204
1822812
1823428
1824036
1824640
1825252
1825876
1826484
1827100
1827720
1828336
1828956
1829580
1830196
1830808
1831424
1832036
1832644
1833248
1833844
1834436
1835032
1835616
1836204
1836780
1837360
1837940
1838520
1839104
1839684
1840268
1840852
1841432
1842016
1842592
1843164
1843740
1844316
1844884
1845460
1846036
1846612
1847176
1847744
1848312
1848872
1849428
1849984
1850540
1851096
1851664
1852232
1852800
1853368
1853932
1854488
1855040
1855588
1856132
1856668
1857204
1857748
1858288
1858828
1859364
1859912
1860460
1861004
1861552
1862096
1862648
1863196
1863740
1864280
1864824
1865360
1865892
1866420
1866944
1867480
1868004
1868532
1869056
1869572
1870100
1870620
1871148
1871672
1872208
1872740
1873268
1873796
1874324
1874844
1875364
1875880
1876396
1876908
1877424
1877940
1878452
1878968
1879468
1879980
1880484
1880984
1881484
1881984
1882488
1882992
1883496
1884012
1884524
1885040
1885544
1886056
1886556
1887056
1887544
1888036
1888520
1889000
1889480
1889968
1890456
1890944
1891436
1891936
1892432
1892920
1893412
1893896
1894384
1894868
1895340
1895828
1896304
1896780
1897256
1897728
1898204
1898676
1899152
1899624
1900096
1900572
1901044
1901516
1901988
1902460
1902928
1903400
1903868
1904336
1904800
1905264
1905728
1906188
1906648
1907116
1907576
1908044
1908508
1908972
1909440
1909900
1910368
1910832
1911288
1911744
1912200
1912652
1913104
1913552
1914004
1914448
1914900
1915348
1915796
1916248
1916700
1917156
1917608
1918060
1918508
1918952
1919404
1919848
1920288
1920732
1921176
1921624
1922060
1922504
1922952
1923404
1923856
1924304
1924748
1925188
1925628
1926068
1926504
1926944
1927380
1927816
1928260
1928700
1929136
1929572
1930004
1930440
1930872
1931292
1931728
1932152
1932580
1933004
1933432
1933856
1934280
1934704
1935128
1935548
1935980
1936400
1936832
1937260
1937680
1938108
1938536
1938952
1939376
1939800
1940224
1940644
1941068
1941492
1941912
1942336
1942760
1943184
1943612
1944032
1944460
1944884
1945308
1945724
1946148
1946564
1946976
1947388
1947792
1948200
1948604
1949004
1949404
1949812
1950216
1950624
1951028
1951436
1951840
1952248
1952656
1953064
1953472
1953876
1954288
1954696
1955104
1955512
1955920
1956328
1956740
1957148
1957556
1957964
1958368
1958776
1959184
1959588
1959992
1960392
1960800
1961196
1961596
1961996
1962400
1962800
1963200
1963604
1964008
1964408
1964808
1965200
1965592
1965984
1966368
1966768
1967160
1967548
1967944
1968340
1968736
1969132
1969528
1969928
1970320
1970716
1971108
1971500
1971892
1972276
1972672
1973060
1973452
1973852
1974240
1974640
1975032
1975432
1975820
1976220
1976608
1977004
1977396
1977784
1978172
1978556
1978948
1979332
1979720
1980104
1980488
1980868
1981248
1981628
1982008
1982388
1982764
1983148
1983528
1983912
1984292
1984676
1985060
1985440
1985820
1986200
1986576
1986956
1987332
1987712
1988084
1988464
1988844
1989220
1989604
1989980
1990360
1990736
1991112
1991492
1991868
1992240
1992620
1992996
1993372
1993744
1994124
1994496
1994872
1995244
1995620
1995992
1996368
1996744
1997124
1997496
1997872
1998244
1998620
1998992
1999360
1999728
2000096
2000464
2000828
2001200
2001568
2001932
2002308
2002684
2003056
2003432
2003808
2004180
2004552
2004928
2005300
2005672
2006044
2006416
2006784
2007156
2007528
2007904
2008268
2008640
2009012
2009380
2009752
2010120
2010488
2010856
2011220
2011588
2011956
2012320
2012684
2013048
2013416
2013780
2014140
2014512
2014880
2015244
2015612
2015980
2016348
2016716
2017084
2017452
2017820
2018184
2018548
2018908
2019276
2019636
2019996
2020356
2020720
2021080
2021444
2021804
2022168
2022528
2022892
2023252
2023616
2023960
2024336
2024700
2025044
2025420
2025780
2026144
2026504
2026848
2027220
2027580
2027924
2028296
2028652
2029000
2029368
2029724
2030068
2030440
2030796
2031140
2031508
2031860
2032220
2032576
2032932
2033280
2033648
2034004
2034348
2034716
2035064
2035428
2035788
2036132
2036504
2036860
2037204
2037572
2037928
2038272
2038636
2038988
2039332
2039696
2040048
2040392
2040756
2041112
2041456
2041820
2042176
2042524
2042888
2043232
2043600
2043952
2044300
2044644
2045012
2045356
2045700
2046068
2046412
2046772
2047128
2047476
2047840
2048192
2048536
2048904
2049260
2049604
2049972
2050328
2050676
2051036
2051388
2051736
2052088
2052436
2052780
2053116
2053476
2053820
2054160
2054520
2054864
2055224
2055572
2055936
2056292
2056636
2057004
2057360
2057704
2058064
2058416
2058760
2059096
2059456
2059804
2060140
2060500
2060848
2061200
2061552
2061900
2062256
2062608
2062952
2063312
2063664
2064008
2064376
2064736
2065080
2065448
2065792
2066160
2066512
2066856
2067204
2067552
2067896
2068240
2068584
2068928
2069272
2069620
2069964
2070308
2070664
2071012
2071356
2071716
2072060
2072404
2072764
2073108
2073460
2073808
2074152
2074492
2074852
2075196
2075532
2075896
2076240
2076588
2076940
2077288
2077640
2077992
2078336
2078692
2079040
2079384
2079740
2080092
2080436
2080796
2081140
2081488
2081844
2082192
2082536
2082888
2083232
2083580
2083916
2084264
2084608
2084960
2085304
2085648
2086004
2086348
2086692
2087048
2087392
2087736
2088096
2088440
2088784
2089140
2089484
2089824
2090176
2090524
2090872
2091220
2091564
2091904
2092264
2092608
2092948
2093308
2093652
2093992
2094352
2094696
2095032
2095392
2095736
2096088
2096436
2096784
2097120
2097480
2097824
2098164
2098520
2098864
2099220
2099564
2099912
2100268
2100612
2100956
2101312
2101656
2102004
2102044
2102364
2102704
2103060
2103408
2103756
2104100
2104448
2104796
2105144
2105492
2105840
2106192
2106544
2106892
2107236
2107596
2107948
2108296
2108656
2108996
2109356
2109700
2110060
2110412
2110760
2111104
2111464
2111808
2112164
2112504
2112860
2113192
2113544
2113900
2114244
2114584
2114932
2115276
2115612
2115960
2116324
2116660
2117008
2117372
2117708
2118072
2118420
2118776
2119120
2119468
2119824
2120172
2120516
2120868
2121212
2121556
2121916
2122260
2122612
2122960
2123308
2123644
2124008
2124352
2124688
2125052
2125396
2125752
2126108
2126452
2126808
2127156
2127500
2127860
2128208
2128556
2128912
2129256
2129600
2129960
2130304
2130648
2131008
2131352
2131700
2132056
2132400
2132744
2133104
2133448
2133792
2134156
2134500
2134844
2135208
2135556
2135908
2136256
2136600
2136960
2137308
2137652
2138008
2138356
2138704
2139060
2139412
2139760
2140116
2140468
2140812
2141176
2141528
2141872
2142228
2142576
2142920
2143280
2143624
2143972
2144324
2144668
2145012
2145352
2145700
2146056
2146408
2146752
2147096
2147452
2147796
2148144
2148496
2148840
2149184
2149540
2149888
2150240
2150588
2150936
2151292
2151640
2151988
2152344
2152692
2153040
2153396
2153744
2154088
2154440
2154792
2155136
2155488
2155840
2156184
2156536
2156888
2157232
2157584
2157932
2158276
2158632
2158976
2159320
2159680
2160024
2160368
2160728
2161072
2161420
2161772
2162116
2162464
2162820
2163164
2163508
2163868
2164212
2164560
2164916
2165264
2165616
2165964
2166312
2166656
2167008
2167356
2167692
2168052
2168396
2168732
2169096
2169440
2169796
2170144
2170488
2170828
2171188
2171532
2171884
2172232
2172580
2172928
2173272
2173616
2173980
2174324
2174672
2175028
2175372
2175716
2176052
2176404
2176748
2177108
2177452
2177800
2178156
2178500
2178844
2179204
2179552
2179896
2180252
2180596
2180940
2181292
2181636
2181972
2182332
2182676
2183012
2183372
2183716
2184052
2184412
2184756
2185092
2185448
2185796
2186132
2186492
2186840
2187176
2187528
2187872
2188212
2188564
2188908
2189244
2189600
2189944
2190280
2190636
2190980
2191316
2191676
2192020
2192360
2192716
2193064
2193400
2193752
2194096
2194436
2194784
2195128
2195464
2195812
2196160
2196512
2196852
2197196
2197532
2197876
2198220
2198560
2198908
2199252
2199588
2199928
2200272
2200608
2200952
2201280
2201628
2201964
2202300
2202632
2202980
2203320
2203668
2204012
2204340
2204688
2205040
2205384
2205720
2206060
2206392
2206740
2207080
2207412
2207744
2208084
2208416
2208748
2209084
2209424
2209760
2210104
2210444
2210788
2211128
2211468
2211804
2212140
2212476
2212800
2213148
2213480
2213820
2214144
2214484
2214824
2215164
2215504
2215836
2216176
2216512
2216848
2217188
2217512
2217852
2218192
2218532
2218868
2219200
2219532
2219856
2220196
2220540
2220876
2221200
2221540
2221880
2222216
2222552
2222888
2223220
2223560
2223896
2224232
2224556
2224896
2225236
2225572
2225904
2226236
2226572
2226900
2227228
2227560
2227892
2228220
2228556
2228888
2229208
2229548
2229884
2230208
2230540
2230876
2231208
2231536
2231868
2232200
2232520
2232860
2233188
2233516
2233848
2234184
2234516
2234848
2235180
2235504
2235844
2236176
2236516
2236840
2237180
2237512
2237844
2238172
2238496
2238832
2239160
2239492
2239816
2240144
2240476
2240804
2241132
2241448
2241788
2242100
2242424
2242760
2243080
2243404
2243740
2244056
2244380
2244708
2245032
2245356
2245680
2246008
2246332
2246656
2246984
2247312
2247636
2247960
2248284
2248612
2248928
2249248
2249580
2249904
2250228
2250564
2250880
2251220
2251532
2251852
2252184
2252504
2252820
2253156
2253476
2253796
2254116
2254440
2254760
2255080
2255400
2255724
2256040
2256356
2256668
2257000
2257316
2257636
2257960
2258276
2258600
2258916
2259236
2259556
2259872
2260192
2260508
2260828
2261132
2261448
2261772
2262092
2262408
2262724
2263040
2263360
2263676
2263996
2264312
2264632
2264948
2265264
2265568
2265896
2266212
2266528
2266836
2267160
2267472
2267780
2268104
2268416
2268732
2269048
2269360
2269668
2269972
2270296
2270608
2270916
2271232
2271536
2271852
2272156
2272472
2272784
2273096
2273408
2273716
2274028
2274340
2274640
2274944
2275260
2275576
2275884
2276196
2276508
2276808
2277120
2277428
2277752
2278056
2278372
2278684
2278996
2279296
2279616
2279928
2280240
2280548
2280856
2281148
2281472
2281772
2282076
2282396
2282696
2283012
2283316
2283624
2283936
2284248
2284548
2284856
2285172
2285488
2285796
2286112
2286424
2286728
2287040
2287348
2287656
2287960
2288256
2288568
2288876
2289176
2289476
2289776
2290068
2290372
2290668
2290964
2291256
2291564
2291860
2292160
2292448
2292760
2293048
2293356
2293652
2293956
2294256
2294552
2294852
2295140
2295448
2295760
2296052
2296340
2296636
2296952
2297244
2297544
2297840
2298144
2298484
2298824
2299164
2299504
2298820
2299156
2299500
2298816
2299152
2299496
2298812
2299152
2299492
2298808
2299148
2299488
2298804
2299144
2299484
2298800
2299140
2299480
2298796
2299136
2299476
2298792
2299132
2299472
2298788
2299128
2299468
2298784
2299120
2299464
2298780
2299120
2299460
2298776
2299116
2299456
2298772
2299112
2299452
2298768
2299108
2299448
2298764
2299104
2299444
2298760
2299100
2299440
2298752
2299096
2299436
2298752
2299092
2299432
2298748
2299088
2299428
2298744
2299084
2299424
2298740
2299080
2299420
2298736
2299076
2299416
2298732
2299072
2299412
2298728
2299068
2299408
2298724
2299064
2299404
2298716
2299060
2299400
2298716
2299056
2299396
2298712
2299052
2299392
2298708
2299048
2299388
2299728
2299044
2299380
2299724
2299040
2299380
2299720
2299036
2299376
2299716
2299032
2299372
2299712
2299024
2299368
2299708
2299024
2299364
2299704
2299020
2299360
2299700
2299012
2299356
2299696
2299012
2299352
2299692
2299008
2299348
2299688
2299004
2299344
2299684
2299000
2299340
2299680
2298996
2299336
2299676
2298992
2299332
2299672
2298988
2299328
2299668
2298980
2299324
2299664
2298976
2299320
2299660
2298976
2299316
2299656
2298972
2299312
2299652
2298968
2299308
2299648
2298964
2299304
2299644
2298960
2299300
2299640
2298956
2299296
2299636
2298952
2299292
2299632
2298948
2299288
2299628
2298944
2299284
2299624
2298940
2299280
2299620
2298936
2299276
2299616
2298928
2299272
2299612
2298928
2299268
2299608
2298924
2299264
2299600
2298920
2299260
2299596
2298916
2299256
2299596
2298912
2299252
2299592
2298908
2299248
2299588
2298904
2299244
2299584
2298900
2299240
2299580
2298896
2299236
2299576
2298892
2299232
2299572
2298888
2299228
2299568
2298884
2299224
2299564
2298880
2299220
2299560
2298876
2299216
2299556
2298872
2299212
2299552
2298868
2299204
2299548
2298864
2299204
2299544
2298860
2299196
2299540
2298856
2299192
2299536
2298852
2299192
2299532
2298848
2299188
2299528
2298844
2299184
2299524
2298840
2299180
2299520
2298836
2299176
2299516
2298832
2299172
2299512
2298828
2299168
2299508
2298824
2299160
2299504
2298820
2299160
2299500
2298816
2299156
2299496
2298812
2299152
2299492
2298804
2299148
2299488
2298804
2299144
2299484
2298800
2299140
2299480
2298792
2299136
2299476
2298792
2299132
2299472
2298788
2299128
2299468
2298784
2299124
2299464
2298780
2299120
2299460
2298776
2299116
2299456
2298772
2299112
2299452
2298768
2299108
2299448
2298760
2299104
2299444
2298756
2299100
2299440
2298756
2299096
2299436
2298752
2299092
2299432
2298748
2299088
2299428
2298744
2299084
2299424
2298740
2299080
2299420
2298736
2299076
2299416
2298732
2299072
2299412
2298728
2299068
2299408
2298724
2299064
2299404
2298720
2299060
2299400
2298716
2299056
2299396
2298708
2299052
2299392
2298708
2299048
2299388
2299728
2299044
2299384
2299724
2299040
2299380
2299716
2299036
2299376
2299716
2299032
2299372
2299712
2299028
2299368
2299708
2299024
2299364
2299704
2299020
2299360
2299700
2299016
2299356
2299696
2299012
2299352
2299692
2299008
2299348
2299684
2299004
2299344
2299680
2299000
2299340
2299680
2298996
2299336
2299676
2298992
2299332
2299672
2298988
2299328
2299668
2298984
2299324
2299664
2298980
2299320
2299660
2298976
2299316
2299656
2298972
2299312
2299652
2298968
2299308
2299648
2298964
2299304
2299644
2298960
2299300
2299640
2298956
2299296
2299632
2298952
2299292
2299632
2298948
2299288
2299628
2298944
2299280
2299624
2298940
2299276
2299620
2298936
2299276
2299616
2298932
2299272
2299612
2298928
2299268
2299608
2298924
2299264
2299604
2298920
2299260
2299600
2298916
2299256
2299596
2298912
2299252
2299592
2298908
2299248
2299588
2298904
2299244
2299584
2298900
2299240
2299580
2298896
2299236
2299576
2298892
2299232
2299572
2298884
2299228
2299568
2298884
2299224
2299564
2298876
2299220
2299560
2298872
2299216
2299556
2298872
2299212
2299552
2298868
2299208
2299548
2298864
2299204
2299544
2298860
2299200
2299540
2298856
2299196
2299536
2298852
2299192
2299532
2298848
2299188
2299528
2298840
2299184
2299524
2298840
2299180
2299520
2298836
2299176
2299516
2298832
2299172
2299508
2298828
2299168
2299508
2298824
2299164
2299504
2298820
2299160
2299496
2298816
2299156
2299496
2298812
2299152
2299492
2298808
2299148
2299488
2298804
2299144
2299484
2298800
2299140
2299480
2298796
2299136
2299476
2298792
2299132
2299472
2298788
2299128
2299464
2298784
2299124
2299460
2298780
2299120
2299460
2298776
2299116
2299456
2298772
2299112
2299452
2298768
2299108
2299448
2298764
2299104
2299444
2298760
2299100
2299440
2298756
2299096
2299436
2298752
2299092
2299432
2298748
2299088
2299428
2298744
2299084
2299424
2298740
2299080
2299420
2298736
2299076
2299412
2298732
2299072
2299412
2298728
2299068
2299408
2298724
2299060
2299404
2298720
2299056
2299400
2298716
2299056
2299396
2298712
2299052
2299392
2298708
2299048
2299388
2299724
2299044
2299384
2299720
2299040
2299380
2299720
2299036
2299376
2299716
2299032
2299372
2299712
2299028
2299368
2299708
2299024
2299364
2299704
2299020
2299360
2299700
2299016
2299356
2299696
2299012
2299352
2299692
2299008
2299348
2299688
2299004
2299344
2299684
2299000
2299340
2299680
2298996
2299336
2299676
2298992
2299332
2299672
2298988
2299328
2299668
2298984
2299320
2299664
2298980
2299316
2299660
2298976
2299316
2299656
2298972
2299312
2299652
2298968
2299308
2299648
2298964
2299304
2299644
2298960
2299300
2299640
2298956
2299296
2299636
2298952
2299292
2299632
2298948
2299284
2299628
2298944
2299284
2299624
2298940
2299280
2299620
2298936
2299276
2299616
2298932
2299272
2299612
2298928
2299268
2299608
2298924
2299264
2299604
2298916
2299260
2299600
2298916
2299256
2299596
2298912
2299252
2299592
2298908
2299248
2299588
2298904
2299244
2299584
2298900
2299240
2299580
2298896
2299236
2299576
2298892
2299232
2299572
2298888
2299228
2299568
2298880
2299224
2299564
2298880
2299220
2299560
2298876
2299216
2299556
2298872
2299212
2299548
2298868
2299208
2299548
2298864
2299204
2299544
2298860
2299200
2299540
2298856
2299196
2299536
2298852
2299192
2299532
2298848
2299188
2299528
2298844
2299184
2299524
2298840
2299180
2299520
2298836
2299176
2299516
2298832
2299172
2299512
2298828
2299168
2299504
2298824
2299164
2299500
2298820
2299160
2299500
2298816
2299156
2299496
2298812
2299152
2299492
2298808
2299148
2299488
2298804
2299144
2299484
2298800
2299140
2299480
2298796
2299136
2299476
2298792
2299132
2299472
2298788
2299128
2299468
2298784
2299124
2299464
2298780
2299120
2299460
2298776
2299116
2299456
2298772
2299112
2299452
2298768
2299108
2299448
2298764
2299100
2299444
2298760
2299096
2299440
2298756
2299096
2299436
2298752
2299092
2299432
2298748
2299088
2299428
2298744
2299084
2299424
2298740
2299080
2299420
2298736
2299076
2299416
2298732
2299072
2299412
2298728
2299064
2299408
2298724
2299064
2299404
2298720
2299060
2299400
2298716
2299056
2299396
2298712
2299052
2299392
2298708
2299048
2299388
2299728
2299044
2299384
2299724
2299040
2299380
2299720
2299036
2299376
2299716
2299032
2299368
2299712
2299028
2299368
2299708
2299024
2299360
2299704
2299020
2299356
2299700
2299016
2299356
2299696
2299012
2299352
2299692
2299008
2299348
2299688
2299004
2299344
2299684
2299000
2299340
2299680
2298996
2299336
2299676
2298992
2299332
2299672
2298988
2299324
2299668
2298984
2299324
2299664
2298980
2299320
2299660
2298976
2299316
2299656
2298968
2299312
2299652
2298968
2299308
2299648
2298964
2299304
2299644
2298956
2299300
2299640
2298956
2299296
2299636
2298952
2299292
2299632
2298948
2299288
2299628
2298944
2299284
2299624
2298940
2299280
2299620
2298936
2299276
2299616
2298932
2299272
2299612
2298924
2299268
2299608
2298920
2299264
2299604
2298920
2299260
2299600
2298916
2299256
2299596
2298912
2299252
2299592
2298908
2299248
2299588
2298904
2299244
2299584
2298900
2299240
2299580
2298896
2299236
2299576
2298892
2299232
2299572
2298888
2299228
2299568
2298884
2299224
2299564
2298880
2299220
2299560
2298872
2299216
2299556
2298872
2299212
2299552
2298868
2299208
2299544
2298864
2299204
2299540
2298860
2299200
2299540
2298856
2299196
2299536
2298852
2299192
2299532
2298848
2299188
2299528
2298844
2299184
2299524
2298840
2299180
2299520
2298836
2299176
2299516
2298832
2299172
2299512
2298828
2299168
2299508
2298824
2299164
2299504
2298820
2299160
2299500
2298816
2299156
2299496
2298812
2299148
2299492
2298808
2299148
2299488
2298804
2299140
2299484
2298800
2299136
2299480
2298796
2299136
2299476
2298792
2299132
2299472
2298788
2299128
2299468
2298784
2299124
2299464
2298780
2299120
2299460
2298776
2299116
2299456
2298772
2299112
2299452
2298768
2299104
2299448
2298764
2299104
2299444
2298760
2299100
2299440
2298756
2299096
2299436
2298748
2299092
2299432
2298748
2299088
2299428
2298744
2299084
2299424
2298736
2299080
2299420
2298736
2299076
2299416
2298732
2299072
2299412
2298728
2299068
2299408
2298724
2299064
2299404
2298720
2299060
2299400
2298716
2299056
2299396
2298712
2299052
2299392
2299728
2299048
2299388
2299724
2299044
2299384
2299724
2299040
2299380
2299720
2299036
2299376
2299716
2299032
2299372
2299712
2299028
2299368
2299708
2299024
2299364
2299704
2299020
2299360
2299700
2299016
2299356
2299696
2299012
2299352
2299692
2299008
2299348
2299688
2299004
2299344
2299684
2299000
2299340
2299676
2298996
2299336
2299676
2298992
2299332
2299672
2298988
2299324
2299668
2298984
2299320
2299664
2298980
2299320
2299660
2298976
2299316
2299656
2298972
2299312
2299652
2298968
2299308
2299648
2298964
2299304
2299644
2298960
2299300
2299640
2298956
2299296
2299636
2298952
2299292
2299632
2298948
2299288
2299628
2298944
2299284
2299624
2298940
2299280
2299620
2298936
2299276
2299616
2298928
2299272
2299612
2298928
2299268
2299608
2298920
2299264
2299604
2298916
2299260
2299600
2298916
2299256
2299596
2298912
2299252
2299592
2298908
2299248
2299588
2298904
2299244
2299584
2298900
2299240
2299580
2298896
2299236
2299576
2298892
2299232
2299572
2298884
2299228
2299568
2298884
2299224
2299564
2298880
2299220
2299560
2298876
2299216
2299552
2298872
2299212
2299552
2298868
2299208
2299548
2298864
2299204
2299540
2298860
2299200
2299540
2298856
2299196
2299536
2298852
2299192
2299532
2298848
2299188
2299528
2298844
2299184
2299524
2298840
2299180
2299520
2298836
2299176
2299516
2298832
2299172
2299508
2298828
2299168
2299504
2298824
2299164
2299504
2298820
2299160
2299500
2298816
2299156
2299496
2298812
2299152
2299492
2298808
2299148
2299488
2298804
2299144
2299484
2298800
2299140
2299480
2298796
2299136
2299476
2298792
2299132
2299472
2298788
2299128
2299468
2298784
2299124
2299464
2298780
2299120
2299456
2298776
2299116
2299456
2298772
2299112
2299452
2298768
2299104
2299448
2298764
2299100
2299444
2298760
2299100
2299440
2298756
2299096
2299436
2298752
2299092
2299432
2298748
2299088
2299428
2298744
2299084
2299424
2298740
2299080
2299420
2298736
2299076
2299416
2298732
2299072
2299412
2298728
2299068
2299408
2298724
2299064
2299404
2298720
2299060
2299400
2298716
2299056
2299396
2298708
2299052
2299392
2298708
2299048
2299388
2299728
2299044
2299384
2299724
2299040
2299380
2299720
2299036
2299376
2299716
2299032
2299372
2299712
2299028
2299368
2299708
2299024
2299364
2299704
2299020
2299356
2299700
2299016
2299356
2299696
2299012
2299352
2299692
2299004
2299348
2299688
2299000
2299344
2299684
2299000
2299340
2299680
2298996
2299336
2299676
2298992
2299332
2299672
2298988
2299328
2299668
2298984
2299324
2299664
2298980
2299320
2299660
2298976
2299316
2299656
2298972
2299312
2299652
2298968
2299308
2299648
2298964
2299304
2299644
2298960
2299300
2299640
2298956
2299296
2299632
2298952
2299292
2299632
2298948
2299288
2299624
2298944
2299284
2299620
2298940
2299280
2299620
2298936
2299276
2299616
2298932
2299272
2299612
2298928
2299268
2299608
2298924
2299264
2299604
2298920
2299260
2299600
2298916
2299256
2299596
2298912
2299252
2299588
2298908
2299248
2299588
2298904
2299244
2299584
2298900
2299240
2299580
2298896
2299232
2299576
2298892
2299232
2299572
2298888
2299228
2299568
2298884
2299220
2299564
2298880
2299220
2299560
2298876
2299216
2299556
2298872
2299212
2299552
2298868
2299208
2299548
2298864
2299204
2299544
2298860
2299200
2299540
2298856
2299196
2299536
2298852
2299188
2299532
2298848
2299184
2299528
2298844
2299184
2299524
2298840
2299180
2299520
2298836
2299176
2299516
2298832
2299172
2299512
2298828
2299168
2299508
2298824
2299164
2299504
2298820
2299160
2299500
2298816
2299156
2299496
2298812
2299152
2299492
2298808
2299148
2299488
2298804
2299144
2299484
2298800
2299136
2299480
2298796
2299136
2299476
2298792
2299132
2299472
2298784
2299128
2299468
2298780
2299124
2299464
2298780
2299120
2299460
2298776
2299116
2299456
2298772
2299112
2299452
2298768
2299108
2299448
2298764
2299104
2299444
2298760
2299100
2299440
2298756
2299096
2299436
2298752
2299092
2299432
2298748
2299088
2299428
2298744
2299084
2299424
2298740
2299080
2299420
2298736
2299076
2299412
2298732
2299072
2299412
2298728
2299068
2299404
2298724
2299064
2299400
2298720
2299060
2299400
2298716
2299056
2299396
2298712
2299052
2299392
2298708
2299044
2299388
2299728
2299040
2299384
2299724
2299040
2299380
2299720
2299036
2299376
2299716
2299032
2299372
2299712
2299028
2299368
2299708
2299024
2299364
2299704
2299020
2299360
2299700
2299016
2299356
2299696
2299008
2299352
2299692
2299008
2299348
2299688
2299004
2299344
2299684
2299000
2299340
2299680
2298996
2299336
2299676
2298992
2299332
2299672
2298988
2299328
2299664
2298984
2299324
2299664
2298980
2299320
2299660
2298976
2299316
2299656
2298972
2299312
2299652
2298968
2299308
2299648
2298964
2299304
2299644
2298960
2299300
2299640
2298956
2299296
2299636
2298952
2299292
2299628
2298948
2299288
2299628
2298944
2299284
2299624
2298940
2299280
2299620
2298936
2299272
2299616
2298932
2299272
2299612
2298928
2299268
2299608
2298924
2299264
2299604
2298920
2299260
2299600
2298916
2299256
2299596
2298912
2299252
2299592
2298908
2299248
2299588
2298904
2299244
2299584
2298900
2299240
2299580
2298896
2299236
2299576
2298892
2299228
2299572
2298888
2299224
2299568
2298884
2299224
2299564
2298880
2299220
2299560
2298876
2299216
2299556
2298872
2299212
2299552
2298868
2299208
2299548
2298864
2299204
2299544
2298860
2299200
2299540
2298856
2299196
2299536
2298852
2299192
2299532
2298848
2299188
2299528
2298844
2299184
2299524
2298840
2299180
2299520
2298836
2299176
2299516
2298832
2299172
2299512
2298824
2299168
2299508
2298820
2299164
2299504
2298820
2299160
2299500
2298816
2299156
2299496
2298812
2299152
2299492
2298808
2299148
2299488
2298804
2299144
2299484
2298800
2299140
2299480
2298796
2299136
2299476
2298788
2299132
2299472
2298788
2299128
2299468
2298784
2299124
2299464
2298780
2299120
2299460
2298776
2299116
2299456
2298772
2299112
2299452
2298768
2299108
2299444
2298764
2299104
2299444
2298760
2299100
2299440
2298756
2299096
2299436
2298752
2299092
2299432
2298748
2299088
2299428
2298744
2299084
2299424
2298740
2299080
2299420
2298736
2299076
2299416
2298732
2299072
2299408
2298728
2299068
2299408
2298724
2299064
2299404
2298720
2299060
2299400
2298716
2299052
2299396
2298712
2299052
2299392
2298708
2299048
2299388
2299728
2299044
2299384
2299724
2299040
2299380
2299716
2299036
2299376
2299716
2299032
2299372
2299712
2299028
2299368
2299704
2299024
2299364
2299704
2299020
2299360
2299700
2299016
2299356
2299696
2299012
2299352
2299692
2299008
2299348
2299688
2299004
2299344
2299684
2299000
2299340
2299680
2298996
2299336
2299672
2298992
2299332
2299668
2298988
2299328
2299668
2298984
2299324
2299664
2298980
2299320
2299660
2298976
2299316
2299656
2298972
2299312
2299652
2298968
2299308
2299648
2298964
2299304
2299644
2298960
2299300
2299640
2298956
2299296
2299636
2298952
2299292
2299632
2298948
2299288
2299628
2298944
2299284
2299620
2298940
2299280
2299620
2298936
2299276
2299616
2298932
2299268
2299612
2298928
2299264
2299608
2298924
2299264
2299604
2298920
2299260
2299600
2298916
2299256
2299596
2298912
2299252
2299592
2298908
2299248
2299588
2298904
2299244
2299584
2298900
2299240
2299580
2298896
2299236
2299576
2298892
2299232
2299572
2298888
2299228
2299568
2298884
2299224
2299564
2298880
2299220
2299560
2298872
2299216
2299556
2298872
2299212
2299552
2298864
2299208
2299548
2298860
2299204
2299544
2298860
2299200
2299540
2298856
2299196
2299536
2298852
2299192
2299532
2298848
2299188
2299528
2298844
2299184
2299524
2298840
2299180
2299520
2298836
2299176
2299516
2298828
2299172
2299512
2298828
2299168
2299508
2298824
2299164
2299504
2298820
2299160
2299496
2298816
2299156
2299496
2298812
2299152
2299492
2298808
2299148
2299484
2298804
2299144
2299484
2298800
2299140
2299480
2298796
2299136
2299476
2298792
2299132
2299472
2298788
2299128
2299468
2298784
2299124
2299464
2298780
2299120
2299460
2298776
2299116
2299452
2298772
2299112
2299448
2298768
2299108
2299448
2298764
2299104
2299444
2298760
2299100
2299440
2298756
2299096
2299436
2298752
2299092
2299432
2298748
2299088
2299428
2298744
2299084
2299424
2298740
2299080
2299420
2298736
2299076
2299416
2298732
2299072
2299412
2298728
2299068
2299408
2298724
2299064
2299400
2298720
2299060
2299400
2298716
2299056
2299396
2298712
2299048
2299392
2298708
2299048
2299388
2299728
2299048
2299404
2299764
2300120
2300484
2300828
2301196
2301552
2301912
2302272
2302636
2303000
2303360
2303716
2304096
2304448
2304828
2305200
2305552
2305928
2306300
2306668
2307032
2307396
2307776
2308148
2308520
2308900
2309268
2309648
2310024
2310404
2310780
2311156
2311520
2311912
2312288
2312664
2313040
2313424
2313804
2314184
2314568
2314936
2315328
2315700
2316104
2316492
2316880
2317256
2317660
2318048
2318444
2318832
2319220
2319612
2320004
2320392
2320768
2321160
2321564
2321956
2322348
2322740
2323144
2323544
2323944
2324348
2324736
2325136
2325560
2325944
2326360
2326764
2327160
2327568
2327972
2328368
2328780
2329188
2329596
2330004
2330408
2330832
2331240
2331672
2332084
2332500
2332924
2333340
2333756
2334168
2334580
2335000
2335420
2335828
2336252
2336676
2337100
2337528
2337952
2338380
2338812
2339244
2339672
2340080
2340524
2340952
2341376
2341804
2342236
2342664
2343104
2343544
2343984
2344428
2344872
2345316
2345756
2346204
2346648
2347092
2347540
2347984
2348436
2348888
2349340
2349792
2350244
2350700
2351152
2351604
2352060
2352520
2352976
2353432
2353900
2354364
2354832
2355296
2355764
2356232
2356700
2357168
2357636
2358104
2358576
2359052
2359528
2360004
2360480
2360960
2361440
2361924
2362404
2362892
2363376
2363868
2364352
2364848
2365336
2365832
2366324
2366816
2367312
2367812
2368312
2368812
2369316
2369820
2370328
2370836
2371348
2371864
2372372
2372892
2373408
2373924
2374444
2374960
2375488
2376012
2376536
2377064
2377588
2378116
2378660
2379192
2379728
2380268
2380804
2381348
2381888
2382432
2382972
2383516
2384064
2384612
2385164
2385716
2386276
2386832
2387392
2387948
2388508
2389068
2389636
2390200
2390772
2391344
2391908
2392480
2393056
2393628
2394204
2394784
2395360
2395948
2396532
2397120
2397712
2398300
2398900
2399484
2400088
2400684
2401280
2401884
2402488
2403092
2403708
2404324
2404936
2405560
2406188
2406812
2407432
2408068
2408704
2409336
2409980
2410624
2411264
2411908
2412556
2413208
2413860
2414512
2415168
2415828
2416488
2417144
2417816
2418488
2419168
2419848
2420536
2421224
2421932
2422640
2423348
2424044
2424744
2425452
2426152
2426856
2427560
2428272
2428988
2429712
2430436
2431176
2431908
2432644
2433400
2434148
2434892
2435644
2436404
2437176
2437956
2438736
2439524
2440304
2441080
2441852
2442652
2443464
2444276
2445092
2445916
2446756
2447568
2448384
2449224
2450068
2450912
2451776
2452640
2453492
2454352
2455224
2456096
2456980
2457872
2458768
2459668
2460576
2461484
2462404
2463328
2464252
2465192
2466140
2467100
2468068
2469044
2470024
2471020
2472024
2473028
2474040
2475068
2476100
2477152
2478216
2479280
2480380
2481480
2482592
2483720
2484856
2485996
2487176
2488352
2489540
2490728
2491972
2493204
2494468
2495724
2497000
2498320
2499652
2500996
2502392
2503776
2505180
2506596
2508052
2509536
2511024
2512564
2514104
2515680
2517312
2518948
2520624
2522344
2524100
2525900
2527764
2529704
2531704
2533744
2535852
2538040
2540328
2542692
2545184
2547824
2550628
2553556
2556784
2560212
2564084
2568472
2573760
2580816
2608580
2618636
2625588
2631116
2636016
2640512
2644688
2648560
2652068
2655488
2658768
2661844
2664872
2667760
2670612
2673356
2676044
2678696
2681308
2683888
2686432
2688932
2691392
2693808
2696144
2698424
2700688
2702912
2705072
2707200
2709268
2711316
2713336
2715312
2717288
2719236
2721152
2723048
2724912
2726752
2728600
2730456
2732280
2734076
2735860
2737620
2739364
2741100
2742824
2744536
2746208
2747860
2749520
2751172
2752776
2754340
2755924
2757488
2759052
2760576
2762100
2763600
2765108
2766596
2768028
2769500
2770972
2772416
2773816
2775212
2776628
2778004
2779384
2780728
2782096
2783440
2784780
2786108
2787448
2788760
2790076
2791372
2792652
2793944
2795212
2796476
2797728
2798952
2800188
2801424
2802652
2803868
2805088
2806308
2807516
2808708
2809904
2811084
2812260
2813424
2814584
2815752
2816892
2818032
2819164
2820296
2821436
2822552
2823640
2824736
2825832
2826924
2828032
2829128
2830204
2831268
2832344
2833388
2834424
2835448
2836480
2837476
2838492
2839500
2840512
2841524
2842524
2843516
2844500
2845496
2846480
2847480
2848464
2849440
2850404
2851376
2852320
2853288
2854236
2855168
2856104
2857036
2857972
2858900
2859840
2860760
2861680
2862600
2863512
2864424
2865328
2866228
2867112
2867996
2868884
2869768
2870660
2871536
2872420
2873288
2874160
2875012
2875872
2876716
2877560
2878396
2879240
2880088
2880932
2881764
2882604
2883428
2884244
2885060
2885872
2886688
2887504
2888316
2889128
2889932
2890720
2891508
2892296
2893080
2893864
2894652
2895428
2896212
2896988
2897760
2898524
2899288
2900056
2900820
2901588
2902356
2903120
2903884
2904640
2905384
2906140
2906884
2907616
2908352
2909092
2909820
2910552
2911276
2912004
2912720
2913436
2914164
2914880
2915592
2916312
2917020
2917736
2918436
2919152
2919860
2920568
2921268
2921960
2922664
2923352
2924036
2924716
2925396
2926072
2926764
2927444
2928124
2928796
2929480
2930148
2930820
2931492
2932168
2932836
2933504
2934164
2934828
2935488
2936144
2936796
2937440
2938096
2938744
2939384
2940020
2940664
2941300
2941936
2942568
2943200
2943840
2944472
2945100
2945724
2946352
2946968
2947592
2948204
2948828
2949448
2950068
2950688
2951304
2951916
2952528
2953136
2953744
2954348
2954952
2955556
2956164
2956760
2957364
2957964
2958564
2959164
2959760
2960356
2960948
2961540
2962132
2962720
2963304
2963896
2964484
2965068
2965652
2966236
2966816
2967392
2967968
2968540
2969116
2969692
2970268
2970844
2971416
2971988
2972560
2973128
2973692
2974256
2974816
2975372
2975944
2976508
2977072
2977632
2978188
2978744
2979300
2979848
2980400
2980948
2981496
2982044
2982592
2983140
2983680
2984228
2984772
2985308
2985852
2986392
2986932
2987468
2988000
2988544
2989080
2989616
2990152
2990688
2991220
2991752
2992280
2992812
2993336
2993864
2994388
2994908
2995428
2995944
2996460
2996968
2997488
2998000
2998512
2999020
2999532
3000048
3000560
3001076
3001588
3002096
3002600
3003112
3003616
3004120
3004624
3005128
3005628
3006128
3006624
3007124
3007620
3008116
3008612
3009108
3009604
3010100
3010592
3011088
3011580
3012072
3012560
3013052
3013544
3014028
3014520
3015008
3015496
3015976
3016468
3016956
3017444
3017928
3018412
3018892
3019372
3019852
3020328
3020804
3021284
3021756
3022236
3022712
3023184
3023664
3024132
3024608
3025080
3025548
3026024
3026492
3026960
3027424
3027888
3028356
3028824
3029288
3029756
3030220
3030684
3031152
3031616
3032076
3032540
3033000
3033460
3033916
3034376
3034832
3035288
3035748
3036204
3036656
3037108
3037564
3038016
3038464
3038916
3039368
3039816
3040264
3040720
3041172
3041620
3042068
3042516
3042960
3043404
3043852
3044300
3044744
3045188
3045632
3046084
3046528
3046972
3047416
3047860
3048304
3048744
3049180
3049620
3050052
3050488
3050924
3051360
3051796
3052228
3052660
3053100
3053532
3053968
3054400
3054832
3055264
3055692
3056120
3056548
3056976
3057408
3057836
3058264
3058692
3059124
3059552
3059980
3060416
3060844
3061264
3061688
3062112
3062528
3062948
3063368
3063788
3064212
3064632
3065056
3065476
3065904
3066324
3066744
3067164
3067592
3068028
3068460
3068900
3069340
3069784
3070224
3070656
3071076
3071488
3071892
3072292
3072688
3073080
3073472
3073868
3074264
3074660
3075060
3075460
3075864
3076264
3076672
3077080
3077484
3077896
3078308
3078720
3079128
3079540
3079948
3080360
3080764
3081176
3081580
3081984
3082388
3082788
3083192
3083592
3083996
3084396
3084800
3085200
3085604
3086004
3086404
3086804
3087204
3087604
3088004
3088400
3088800
3089200
3089596
3089996
3090392
3090792
3091192
3091588
3091984
3092384
3092784
3093180
3093576
3093972
3094368
3094760
3095152
3095548
3095940
3096336
3096736
3097132
3097528
3097928
3098320
3098712
3099104
3099496
3099888
3100276
3100664
3101060
3101448
3101840
3102232
3102620
3103008
3103400
3103792
3104180
3104572
3104964
3105356
3105748
3106140
3106528
3106920
3107308
3107696
3108084
3108472
3108856
3109240
3109624
3110012
3110392
3110776
3111164
3111548
3111932
3112316
3112704
3113088
3113476
3113860
3114244
3114632
3115012
3115396
3115780
3116160
3116544
3116924
3117308
3117688
3118072
3118456
3118836
3119216
3119596
3119976
3120352
3120732
3121108
3121488
3121868
3122248
3122624
3123004
3123380
3123768
3124144
3124528
3124904
3125284
3125664
3126040
3126416
3126792
3127172
3127548
3127928
3128304
3128684
3129064
3129444
3129820
3130200
3130580
3130960
3131336
3131712
3132088
3132460
3132836
3133212
3133588
3133964
3134340
3134716
3135092
3135472
3135848
3136228
3136608
3136984
3137364
3137740
3138120
3138496
3138872
3139248
3139620
3139992
3140356
3140732
3141104
3141476
3141848
3142216
3142588
3142960
3143332
3143704
3144076
3144448
3144816
3145188
3145556
3145924
3146292
3146660
3147028
3147400
3147768
3148140
3148512
3148884
3149256
3149632
3150004
3150372
3150744
3151112
3151480
3151848
3152216
3152580
3152948
3153312
3153680
3154048
3154416
3154788
3155156
3155528
3155896
3156268
3156636
3157004
3157372
3157740
3158112
3158476
3158844
3159212
3159576
3159944
3160308
3160680
3161044
3161412
3161784
3162148
3162516
3162880
3163248
3163612
3163976
3164340
3164704
3165068
3165432
3165796
3166160
3166524
3166888
3167252
3167616
3167984
3168348
3168716
3169084
3169448
3169812
3170180
3170548
3170912
3171276
3171644
3172008
3172372
3172736
3173096
3173464
3173808
3174180
3174544
3174904
3175264
3175628
3175988
3176356
3176724
3177088
3177460
3177828
3178196
3178564
3178932
3179296
3179664
3180028
3180396
3180760
3181124
3181488
3181852
3182216
3182580
3182944
3183304
3183668
3184032
3184396
3184764
3185124
3185492
3185864
3186232
3186596
3186964
3187332
3187696
3188060
3188424
3188788
3189148
3189512
3189872
3190236
3190596
3190960
3191324
3191688
3192048
3192412
3192776
3193136
3193500
3193860
3194224
3194584
3194944
3195288
3195664
3196020
3196364
3196740
3197096
3197460
3197820
3198184
3198544
3198908
3199272
3199636
3199996
3200364
3200724
3201092
3201456
3201824
3202184
3202548
3202912
3203272
3203636
3203992
3204356
3204700
3205076
3205436
3205796
3206160
3206520
3206884
3207248
3207612
3207976
3208340
3208700
3209064
3209424
3209784
3210148
3210504
3210848
3211224
3211584
3211928
3212300
3212644
3213024
3213380
3213728
3214100
3214460
3214808
3215176
3215536
3215884
3216260
3216620
3216964
3217336
3217700
3218048
3218420
3218776
3219120
3219492
3219840
3220212
3220572
3220932
3221276
3221652
3222016
3222376
3222736
3223100
3223460
3223824
3224184
3224548
3224908
3225268
3225632
3225992
3226356
3226720
3227084
3227448
3227812
3228176
3228540
3228900
3229268
3229628
3229992
3230356
3230716
3231076
3231444
3231804
3232168
3232528
3232888
3233256
3233620
3233984
3234348
3234712
3235072
3235420
3235788
3236140
3236488
3236852
3237204
3237548
3237912
3238256
3238628
3238988
3239348
3239712
3240072
3240436
3240800
3241156
3241520
3241884
3242248
3242608
3242972
3243332
3243692
3244052
3244412
3244756
3245128
3245488
3245848
3246208
3246572
3246936
3247300
3247664
3248028
3248392
3248756
3249120
3249484
3249848
3250212
3250576
3250936
3251304
3251668
3252028
3252392
3252760
3253124
3253484
3253848
3254208
3254564
3254912
3255280
3255636
3255980
3256348
3256696
3257060
3257416
3257760
3258128
3258484
3258828
3259200
3259552
3259916
3260276
3260636
3260996
3261356
3261712
3262076
3262436
3262796
3263140
3263512
3263856
3264228
3264588
3264936
3265308
3265668
3266028
3266372
3266748
3267092
3267464
3267820
3268168
3268536
3268892
3269236
3269604
3269964
3270308
3270680
3271028
3271396
3271756
3272100
3272468
3272824
3273172
3273540
3273896
3274244
3274612
3274972
3275332
3275692
3276048
3276396
3276768
3277128
3277488
3277844
3278192
3278564
3278920
3279264
3279632
3279984
3280328
3280692
3281044
3281388
3281732
3282096
3282440
3282800
3283152
3283496
3283856
3284208
3284552
3284912
3285264
3285608
3285972
3286328
3286672
3287036
3287392
3287740
3288104
3288448
3288812
3289168
3289516
3289876
3290228
3290576
3290936
3291288
3291636
3292000
3292356
3292700
3293068
3293424
3293768
3294132
3294484
3294832
3295188
3295544
3295888
3296244
3296600
3296944
3297304
3297648
3298012
3298368
3298712
3299080
3299436
3299784
3300148
3300504
3300848
3301216
3301568
3301912
3302280
3302636
3302980
3303348
3303704
3304052
3304420
3304780
3305140
3305500
3305844
3306212
3306572
3306916
3307284
3307640
3307984
3308348
3308704
3309048
3309412
3309760
3310108
3310464
3310816
3311160
3311512
3311864
3312208
3312560
3312908
3313256
3313612
3313964
3314312
3314672
3315028
3315372
3315732
3316076
3316440
3316792
3317140
3317484
3317852
3318196
3318540
3318904
3319252
3319596
3319952
3320296
3320644
3320996
3321340
3321684
3322028
3322372
3322708
3323060
3323408
3323744
3324104
3324452
3324788
3325140
3325484
3325820
3326172
3326516
3326852
3327192
3327532
3327872
3328212
3328548
3328888
3329224
3329548
3329900
3330236
3330576
3330912
3331240
3331580
3331928
3332268
3332600
3332948
3333288
3333620
3333968
3334308
3334640
3334992
3335328
3335660
3336000
3336348
3336684
3337020
3337356
3337692
3338012
3338352
3338692
3339024
3339348
3339688
3340024
3340356
3340688
3341020
3341348
3341688
3342008
3342348
3342688
3343012
3343348
3343684
3344012
3344348
3344676
3345000
3345340
3345664
3345996
3346324
3346652
3346980
3347308
3347636
3347960
3348280
3348616
3348944
3349272
3349592
3349920
3350256
3350580
3350900
3351240
3351552
3351892
3352224
3352548
3352872
3353208
3353532
3353856
3354180
3354512
3354836
3355160
3355484
3355804
3356120
3356456
3356772
3357088
3357420
3357732
3358072
3358380
3358716
3359036
3359348
3359688
3360008
3360332
3360656
3360980
3361304
3361632
3361952
3362276
3362604
3362936
3363260
3363596
3363924
3364260
3364576
3364916
3365244
3365568
3365892
3366200
3366524
3366836
3367152
3367476
3367780
3368112
3368428
3368748
3369064
3369380
3369700
3370028
3370340
3370660
3370992
3371316
3371640
3371952
3372288
3372608
3372932
3373264
3373584
3373900
3374236
3374564
3374884
3375204
3375528
3375840
3376176
3376500
3376820
3377140
3377460
3377792
3378112
3378432
3378752
3379068
3379392
3379716
3380036
3380360
3380684
3381004
3381332
3381656
3381980
3382300
3382620
3382948
3383272
3383592
3383920
3384240
3384564
3384888
3385212
3385528
3385852
3386184
3386512
3386836
3387160
3387492
3387824
3388148
3388476
3388804
3389128
3389456
3389776
3390100
3390416
3390744
3391068
3391392
3391712
3392032
3392360
3392676
3393012
3393332
3393664
3393992
3394316
3394640
3394972
3395304
3395628
3395960
3396284
3396612
3396940
3397260
3397596
3397920
3398248
3398576
3398900
3399232
3399552
3399884
3400212
3400536
3400864
3401176
3401512
3401832
3402168
3402492
3402816
3403140
3403472
3403804
3404128
3404456
3404784
3405112
3405440
3405760
3406096
3406420
3406752
3407092
3407420
3407740
3408072
3408400
3408740
3409064
3409392
3409720
3410052
3410384
3410712
3411044
3411376
3411708
3412032
3412372
3412704
3413036
3413368
3413696
3414020
3414356
3414684
3415024
3415364
3415692
3416024
3416360
3416692
3417024
3417360
3417696
3418028
3418364
3418696
3419032
3419360
3419700
3420040
3420380
3420716
3421056
3421396
3421736
3422060
3422408
3422744
3423080
3423428
3423768
3424100
3424448
3424796
3425120
3425464
3425808
3426144
3426496
3426836
3427176
3427520
3427860
3428200
3428540
3428880
3429236
3429580
3429928
3430272
3430620
3430964
3431312
3431660
3432008
3432364
3432704
3433044
3433400
3433740
3434100
3434452
3434800
3435148
3435492
3435848
3436200
3436552
3436892
3437252
3437608
3437956
3438312
3438652
3439016
3439368
3439716
3440080
3440436
3440780
3441148
3441504
3441860
3442224
3442564
3442920
3443284
3443644
3443992
3444360
3444720
3445072
3445436
3445792
3446160
3446508
3446880
3447240
3447604
3447964
3448328
3448684
3449040
3449416
3449772
3450136
3450504
3450868
3451232
3451596
3451948
3452312
3452680
3453048
3453416
3453784
3454140
3454512
3454872
3455228
3455608
3455976
3456340
3456712
3457072
3457440
3457812
3458180
3458544
3458920
3459292
3459660
3460024
3460396
3460772
3461144
3461520
3461896
3462272
3462640
3463016
3463388
3463760
3464136
3464508
3464876
3465240
3465628
3466004
3466380
3466760
3467136
3467516
3467892
3468280
3468656
3469040
3469424
3469800
3470176
3470544
3470936
3471312
3471696
3472076
3472456
3472824
3473220
3473588
3473988
3474372
3474752
3475136
3475520
3475900
3476292
3476676
3477056
3477448
3477844
3478232
3478624
3479016
3479408
3479800
3480192
3480584
3480972
3481360
3481748
3482136
3482524
3482916
3483308
3483700
3484092
3484488
3484884
3485284
3485680
3486076
3486472
3486872
3487268
3487664
3488060
3488456
3488856
3489252
3489652
3490052
3490452
3490852
3491252
3491652
3492060
3492464
3492872
3493276
3493680
3494080
3494484
3494880
3495280
3495680
3496080
3496480
3496884
3497288
3497696
3498104
3498520
3498944
3499364
3499800
3500232
3500668
3501100
3501528
3501944
3502356
3502756
3503156
3503548
3503944
3504336
3504732
3505124
3505520
3505924
3506324
3506728
3507132
3507548
3507964
3508380
3508796
3509216
3509636
3510056
3510472
3510892
3511308
3511728
3512148
3512568
3512988
3513408
3513828
3514248
3514672
3515092
3515516
3515940
3516364
3516788
3517208
3517636
3518056
3518484
3518912
3519340
3519764
3520196
3520628
3521056
3521496
3521932
3522364
3522804
3523240
3523680
3524120
3524560
3525000
3525440
3525876
3526316
3526756
3527204
3527648
3528096
3528548
3528996
3529448
3529892
3530344
3530796
3531244
3531696
3532148
3532608
3533060
3533520
3533980
3534436
3534896
3535356
3535816
3536276
3536736
3537196
3537656
3538120
3538588
3539052
3539524
3539992
3540468
3540940
3541420
3541888
3542364
3542836
3543300
3543776
3544248
3544720
3545188
3545664
3546136
3546616
3547092
3547568
3548044
3548524
3549004
3549488
3549972
3550456
3550940
3551424
3551912
3552404
3552888
3553384
3553876
3554368
3554856
3555348
3555840
3556332
3556824
3557316
3557808
3558300
3558792
3559292
3559788
3560296
3560800
3561304
3561808
3562312
3562816
3563320
3563832
3564340
3564848
3565360
3565868
3566388
3566904
3567424
3567940
3568456
3568972
3569492
3570012
3570532
3571060
3571584
3572112
3572636
3573164
3573700
3574232
3574764
3575300
3575840
3576372
3576912
3577456
3578000
3578552
3579104
3579656
3580208
3580768
3581324
3581888
3582452
3583012
3583576
3584140
3584708
3585272
3585840
3586404
3586984
3587556
3588140
3588720
3589300
3589888
3590472
3591052
3591632
3592216
3592804
3593384
3593984
3594584
3595168
3595780
3596376
3596988
3597588
3598196
3598804
3599416
3600028
3600648
3601272
3601896
3602524
3603152
3603776
3604408
3605040
3605664
3606296
3606932
3607580
3608232
3608888
3609548
3610204
3610860
3611512
3612168
3612824
3613488
3614168
3614848
3615528
3616208
3616888
3617576
3618264
3618952
3619656
3620364
3621068
3621784
3622488
3623200
3623912
3624628
3625356
3626084
3626812
3627536
3628276
3629020
3629768
3630516
3631276
3632064
3632844
3633620
3634408
3635196
3635988
3636788
3637600
3638412
3639244
3640084
3640928
3641776
3642632
3643480
3644328
3645196
3646068
3646948
3647820
3648720
3649620
3650540
3651460
3652380
3653304
3654244
3655176
3656140
3657108
3658072
3659068
3660072
3661088
3662108
3663140
3664184
3665240
3666308
3667400
3668484
3669568
3670672
3671804
3672956
3674124
3675332
3676564
3677804
3679072
3680332
3681620
3682956
3684308
3685672
3687044
3688460
3689948
3691476
3693004
3694572
3696204
3697904
3699668
3701472
3703336
3705240
3707256
3709376
3711632
3714024
3716548
3719336
3722340
3725784
3729832
3734992
3743260
3772060
3777032
3781164
3784816
3788344
3791372
3794112
3796772
3799344
3801856
3804192
3806488
3808620
3810668
3812688
3814640
3816596
3818564
3820476
3822268
3823996
3825684
3827376
3829056
3830716
3832320
3833872
3835424
3836992
3838556
3840064
3841536
3843004
3844508
3846000
3847484
3848840
3850136
3851428
3852764
3854060
3855372
3856636
3857900
3859120
3860372
3861588
3862832
3864056
3865248
3866432
3867612
3868796
3869976
3871136
3872276
3873420
3874540
3875668
3876768
3877876
3878968
3880044
3881108
3882188
3883264
3884328
3885384
3886436
3887460
3888508
3889536
3890556
3891568
3892564
3893560
3894544
3895536
3896516
3897508
3898484
3899456
3900408
3901376
3902328
3903280
3904228
3905164
3906084
3907004
3907920
3908844
3909752
3910688
3911596
3912512
3913424
3914332
3915228
3916120
3917008
3917892
3918776
3919652
3920532
3921408
3922280
3923144
3924000
3924856
3925720
3926576
3927436
3928284
3929128
3929972
3930804
3931632
3932456
3933280
3934100
3934924
3935744
3936560
3937376
3938188
3939000
3939804
3940604
3941408
3942204
3943004
3943800
3944592
3945388
3946180
3946980
3947768
3948544
3949320
3950096
3950872
3951640
3952404
3953168
3953932
3954696
3955456
3956216
3956972
3957732
3958488
3959248
3960004
3960756
3961496
3962256
3963000
3963748
3964492
3965236
3965972
3966708
3967440
3968180
3968912
3969644
3970376
3971104
3971832
3972564
3973288
3974012
3974732
3975456
3976176
3976888
3977604
3978328
3979044
3979756
3980468
3981176
3981888
3982596
3983308
3984012
3984720
3985416
3986120
3986824
3987524
3988212
3988916
3989620
3990312
3991008
3991696
3992388
3993072
3993764
3994448
3995140
3995828
3996500
3997196
3997880
3998560
3999248
3999932
4000616
4001288
4001964
4002648
4003324
4003996
4004672
4005340
4006012
4006676
4007344
4008016
4008676
4009348
4010012
4010680
4011340
4012008
4012668
4013328
4013988
4014640
4015300
4015956
4016608
4017264
4017920
4018576
4019236
4019888
4020544
4021200
4021856
4022504
4023152
4023804
4024452
4025100
4025748
4026392
4027044
4027692
4028340
4028988
4029628
4030288
4030932
4031576
4032224
4032868
4033504
4034152
4034784
4035424
4036060
4036696
4037336
4037972
4038612
4039260
4039896
4040536
4041180
4041812
4042448
4043084
4043724
4044356
4044984
4045612
4046244
4046872
4047496
4048112
4048736
4049360
4049984
4050608
4051240
4051868
4052500
4053128
4053752
4054372
4054992
4055608
4056220
4056844
4057472
4058100
4058732
4059360
4059988
4060612
4061228
4061840
4062460
4063080
4063692
4064316
4064932
4065548
4066164
4066784
4067400
4068020
4068636
4069256
4069868
4070484
4071100
4071712
4072324
4072940
4073552
4074164
4074780
4075384
4076008
4076628
4077260
4077892
4078516
4079136
4079744
4080348
4080948
4081536
4082132
4082724
4083324
4083928
4084536
4085144
4085764
4086380
4086992
4087600
4088196
4088796
4089392
4089988
4090584
4091188
4091788
4092400
4093004
4093612
4094224
4094824
4095432
4096028
4096632
4097232
4097840
4098444
4099052
4099660
4100268
4100880
4101484
4102084
4102688
4103292
4103892
4104488
4105088
4105688
4106288
4106892
4107496
4108104
4108708
4109308
4109920
4110524
4111120
4111720
4112324
4112936
4113536
4114136
4114732
4115328
4115928
4116524
4117116
4117716
4118316
4118920
4119520
4120120
4120724
4121328
4121928
4122516
4123116
4123708
4124300
4124896
4125488
4126088
4126688
4127288
4127884
4128484
4129080
4129676
4130272
4130868
4131456
4132060
4132660
4133252
4133852
4134448
4135036
4135636
4136228
4136824
4137408
4138004
4138596
4139192
4139784
4140380
4140976
4141572
4142168
4142768
4143356
4143960
4144560
4145152
4145752
4146356
4146952
4147548
4148148
4148748
4149344
4149932
4150536
4151124
4151724
4152328
4152928
4153528
4154124
4154720
4155324
4155924
4156520
4157120
4157720
4158320
4158924
4159520
4160124
4160724
4161320
4161916
4162512
4163100
4163708
4164300
4164900
4165492
4166092
4166696
4167296
4167892
4168488
4169084
4169684
4170280
4170876
4171480
4172084
4172680
4173280
4173888
4174488
4175088
4175692
4176288
4176888
4177484
4178084
4178680
4179280
4179884
4180488
4181092
4181692
4182296
4182896
4183492
4184092
4184696
4185300
4185908
4186512
4187120
4187724
4188328
4188932
4189540
4190148
4190752
4191360
4191960
4192568
4193180
4193780
4194400
4195012
4195632
4196248
4196856
4197468
4198084
4198700
4199320
4199936
4200556
4201176
4201792
4202404
4203016
4203624
4204244
4204860
4205480
4206096
4206720
4207336
4207952
4208564
4209180
4209796
4210412
4211024
4211644
4212260
4212880
4213496
4214116
4214728
4215348
4215972
4216596
4217224
4217848
4218472
4219096
4219716
4220336
4220960
4221576
4222208
4222836
4223468
4224096
4224732
4225364
4225992
4226620
4227252
4227880
4228512
4229148
4229784
4230420
4231052
4231692
4232328
4232964
4233600
4234236
4234884
4235524
4236160
4236796
4237436
4238080
4238724
4239368
4240016
4240664
4241312
4241956
4242600
4243248
4243896
4244548
4245204
4245860
4246516
4247176
4247836
4248492
4249156
4249812
4250468
4251128
4251788
4252456
4253120
4253784
4254456
4255128
4255800
4256476
4257152
4257828
4258500
4259180
4259860
4260544
4261228
4261912
4262600
4263280
4263964
4264648
4265340
4266036
4266736
4267440
4268136
4268840
4269544
4270240
4270944
4271656
4272364
4273080
4273788
4274496
4275204
4275912
4276624
4277340
4278056
4278784
4279500
4280232
4280956
4281680
4282400
4283132
4283860
4284584
4285320
4286068
4286812
4287560
4288292
4289032
4289764
4290516
4291268
4292028
4292796
4293556
4294320
4295088
4295840
4296612
4297388
4298164
4298948
4299732
4300508
4301292
4302084
4302872
4303680
4304480
4305284
4306084
4306892
4307700
4308508
4309340
4310168
4311000
4311820
4312636
4313452
4314292
4315116
4315980
4316836
4317696
4318552
4319396
4320244
4321104
4321984
4322876
4323768
4324656
4325536
4326428
4327368
4328324
4329276
4330244
4331196
4332116
4333012
4333888
4334768
4335664
4336584
4337532
4338508
4339504
4340500
4341480
4342472
4343476
4344488
4345500
4346508
4347512
4348540
4349584
4350612
4351668
4352720
4353796
4354872
4355968
4357052
4358140
4359248
4360372
4361504
4362640
4363768
4364900
4366056
4367228
4368408
4369612
4370800
4372008
4373248
4374488
4375724
4377004
4378304
4379616
4380932
4382276
4383644
4385032
4386432
4387840
4389272
4390724
4392204
4393696
4395216
4396772
4398356
4399932
4401540
4403176
4404880
4406572
4408332
4410112
4411908
4413772
4415684
4417632
4419660
4421712
4423856
4426052
4428312
4430688
4433156
4435732
4438388
4441276
4444236
4447416
4450784
4454524
4458628
4463340
4468656
4475728
4489916
4510316
4519812
4526584
4532424
4537792
4542664
4547324
4551764
4556076
4560132
4564028
4567720
4571276
4574876
4578324
4581744
4585136
4588512
4591848
4595140
4598432
4601724
4604876
4608008
4611144
4614228
4617280
4620304
4623280
4626228
4629228
4632172
4635088
4637960
4640824
4643700
4646572
4649388
4652228
4655024
4657828
4660624
4663388
4666140
4668916
4671624
4674388
4677080
4679800
4682516
4685232
4687924
4690596
4693288
4695996
4698680
4701392
4704124
4706836
4709572
4712288
4715032
4717780
4720524
4723264
4726056
4728812
4731552
4734288
4737096
4739872
4742708
4745524
4748344
4751188
4754044
4756892
4759812
4762740
4765688
4768552
4771504
4774376
4777376
4780400
4783584
4786920
4790296
4793580
4796664
4799792
4802900
4806020
4809004
4812152
4815404
4818616
4821844
4825172
4828508
4831896
4835300
4838716
4842172
4845716
4849200
4852800
4856380
4860084
4863824
4867540
4871280
4875108
4879060
4883064
4887116
4891256
4895464
4899728
4904088
4908572
4913260
4917988
4922752
4927676
4932756
4938068
4943552
4949184
4955176
4961396
4967968
4974944
4982420
4990656
4999784
5010244
5022972
5040400
5098228
5131336
5211684
5241216
5268788
5304224
5361904
5447500
5499840
