16
3344
84156
165412
213888
241152
299972
335508
366328
388108
412960
567404
723864
819456
858140
924828
954176
996732
1026688
1051636
1085408
1131728
1187364
1278608
1287688
1294744
1300840
1306212
1311080
1315380
1319380
1323160
1326748
1330132
1333508
1336776
1339956
1343108
1346228
1349132
1352004
1354812
1357512
1360152
1362720
1365252
1367752
1370172
1372540
1374888
1377208
1379512
1381780
1384076
1386488
1388892
1391124
1393232
1395308
1397384
1399424
1401384
1403276
1405208
1407192
1409140
1411032
1412912
1414764
1416596
1418460
1420268
1422044
1423856
1425624
1427380
1429148
1430912
1432648
1434380
1436116
1437812
1439524
1441212
1442840
1444492
1446148
1447788
1449416
1451040
1452652
1454272
1455864
1457444
1459020
1460576
1462132
1463652
1465196
1466732
1468228
1469724
1471220
1472684
1474160
1475620
1477092
1478568
1480040
1481488
1482940
1484392
1485844
1487284
1488736
1490180
1491604
1493044
1494464
1495884
1497292
1498708
1500104
1501500
1502872
1504232
1505616
1506976
1508344
1509684
1511052
1512396
1513752
1515080
1516424
1517752
1519072
1520392
1521712
1523028
1524328
1525628
1526940
1528256
1529560
1530880
1532180
1533480
1534788
1536104
1537396
1538712
1540000
1541312
1542620
1543920
1545212
1546508
1547796
1549100
1550380
1551640
1552912
1554184
1555452
1556708
1557956
1559212
1560476
1561732
1562976
1564212
1565456
1566692
1567944
1569188
1570408
1571640
1572888
1574124
1575356
1576588
1577824
1579032
1580264
1581500
1582744
1583980
1585212
1586436
1587680
1588924
1590164
1591396
1592636
1593868
1595104
1596340
1597564
1598804
1600032
1601260
1602460
1603696
1604932
1606160
1607388
1608612
1609836
1611064
1612284
1613488
1614720
1615952
1617192
1618412
1619660
1620888
1622112
1623344
1624568
1625796
1627008
1628240
1629480
1630724
1631956
1633204
1634440
1635684
1636928
1638168
1639400
1640644
1641884
1643136
1644384
1645620
1646880
1648156
1649408
1650676
1651932
1653196
1654464
1655724
1656988
1658248
1659516
1660780
1662056
1663320
1664592
1665860
1667144
1668444
1669728
1671012
1672296
1673592
1674884
1676188
1677472
1678796
1680096
1681412
1682756
1684096
1685420
1686768
1688096
1689444
1690788
1692124
1693492
1694856
1696220
1697576
1698932
1700296
1701680
1703068
1704448
1705840
1707252
1708656
1710072
1711472
1712908
1714304
1715724
1717152
1718604
1720064
1721516
1722968
1724448
1725932
1727420
1728888
1730404
1731920
1733452
1734980
1736524
1738080
1739632
1741204
1742784
1744360
1745948
1747552
1749152
1750764
1752412
1754036
1755660
1757336
1759000
1760648
1762312
1763976
1765676
1767368
1769076
1770816
1772532
1774260
1776020
1777768
1779532
1781320
1783100
1784876
1786704
1788496
1790312
1792160
1794040
1795900
1797780
1799660
1801548
1803472
1805420
1807392
1809432
1811556
1813652
1815836
1818044
1820148
1822224
1824224
1826148
1828032
1829912
1831864
1833772
1835680
1837616
1839536
1841412
1843240
1845080
1846916
1848724
1850600
1852488
1854356
1856244
1858112
1859960
1861804
1863620
1865428
1867244
1869036
1870848
1872620
1874376
1876132
1877832
1879516
1881220
1882884
1884540
1886168
1887832
1889464
1891068
1892696
1894268
1895856
1897404
1898952
1900516
1902064
1903596
1905144
1906676
1908216
1909728
1911248
1912756
1914272
1915752
1917252
1918728
1920200
1921648
1923092
1924520
1925912
1927280
1928668
1930048
1931444
1932836
1934200
1935572
1936944
1938304
1939656
1941008
1942352
1943668
1944968
1946296
1947636
1948968
1950284
1951600
1952912
1954220
1955512
1956804
1958116
1959428
1960724
1961992
1963280
1964544
1965788
1967040
1968284
1969528
1970760
1971972
1973176
1974360
1975528
1976728
1977916
1979104
1980280
1981452
1982608
1983784
1984948
1986120
1987256
1988416
1989580
1990756
1991892
1993040
1994156
1995280
1996420
1997556
1998676
1999780
2000896
2002028
2003156
2004288
2005416
2006528
2007644
2008764
2009872
2010992
2012072
2013136
2014204
2015276
2016356
2017436
2018508
2019580
2020652
2021712
2022764
2023820
2024868
2025928
2026976
2028004
2029032
2030052
2031080
2032100
2033108
2034132
2035148
2036148
2037148
2038148
2039152
2040136
2041148
2042136
2043124
2044104
2045084
2046060
2047048
2048016
2048992
2049968
2050940
2051912
2052892
2053852
2054824
2055788
2056744
2057708
2058668
2059640
2060588
2061536
2062500
2063444
2064388
2065320
2066260
2067184
2068108
2069028
2069952
2070872
2071792
2072712
2073616
2074532
2075432
2076320
2077212
2078104
2078996
2079888
2080772
2081660
2082536
2083412
2084284
2085160
2086032
2086908
2087772
2088640
2089500
2090348
2091208
2092060
2092908
2093760
2094592
2095440
2096272
2097108
2097944
2098772
2099612
2100448
2101280
2102108
2102936
2103764
2104580
2105400
2106212
2107020
2107828
2108648
2109456
2110264
2111064
2111856
2112648
2113444
2114228
2115012
2115800
2116580
2117360
2118136
2118912
2119688
2120456
2121220
2121988
2122752
2123516
2124272
2125032
2125780
2126540
2127296
2128052
2128804
2129544
2130284
2131016
2131752
2132492
2133240
2133988
2134724
2135464
2136196
2136936
2137668
2138400
2139128
2139856
2140580
2141300
2142004
2142712
2143412
2144112
2144824
2145536
2146248
2146948
2147648
2148348
2149044
2149728
2150428
2151116
2151804
2152492
2153176
2153864
2154548
2155236
2155920
2156600
2157284
2157960
2158644
2159316
2159988
2160652
2161316
2161980
2162636
2163296
2163952
2164608
2165260
2165916
2166572
2167228
2167884
2168544
2169200
2169848
2170492
2171136
2171780
2172420
2173060
2173692
2174328
2174960
2175588
2176220
2176848
2177468
2178092
2178712
2179332
2179952
2180576
2181200
2181820
2182436
2183048
2183652
2184264
2184868
2185468
2186072
2186668
2187268
2187872
2188468
2189068
2189668
2190256
2190856
2191452
2192040
2192628
2193220
2193808
2194400
2194992
2195576
2196168
2196752
2197336
2197920
2198500
2199080
2199660
2200232
2200812
2201384
2201960
2202536
2203108
2203672
2204240
2204808
2205376
2205944
2206516
2207084
2207648
2208212
2208772
2209336
2209900
2210456
2211016
2211572
2212124
2212680
2213228
2213780
2214324
2214868
2215412
2215960
2216500
2217044
2217588
2218132
2218672
2219216
2219756
2220296
2220832
2221360
2221904
2222440
2222972
2223516
2224052
2224592
2225128
2225656
2226184
2226700
2227220
2227736
2228256
2228776
2229292
2229812
2230336
2230852
2231364
2231876
2232384
2232896
2233400
2233908
2234420
2234932
2235444
2235956
2236464
2236964
2237468
2237964
2238460
2238956
2239452
2239944
2240436
2240924
2241416
2241896
2242392
2242884
2243364
2243860
2244348
2244840
2245328
2245816
2246312
2246800
2247288
2247776
2248256
2248736
2249220
2249700
2250180
2250660
2251140
2251620
2252100
2252572
2253044
2253516
2253988
2254460
2254936
2255404
2255872
2256344
2256812
2257280
2257748
2258212
2258684
2259152
2259624
2260096
2260556
2261024
2261488
2261956
2262420
2262876
2263340
2263796
2264256
2264712
2265164
2265624
2266076
2266528
2266976
2267432
2267884
2268336
2268788
2269240
2269688
2270140
2270584
2271028
2271476
2271924
2272372
2272816
2273260
2273708
2274152
2274588
2275032
2275476
2275920
2276360
2276800
2277240
2277688
2278136
2278580
2279020
2279468
2279912
2280340
2280784
2281220
2281656
2282096
2282532
2282964
2283396
2283828
2284252
2284684
2285104
2285528
2285952
2286380
2286808
2287232
2287660
2288084
2288508
2288936
2289364
2289788
2290208
2290636
2291060
2291480
2291900
2292324
2292744
2293164
2293584
2294000
2294416
2294828
2295240
2295656
2296068
2296480
2296892
2297304
2297720
2298136
2298548
2298968
2299384
2299796
2300208
2300612
2301020
2301424
2301824
2302228
2302632
2303036
2303440
2303848
2304256
2304660
2305064
2305476
2305880
2306284
2306688
2307088
2307492
2307888
2308288
2308688
2309088
2309488
2309892
2310292
2310696
2311096
2311500
2311900
2312300
2312692
2313092
2313492
2313888
2314284
2314684
2315084
2315480
2315884
2316280
2316680
2317080
2317472
2317872
2318264
2318656
2319048
2319440
2319836
2320224
2320616
2321008
2321400
2321796
2322184
2322576
2322968
2323356
2323744
2324132
2324520
2324904
2325288
2325680
2326068
2326452
2326836
2327228
2327616
2328004
2328392
2328780
2329168
2329552
2329936
2330320
2330700
2331080
2331456
2331828
2332200
2332580
2332952
2333328
2333696
2334076
2334452
2334828
2335208
2335588
2335964
2336348
2336728
2337108
2337484
2337868
2338248
2338632
2339008
2339392
2339772
2340148
2340528
2340904
2341284
2341660
2342032
2342412
2342784
2343156
2343528
2343900
2344268
2344640
2345008
2345376
2345744
2346112
2346484
2346856
2347224
2347596
2347968
2348340
2348716
2349088
2349460
2349836
2350208
2350580
2350952
2351324
2351696
2352060
2352432
2352800
2353172
2353540
2353904
2354276
2354640
2355008
2355372
2355740
2356104
2356472
2356840
2357208
2357576
2357944
2358316
2358684
2359056
2359428
2359796
2360168
2360536
2360904
2361268
2361632
2362000
2362360
2362720
2363084
2363444
2363804
2364168
2364528
2364884
2365248
2365608
2365972
2366336
2366696
2367060
2367420
2367784
2368144
2368508
2368868
2369216
2369592
2369936
2370308
2370668
2371012
2371384
2371740
2372084
2372448
2372804
2373148
2373516
2373872
2374220
2374584
2374940
2375284
2375652
2376008
2376352
2376720
2377068
2377436
2377792
2378136
2378504
2378860
2379204
2379568
2379920
2380264
2380608
2380980
2381324
2381684
2382036
2382380
2382744
2383092
2383436
2383800
2384148
2384496
2384848
2385200
2385544
2385904
2386260
2386604
2386964
2387308
2387672
2388024
2388372
2388732
2389084
2389432
2389776
2390140
2390484
2390832
2391192
2391536
2391880
2392240
2392588
2392940
2393292
2393640
2393992
2394344
2394688
2395040
2395396
2395740
2396092
2396444
2396788
2397148
2397496
2397840
2398196
2398548
2398892
2399248
2399592
2399940
2400292
2400636
2400984
2401320
2401668
2402012
2402376
2402720
2403068
2403404
2403752
2404112
2404460
2404804
2405148
2405504
2405848
2406196
2406552
2406896
2407244
2407600
2407948
2408300
2408652
2408996
2409332
2409696
2410040
2410376
2410736
2411084
2411420
2411776
2412120
2412456
2412808
2413152
2413488
2413848
2414192
2414528
2414880
2415228
2415564
2415916
2416264
2416600
2416964
2417308
2417644
2418000
2418344
2418680
2419040
2419384
2419744
2420092
2420436
2420796
2421140
2421488
2421824
2422172
2422516
2422852
2423204
2423548
2423900
2424248
2424588
2424916
2425272
2425616
2425944
2426300
2426640
2426984
2427328
2427676
2428028
2428376
2428720
2429072
2429416
2429764
2430116
2430460
2430804
2431132
2431492
2431828
2432180
2432524
2432860
2433212
2433556
2433892
2434248
2434592
2434928
2435280
2435628
2435964
2436312
2436656
2436992
2437340
2437680
2438016
2438372
2438720
2439056
2439408
2439752
2440088
2440444
2440788
2441128
2441480
2441824
2442160
2442512
2442840
2443192
2443540
2443868
2444216
2444564
2444892
2445240
2445588
2445916
2446264
2446612
2446956
2447292
2447648
2447992
2448328
2448680
2449024
2449364
2449712
2450056
2450392
2450740
2451088
2451424
2451772
2452116
2452452
2452808
2453136
2453484
2453840
2454168
2454516
2454868
2455216
2455552
2455900
2456244
2456580
2456932
2457276
2457628
2457972
2458316
2458652
2459004
2459348
2459684
2460032
2460380
2460716
2461064
2461408
2461760
2462104
2462448
2462784
2463132
2463480
2463816
2464164
2464508
2464860
2465204
2465548
2465892
2466232
2466576
2466920
2467264
2467608
2467952
2468296
2468640
2468988
2469332
2469676
2470028
2470372
2470716
2471064
2471412
2471756
2472100
2472444
2472792
2473140
2473484
2473820
2474180
2474524
2474860
2475216
2475560
2475900
2476256
2476608
2476944
2477304
2477652
2477988
2478348
2478692
2479032
2479388
2479732
2480068
2480428
2480772
2481108
2481464
2481808
2482148
2482500
2482844
2483180
2483540
2483884
2484220
2484580
2484920
2485260
2485608
2485952
2486308
2486652
2486996
2487332
2487684
2488028
2488384
2488728
2489072
2489408
2489760
2490104
2490460
2490804
2491152
2491500
2491840
2492188
2492532
2492876
2493224
2493572
2493916
2494260
2494608
2494956
2495300
2495652
2495996
2496340
2496688
2497032
2497368
2497720
2498068
2498404
2498752
2499092
2499432
2499780
2500124
2500460
2500812
2501156
2501492
2501848
2502196
2502532
2502892
2503236
2503572
2503932
2504280
2504616
2504976
2505320
2505656
2506016
2506364
2506700
2507056
2507400
2507736
2508092
2508436
2508772
2509128
2509468
2509808
2510156
2510500
2510836
2511188
2511532
2511868
2512220
2512560
2512896
2513244
2513592
2513928
2514276
2514620
2514976
2515320
2515664
2516000
2516348
2516696
2517032
2517380
2517724
2518064
2518412
2518756
2519092
2519440
2519788
2520124
2520472
2520816
2521172
2521508
2521856
2522208
2522552
2522896
2523240
2523584
2523928
2524256
2524612
2524956
2525300
2525640
2525984
2526312
2526668
2527012
2527360
2527704
2528048
2528376
2528732
2529076
2529404
2529764
2530108
2530436
2530792
2531136
2531484
2531820
2532168
2532496
2532856
2533200
2533528
2533884
2534224
2534552
2534908
2535248
2535576
2535932
2536276
2536604
2536964
2537300
2537648
2537988
2538328
2538656
2539008
2539348
2539676
2540032
2540368
2540700
2541056
2541392
2541744
2542084
2542424
2542784
2543128
2543464
2543820
2544168
2544504
2544852
2545196
2545532
2545876
2546220
2546556
2546888
2547240
2547576
2547908
2548264
2548600
2548932
2549280
2549616
2549952
2550296
2550632
2550972
2551304
2551644
2551976
2552320
2552660
2552996
2553324
2553664
2554008
2554352
2554676
2555016
2555348
2555696
2556036
2556376
2556708
2557040
2557388
2557720
2558068
2558400
2558744
2559080
2559420
2559756
2560092
2560432
2560768
2561104
2561440
2561768
2562108
2562448
2562780
2563116
2563448
2563780
2564112
2564444
2564780
2565116
2565440
2565780
2566120
2566456
2566792
2567128
2567460
2567796
2568116
2568456
2568796
2569132
2569472
2569804
2570132
2570472
2570808
2571140
2571472
2571804
2572136
2572472
2572800
2573136
2573472
2573808
2574140
2574464
2574804
2575144
2575468
2575812
2576144
2576480
2576812
2577144
2577464
2577812
2578144
2578476
2578808
2579140
2579480
2579804
2580128
2580448
2580788
2581120
2581448
2581776
2582100
2582432
2582760
2583076
2583416
2583732
2584072
2584400
2584728
2585060
2585388
2585720
2586052
2586384
2586704
2587044
2587384
2587708
2588024
2588364
2588688
2589008
2589340
2589664
2589976
2590308
2590632
2590956
2591280
2591604
2591916
2592256
2592572
2592908
2593236
2593564
2593892
2594220
2594548
2594864
2595204
2595528
2595852
2596180
2596504
2596828
2597160
2597476
2597796
2598120
2598440
2598760
2599084
2599396
2599724
2600048
2600368
2600692
2601012
2601324
2601648
2601964
2602296
2602616
2602940
2603252
2603568
2603892
2604200
2604524
2604836
2605152
2605480
2605796
2606116
2606424
2606748
2607068
2607384
2607700
2608020
2608328
2608656
2608960
2609284
2609596
2609912
2610232
2610544
2610864
2611184
2611484
2611808
2612124
2612436
2612748
2613056
2613380
2613700
2614016
2614332
2614644
2614956
2615264
2615588
2615900
2616200
2616524
2616836
2617136
2617460
2617772
2618072
2618388
2618700
2619004
2619320
2619628
2619940
2620252
2620552
2620860
2621180
2621492
2621800
2622112
2622420
2622728
2623040
2623340
2623660
2623964
2624276
2624584
2624896
2625208
2625512
2625820
2626128
2626436
2626740
2627056
2627364
2627676
2627980
2628280
2628600
2628908
2629204
2629524
2629836
2630140
2630448
2630752
2631060
2631372
2631680
2631984
2632292
2632596
2632900
2633200
2633508
2633812
2634116
2634416
2634728
2635028
2635332
2635636
2635936
2636240
2636540
2636840
2637136
2637440
2637744
2638044
2638336
2638640
2638944
2639244
2639544
2639840
2640148
2640452
2640748
2641056
2641360
2641664
2641956
2642268
2642560
2642876
2643176
2643476
2643772
2644080
2644424
2644760
2645100
2645444
2644756
2645096
2645440
2644752
2645092
2645432
2644748
2645088
2645432
2644744
2645084
2645424
2644740
2645084
2645420
2644736
2645080
2645416
2644732
2645076
2645412
2644728
2645072
2645408
2644724
2645064
2645404
2644724
2645060
2645400
2644716
2645056
2645396
2644712
2645052
2645392
2644712
2645048
2645392
2644704
2645044
2645388
2644700
2645040
2645380
2644696
2645040
2645376
2644692
2645036
2645372
2644688
2645032
2645368
2644684
2645028
2645364
2644684
2645020
2645360
2644680
2645016
2645356
2644676
2645012
2645352
2644672
2645008
2645348
2644664
2645004
2645348
2644660
2645000
2645344
2644656
2644996
2645336
2644652
2644992
2645332
2644648
2644988
2645328
2644644
2644988
2645324
2644644
2644980
2645320
2644640
2644976
2645316
2644636
2644972
2645312
2644632
2644968
2645308
2644628
2644964
2645308
2644620
2644960
2645304
2644616
2644956
2645300
2644612
2644952
2645296
2644608
2644948
2645292
2644604
2644948
2645284
2644600
2644940
2645280
2644600
2644936
2645276
2644592
2644932
2645272
2644588
2644928
2645268
2644588
2644924
2645268
2644580
2644920
2645264
2644576
2644916
2645260
2644572
2644912
2645256
2644568
2644908
2645252
2644564
2644908
2645244
2644560
2644904
2645240
2644556
2644896
2645236
2644552
2644896
2645232
2644548
2644892
2645228
2644548
2644884
2645224
2644540
2644880
2645224
2644536
2644876
2645220
2644532
2644872
2645212
2644532
2644868
2645208
2645552
2644864
2645208
2645544
2644860
2645204
2645540
2644856
2645200
2645536
2644852
2645196
2645532
2644848
2645192
2645528
2644848
2645184
2645524
2644840
2645180
2645524
2644836
2645176
2645516
2644832
2645172
2645512
2644828
2645168
2645512
2644824
2645168
2645504
2644820
2645164
2645500
2644816
2645160
2645496
2644812
2645156
2645492
2644808
2645152
2645488
2644808
2645144
2645484
2644804
2645140
2645480
2644796
2645136
2645476
2644796
2645132
2645472
2644792
2645128
2645472
2644784
2645124
2645464
2644780
2645124
2645460
2644776
2645120
2645456
2644772
2645112
2645452
2644768
2645112
2645448
2644764
2645104
2645444
2644764
2645100
2645440
2644760
2645096
2645436
2644756
2645092
2645432
2644752
2645088
2645428
2644744
2645084
2645428
2644740
2645080
2645420
2644736
2645076
2645416
2644732
2645072
2645416
2644728
2645072
2645408
2644724
2645068
2645404
2644720
2645060
2645400
2644720
2645056
2645396
2644716
2645052
2645392
2644712
2645048
2645388
2644708
2645044
2645388
2644700
2645040
2645384
2644696
2645036
2645380
2644692
2645032
2645376
2644688
2645028
2645368
2644684
2645028
2645364
2644680
2645024
2645360
2644676
2645016
2645356
2644672
2645012
2645352
2644668
2645008
2645348
2644668
2645004
2645348
2644660
2645000
2645344
2644656
2644996
2645340
2644652
2644992
2645336
2644648
2644988
2645332
2644644
2644988
2645324
2644640
2644984
2645320
2644636
2644980
2645316
2644632
2644976
2645312
2644628
2644972
2645308
2644628
2644964
2645304
2644620
2644960
2645304
2644616
2644956
2645296
2644612
2644952
2645292
2644608
2644948
2645292
2644604
2644948
2645284
2644600
2644944
2645280
2644596
2644940
2645276
2644592
2644936
2645272
2644588
2644932
2645268
2644588
2644924
2645264
2644584
2644920
2645260
2644576
2644916
2645256
2644576
2644912
2645252
2644572
2644908
2645252
2644564
2644904
2645244
2644560
2644904
2645240
2644556
2644900
2645236
2644552
2644892
2645232
2644548
2644892
2645228
2644544
2644884
2645224
2644544
2644880
2645220
2644540
2644876
2645216
2644536
2644872
2645212
2644532
2644868
2645208
2645552
2644864
2645208
2645544
2644860
2645204
2645540
2644856
2645200
2645536
2644852
2645196
2645532
2644848
2645192
2645528
2644848
2645184
2645524
2644844
2645180
2645520
2644836
2645176
2645516
2644836
2645172
2645512
2644832
2645168
2645512
2644824
2645164
2645504
2644820
2645164
2645500
2644816
2645160
2645496
2644812
2645152
2645492
2644808
2645152
2645488
2644808
2645144
2645484
2644804
2645140
2645480
2644800
2645136
2645476
2644796
2645132
2645472
2644792
2645128
2645472
2644784
2645124
2645468
2644780
2645120
2645460
2644776
2645116
2645456
2644772
2645112
2645456
2644768
2645112
2645448
2644764
2645104
2645444
2644764
2645100
2645440
2644760
2645096
2645436
2644756
2645092
2645432
2644752
2645088
2645428
2644744
2645084
2645428
2644740
2645080
2645424
2644736
2645076
2645420
2644732
2645072
2645416
2644728
2645068
2645408
2644724
2645068
2645404
2644724
2645060
2645400
2644716
2645056
2645396
2644712
2645052
2645392
2644712
2645048
2645388
2644708
2645044
2645388
2644700
2645040
2645384
2644696
2645036
2645380
2644692
2645032
2645376
2644688
2645028
2645372
2644684
2645028
2645364
2644680
2645020
2645360
2644676
2645020
2645356
2644672
2645016
2645352
2644668
2645008
2645348
2644668
2645004
2645344
2644660
2645000
2645344
2644656
2644996
2645336
2644652
2644992
2645332
2644648
2644988
2645332
2644644
2644988
2645324
2644640
2644984
2645320
2644636
2644980
2645316
2644632
2644976
2645312
2644628
2644972
2645308
2644628
2644964
2645304
2644624
2644960
2645300
2644616
2644956
2645296
2644616
2644952
2645292
2644612
2644948
2645292
2644604
2644944
2645284
2644600
2644944
2645280
2644596
2644940
2645276
2644592
2644932
2645272
2644588
2644932
2645268
2644588
2644924
2645264
2644584
2644920
2645260
2644580
2644916
2645256
2644576
2644912
2645252
2644572
2644908
2645252
2644564
2644904
2645248
2644560
2644900
2645240
2644556
2644896
2645236
2644552
2644892
2645236
2644548
2644892
2645228
2644544
2644884
2645224
2644544
2644880
2645220
2644540
2644876
2645216
2644536
2644872
2645212
2644532
2644868
2645208
2645552
2644864
2645204
2645544
2644860
2645204
2645540
2644856
2645200
2645536
2644852
2645196
2645532
2644848
2645192
2645528
2644848
2645184
2645524
2644844
2645180
2645520
2644840
2645176
2645516
2644836
2645172
2645512
2644828
2645168
2645512
2644824
2645164
2645508
2644820
2645160
2645500
2644816
2645156
2645496
2644812
2645152
2645492
2644808
2645152
2645488
2644808
2645144
2645484
2644804
2645140
2645480
2644800
2645136
2645476
2644796
2645132
2645472
2644792
2645128
2645472
2644784
2645124
2645468
2644780
2645120
2645464
2644776
2645116
2645460
2644772
2645112
2645456
2644768
2645112
2645448
2644764
2645104
2645444
2644764
2645100
2645440
2644756
2645096
2645436
2644752
2645092
2645432
2644752
2645088
2645432
2644744
2645084
2645428
2644740
2645080
2645424
2644736
2645076
2645420
2644732
2645072
2645416
2644728
2645072
2645408
2644724
2645068
2645404
2644720
2645060
2645400
2644716
2645060
2645396
2644712
2645056
2645392
2644712
2645048
2645388
2644704
2645044
2645388
2644700
2645040
2645384
2644696
2645036
2645376
2644692
2645032
2645376
2644688
2645028
2645368
2644684
2645028
2645364
2644680
2645024
2645360
2644676
2645020
2645356
2644672
2645016
2645352
2644668
2645008
2645348
2644668
2645004
2645344
2644660
2645000
2645340
2644656
2644996
2645336
2644656
2644992
2645336
2644648
2644988
2645332
2644644
2644984
2645324
2644640
2644984
2645320
2644636
2644980
2645316
2644632
2644976
2645312
2644628
2644972
2645308
2644628
2644964
2645304
2644624
2644960
2645300
2644620
2644956
2645296
2644616
2644952
2645292
2644608
2644948
2645292
2644604
2644944
2645288
2644600
2644940
2645280
2644596
2644936
2645276
2644592
2644932
2645272
2644588
2644932
2645268
2644588
2644924
2645264
2644584
2644920
2645260
2644580
2644916
2645256
2644576
2644912
2645252
2644572
2644908
2645252
2644564
2644904
2645248
2644560
2644900
2645244
2644556
2644896
2645240
2644552
2644892
2645236
2644548
2644892
2645228
2644544
2644884
2645224
2644544
2644880
2645220
2644536
2644876
2645216
2644532
2644876
2645212
2645552
2644868
2645208
2645552
2644864
2645208
2645544
2644860
2645200
2645540
2644856
2645196
2645536
2644852
2645196
2645532
2644848
2645192
2645528
2644848
2645184
2645524
2644844
2645180
2645520
2644840
2645176
2645516
2644836
2645172
2645512
2644832
2645168
2645512
2644824
2645164
2645504
2644820
2645160
2645504
2644816
2645156
2645500
2644812
2645152
2645492
2644808
2645152
2645488
2644804
2645144
2645484
2644804
2645140
2645480
2644796
2645136
2645476
2644792
2645132
2645472
2644792
2645128
2645472
2644784
2645124
2645468
2644780
2645120
2645464
2644776
2645116
2645460
2644772
2645112
2645456
2644768
2645112
2645448
2644764
2645108
2645444
2644760
2645100
2645440
2644756
2645100
2645436
2644752
2645096
2645432
2644752
2645088
2645428
2644744
2645084
2645428
2644740
2645080
2645424
2644736
2645076
2645416
2644732
2645072
2645416
2644728
2645072
2645408
2644724
2645068
2645404
2644720
2645064
2645400
2644716
2645060
2645396
2644712
2645056
2645392
2644712
2645048
2645388
2644708
2645044
2645384
2644700
2645040
2645380
2644696
2645036
2645376
2644696
2645032
2645376
2644688
2645028
2645368
2644684
2645028
2645364
2644680
2645024
2645360
2644676
2645020
2645356
2644672
2645016
2645352
2644668
2645008
2645348
2644668
2645004
2645344
2644664
2645000
2645340
2644660
2644996
2645336
2644656
2644992
2645332
2644648
2644988
2645332
2644644
2644988
2645324
2644640
2644980
2645320
2644636
2644976
2645316
2644632
2644976
2645312
2644628
2644972
2645308
2644628
2644964
2645304
2644624
2644960
2645300
2644620
2644956
2645296
2644616
2644952
2645292
2644612
2644948
2645292
2644604
2644944
2645284
2644600
2644940
2645284
2644596
2644936
2645280
2644592
2644932
2645272
2644588
2644932
2645268
2644584
2644924
2645264
2644584
2644920
2645260
2644576
2644916
2645256
2644572
2644912
2645252
2644572
2644908
2645252
2644564
2644904
2645248
2644560
2644900
2645244
2644556
2644896
2645240
2644552
2644892
2645236
2644548
2644892
2645228
2644544
2644888
2645224
2644540
2644880
2645220
2644536
2644880
2645216
2644532
2644876
2645212
2644532
2644872
2645208
2645552
2644864
2645204
2645548
2644860
2645200
2645544
2644856
2645196
2645540
2644852
2645192
2645536
2644848
2645192
2645528
2644844
2645184
2645524
2644840
2645184
2645520
2644836
2645180
2645516
2644832
2645172
2645512
2644832
2645168
2645508
2644824
2645164
2645508
2644820
2645160
2645500
2644816
2645156
2645496
2644812
2645152
2645496
2644808
2645152
2645488
2644804
2645148
2645484
2644800
2645144
2645480
2644796
2645140
2645476
2644792
2645136
2645472
2644792
2645128
2645468
2644788
2645124
2645464
2644780
2645120
2645460
2644780
2645116
2645456
2644776
2645112
2645456
2644768
2645108
2645448
2644764
2645108
2645444
2644760
2645104
2645440
2644756
2645096
2645436
2644752
2645096
2645432
2644752
2645088
2645428
2644748
2645084
2645424
2644744
2645080
2645420
2644740
2645076
2645416
2644736
2645072
2645416
2644728
2645068
2645412
2644724
2645064
2645404
2644720
2645060
2645400
2644716
2645056
2645400
2644712
2645056
2645392
2644708
2645048
2645388
2644708
2645044
2645384
2644704
2645040
2645380
2644700
2645036
2645376
2644696
2645032
2645372
2644688
2645028
2645372
2644684
2645024
2645368
2644680
2645020
2645364
2644676
2645016
2645360
2644672
2645012
2645352
2644668
2645012
2645348
2644668
2645004
2645344
2644660
2645000
2645340
2644656
2644996
2645336
2644656
2644992
2645332
2644652
2644988
2645332
2644644
2644984
2645328
2644640
2644980
2645324
2644636
2644976
2645320
2644632
2644972
2645316
2644628
2644972
2645308
2644624
2644964
2645304
2644620
2644964
2645300
2644616
2644960
2645296
2644612
2644952
2645292
2644612
2644948
2645288
2644604
2644944
2645288
2644600
2644940
2645280
2644596
2644936
2645276
2644592
2644932
2645276
2644588
2644932
2645268
2644584
2644928
2645264
2644580
2644924
2645260
2644576
2644920
2645256
2644572
2644916
2645252
2644572
2644908
2645248
2644568
2644904
2645244
2644560
2644900
2645240
2644560
2644896
2645236
2644556
2644892
2645236
2644548
2644888
2645228
2644544
2644888
2645224
2644540
2644884
2645220
2644536
2644876
2645216
2644532
2644876
2645212
2645552
2644868
2645208
2645552
2644864
2645204
2645548
2644860
2645200
2645540
2644856
2645196
2645540
2644852
2645192
2645532
2644848
2645192
2645528
2644844
2645188
2645524
2644840
2645184
2645520
2644836
2645180
2645516
2644832
2645172
2645512
2644832
2645168
2645508
2644824
2645164
2645504
2644820
2645160
2645500
2644820
2645156
2645500
2644812
2645152
2645496
2644808
2645148
2645488
2644804
2645148
2645484
2644800
2645144
2645480
2644796
2645140
2645476
2644792
2645136
2645472
2644792
2645128
2645468
2644788
2645124
2645464
2644784
2645120
2645460
2644780
2645116
2645456
2644772
2645112
2645456
2644768
2645108
2645452
2644764
2645104
2645444
2644760
2645100
2645440
2644756
2645096
2645436
2644752
2645096
2645432
2644752
2645088
2645428
2644748
2645084
2645424
2644744
2645080
2645420
2644740
2645076
2645416
2644736
2645072
2645416
2644728
2645068
2645412
2644724
2645064
2645408
2644720
2645060
2645404
2644716
2645056
2645400
2644712
2645056
2645392
2644708
2645048
2645388
2644708
2645044
2645384
2644700
2645040
2645380
2644696
2645036
2645376
2644696
2645032
2645376
2644688
2645028
2645372
2644684
2645024
2645368
2644680
2645020
2645364
2644676
2645016
2645360
2644672
2645016
2645352
2644668
2645012
2645348
2644664
2645004
2645344
2644660
2645004
2645340
2644656
2645000
2645336
2644656
2644992
2645332
2644648
2644988
2645332
2644644
2644984
2645328
2644640
2644980
2645320
2644636
2644976
2645320
2644632
2644972
2645312
2644628
2644972
2645308
2644624
2644968
2645304
2644620
2644964
2645300
2644616
2644960
2645296
2644612
2644952
2645292
2644612
2644948
2645288
2644604
2644944
2645284
2644600
2644940
2645280
2644600
2644936
2645280
2644592
2644932
2645276
2644588
2644928
2645268
2644584
2644928
2645264
2644580
2644924
2645260
2644576
2644920
2645256
2644572
2644916
2645252
2644572
2644908
2645248
2644568
2644904
2645244
2644564
2644900
2645240
2644560
2644896
2645236
2644552
2644892
2645236
2644548
2644888
2645232
2644544
2644884
2645224
2644540
2644880
2645220
2644536
2644876
2645216
2644532
2644876
2645212
2645552
2644872
2645208
2645548
2644864
2645204
2645544
2644860
2645200
2645540
2644860
2645196
2645540
2644852
2645192
2645532
2644848
2645192
2645528
2644844
2645188
2645524
2644840
2645184
2645520
2644836
2645180
2645516
2644832
2645172
2645512
2644832
2645168
2645508
2644828
2645164
2645504
2644824
2645160
2645500
2644820
2645156
2645496
2644812
2645152
2645496
2644808
2645152
2645488
2644804
2645144
2645484
2644800
2645140
2645480
2644796
2645140
2645476
2644792
2645136
2645472
2644792
2645128
2645468
2644788
2645124
2645464
2644784
2645120
2645460
2644780
2645116
2645456
2644776
2645112
2645456
2644768
2645108
2645448
2644764
2645104
2645448
2644760
2645100
2645444
2644756
2645096
2645436
2644752
2645096
2645432
2644748
2645088
2645428
2644748
2645084
2645424
2644740
2645080
2645420
2644736
2645076
2645416
2644736
2645072
2645416
2644728
2645068
2645412
2644724
2645064
2645408
2644720
2645060
2645404
2644716
2645056
2645400
2644712
2645056
2645392
2644708
2645052
2645388
2644704
2645044
2645384
2644700
2645044
2645380
2644696
2645040
2645376
2644696
2645032
2645372
2644688
2645028
2645372
2644684
2645024
2645368
2644680
2645020
2645360
2644676
2645016
2645360
2644672
2645016
2645352
2644668
2645012
2645348
2644664
2645008
2645344
2644660
2645004
2645340
2644656
2645000
2645336
2644656
2644992
2645332
2644652
2644988
2645328
2644644
2644984
2645324
2644640
2644980
2645320
2644640
2644976
2645320
2644632
2644972
2645312
2644628
2644972
2645308
2644624
2644968
2645304
2644620
2644964
2645300
2644616
2644960
2645296
2644612
2644952
2645292
2644612
2644948
2645288
2644608
2644944
2645284
2644604
2644940
2645280
2644600
2644936
2645276
2644592
2644932
2645276
2644588
2644932
2645268
2644584
2644924
2645264
2644580
2644920
2645260
2644576
2644920
2645256
2644572
2644916
2645252
2644572
2644908
2645248
2644568
2644904
2645244
2644564
2644900
2645240
2644560
2644896
2645236
2644556
2644892
2645236
2644548
2644888
2645228
2644544
2644884
2645228
2644540
2644880
2645224
2644536
2644876
2645216
2644532
2644876
2645212
2645552
2644872
2645208
2645548
2644868
2645204
2645544
2644864
2645200
2645540
2644860
2645196
2645540
2644852
2645192
2645532
2644848
2645192
2645528
2644844
2645184
2645524
2644840
2645180
2645520
2644836
2645180
2645516
2644836
2645172
2645512
2644832
2645168
2645508
2644828
2645164
2645504
2644824
2645160
2645500
2644820
2645156
2645500
2644812
2645152
2645496
2644808
2645148
2645488
2644804
2645144
2645488
2644800
2645140
2645484
2644796
2645140
2645476
2644792
2645132
2645472
2644792
2645128
2645468
2644788
2645124
2645464
2644780
2645120
2645460
2644780
2645116
2645456
2644772
2645112
2645456
2644768
2645108
2645452
2644764
2645104
2645448
2644760
2645100
2645444
2644756
2645096
2645436
2644752
2645096
2645432
2644748
2645088
2645428
2644744
2645084
2645424
2644740
2645084
2645420
2644740
2645076
2645416
2644736
2645072
2645412
2644728
2645068
2645412
2644724
2645064
2645408
2644720
2645060
2645404
2644716
2645056
2645400
2644712
2645056
2645392
2644708
2645052
2645388
2644704
2645048
2645384
2644700
2645044
2645380
2644696
2645036
2645376
2644696
2645032
2645372
2644692
2645028
2645368
2644684
2645024
2645372
2645712
2646052
2646416
2646760
2647104
2647456
2647800
2648148
2648484
2648832
2649188
2649528
2649892
2650240
2650588
2650940
2651292
2651652
2652000
2652344
2652700
2653060
2653420
2653764
2654128
2654484
2654848
2655204
2655548
2655920
2656280
2656636
2656992
2657348
2657728
2658088
2658452
2658816
2659184
2659544
2659912
2660276
2660644
2661004
2661360
2661740
2662108
2662476
2662848
2663220
2663580
2663960
2664336
2664700
2665068
2665440
2665816
2666188
2666576
2666952
2667320
2667704
2668084
2668460
2668832
2669208
2669588
2669980
2670360
2670740
2671124
2671500
2671892
2672268
2672648
2673048
2673424
2673820
2674208
2674588
2674988
2675368
2675764
2676144
2676544
2676932
2677340
2677732
2678128
2678524
2678916
2679296
2679708
2680096
2680500
2680896
2681296
2681692
2682084
2682484
2682896
2683300
2683704
2684108
2684516
2684924
2685324
2685740
2686148
2686556
2686968
2687364
2687788
2688188
2688604
2689020
2689420
2689844
2690244
2690668
2691092
2691504
2691928
2692352
2692772
2693196
2693612
2694044
2694472
2694896
2695312
2695752
2696180
2696612
2697044
2697476
2697908
2698348
2698784
2699224
2699664
2700112
2700556
2701004
2701448
2701900
2702348
2702804
2703256
2703708
2704160
2704612
2705064
2705524
2705976
2706440
2706896
2707356
2707820
2708284
2708748
2709208
2709672
2710136
2710600
2711064
2711524
2711988
2712460
2712936
2713412
2713888
2714364
2714848
2715324
2715804
2716288
2716768
2717252
2717736
2718220
2718708
2719196
2719684
2720176
2720672
2721164
2721660
2722156
2722652
2723148
2723644
2724140
2724640
2725136
2725636
2726140
2726640
2727148
2727652
2728164
2728676
2729184
2729696
2730208
2730720
2731236
2731744
2732264
2732780
2733300
2733816
2734340
2734860
2735384
2735912
2736432
2736968
2737500
2738032
2738572
2739112
2739648
2740200
2740744
2741296
2741844
2742392
2742944
2743492
2744040
2744600
2745144
2745708
2746264
2746828
2747388
2747956
2748520
2749092
2749660
2750228
2750812
2751392
2751976
2752564
2753156
2753748
2754348
2754948
2755552
2756160
2756760
2757360
2757964
2758576
2759184
2759796
2760416
2761036
2761664
2762288
2762924
2763564
2764196
2764848
2765496
2766144
2766800
2767460
2768124
2768796
2769472
2770148
2770836
2771532
2772228
2772932
2773632
2774332
2775044
2775748
2776464
2777176
2777888
2778612
2779332
2780056
2780788
2781536
2782284
2783044
2783820
2784592
2785360
2786144
2786932
2787724
2788516
2789324
2790116
2790904
2791688
2792484
2793284
2794100
2794916
2795748
2796620
2797560
2798504
2799428
2800308
2801172
2802020
2802848
2803684
2804492
2805284
2806100
2806956
2807860
2808800
2809752
2810700
2811624
2812560
2813516
2814484
2815468
2816484
2817592
2818772
2819832
2820792
2821724
2822692
2823668
2824692
2825764
2826868
2827992
2829092
2830208
2831332
2832440
2833548
2834652
2835792
2836948
2838176
2839436
2840724
2842020
2843312
2844624
2845996
2847368
2848776
2850196
2851644
2853104
2854596
2856080
2857600
2859132
2860732
2862420
2864156
2865924
2867700
2869560
2871528
2873604
2875768
2878056
2880452
2882952
2885616
2888424
2891424
2894632
2898188
2902164
2906844
2912428
2920636
2951192
2958688
2964584
2969712
2974120
2978224
2982064
2985536
2988912
2992116
2995164
2998068
3000936
3004172
3007540
3010672
3013852
3016964
3019784
3022436
3025148
3027852
3030552
3032916
3035116
3037240
3039316
3041396
3043472
3045400
3047348
3049232
3051136
3052992
3054832
3056648
3058416
3060100
3061720
3063304
3064860
3066392
3067916
3069412
3070916
3072412
3073944
3075544
3077196
3078840
3080460
3082024
3083592
3085132
3086692
3088260
3089820
3091364
3092896
3094416
3095888
3097324
3098728
3100144
3101540
3102924
3104312
3105676
3107044
3108408
3109760
3111052
3112328
3113592
3114848
3116104
3117368
3118644
3119896
3121108
3122340
3123624
3124892
3126144
3127368
3128604
3129832
3131056
3132288
3133516
3134712
3135916
3137108
3138316
3139496
3140672
3141844
3143008
3144184
3145360
3146500
3147648
3148780
3149900
3150996
3152080
3153156
3154228
3155292
3156360
3157428
3158488
3159548
3160600
3161636
3162660
3163704
3164736
3165760
3166760
3167760
3168756
3169756
3170740
3171708
3172684
3173636
3174632
3175608
3176556
3177504
3178444
3179376
3180300
3181232
3182156
3183084
3184008
3184936
3185852
3186764
3187676
3188576
3189476
3190368
3191256
3192140
3193028
3193908
3194792
3195664
3196532
3197416
3198288
3199152
3200012
3200876
3201740
3202584
3203448
3204296
3205136
3205960
3206804
3207636
3208464
3209284
3210092
3210900
3211708
3212512
3213316
3214116
3214912
3215712
3216508
3217304
3218104
3218900
3219684
3220472
3221252
3222036
3222820
3223604
3224380
3225160
3225932
3226712
3227484
3228264
3229040
3229816
3230584
3231356
3232120
3232888
3233636
3234392
3235120
3235844
3236572
3237296
3238016
3238744
3239472
3240192
3240912
3241628
3242344
3243060
3243764
3244464
3245172
3245876
3246568
3247272
3247964
3248660
3249356
3250048
3250744
3251432
3252120
3252808
3253496
3254184
3254872
3255556
3256232
3256912
3257584
3258248
3258912
3259572
3260224
3260880
3261528
3262172
3262816
3263460
3264104
3264748
3265384
3266020
3266660
3267300
3267936
3268572
3269212
3269840
3270460
3271084
3271700
3272316
3272932
3273548
3274164
3274776
3275384
3275996
3276604
3277208
3277804
3278408
3279008
3279612
3280208
3280804
3281404
3281996
3282592
3283176
3283764
3284348
3284936
3285528
3286116
3286696
3287280
3287864
3288440
3289020
3289596
3290168
3290744
3291312
3291884
3292460
3293028
3293596
3294164
3294724
3295280
3295844
3296400
3296960
3297520
3298084
3298648
3299204
3299760
3300308
3300864
3301416
3301968
3302520
3303068
3303616
3304164
3304700
3305248
3305792
3306332
3306872
3307416
3307948
3308488
3309020
3309552
3310080
3310604
3311128
3311644
3312164
3312672
3313188
3313700
3314212
3314720
3315224
3315732
3316236
3316736
3317244
3317744
3318252
3318752
3319264
3319776
3320284
3320796
3321312
3321824
3322340
3322856
3323368
3323880
3324392
3324896
3325404
3325904
3326408
3326908
3327400
3327896
3328400
3328892
3329388
3329884
3330376
3330876
3331372
3331864
3332356
3332856
3333344
3333836
3334332
3334820
3335312
3335800
3336288
3336780
3337264
3337752
3338236
3338724
3339204
3339684
3340168
3340648
3341128
3341612
3342092
3342572
3343052
3343528
3344004
3344480
3344960
3345436
3345912
3346388
3346864
3347336
3347808
3348284
3348752
3349228
3349700
3350172
3350644
3351108
3351576
3352048
3352512
3352976
3353440
3353904
3354364
3354824
3355288
3355748
3356208
3356664
3357120
3357576
3358032
3358488
3358944
3359396
3359852
3360304
3360756
3361208
3361660
3362108
3362568
3363024
3363472
3363928
3364376
3364824
3365272
3365720
3366160
3366604
3367048
3367492
3367932
3368368
3368816
3369256
3369700
3370140
3370584
3371028
3371468
3371908
3372348
3372784
3373220
3373656
3374092
3374528
3374964
3375404
3375844
3376288
3376728
3377168
3377604
3378044
3378476
3378908
3379336
3379764
3380180
3380600
3381020
3381440
3381860
3382284
3382708
3383128
3383552
3383980
3384404
3384832
3385256
3385684
3386112
3386540
3386968
3387396
3387828
3388252
3388676
3389100
3389520
3389940
3390364
3390780
3391200
3391616
3392032
3392452
3392868
3393288
3393704
3394116
3394528
3394948
3395364
3395776
3396192
3396608
3397020
3397424
3397840
3398248
3398656
3399060
3399468
3399872
3400280
3400688
3401096
3401504
3401916
3402324
3402736
3403144
3403552
3403964
3404372
3404784
3405192
3405600
3406008
3406416
3406820
3407228
3407632
3408040
3408448
3408844
3409252
3409656
3410060
3410460
3410864
3411268
3411672
3412072
3412472
3412872
3413276
3413676
3414076
3414476
3414880
3415280
3415680
3416076
3416472
3416876
3417272
3417668
3418064
3418460
3418856
3419252
3419652
3420048
3420444
3420840
3421240
3421636
3422032
3422432
3422824
3423228
3423620
3424012
3424408
3424804
3425196
3425592
3425988
3426380
3426776
3427176
3427572
3427968
3428368
3428764
3429164
3429560
3429956
3430352
3430744
3431136
3431524
3431912
3432296
3432684
3433068
3433448
3433832
3434216
3434600
3434984
3435372
3435760
3436148
3436536
3436928
3437316
3437704
3438088
3438480
3438868
3439256
3439644
3440032
3440420
3440808
3441196
3441580
3441972
3442356
3442740
3443128
3443508
3443896
3444280
3444664
3445048
3445432
3445820
3446208
3446596
3446984
3447372
3447764
3448152
3448540
3448928
3449320
3449708
3450096
3450484
3450876
3451264
3451652
3452040
3452428
3452816
3453204
3453592
3453984
3454380
3454768
3455164
3455556
3455944
3456328
3456716
3457104
3457484
3457872
3458260
3458644
3459036
3459424
3459812
3460196
3460584
3460972
3461356
3461740
3462124
3462508
3462892
3463276
3463660
3464044
3464428
3464808
3465184
3465568
3465948
3466332
3466716
3467100
3467484
3467872
3468260
3468648
3469036
3469428
3469816
3470208
3470600
3470988
3471376
3471760
3472144
3472532
3472916
3473300
3473684
3474064
3474444
3474820
3475204
3475584
3475960
3476340
3476720
3477100
3477480
3477864
3478244
3478624
3479008
3479388
3479768
3480148
3480528
3480904
3481284
3481660
3482036
3482412
3482800
3483180
3483560
3483948
3484332
3484716
3485096
3485480
3485860
3486244
3486624
3487004
3487384
3487764
3488140
3488520
3488900
3489280
3489668
3490060
3490448
3490832
3491220
3491604
3491980
3492356
3492736
3493112
3493488
3493856
3494236
3494612
3494996
3495384
3495780
3496172
3496564
3496952
3497336
3497716
3498092
3498464
3498836
3499204
3499576
3499940
3500316
3500688
3501060
3501432
3501808
3502188
3502564
3502940
3503328
3503708
3504084
3504464
3504840
3505216
3505592
3505964
3506340
3506716
3507088
3507456
3507828
3508196
3508564
3508932
3509304
3509672
3510044
3510428
3510804
3511180
3511560
3511936
3512316
3512692
3513068
3513444
3513820
3514188
3514560
3514932
3515300
3515672
3516044
3516420
3516796
3517168
3517544
3517924
3518300
3518672
3519052
3519428
3519804
3520176
3520544
3520912
3521288
3521660
3522036
3522412
3522784
3523156
3523532
3523908
3524280
3524652
3525032
3525408
3525780
3526156
3526532
3526908
3527276
3527640
3528012
3528384
3528752
3529120
3529488
3529856
3530224
3530592
3530964
3531336
3531708
3532076
3532448
3532824
3533196
3533572
3533948
3534324
3534696
3535072
3535444
3535820
3536192
3536560
3536928
3537292
3537660
3538028
3538396
3538764
3539132
3539500
3539868
3540240
3540608
3540972
3541340
3541708
3542076
3542440
3542812
3543172
3543536
3543900
3544260
3544624
3544988
3545352
3545716
3546080
3546448
3546812
3547176
3547540
3547904
3548268
3548632
3548992
3549352
3549696
3550072
3550436
3550796
3551160
3551524
3551888
3552252
3552616
3552988
3553356
3553728
3554096
3554468
3554840
3555212
3555580
3555948
3556320
3556688
3557052
3557424
3557792
3558156
3558528
3558896
3559264
3559632
3560004
3560372
3560744
3561112
3561480
3561848
3562216
3562584
3562952
3563320
3563688
3564056
3564424
3564792
3565160
3565532
3565900
3566268
3566640
3567008
3567380
3567752
3568124
3568496
3568868
3569236
3569608
3569976
3570344
3570712
3571084
3571452
3571824
3572192
3572564
3572932
3573304
3573676
3574044
3574416
3574788
3575156
3575524
3575896
3576264
3576632
3577000
3577368
3577740
3578108
3578480
3578848
3579220
3579592
3579960
3580332
3580700
3581072
3581440
3581808
3582176
3582544
3582912
3583280
3583644
3584012
3584380
3584744
3585112
3585476
3585844
3586216
3586584
3586952
3587328
3587704
3588076
3588452
3588828
3589200
3589576
3589952
3590328
3590704
3591084
3591460
3591836
3592208
3592584
3592960
3593328
3593696
3594064
3594424
3594792
3595152
3595512
3595872
3596232
3596592
3596956
3597316
3597680
3598048
3598412
3598780
3599144
3599516
3599888
3600256
3600628
3600996
3601364
3601732
3602100
3602468
3602832
3603200
3603564
3603932
3604300
3604668
3605040
3605412
3605784
3606156
3606528
3606900
3607272
3607644
3608016
3608388
3608760
3609132
3609500
3609872
3610236
3610612
3610980
3611348
3611716
3612084
3612452
3612820
3613192
3613560
3613928
3614300
3614668
3615036
3615408
3615776
3616148
3616520
3616892
3617260
3617632
3618004
3618376
3618748
3619120
3619492
3619864
3620236
3620604
3620976
3621348
3621720
3622084
3622456
3622824
3623188
3623556
3623924
3624292
3624664
3625032
3625404
3625772
3626136
3626500
3626864
3627228
3627592
3627952
3628316
3628684
3629048
3629412
3629780
3630148
3630516
3630880
3631248
3631612
3631976
3632340
3632708
3633072
3633432
3633796
3634156
3634516
3634864
3635240
3635600
3635944
3636320
3636684
3637048
3637408
3637756
3638132
3638492
3638840
3639212
3639576
3639920
3640292
3640648
3640992
3641360
3641704
3642068
3642420
3642768
3643128
3643484
3643828
3644188
3644548
3644892
3645260
3645616
3645964
3646328
3646684
3647028
3647392
3647744
3648092
3648448
3648804
3649152
3649516
3649868
3650212
3650580
3650924
3651288
3651640
3651988
3652332
3652692
3653036
3653384
3653736
3654084
3654428
3654784
3655128
3655476
3655828
3656176
3656520
3656876
3657220
3657576
3657924
3658268
3658620
3658968
3659312
3659648
3660008
3660352
3660688
3661044
3661388
3661724
3662080
3662424
3662760
3663112
3663460
3663796
3664152
3664496
3664832
3665184
3665528
3665864
3666212
3666540
3666888
3667240
3667584
3667920
3668268
3668612
3668948
3669300
3669640
3669980
3670328
3670672
3671008
3671352
3671696
3672032
3672376
3672704
3673052
3673396
3673724
3674072
3674412
3674744
3675092
3675432
3675764
3676112
3676456
3676800
3677140
3677484
3677828
3678164
3678512
3678852
3679188
3679540
3679868
3680216
3680568
3680912
3681248
3681600
3681928
3682276
3682632
3682960
3683308
3683652
3683980
3684328
3684668
3685000
3685332
3685664
3685996
3686336
3686684
3687024
3687364
3687704
3688044
3688376
3688732
3689076
3689416
3689764
3690100
3690448
3690796
3691140
3691476
3691828
3692168
3692504
3692856
3693200
3693540
3693888
3694236
3694572
3694920
3695264
3695600
3695952
3696280
3696628
3696976
3697304
3697652
3698000
3698344
3698680
3699032
3699376
3699712
3700064
3700408
3700760
3701104
3701448
3701800
3702148
3702492
3702852
3703200
3703560
3703920
3704264
3704636
3704992
3705336
3705704
3706060
3706404
3706760
3707108
3707456
3707792
3708160
3708504
3708864
3709216
3709564
3709920
3710272
3710616
3710968
3711316
3711660
3711996
3712352
3712696
3713032
3713380
3713720
3714056
3714404
3714752
3715104
3715448
3715792
3716144
3716488
3716836
3717172
3717520
3717884
3718220
3718568
3718932
3719284
3719628
3719992
3720344
3720688
3721036
3721396
3721740
3722092
3722440
3722784
3723124
3723484
3723828
3724188
3724540
3724884
3725240
3725588
3725932
3726284
3726632
3726980
3727336
3727688
3728036
3728404
3728748
3729116
3729472
3729820
3730184
3730540
3730884
3731248
3731604
3731948
3732312
3732664
3733008
3733376
3733732
3734080
3734440
3734800
3735144
3735516
3735876
3736236
3736600
3736960
3737324
3737684
3738028
3738404
3738760
3739108
3739476
3739832
3740176
3740548
3740904
3741264
3741620
3741984
3742344
3742708
3743072
3743436
3743800
3744160
3744524
3744888
3745248
3745608
3745972
3746332
3746696
3747064
3747432
3747800
3748168
3748536
3748904
3749276
3749640
3750012
3750384
3750752
3751124
3751488
3751864
3752228
3752600
3752968
3753336
3753712
3754088
3754464
3754836
3755216
3755592
3755968
3756340
3756716
3757092
3757468
3757844
3758220
3758596
3758976
3759352
3759724
3760104
3760480
3760860
3761236
3761616
3762000
3762380
3762764
3763148
3763532
3763912
3764296
3764676
3765060
3765444
3765828
3766212
3766600
3766984
3767372
3767760
3768148
3768536
3768928
3769316
3769704
3770088
3770480
3770868
3771252
3771648
3772040
3772428
3772820
3773208
3773600
3773988
3774380
3774768
3775160
3775548
3775940
3776328
3776720
3777108
3777500
3777888
3778280
3778668
3779056
3779440
3779832
3780220
3780608
3780996
3781384
3781772
3782160
3782552
3782940
3783328
3783716
3784108
3784496
3784888
3785280
3785664
3786056
3786452
3786844
3787240
3787632
3788032
3788428
3788828
3789232
3789632
3790036
3790440
3790844
3791252
3791660
3792068
3792476
3792880
3793288
3793700
3794108
3794516
3794924
3795332
3795744
3796152
3796564
3796980
3797388
3797804
3798216
3798628
3799044
3799460
3799880
3800296
3800716
3801136
3801560
3801980
3802408
3802832
3803260
3803684
3804108
3804540
3804964
3805392
3805820
3806248
3806676
3807104
3807536
3807964
3808392
3808824
3809256
3809684
3810112
3810544
3810976
3811408
3811840
3812268
3812700
3813132
3813564
3813996
3814432
3814860
3815300
3815740
3816172
3816612
3817048
3817484
3817924
3818360
3818800
3819240
3819680
3820124
3820568
3821012
3821456
3821900
3822344
3822788
3823232
3823676
3824124
3824564
3825008
3825456
3825900
3826340
3826788
3827236
3827692
3828144
3828600
3829048
3829500
3829952
3830404
3830856
3831308
3831760
3832208
3832652
3833104
3833548
3834004
3834456
3834912
3835364
3835820
3836280
3836748
3837208
3837672
3838132
3838596
3839060
3839524
3839992
3840456
3840920
3841384
3841848
3842316
3842784
3843244
3843712
3844180
3844648
3845116
3845584
3846056
3846528
3847008
3847484
3847964
3848444
3848928
3849412
3849892
3850376
3850864
3851348
3851832
3852312
3852796
3853276
3853760
3854244
3854728
3855216
3855704
3856200
3856692
3857188
3857684
3858188
3858688
3859184
3859696
3860200
3860700
3861204
3861708
3862212
3862720
3863224
3863732
3864236
3864748
3865252
3865760
3866272
3866784
3867292
3867808
3868324
3868836
3869348
3869868
3870388
3870908
3871424
3871944
3872464
3872980
3873508
3874032
3874552
3875080
3875604
3876136
3876664
3877200
3877728
3878264
3878792
3879332
3879868
3880408
3880944
3881488
3882028
3882572
3883112
3883656
3884204
3884748
3885292
3885836
3886384
3886932
3887480
3888036
3888596
3889160
3889728
3890292
3890860
3891428
3892000
3892572
3893144
3893716
3894288
3894864
3895440
3896016
3896596
3897176
3897756
3898336
3898920
3899504
3900096
3900684
3901268
3901864
3902456
3903052
3903644
3904240
3904836
3905440
3906056
3906672
3907292
3907916
3908540
3909164
3909788
3910416
3911036
3911668
3912296
3912924
3913552
3914184
3914816
3915452
3916092
3916736
3917388
3918044
3918708
3919376
3920048
3920720
3921404
3922080
3922752
3923424
3924100
3924780
3925464
3926144
3926844
3927532
3928236
3928936
3929636
3930340
3931056
3931772
3932504
3933236
3933972
3934708
3935448
3936192
3936936
3937692
3938452
3939216
3939980
3940752
3941544
3942348
3943144
3943948
3944744
3945560
3946368
3947168
3947988
3948808
3949632
3950464
3951300
3952144
3953004
3953860
3954732
3955604
3956484
3957352
3958252
3959160
3960068
3960984
3961904
3962852
3963816
3964772
3965732
3966688
3967644
3968628
3969616
3970616
3971640
3972672
3973740
3974792
3975844
3976896
3977956
3979040
3980144
3981272
3982412
3983528
3984640
3985776
3986944
3988160
3989376
3990592
3991852
3993124
3994412
3995736
3997072
3998428
3999808
4001200
4002612
4004096
4005620
4007152
4008700
4010360
4012020
4013668
4015428
4017252
4019112
4020996
4022952
4025016
4027180
4029448
4031788
4034284
4037076
4040104
4043444
4047572
4052732
4061728
4080212
4087084
4092292
4096760
4100728
4104292
4107476
4110344
4113108
4115724
4118216
4120616
4122928
4125136
4127296
4129384
4131436
4133432
4135368
4137244
4139088
4140928
4142760
4144636
4146476
4148268
4150060
4151832
4153580
4155260
4156896
4158508
4160088
4161632
4163168
4164708
4166208
4167664
4169132
4170584
4172036
4173484
4174892
4176296
4177672
4179036
4180396
4181736
4183056
4184348
4185636
4186932
4188248
4189556
4190848
4192120
4193396
4194656
4195904
4197144
4198356
4199564
4200760
4201944
4203120
4204276
4205436
4206588
4207748
4208912
4210056
4211180
4212288
4213396
4214488
4215584
4216668
4217756
4218836
4219904
4220972
4222040
4223120
4224196
4225252
4226288
4227300
4228320
4229348
4230384
4231412
4232428
4233412
4234432
4235440
4236460
4237464
4238444
4239412
4240388
4241360
4242332
4243296
4244252
4245216
4246168
4247112
4248036
4248952
4249864
4250768
4251668
4252568
4253464
4254376
4255280
4256176
4257076
4257972
4258856
4259744
4260624
4261516
4262404
4263296
4264176
4265068
4265936
4266804
4267660
4268508
4269356
4270204
4271056
4271908
4272760
4273616
4274468
4275336
4276208
4277064
4277912
4278768
4279616
4280464
4281308
4282176
4283036
4283884
4284732
4285576
4286428
4287272
4288112
4288956
4289784
4290620
4291460
4292284
4293120
4293948
4294772
4295596
4296420
4297232
4298048
4298856
4299676
4300488
4301284
4302104
4302912
4303724
4304528
4305336
4306144
4306944
4307748
4308544
4309352
4310148
4310948
4311748
4312548
4313344
4314144
4314940
4315732
4316524
4317312
4318104
4318884
4319664
4320440
4321220
4321992
4322768
4323544
4324316
4325092
4325860
4326632
4327416
4328184
4328964
4329732
4330500
4331264
4332032
4332800
4333568
4334328
4335096
4335856
4336620
4337388
4338152
4338912
4339680
4340428
4341188
4341936
4342684
4343432
4344180
4344916
4345668
4346416
4347160
4347912
4348656
4349400
4350152
4350884
4351632
4352372
4353108
4353840
4354580
4355316
4356052
4356784
4357516
4358252
4358988
4359720
4360452
4361188
4361912
4362640
4363364
4364084
4364808
4365532
4366260
4366980
4367704
4368424
4369136
4369860
4370576
4371296
4372024
4372748
4373472
4374192
4374912
4375624
4376344
4377052
4377764
4378468
4379172
4379868
4380556
4381256
4381944
4382636
4383336
4384032
4384740
4385456
4386164
4386872
4387584
4388292
4389004
4389712
4390416
4391116
4391820
4392532
4393240
4393948
4394672
4395388
4396100
4396816
4397528
4398244
4398960
4399664
4400380
4401104
4401820
4402532
4403244
4403956
4404660
4405372
4406076
4406768
4407476
4408168
4408872
4409576
4410280
4410988
4411700
4412404
4413112
4413820
4414528
4415232
4415932
4416640
4417344
4418040
4418744
4419448
4420152
4420852
4421564
4422272
4422988
4423692
4424404
4425116
4425824
4426536
4427244
4427944
4428640
4429352
4430064
4430764
4431476
4432188
4432896
4433620
4434332
4435040
4435744
4436456
4437168
4437872
4438592
4439292
4439996
4440696
4441396
4442088
4442784
4443480
4444172
4444872
4445592
4446300
4447004
4447708
4448400
4449104
4449808
4450508
4451216
4451920
4452616
4453324
4454016
4454724
4455424
4456120
4456820
4457512
4458224
4458936
4459644
4460356
4461060
4461768
4462464
4463172
4463872
4464572
4465276
4465984
4466692
4467400
4468112
4468816
4469520
4470228
4470940
4471648
4472364
4473072
4473784
4474484
4475196
4475900
4476616
4477328
4478036
4478744
4479460
4480172
4480880
4481600
4482316
4483032
4483736
4484436
4485152
4485856
4486564
4487280
4487992
4488700
4489408
4490112
4490820
4491520
4492228
4492932
4493644
4494356
4495068
4495776
4496484
4497192
4497900
4498608
4499308
4500024
4500740
4501452
4502168
4502884
4503608
4504332
4505060
4505784
4506512
4507232
4507976
4508708
4509448
4510188
4510928
4511668
4512404
4513144
4513872
4514612
4515348
4516088
4516832
4517584
4518332
4519076
4519824
4520572
4521324
4522072
4522828
4523576
4524328
4525076
4525828
4526572
4527336
4528076
4528844
4529596
4530348
4531104
4531856
4532616
4533376
4534128
4534896
4535656
4536420
4537192
4537960
4538724
4539496
4540260
4541044
4541808
4542600
4543384
4544156
4544940
4545728
4546512
4547296
4548080
4548872
4549660
4550444
4551236
4552024
4552824
4553616
4554416
4555208
4556012
4556816
4557624
4558444
4559256
4560064
4560864
4561680
4562500
4563316
4564140
4564964
4565784
4566612
4567436
4568256
4569080
4569912
4570752
4571580
4572424
4573256
4574096
4574932
4575776
4576624
4577464
4578308
4579156
4580008
4580868
4581732
4582600
4583464
4584332
4585204
4586072
4586944
4587816
4588704
4589576
4590464
4591352
4592236
4593132
4594028
4594928
4595828
4596732
4597644
4598564
4599472
4600396
4601320
4602252
4603172
4604096
4605028
4605968
4606912
4607864
4608816
4609784
4610740
4611704
4612672
4613632
4614604
4615572
4616552
4617532
4618528
4619528
4620528
4621544
4622556
4623580
4624604
4625644
4626680
4627732
4628788
4629852
4630920
4631988
4633064
4634140
4635240
4636336
4637424
4638536
4639664
4640792
4641964
4643136
4644308
4645484
4646688
4647896
4649112
4650316
4651532
4652740
4654000
4655264
4656548
4657820
4659116
4660424
4661744
4663092
4664476
4665872
4667276
4668716
4670168
4671640
4673140
4674660
4676196
4677756
4679328
4680952
4682612
4684296
4685976
4687668
4689420
4691248
4693116
4695008
4696964
4698952
4700976
4703096
4705284
4707528
4709964
4712456
4715096
4717892
4720816
4723900
4727124
4730644
4734648
4739176
4744516
4752048
4778936
4790080
4797676
4803912
4809628
4814836
4819936
4824812
4829528
4834188
4838712
4843216
4847660
4852216
4856656
4861088
4865508
4870000
4874580
4879116
4883788
4888816
4893848
4899056
4904348
4910004
4916224
4922328
4928668
4935120
4941900
4948928
4955776
4963096
4971384
4981672
4994128
5009984
5065556
5086916
5106188
5127636
5177976
5209304
5234884
