16
691912
747764
771132
791456
808640
823904
837540
849672
861092
871596
881172
889964
898496
906520
914272
921600
928524
935200
941468
947468
953388
959020
964528
969864
975128
980132
985028
989816
994468
998900
1003336
1007560
1011764
1015764
1019740
1023688
1027640
1031368
1035212
1039032
1042560
1046240
1049720
1053268
1056696
1060160
1063512
1066960
1070160
1073424
1076696
1079848
1083036
1086240
1089296
1092316
1095460
1098364
1101276
1104344
1107248
1110088
1113064
1115856
1118624
1121484
1124248
1127172
1129752
1132420
1135120
1137728
1140368
1143096
1145704
1148316
1150944
1153524
1156108
1158652
1161240
1163756
1166184
1168652
1171084
1173496
1175932
1178272
1180628
1182968
1185188
1187604
1189904
1192136
1194476
1196784
1199084
1201392
1203528
1205812
1208084
1210212
1212396
1214632
1216776
1218880
1221008
1223088
1225192
1227240
1229300
1231344
1233352
1235464
1237468
1239420
1241360
1243276
1245300
1247352
1249256
1251116
1253028
1255012
1256936
1258844
1260988
1262980
1264740
1266536
1268364
1270168
1271976
1273768
1275584
1277320
1279008
1280564
1282536
1284444
1286160
1287880
1289652
1291372
1293056
1294720
1296440
1298132
1299796
1301480
1303112
1304748
1306400
1308084
1309720
1311348
1312956
1314592
1316192
1317772
1319376
1320936
1322484
1324064
1325616
1327188
1328772
1330296
1331748
1333220
1334748
1336272
1337752
1339244
1340748
1342220
1343672
1345120
1346624
1348092
1349512
1350948
1352428
1353904
1355352
1356772
1358172
1359568
1360964
1362376
1363752
1365140
1366512
1367880
1369244
1370644
1371992
1373356
1374700
1376040
1377376
1378676
1379992
1381300
1382600
1383916
1385224
1386500
1387728
1389016
1390304
1391576
1392860
1394164
1395432
1396680
1397912
1399148
1400384
1401668
1402916
1404148
1405352
1406576
1407804
1409028
1410228
1411404
1412628
1413836
1415048
1416252
1417436
1418628
1419852
1421044
1422228
1423384
1424544
1425708
1426892
1428068
1429204
1430344
1431508
1432668
1433812
1434944
1436052
1437176
1438328
1439460
1440576
1441684
1442788
1443916
1445024
1446120
1447208
1448296
1449388
1450496
1451580
1452660
1453724
1454784
1455864
1456944
1458020
1459076
1460136
1461180
1462280
1463360
1464404
1465416
1466440
1467472
1468532
1469608
1470660
1471688
1472704
1473712
1474712
1475736
1476784
1477812
1478844
1479860
1480868
1481860
1482852
1483844
1484840
1485820
1486800
1487788
1488780
1489756
1490760
1491756
1492756
1493740
1494716
1495716
1496716
1497712
1498680
1499636
1500584
1501548
1502500
1503448
1504392
1505340
1506308
1507244
1508184
1509128
1510068
1511004
1511928
1512848
1513788
1514732
1515668
1516628
1517564
1518468
1519392
1520312
1521256
1522188
1523136
1524084
1525008
1525956
1526892
1527816
1528740
1529668
1530604
1531532
1532464
1533392
1534316
1535256
1536176
1537088
1537988
1538896
1539824
1540744
1541644
1542556
1543444
1544324
1545224
1546124
1547028
1547924
1548812
1549696
1550584
1551476
1552352
1553220
1554084
1554932
1555792
1556644
1557496
1558324
1559128
1559904
1560672
1561476
1562296
1563156
1564004
1564828
1565652
1566468
1567292
1568128
1568952
1569752
1570568
1571380
1572192
1573008
1573828
1574660
1575492
1576316
1577136
1577964
1578772
1579568
1580392
1581196
1582012
1582844
1583648
1584436
1585248
1586060
1586900
1587744
1588572
1589372
1590172
1590968
1591800
1592636
1593468
1594272
1595092
1595900
1596724
1597556
1598372
1599168
1599956
1600740
1601524
1602316
1603116
1603920
1604704
1605484
1606268
1607056
1607844
1608636
1609428
1610220
1611016
1611808
1612592
1613376
1614140
1614900
1615652
1616420
1617200
1617984
1618748
1619500
1620248
1620992
1621764
1622524
1623276
1624032
1624784
1625568
1626344
1627096
1627856
1628588
1629304
1630032
1630756
1631512
1632252
1633012
1633756
1634512
1635252
1635992
1636728
1637480
1638224
1638968
1639696
1640432
1641168
1641916
1642668
1643412
1644164
1644904
1645628
1646360
1647108
1647864
1648628
1649384
1650120
1650848
1651576
1652312
1653048
1653780
1654504
1655220
1655916
1656600
1657300
1658020
1658772
1659520
1660256
1660996
1661724
1662436
1663140
1663844
1664548
1665280
1666016
1666732
1667492
1668308
1669100
1669852
1670548
1671240
1671932
1672628
1673328
1674012
1674656
1675304
1675996
1676732
1677476
1678200
1678916
1679608
1680304
1680992
1681680
1682384
1683120
1683852
1684568
1685276
1685992
1686708
1687424
1688124
1688840
1689556
1690280
1691012
1691712
1692408
1693080
1693756
1694432
1695120
1695824
1696524
1697224
1697924
1698632
1699312
1700012
1700696
1701376
1702064
1702756
1703448
1704152
1704864
1705572
1706276
1706976
1707660
1708352
1709032
1709712
1710388
1711072
1711752
1712428
1713104
1713792
1714492
1715188
1715892
1716584
1717284
1717972
1718636
1719304
1719980
1720668
1721364
1722056
1722760
1723440
1724104
1724768
1725436
1726108
1726792
1727468
1728156
1728832
1729496
1730176
1730840
1731496
1732148
1732800
1733460
1734128
1734828
1735532
1736228
1736920
1737596
1738260
1738924
1739588
1740256
1740920
1741584
1742260
1742928
1743600
1744264
1744940
1745612
1746288
1746956
1747628
1748288
1748952
1749608
1750264
1750928
1751588
1752268
1752944
1753616
1754292
1754968
1755636
1756292
1756952
1757612
1758264
1758924
1759584
1760240
1760900
1761576
1762248
1762908
1763588
1764252
1764920
1765588
1766260
1766924
1767588
1768268
1768948
1769616
1770292
1770956
1771612
1772264
1772920
1773576
1774236
1774896
1775556
1776216
1776896
1777560
1778212
1778876
1779524
1780164
1780816
1781472
1782132
1782796
1783456
1784112
1784772
1785440
1786104
1786764
1787420
1788064
1788720
1789376
1790036
1790696
1791360
1792024
1792680
1793324
1793976
1794620
1795272
1795928
1796592
1797264
1797924
1798584
1799244
1799900
1800556
1801212
1801868
1802528
1803184
1803840
1804496
1805156
1805820
1806484
1807140
1807792
1808440
1809092
1809744
1810392
1811036
1811696
1812348
1813004
1813648
1814296
1814952
1815604
1816248
1816892
1817528
1818164
1818808
1819448
1820092
1820724
1821368
1822008
1822648
1823292
1823936
1824588
1825244
1825900
1826556
1827196
1827856
1828508
1829176
1829840
1830504
1831164
1831820
1832468
1833116
1833752
1834404
1835044
1835688
1836328
1836976
1837620
1838268
1838928
1839584
1840224
1840880
1841528
1842172
1842832
1843484
1844144
1844804
1845472
1846144
1846804
1847472
1848120
1848772
1849424
1850076
1850728
1851376
1852024
1852676
1853320
1853964
1854616
1855260
1855908
1856568
1857232
1857884
1858544
1859204
1859856
1860508
1861160
1861820
1862468
1863128
1863784
1864440
1865096
1865752
1866396
1867036
1867672
1868324
1868984
1869648
1870316
1870980
1871644
1872304
1872968
1873608
1874260
1874924
1875572
1876228
1876884
1877544
1878200
1878856
1879508
1880148
1880796
1881432
1882072
1882724
1883376
1884036
1884696
1885352
1886016
1886668
1887316
1887968
1888620
1889276
1889932
1890592
1891248
1891912
1892568
1893220
1893856
1894496
1895152
1895824
1896488
1897168
1897836
1898496
1899152
1899812
1900472
1901128
1901784
1902428
1903076
1903732
1904388
1905040
1905704
1906368
1907032
1907684
1908348
1908996
1909652
1910304
1910960
1911620
1912280
1912944
1913604
1914268
1914932
1915600
1916260
1916928
1917592
1918252
1918908
1919576
1920248
1920916
1921596
1922260
1922920
1923576
1924252
1924916
1925580
1926252
1926920
1927592
1928252
1928920
1929600
1930276
1930948
1931608
1932292
1932960
1933628
1934288
1934960
1935620
1936280
1936940
1937600
1938256
1938932
1939604
1940260
1940944
1941624
1942300
1942972
1943640
1944312
1944976
1945644
1946312
1946980
1947660
1948340
1949024
1949688
1950348
1951004
1951684
1952368
1953068
1953760
1954444
1955132
1955812
1956484
1957152
1957812
1958468
1959116
1959780
1960452
1961132
1961816
1962504
1963176
1963832
1964480
1965124
1965788
1966456
1967128
1967808
1968480
1969164
1969840
1970520
1971184
1971848
1972516
1973188
1973856
1974532
1975208
1975892
1976568
1977236
1977900
1978572
1979236
1979896
1980572
1981260
1981952
1982652
1983340
1984020
1984688
1985352
1986016
1986688
1987364
1988052
1988740
1989420
1990112
1990796
1991488
1992156
1992820
1993500
1994180
1994848
1995528
1996196
1996872
1997556
1998236
1998920
1999604
2000288
2000976
2001664
2002356
2003044
2003720
2004396
2005076
2005744
2006440
2007124
2007812
2008496
2009172
2009844
2010528
2011212
2011900
2012580
2013264
2013948
2014628
2015308
2015980
2016660
2017348
2018032
2018720
2019412
2020100
2020796
2021492
2022184
2022876
2023560
2024252
2024932
2025616
2026316
2027020
2027712
2028392
2029068
2029748
2030440
2031124
2031800
2032476
2033164
2033840
2034516
2035192
2035876
2036564
2037240
2037912
2038596
2039280
2039968
2040644
2041324
2042004
2042692
2043380
2044060
2044752
2045428
2046128
2046820
2047496
2048188
2048876
2049560
2050240
2050920
2051588
2052272
2052960
2053640
2054328
2055008
2055712
2056396
2057084
2057768
2058452
2059144
2059828
2060508
2061200
2061888
2062572
2063248
2063928
2064592
2065272
2065956
2066636
2067316
2067984
2068668
2069344
2070024
2070700
2071388
2072072
2072772
2073468
2074148
2074844
2075524
2076196
2076856
2077536
2078216
2078900
2079592
2080288
2080984
2081672
2082352
2083020
2083704
2084372
2085048
2085740
2086428
2087108
2087780
2088476
2089168
2089856
2090536
2091212
2091876
2092536
2093184
2093840
2094512
2095196
2095900
2096596
2097288
2097960
2098624
2099284
2099936
2100616
2101292
2101964
2102652
2103336
2104012
2104676
2105340
2105992
2106652
2107328
2108016
2108696
2109380
2110052
2110728
2111384
2112044
2112704
2113376
2114048
2114728
2115404
2116064
2116728
2117396
2118064
2118732
2119420
2120112
2120800
2121480
2122144
2122808
2123480
2124144
2124808
2125476
2126152
2126832
2127528
2128212
2128880
2129536
2130180
2130848
2131516
2132184
2132848
2133508
2134164
2134836
2135508
2136192
2136872
2137568
2138252
2138928
2139592
2140244
2140888
2141536
2142176
2142836
2143508
2144188
2144864
2145544
2146228
2146904
2147572
2148228
2148884
2149524
2150152
2150776
2151400
2152044
2152696
2153360
2154040
2154720
2155384
2156044
2156696
2157332
2157960
2158592
2159232
2159892
2160560
2161232
2161892
2162560
2163208
2163864
2164492
2165124
2165764
2166404
2167052
2167708
2168364
2169032
2169692
2170332
2170960
2171584
2172216
2172860
2173516
2174184
2174856
2175512
2176156
2176804
2177440
2178072
2178708
2179340
2179992
2180648
2181308
2181972
2182608
2183252
2183872
2184492
2185108
2185740
2186360
2187008
2187652
2188296
2188952
2189596
2190232
2190860
2191492
2192128
2192756
2193388
2194020
2194636
2195276
2195912
2196544
2197184
2197812
2198436
2199064
2199688
2200316
2200944
2201584
2202212
2202844
2203468
2204104
2204732
2205368
2206004
2206628
2207248
2207864
2208480
2209104
2209740
2210396
2211044
2211680
2212304
2212920
2213528
2214132
2214744
2215344
2215948
2216528
2217108
2217732
2218364
2219004
2219636
2220264
2220872
2221488
2222084
2222716
2223340
2223960
2224584
2225188
2225792
2226408
2227008
2227612
2228228
2228836
2229448
2230060
2230668
2231284
2231888
2232496
2233100
2233704
2234320
2234928
2235544
2236144
2236740
2237340
2237936
2238528
2239128
2239732
2240332
2240928
2241536
2242136
2242732
2243324
2243928
2244524
2245132
2245728
2246328
2246916
2247504
2248088
2248676
2249272
2249864
2250456
2251056
2251660
2252260
2252856
2253444
2254024
2254600
2255176
2255748
2256332
2256920
2257512
2258104
2258692
2259268
2259844
2260412
2260980
2261552
2262144
2262736
2263328
2263920
2264500
2265084
2265664
2266236
2266804
2267368
2267940
2268516
2269088
2269680
2270264
2270848
2271428
2272000
2272572
2273136
2273712
2274280
2274852
2275428
2276008
2276580
2277152
2277720
2278288
2278852
2279420
2279996
2280576
2281156
2281732
2282304
2282876
2283440
2284000
2284560
2285120
2285688
2286248
2286812
2287372
2287932
2288508
2289076
2289640
2290204
2290760
2291312
2291856
2292408
2292964
2293516
2294068
2294632
2295192
2295752
2296316
2296876
2297428
2297988
2298540
2299096
2299652
2300212
2300768
2301324
2301880
2302428
2302984
2303540
2304096
2304648
2305208
2305760
2306316
2306872
2307424
2307976
2308528
2309080
2309624
2310172
2310716
2311256
2311796
2312344
2312884
2313432
2313960
2314504
2315040
2315584
2316120
2316668
2317212
2317764
2318316
2318868
2319400
2319948
2320484
2321012
2321548
2322088
2322620
2323168
2323704
2324244
2324784
2325328
2325884
2326424
2326952
2327484
2328012
2328552
2329096
2329652
2330204
2330756
2331312
2331856
2332400
2332932
2333472
2334008
2334548
2335088
2335620
2336164
2336704
2337248
2337784
2338324
2338856
2339392
2339928
2340460
2340988
2341520
2342040
2342556
2343072
2343588
2344096
2344608
2345116
2345636
2346152
2346676
2347196
2347720
2348244
2348768
2349288
2349804
2350308
2350808
2351300
2351796
2352292
2352792
2353304
2353820
2354336
2354860
2355376
2355888
2356400
2356912
2357420
2357928
2358432
2358936
2359444
2359948
2360456
2360964
2361468
2361972
2362480
2362992
2363500
2364012
2364524
2365032
2365536
2366036
2366536
2367032
2367528
2368024
2368528
2369036
2369540
2370056
2370564
2371072
2371580
2372092
2372600
2373108
2373616
2374124
2374628
2375128
2375620
2376112
2376600
2377092
2377596
2378100
2378612
2379120
2379624
2380124
2380624
2381128
2381632
2382140
2382652
2383156
2383668
2384176
2384680
2385180
2385680
2386176
2386676
2387172
2387676
2388180
2388684
2389196
2389696
2390196
2390684
2391172
2391664
2392160
2392656
2393156
2393660
2394164
2394656
2395148
2395632
2396116
2396596
2397076
2397568
2398052
2398548
2399044
2399532
2400016
2400496
2400980
2401468
2401952
2402436
2402920
2403412
2403908
2404396
2404880
2405360
2405840
2406320
2406812
2407308
2407812
2408312
2408804
2409284
2409764
2410240
2410724
2411208
2411696
2412188
2412672
2413152
2413628
2414112
2414592
2415076
2415556
2416036
2416520
2417004
2417492
2417976
2418472
2418960
2419440
2419920
2420404
2420912
2421412
2421924
2422420
2422904
2423380
2423848
2424324
2424780
2425224
2425664
2426112
2426580
2427064
2427552
2428040
2428520
2429004
2429488
2429968
2430444
2430936
2431416
2431896
2432376
2432856
2433336
2433816
2434300
2434780
2435256
2435736
2436220
2436704
2437188
2437672
2438152
2438632
2439108
2439580
2440048
2440516
2440992
2441468
2441944
2442428
2442912
2443392
2443868
2444344
2444808
2445268
2445732
2446196
2446660
2447132
2447604
2448076
2448552
2449028
2449500
2449972
2450444
2450912
2451384
2451848
2452328
2452804
2453284
2453760
2454232
2454700
2455160
2455632
2456104
2456576
2457052
2457524
2458000
2458464
2458924
2459392
2459852
2460320
2460788
2461256
2461728
2462200
2462672
2463144
2463608
2464072
2464528
2464988
2465444
2465916
2466388
2466864
2467340
2467820
2468292
2468768
2469240
2469708
2470168
2470620
2471076
2471528
2471988
2472448
2472920
2473392
2473864
2474340
2474816
2475292
2475764
2476232
2476700
2477164
2477636
2478104
2478568
2479028
2479488
2479948
2480408
2480864
2481324
2481788
2482248
2482716
2483184
2483644
2484112
2484580
2485052
2485520
2485984
2486448
2486912
2487372
2487832
2488300
2488760
2489224
2489688
2490148
2490616
2491080
2491548
2492012
2492476
2492940
2493400
2493864
2494328
2494788
2495252
2495712
2496180
2496644
2497112
2497576
2498040
2498500
2498956
2499408
2499852
2500304
2500748
2501204
2501664
2502128
2502592
2503056
2503516
2503980
2504452
2504924
2505388
2505852
2506312
2506772
2507228
2507688
2508140
2508604
2509060
2509524
2509988
2510452
2510920
2511388
2511852
2512320
2512784
2513252
2513720
2514188
2514644
2515108
2515564
2516032
2516496
2516960
2517424
2517892
2518360
2518828
2519292
2519760
2520216
2520672
2521132
2521592
2522052
2522508
2522980
2523444
2523900
2524356
2524812
2525268
2525724
2526176
2526628
2527076
2527520
2527960
2528412
2528860
2529312
2529764
2530216
2530672
2531120
2531576
2532028
2532476
2532932
2533388
2533840
2534296
2534752
2535216
2535672
2536132
2536580
2537040
2537504
2537964
2538424
2538880
2539340
2539792
2540248
2540700
2541152
2541604
2542060
2542520
2542976
2543440
2543904
2544372
2544832
2545300
2545752
2546216
2546672
2547128
2547584
2548036
2548488
2548944
2549400
2549856
2550320
2550780
2551248
2551712
2552172
2552636
2553092
2553552
2554004
2554456
2554908
2555368
2555832
2556296
2556752
2557232
2557700
2558172
2558640
2559108
2559564
2560028
2560488
2560948
2561408
2561872
2562328
2562792
2563256
2563720
2564184
2564644
2565108
2565564
2566020
2566472
2566928
2567380
2567832
2568296
2568752
2569216
2569676
2570140
2570600
2571064
2571528
2571988
2572456
2572916
2573376
2573832
2574296
2574752
2575212
2575668
2576124
2576584
2577044
2577500
2577960
2578416
2578880
2579348
2579808
2580276
2580740
2581208
2581668
2582132
2582592
2583056
2583520
2583980
2584448
2584908
2585376
2585840
2586308
2586772
2587232
2587692
2588148
2588612
2589068
2589532
2589988
2590452
2590912
2591380
2591844
2592316
2592784
2593252
2593716
2594176
2594636
2595092
2595552
2596008
2596464
2596924
2597388
2597856
2598324
2598796
2599268
2599744
2600208
2600680
2601148
2601608
2602064
2602516
2602980
2603436
2603892
2604352
2604812
2605276
2605744
2606212
2606680
2607144
2607608
2608068
2608536
2608996
2609460
2609916
2610380
2610836
2611300
2611764
2612228
2612696
2613164
2613632
2614096
2614564
2615028
2615492
2615964
2616428
2616888
2617352
2617812
2618280
2618752
2619228
2619700
2620168
2620636
2621104
2621564
2622024
2622484
2622936
2623384
2623840
2624304
2624768
2625240
2625708
2626192
2626668
2627136
2627592
2628060
2628528
2628988
2629452
2629916
2630384
2630848
2631312
2631780
2632244
2632708
2633176
2633644
2634104
2634568
2635036
2635504
2635972
2636440
2636912
2637376
2637840
2638308
2638776
2639248
2639720
2640188
2640652
2641124
2641588
2642052
2642512
2642972
2643440
2643904
2644368
2644832
2645300
2645764
2646232
2646704
2647172
2647640
2648100
2648552
2649012
2649472
2649932
2650392
2650864
2651328
2651784
2652244
2652708
2653180
2653652
2654132
2654608
2655076
2655544
2656016
2656488
2656956
2657424
2657884
2658344
2658808
2659272
2659740
2660208
2660676
2661140
2661612
2662080
2662544
2663012
2663472
2663940
2664404
2664868
2665340
2665816
2666296
2666772
2667244
2667716
2668196
2668664
2669132
2669600
2670068
2670532
2670996
2671460
2671920
2672396
2672868
2673340
2673816
2674288
2674760
2675228
2675688
2676152
2676616
2677080
2677536
2678000
2678472
2678944
2679416
2679896
2680368
2680844
2681316
2681792
2682268
2682740
2683220
2683688
2684156
2684632
2685100
2685568
2686032
2686504
2686972
2687440
2687908
2688380
2688848
2689324
2689796
2690264
2690732
2691196
2691664
2692136
2692604
2693080
2693556
2694032
2694496
2694972
2695440
2695900
2696368
2696832
2697288
2697744
2698200
2698660
2699120
2699588
2700052
2700532
2701008
2701484
2701952
2702420
2702892
2703360
2703820
2704288
2704748
2705212
2705668
2706132
2706596
2707068
2707540
2708004
2708480
2708952
2709416
2709884
2710356
2710820
2711288
2711752
2712220
2712692
2713160
2713636
2714104
2714576
2715040
2715496
2715952
2716408
2716872
2717336
2717796
2718268
2718744
2719212
2719684
2720152
2720624
2721096
2721568
2722036
2722500
2722968
2723432
2723896
2724356
2724816
2725280
2725740
2726204
2726668
2727136
2727600
2728060
2728528
2729000
2729468
2729940
2730412
2730880
2731348
2731812
2732268
2732732
2733192
2733660
2734132
2734600
2735072
2735528
2736004
2736476
2736952
2737424
2737896
2738364
2738828
2739288
2739748
2740212
2740668
2741132
2741592
2742048
2742504
2742964
2743424
2743888
2744348
2744816
2745284
2745756
2746224
2746704
2747180
2747656
2748128
2748580
2749048
2749500
2749948
2750396
2750852
2751316
2751784
2752256
2752736
2753200
2753672
2754140
2754596
2755048
2755496
2755948
2756396
2756848
2757304
2757764
2758236
2758708
2759176
2759644
2760104
2760560
2761008
2761464
2761916
2762368
2762824
2763284
2763744
2764212
2764684
2765148
2765604
2766068
2766524
2766980
2767436
2767888
2768344
2768796
2769248
2769696
2770144
2770600
2771064
2771528
2771996
2772460
2772920
2773380
2773836
2774296
2774752
2775212
2775668
2776120
2776576
2777032
2777484
2777940
2778392
2778844
2779292
2779740
2780188
2780640
2781092
2781544
2782000
2782456
2782916
2783372
2783828
2784280
2784736
2785188
2785636
2786080
2786524
2786960
2787412
2787860
2788312
2788764
2789216
2789672
2790132
2790584
2791040
2791496
2791952
2792400
2792840
2793276
2793724
2794168
2794620
2795068
2795508
2795960
2796400
2796860
2797320
2797788
2798248
2798712
2799168
2799612
2800060
2800496
2800932
2801368
2801800
2802224
2802656
2803080
2803516
2803964
2804416
2804872
2805324
2805776
2806220
2806668
2807120
2807572
2808020
2808464
2808904
2809348
2809780
2810224
2810672
2811116
2811560
2812004
2812448
2812884
2813328
2813776
2814216
2814656
2815100
2815544
2815988
2816428
2816872
2817308
2817748
2818180
2818624
2819068
2819508
2819948
2820380
2820820
2821248
2821692
2822132
2822580
2823016
2823460
2823904
2824340
2824772
2825208
2825648
2826088
2826528
2826964
2827408
2827844
2828276
2828708
2829140
2829568
2829992
2830412
2830836
2831268
2831696
2832128
2832568
2833004
2833432
2833860
2834292
2834720
2835148
2835588
2836016
2836456
2836888
2837324
2837756
2838188
2838616
2839044
2839472
2839900
2840328
2840756
2841176
2841604
2842028
2842460
2842888
2843320
2843752
2844184
2844612
2845040
2845472
2845892
2846324
2846748
2847172
2847596
2848020
2848452
2848884
2849320
2849760
2850200
2850632
2851060
2851484
2851908
2852324
2852740
2853156
2853576
2854000
2854420
2854852
2855280
2855708
2856144
2856568
2856996
2857420
2857836
2858252
2858664
2859080
2859488
2859912
2860328
2860756
2861180
2861616
2862052
2862484
2862916
2863340
2863760
2864188
2864608
2865020
2865440
2865860
2866276
2866692
2867108
2867528
2867944
2868360
2868784
2869204
2869624
2870044
2870460
2870880
2871296
2871712
2872124
2872540
2872948
2873372
2873788
2874204
2874624
2875040
2875452
2875864
2876284
2876696
2877112
2877528
2877944
2878356
2878772
2879180
2879592
2879996
2880408
2880820
2881232
2881652
2882064
2882480
2882896
2883316
2883732
2884152
2884568
2884984
2885404
2885816
2886240
2886664
2887088
2887508
2887932
2888352
2888776
2889192
2889604
2890024
2890440
2890860
2891280
2891700
2892124
2892544
2892968
2893388
2893800
2894208
2894616
2895020
2895424
2895824
2896228
2896624
2897024
2897424
2897824
2898224
2898624
2899024
2899436
2899844
2900260
2900672
2901088
2901492
2901896
2902288
2902684
2903076
2903468
2903856
2904236
2904624
2905020
2905412
2905812
2906216
2906624
2907024
2907432
2907836
2908232
2908632
2909032
2909432
2909828
2910224
2910620
2911016
2911416
2911820
2912216
2912628
2913024
2913428
2913832
2914232
2914624
2915020
2915412
2915812
2916212
2916608
2917004
2917404
2917792
2918196
2918592
2918992
2919392
2919792
2920192
2920592
2920988
2921376
2921760
2922144
2922520
2922900
2923284
2923672
2924064
2924460
2924860
2925260
2925660
2926056
2926464
2926864
2927264
2927664
2928060
2928456
2928844
2929236
2929632
2930024
2930416
2930816
2931212
2931608
2932004
2932404
2932800
2933196
2933592
2933984
2934376
2934764
2935152
2935544
2935936
2936328
2936716
2937116
2937512
2937900
2938296
2938688
2939080
2939472
2939864
2940252
2940640
2941028
2941412
2941792
2942184
2942576
2942968
2943364
2943760
2944152
2944544
2944940
2945332
2945724
2946112
2946496
2946884
2947268
2947660
2948048
2948440
2948828
2949220
2949604
2950000
2950392
2950784
2951180
2951576
2951968
2952356
2952740
2953124
2953508
2953896
2954288
2954676
2955060
2955444
2955828
2956208
2956588
2956976
2957360
2957744
2958140
2958552
2958964
2959372
2959780
2960176
2960568
2960948
2961328
2961696
2962040
2962408
2962764
2963112
2963496
2963876
2964260
2964652
2965044
2965440
2965840
2966240
2966640
2967040
2967440
2967836
2968228
2968616
2969004
2969388
2969772
2970164
2970552
2970952
2971344
2971736
2972124
2972508
2972900
2973284
2973668
2974044
2974416
2974788
2975160
2975532
2975900
2976280
2976664
2977048
2977436
2977820
2978212
2978604
2978992
2979384
2979772
2980160
2980544
2980920
2981296
2981672
2982048
2982424
2982796
2983168
2983544
2983916
2984296
2984680
2985068
2985460
2985852
2986244
2986628
2987012
2987396
2987772
2988156
2988536
2988912
2989288
2989664
2990036
2990408
2990780
2991156
2991532
2991904
2992280
2992656
2993032
2993400
2993772
2994144
2994520
2994900
2995284
2995672
2996060
2996444
2996828
2997216
2997592
2997972
2998348
2998724
2999100
2999472
2999840
3000208
3000580
3000948
3001324
3001700
3002080
3002460
3002848
3003232
3003612
3003996
3004384
3004764
3005140
3005524
3005904
3006284
3006664
3007036
3007412
3007788
3008160
3008536
3008904
3009288
3009664
3010040
3010420
3010800
3011176
3011552
3011924
3012292
3012664
3013036
3013412
3013792
3014168
3014548
3014928
3015312
3015688
3016068
3016448
3016824
3017204
3017580
3017952
3018324
3018696
3019072
3019440
3019816
3020188
3020564
3020932
3021308
3021680
3022052
3022420
3022792
3023164
3023536
3023908
3024284
3024660
3025032
3025400
3025776
3026152
3026532
3026912
3027292
3027672
3028052
3028424
3028800
3029176
3029548
3029924
3030296
3030672
3031044
3031416
3031792
3032168
3032548
3032924
3033296
3033684
3034068
3034448
3034824
3035200
3035580
3035956
3036328
3036704
3037080
3037456
3037828
3038204
3038580
3038952
3039328
3039700
3040080
3040452
3040828
3041204
3041580
3041952
3042324
3042692
3043068
3043444
3043816
3044188
3044560
3044928
3045300
3045668
3046040
3046412
3046780
3047156
3047532
3047900
3048272
3048640
3049008
3049376
3049744
3050116
3050484
3050856
3051228
3051604
3051976
3052348
3052720
3053092
3053468
3053840
3054216
3054592
3054964
3055344
3055724
3056100
3056480
3056856
3057228
3057604
3057980
3058352
3058728
3059104
3059480
3059856
3060232
3060604
3060980
3061352
3061728
3062096
3062464
3062832
3063200
3063564
3063936
3064308
3064680
3065052
3065424
3065796
3066168
3066544
3066912
3067292
3067664
3068040
3068412
3068792
3069164
3069540
3069920
3070300
3070680
3071064
3071444
3071828
3072212
3072592
3072964
3073348
3073724
3074096
3074472
3074852
3075228
3075608
3075984
3076356
3076732
3077108
3077484
3077856
3078228
3078604
3078976
3079344
3079712
3080084
3080452
3080824
3081196
3081568
3081940
3082316
3082692
3083064
3083436
3083808
3084172
3084548
3084920
3085296
3085668
3086040
3086412
3086784
3087168
3087548
3087928
3088312
3088696
3089080
3089464
3089848
3090232
3090612
3090992
3091376
3091756
3092132
3092508
3092880
3093252
3093624
3093992
3094368
3094736
3095104
3095476
3095848
3096220
3096596
3096968
3097348
3097728
3098104
3098484
3098864
3099236
3099616
3099992
3100372
3100748
3101124
3101504
3101884
3102264
3102644
3103020
3103400
3103776
3104152
3104532
3104912
3105292
3105668
3106048
3106432
3106812
3107196
3107576
3107956
3108332
3108704
3109084
3109460
3109836
3110208
3110584
3110960
3111340
3111720
3112096
3112484
3112860
3113236
3113612
3113992
3114372
3114748
3115124
3115500
3115880
3116256
3116632
3117012
3117396
3117780
3118164
3118540
3118916
3119300
3119680
3120060
3120444
3120828
3121208
3121592
3121972
3122352
3122728
3123100
3123468
3123840
3124208
3124588
3124968
3125344
3125720
3126096
3126472
3126848
3127224
3127600
3127976
3128356
3128732
3129104
3129488
3129860
3130236
3130612
3130988
3131364
3131740
3132116
3132492
3132868
3133252
3133636
3134020
3134404
3134784
3135156
3135536
3135912
3136284
3136660
3137036
3137412
3137788
3138168
3138544
3138928
3139308
3139688
3140064
3140436
3140812
3141184
3141564
3141940
3142320
3142696
3143068
3143444
3143816
3144192
3144568
3144944
3145324
3145696
3146072
3146444
3146824
3147208
3147596
3147984
3148372
3148756
3149140
3149520
3149904
3150284
3150660
3151036
3151416
3151792
3152172
3152556
3152940
3153316
3153704
3154092
3154472
3154852
3155232
3155612
3155988
3156364
3156740
3157120
3157496
3157880
3158260
3158636
3159016
3159396
3159776
3160152
3160532
3160916
3161292
3161676
3162052
3162432
3162808
3163184
3163564
3163944
3164316
3164700
3165080
3165460
3165840
3166216
3166596
3166972
3167352
3167728
3168108
3168488
3168868
3169248
3169624
3170004
3170384
3170764
3171148
3171528
3171908
3172288
3172668
3173048
3173420
3173800
3174176
3174552
3174924
3175308
3175684
3176068
3176452
3176836
3177220
3177600
3177976
3178360
3178736
3179112
3179492
3179868
3180244
3180620
3180996
3181368
3181744
3182120
3182496
3182872
3183252
3183632
3184008
3184384
3184760
3185140
3185512
3185888
3186264
3186636
3187016
3187392
3187768
3188152
3188528
3188912
3189288
3189668
3190048
3190432
3190808
3191184
3191560
3191936
3192316
3192688
3193060
3193432
3193808
3194180
3194552
3194928
3195316
3195696
3196080
3196464
3196844
3197216
3197596
3197968
3198336
3198708
3199080
3199456
3199832
3200208
3200588
3200964
3201340
3201716
3202096
3202472
3202844
3203216
3203592
3203964
3204336
3204704
3205072
3205444
3205816
3206188
3206568
3206948
3207328
3207708
3208092
3208468
3208844
3209216
3209592
3209964
3210336
3210712
3211084
3211456
3211832
3212208
3212588
3212964
3213340
3213716
3214088
3214468
3214844
3215220
3215604
3215988
3216376
3216764
3217148
3217532
3217916
3218292
3218668
3219040
3219408
3219776
3220144
3220516
3220892
3221264
3221640
3222016
3222392
3222772
3223156
3223544
3223928
3224312
3224688
3225064
3225428
3225800
3226168
3226540
3226916
3227292
3227668
3228044
3228424
3228796
3229164
3229532
3229896
3230260
3230624
3230992
3231360
3231728
3232108
3232484
3232864
3233244
3233624
3234004
3234376
3234756
3235132
3235508
3235880
3236256
3236632
3237008
3237376
3237748
3238124
3238496
3238868
3239244
3239624
3240004
3240380
3240760
3241132
3241504
3241868
3242236
3242604
3242976
3243340
3243712
3244084
3244452
3244836
3245216
3245596
3245976
3246356
3246732
3247116
3247492
3247868
3248240
3248612
3248984
3249352
3249724
3250100
3250476
3250848
3251216
3251596
3251972
3252348
3252720
3253092
3253468
3253844
3254220
3254600
3254976
3255352
3255724
3256104
3256476
3256856
3257236
3257608
3257984
3258364
3258744
3259124
3259500
3259884
3260264
3260640
3261016
3261388
3261764
3262140
3262512
3262880
3263248
3263612
3263984
3264368
3264752
3265144
3265532
3265920
3266300
3266680
3267056
3267432
3267804
3268172
3268536
3268900
3269268
3269636
3270012
3270392
3270776
3271160
3271540
3271928
3272312
3272700
3273088
3273480
3273868
3274252
3274636
3275012
3275392
3275768
3276144
3276524
3276908
3277288
3277668
3278048
3278432
3278816
3279196
3279584
3279972
3280356
3280744
3281120
3281508
3281888
3282264
3282644
3283028
3283412
3283796
3284184
3284568
3284960
3285340
3285728
3286120
3286508
3286900
3287288
3287672
3288056
3288440
3288824
3289208
3289596
3289988
3290376
3290768
3291156
3291544
3291932
3292320
3292704
3293092
3293480
3293864
3294252
3294640
3295024
3295408
3295792
3296168
3296556
3296936
3297328
3297720
3298116
3298512
3298908
3299304
3299700
3300096
3300492
3300884
3301276
3301672
3302064
3302456
3302848
3303244
3303640
3304036
3304428
3304828
3305220
3305620
3306016
3306420
3306816
3307208
3307608
3308000
3308396
3308796
3309196
3309592
3309996
3310404
3310808
3311216
3311616
3312016
3312420
3312816
3313216
3313608
3314004
3314396
3314792
3315188
3315584
3315984
3316392
3316800
3317204
3317616
3318024
3318428
3318832
3319236
3319636
3320032
3320432
3320828
3321224
3321628
3322032
3322436
3322848
3323252
3323668
3324076
3324484
3324888
3325292
3325692
3326088
3326488
3326884
3327280
3327680
3328080
3328484
3328888
3329300
3329712
3330128
3330536
3330952
3331360
3331768
3332168
3332572
3332972
3333372
3333776
3334180
3334584
3334992
3335400
3335808
3336216
3336624
3337040
3337456
3337872
3338292
3338704
3339116
3339520
3339928
3340332
3340736
3341148
3341556
3341968
3342380
3342792
3343212
3343640
3344064
3344488
3344916
3345344
3345772
3346208
3346640
3347072
3347516
3347948
3348384
3348824
3349260
3349700
3350128
3350572
3351008
3351440
3351884
3352328
3352772
3353212
3353656
3354096
3354540
3354980
3355416
3355852
3356284
3356712
3357132
3357560
3357980
3358404
3358824
3359248
3359676
3360108
3360548
3360996
3361440
3361884
3362324
3362760
3363196
3363628
3364060
3364488
3364916
3365348
3365780
3366220
3366668
3367120
3367572
3368028
3368480
3368928
3369376
3369816
3370264
3370712
3371164
3371620
3372072
3372532
3372992
3373452
3373916
3374380
3374836
3375292
3375736
3376188
3376632
3377076
3377520
3377960
3378408
3378856
3379308
3379772
3380232
3380708
3381180
3381652
3382116
3382580
3383040
3383492
3383948
3384404
3384864
3385324
3385788
3386252
3386720
3387188
3387656
3388120
3388584
3389044
3389500
3389960
3390420
3390884
3391352
3391816
3392296
3392776
3393252
3393728
3394204
3394680
3395156
3395628
3396104
3396576
3397052
3397520
3397992
3398456
3398920
3399388
3399844
3400316
3400784
3401260
3401736
3402224
3402704
3403180
3403648
3404120
3404592
3405064
3405536
3406016
3406496
3406976
3407456
3407936
3408408
3408872
3409340
3409812
3410284
3410764
3411236
3411716
3412196
3412676
3413164
3413644
3414128
3414604
3415080
3415564
3416048
3416524
3417012
3417496
3417976
3418448
3418920
3419404
3419892
3420384
3420884
3421384
3421872
3422360
3422840
3423324
3423808
3424296
3424784
3425276
3425772
3426264
3426752
3427240
3427724
3428204
3428684
3429172
3429676
3430208
3430744
3431280
3431796
3432304
3432796
3433280
3433760
3434228
3434676
3435124
3435588
3436068
3436576
3437108
3437636
3438164
3438684
3439212
3439728
3440252
3440772
3441300
3441816
3442316
3442824
3443324
3443836
3444348
3444860
3445372
3445888
3446404
3446920
3447428
3447944
3448452
3448964
3449476
3450004
3450528
3451068
3451604
3452140
3452672
3453200
3453720
3454236
3454756
3455272
3455800
3456332
3456872
3457412
3457960
3458500
3459044
3459580
3460128
3460676
3461224
3461780
3462324
3462872
3463408
3463944
3464480
3465028
3465580
3466144
3466708
3467264
3467824
3468372
3468928
3469480
3470048
3470608
3471184
3471744
3472300
3472860
3473424
3473980
3474544
3475112
3475680
3476256
3476828
3477396
3477960
3478512
3479072
3479636
3480224
3480820
3481424
3482028
3482620
3483212
3483792
3484356
3484928
3485504
3486088
3486672
3487264
3487852
3488440
3489036
3489628
3490220
3490820
3491420
3492016
3492612
3493208
3493796
3494384
3494980
3495584
3496192
3496800
3497400
3498000
3498596
3499188
3499776
3500372
3500972
3501564
3502184
3502796
3503404
3504012
3504620
3505224
3505848
3506460
3507060
3507656
3508248
3508872
3509484
3510120
3510748
3511376
3512004
3512628
3513244
3513860
3514484
3515108
3515740
3516384
3517028
3517672
3518300
3518936
3519576
3520220
3520872
3521536
3522196
3522856
3523512
3524168
3524824
3525472
3526116
3526752
3527404
3528068
3528744
3529420
3530092
3530768
3531448
3532128
3532808
3533492
3534172
3534860
3535548
3536228
3536928
3537624
3538340
3539044
3539752
3540460
3541172
3541880
3542588
3543304
3544016
3544744
3545476
3546220
3546956
3547680
3548408
3549140
3549884
3550624
3551356
3552116
3552884
3553660
3554436
3555208
3555976
3556736
3557492
3558256
3559016
3559784
3560560
3561332
3562096
3562860
3563620
3564412
3565204
3565992
3566772
3567544
3568308
3569096
3569888
3570684
3571464
3572276
3573092
3573912
3574724
3575528
3576332
3577140
3577940
3578756
3579584
3580412
3581232
3582068
3582892
3583736
3584584
3585436
3586292
3587152
3588024
3588888
3589764
3590648
3591560
3592464
3593384
3594304
3595232
3596124
3597048
3597968
3598892
3599856
3600816
3601788
3602760
3603744
3604704
3605688
3606676
3607688
3608672
3609676
3610676
3611708
3612740
3613788
3614844
3615896
3616940
3617988
3619040
3620096
3621168
3622236
3623316
3624440
3625548
3626664
3627768
3628920
3630076
3631248
3632388
3633540
3634676
3635836
3637024
3638260
3639496
3640760
3641996
3643212
3644448
3645748
3647052
3648388
3649744
3651100
3652432
3653796
3655216
3656624
3658028
3659492
3660992
3662496
3663980
3665552
3667184
3668824
3670468
3672072
3673748
3675500
3677264
3679056
3680852
3682672
3684604
3686564
3688516
3690568
3692644
3694852
3697032
3699256
3701720
3704240
3706756
3709452
3712300
3715296
3718424
3721852
3725632
3729904
3734772
3740664
3748400
3793888
3801784
3807840
3813460
3818648
3823124
3827280
3831412
3835100
3838772
3842072
3845340
3848492
3851488
3854284
3857228
3859920
3862612
3865416
3868000
3870536
3873128
3875720
3878160
3880636
3883052
3885452
3887788
3890068
3892328
3894536
3896640
3898784
3900964
3903016
3905120
3907120
3909092
3911144
3913172
3915112
3917084
3919020
3920964
3922848
3924720
3926528
3928316
3930200
3932056
3933916
3935736
3937528
3939332
3941108
3942796
3944504
3946216
3947948
3949632
3951268
3952952
3954604
3956248
3957900
3959504
3961108
3962680
3964248
3965828
3967436
3969036
3970584
3972112
3973684
3975224
3976768
3978324
3979880
3981372
3982832
3984304
3985792
3987276
3988744
3990192
3991640
3993068
3994532
3996016
3997480
3998932
4000328
4001776
4003200
4004616
4006012
4007404
4008860
4010280
4011688
4013060
4014432
4015808
4017224
4018632
4020016
4021396
4022796
4024144
4025492
4026832
4028228
4029636
4030964
4032296
4033636
4034940
4036276
4037644
4038956
4040248
4041560
4042888
4044228
4045512
4046796
4048100
4049428
4050692
4051964
4053280
4054556
4055832
4057100
4058336
4059540
4060744
4062020
4063308
4064540
4065784
4067016
4068224
4069408
4070588
4071808
4073024
4074232
4075460
4076684
4077892
4079064
4080228
4081412
4082612
4083784
4084912
4086020
4087128
4088260
4089412
4090592
4091752
4092896
4094052
4095204
4096340
4097496
4098664
4099840
4101000
4102164
4103300
4104432
4105544
4106672
4107820
4108976
4110128
4111264
4112392
4113552
4114700
4115860
4116992
4118128
4119264
4120392
4121540
4122704
4123848
4125000
4126128
4127240
4128344
4129444
4130552
4131684
4132792
4133884
4134972
4136056
4137160
4138280
4139372
4140472
4141576
4142696
4143808
4144892
4145952
4147024
4148080
4149136
4150260
4151416
4152548
4153628
4154676
4155708
4156776
4157872
4158976
4160080
4161184
4162256
4163316
4164372
4165472
4166556
4167624
4168660
4169708
4170800
4171872
4172952
4174028
4175096
4176156
4177204
4178244
4179296
4180344
4181400
4182472
4183536
4184604
4185664
4186712
4187764
4188816
4189876
4190956
4192036
4193104
4194164
4195216
4196248
4197272
4198316
4199364
4200400
4201448
4202496
4203524
4204556
4205576
4206604
4207656
4208700
4209748
4210784
4211820
4212900
4214004
4215088
4216140
4217140
4218132
4219112
4220092
4221108
4222156
4223200
4224248
4225276
4226296
4227320
4228328
4229344
4230356
4231388
4232420
4233464
4234496
4235508
4236524
4237536
4238532
4239552
4240584
4241616
4242636
4243700
4244808
4245884
4246908
4247884
4248836
4249804
4250816
4251928
4252984
4253960
4254912
4255860
4256828
4257832
4258836
4259852
4260860
4261884
4262904
4263912
4264932
4265952
4266964
4267964
4268948
4269924
4270940
4271988
4272992
4273964
4274932
4275908
4276908
4277900
4278888
4279888
4280888
4281912
4282992
4284276
4285540
4286512
4287408
4288284
4289212
4290176
4291172
4292152
4293092
4294084
4295132
4296148
4297176
4298216
4299224
4300228
4301224
4302208
4303208
4304228
4305224
4306216
4307204
4308172
4309128
4310124
4311152
4312192
4313208
4314232
4315236
4316204
4317152
4318148
4319168
4320180
4321176
4322128
4323096
4324064
4325072
4326076
4327096
4328092
4329072
4330068
4331072
4332076
4333076
4334104
4335124
4336124
4337096
4338076
4339104
4340168
4341204
4342244
4343260
4344264
4345284
4346308
4347328
4348340
4349368
4350416
4351456
4352484
4353516
4354552
4355600
4356628
4357640
4358652
4359672
4360680
4361704
4362708
4363736
4364752
4365780
4366804
4367828
4368836
4369844
4370836
4371824
4372828
4373840
4374868
4375888
4376896
4377896
4378900
4379948
4380952
4381952
4382952
4383952
4384948
4385952
4386972
4388004
4389056
4390124
4391160
4392160
4393160
4394160
4395160
4396188
4397216
4398240
4399244
4400288
4401320
4402356
4403372
4404396
4405392
4406396
4407424
4408476
4409524
4410556
4411560
4412580
4413616
4414660
4415712
4416760
4417784
4418820
4419828
4420852
4421904
4422956
4423984
4425024
4426048
4427088
4428156
4429212
4430240
4431268
4432292
4433348
4434412
4435452
4436480
4437500
4438532
4439560
4440612
4441680
4442732
4443780
4444820
4445844
4446872
4447904
4448956
4450032
4451108
4452156
4453176
4454212
4455248
4456324
4457404
4458456
4459528
4460588
4461636
4462680
4463752
4464792
4465848
4466884
4467956
4469032
4470116
4471168
4472224
4473296
4474352
4475428
4476524
4477608
4478708
4479768
4480824
4481904
4483008
4484112
4485196
4486276
4487324
4488408
4489512
4490608
4491696
4492784
4493856
4494940
4496064
4497168
4498280
4499380
4500480
4501588
4502720
4503856
4504956
4506044
4507140
4508240
4509356
4510456
4511560
4512668
4513840
4514968
4516096
4517216
4518336
4519492
4520660
4521800
4522940
4524088
4525244
4526384
4527516
4528672
4529828
4530988
4532148
4533316
4534480
4535640
4536796
4537964
4539124
4540312
4541492
4542668
4543824
4544992
4546152
4547348
4548544
4549736
4550944
4552152
4553360
4554544
4555752
4556996
4558252
4559572
4560948
4562336
4563700
4565124
4566540
4567968
4569432
4570892
4572332
4573748
4575156
4576576
4578048
4579540
4581040
4582516
4584000
4585520
4587052
4588604
4590204
4591772
4593340
4594948
4596576
4598208
4599900
4601600
4603316
4605028
4606804
4608624
4610432
4612236
4614164
4616056
4617992
4619920
4621840
4623772
4625732
4627712
4629748
4631748
4633692
4635668
4637632
4639564
4641492
4643368
4645256
4647032
4648844
4650704
4652684
4654568
4656368
4658112
4659912
4661688
4663424
4665160
4666880
4668584
4670272
4671932
4673552
4675168
4676816
4678476
4680088
4681632
4683160
4684680
4686172
4687640
4689168
4690716
4692192
4693636
4695116
4696588
4698036
4699504
4700960
4702404
4703908
4705392
4706840
4708276
4709744
4711224
4712684
4714244
4715688
4717092
4718588
4720116
4721640
4723172
4724664
4726216
4727720
4729224
4730852
4732428
4733940
4735404
4736884
4738412
4739936
4741436
4742932
4744376
4745800
4747224
4748624
4750020
4751464
4752856
4754256
4755616
4756968
4758308
4759664
4761544
4762820
4763940
4765124
4766432
4767828
4769148
4770412
4771696
4772944
4774176
4775540
4776992
4778388
4779656
4780872
4782152
4783512
4784860
4786148
4787384
4788664
4789996
4791276
4792508
4793720
4794996
4796308
4797664
4798936
4800144
4801364
4802628
4803972
4805304
4806520
4807720
4808964
4810224
4811496
4812728
4813920
4815152
4816364
4817544
4818744
4819960
4821196
4822420
4823628
4824804
4825968
4827148
4828340
4829548
4830748
4831948
4833128
4834288
4835444
4836604
4837812
4839000
4840156
4841288
4842404
4843516
4844632
4845780
4846944
4848096
4849184
4850264
4851360
4852492
4853596
4854700
4855812
4856920
4858028
4859160
4860236
4861300
4862364
4863444
4864572
4865704
4866836
4867944
4869032
4870120
4871204
4872292
4873392
4874496
4875604
4876688
4877784
4878872
4879928
4880976
4882032
4883104
4884212
4885372
4886532
4887632
4888728
4889836
4890900
4891956
4893048
4894132
4895180
4896212
4897272
4898348
4899448
4900556
4901636
4902684
4903712
4904764
4905840
4906976
4908064
4909160
4910264
4911340
4912424
4913532
4914656
4915788
4916900
4918036
4919164
4920292
4921400
4922528
4923656
4924784
4925900
4927008
4928136
4929292
4930456
4931608
4932744
4933888
4935040
4936216
4937400
4938584
4939764
4940936
4942140
4943356
4944556
4945760
4946964
4948168
4949380
4950604
4951844
4953088
4954352
4955612
4956888
4958196
4959560
4960964
4962404
4963868
4965324
4966816
4968332
4969884
4971436
4973008
4974564
4976188
4977848
4979512
4981096
4982692
4984412
4986176
4987904
4989532
4991224
4993084
4994984
4996840
4998828
5000888
5002952
5005236
5007556
5009912
5012440
5015020
5017760
5020436
5023252
5026124
5029020
5032024
5034880
5037676
5040596
5043308
5046076
5048816
5051520
5054256
5057052
5059820
5062444
5065104
5067744
5070208
5072632
5075132
5077480
5079772
5082104
5084404
5086508
5088532
5090588
5092540
5094396
5096292
5098168
5100032
5101840
5103608
5105392
5107212
5108896
5110632
5112444
5114184
5115864
5117524
5119164
5120788
5122400
5123980
5125544
5127028
5128500
5130056
5131576
5132984
5134372
5135784
5137216
5138636
5140036
5141444
5142864
5144268
5145652
5147008
5148364
5149712
5151132
5152508
5153864
5155192
5156520
5157868
5159216
5160532
5161836
5163140
5164452
5165768
5167112
5168396
5169640
5170868
5172092
5173368
5174656
5175912
5177116
5178272
5179428
5180656
5181892
5183116
5184356
5185560
5186736
5187888
5189016
5190168
5191344
5192504
5193668
5194824
5195964
5197120
5198276
5199420
5200564
5201712
5202832
5203964
5205096
5206196
5207332
5208456
5209588
5210744
5211876
5213016
5214144
5215252
5216376
5217484
5218612
5219708
5220820
5221992
5223160
5224296
5225404
5226540
5227668
5228804
5229936
5231088
5232244
5233384
5234540
5235668
5236772
5237860
5238988
5240144
5241296
5242412
5243544
5244672
5245828
5246988
5248152
5249336
5250512
5251668
5252884
5254096
5255304
5256508
5257720
5258928
5260088
5261256
5262484
5263700
5264912
5266100
5267312
5268520
5269752
5271020
5272284
5273516
5274728
5275948
5277196
5278416
5279620
5280828
5282000
5283204
5284436
5285648
5286884
5288128
5289340
5290520
5291672
5292872
5294052
5295284
5296596
5297848
5299052
5300280
5301496
5302752
5304048
5305336
5306600
5307804
5309052
5310340
5311652
5312936
5314184
5315472
5316776
5318080
5319392
5320700
5322020
5323348
5324676
5326004
5327340
5328684
5330096
5331552
5333004
5334424
5335832
5337288
5338832
5340372
5341932
5343500
5345080
5346684
5348396
5350092
5351760
5353524
5355264
5357008
5358812
5360700
5362604
5364620
5366700
5368672
5370676
5372936
5375124
5377048
5379076
5381228
5383436
5385700
5388216
5390592
5392948
5395632
5398168
5400620
5403088
5405948
5408692
5411244
5413728
5416380
5418908
5421196
5423440
5425736
5427904
5429968
5432080
5434312
5436472
5438576
5440704
5442780
5444960
5447184
5449132
5450956
5452864
5454936
5456960
5458720
5460404
5462120
5463992
5465644
5467280
5468936
5470544
5472148
5473792
5475432
5476964
5478568
5480172
5481848
5483492
5485072
5486672
5488280
5489904
5491540
5493120
5494696
5496304
5497900
5499512
5501088
5502664
5504304
5505772
5507176
5508668
5510280
5511884
5513464
5515024
5516540
5518000
5519464
5521128
5522804
5524352
5525768
5527252
5528756
5530308
5531856
5533492
5535128
5536704
5538236
5539800
5541388
5542976
5544552
5546128
5547680
5549244
5550784
5552368
5553936
5555572
5557180
5558776
5560316
5561856
5563388
5564908
5566392
5567880
5569416
5570904
5572360
5573812
5575264
5576756
5578204
5579628
5581084
5582548
5584032
5585448
5586884
5588288
5589764
5591160
5592608
5594052
5595440
5596860
5598340
5599784
5601216
5602624
5603972
5605348
5606712
5608076
5609396
5610732
5612072
5613400
5614712
5616084
5617480
5618816
5620140
5621504
5622868
5624244
5625632
5626952
5628296
5629688
5631060
5632404
5633716
5635116
5636556
5637964
5639376
5640788
5642292
5643684
5645164
5646684
5648144
5649588
5651092
5652660
5654168
5655692
5657296
5658924
5660536
5662164
5663868
5665612
5667356
5669116
5670988
5672848
5674728
5676732
5678736
5680888
5683072
5685328
5687804
5690484
5693120
5695988
5699148
5702404
5705876
5709492
5713280
5717596
5721932
5726720
5731204
5735620
5739856
5743852
5747620
5751256
5754804
5758520
5762180
5765912
5769524
5772940
5776312
5779492
5782468
5785368
5788180
5790980
5793700
5796340
5798920
5801528
5804108
5806584
5808980
5811360
5813508
5815740
5817968
5820056
5822176
5824200
5826160
5828188
5830220
5832148
5833964
5835712
5837512
5839340
5841084
5842760
5844428
5846080
5847660
5849216
5850788
5852452
5854104
5855684
5857164
5858660
5860216
5861712
5863220
5864712
5866232
5867664
5869064
5870452
5871844
5873244
5874580
5875920
5877244
5878576
5879860
5881108
5882372
5883640
5884896
5886136
5887348
5888536
5889732
5890944
5892168
5893380
5894580
5895756
5896908
5898056
5899188
5900324
5901460
5902636
5903820
5904972
5906072
5907188
5908324
5909480
5910640
5911784
5912896
5914004
5915116
5916264
5917404
5918556
5919664
5920760
5921852
5922952
5924068
5925200
5926316
5927408
5928484
5929560
5930652
5931744
5932848
5933944
5935032
5936096
5937168
5938220
5939280
5940348
5941428
5942532
5943644
5944744
5945828
5946920
5948000
5949092
5950200
5951324
5952440
5953540
5954644
5955768
5956924
5958100
5959252
5960408
5961556
5962716
5963880
5965068
5966280
5967480
5968664
5969848
5971072
5972304
5973540
5974820
5976092
5977356
5978648
5980012
5981332
5982664
5984016
5985444
5986912
5988392
5989848
5991308
5992856
5994492
5996120
5997752
5999468
6001204
6002992
6004884
6006872
6008872
6010892
6013028
6015364
6017900
6020420
6022924
6025784
6028704
6031680
6035024
6038520
6042468
6046708
6053264
6062400
6142764
6154664
6162768
6168848
6174068
6178952
6183668
6188620
6193776
6198852
6203648
6208204
6212204
6215776
6219416
6223308
6227356
6231128
6235044
6238828
6242600
6246440
6250600
6254336
6257652
6260576
6263596
6266048
6268524
6271444
6274080
6276536
6279136
6282052
6284532
6286816
6289048
6291448
6293756
6296040
6298288
6300480
6302564
6304616
6306908
6309188
6311112
6313160
6315188
6317148
6319056
6320892
6322756
6324704
6326696
6328676
6330532
6332404
6334348
6336280
6338188
6340056
6341820
6343632
6345476
6347400
6349400
6351208
6353060
6355044
6357020
6358924
6360824
6362716
6364548
6366340
6368216
6370060
6371788
6373560
6375324
6377052
6378768
6380404
6381952
6383556
6385196
6386864
6388428
6389992
6391584
6393324
6395000
6396584
6398132
6399716
6401356
6403004
6404616
6406248
6407948
6409620
6411224
6412876
6414508
6416124
6417720
6419304
6420900
6422516
6424096
6425700
6427304
6428928
6430512
6432176
6433848
6435492
6437124
6438752
6440360
6442044
6443772
6445516
6447200
6448872
6450596
6452332
6454008
6455728
6457444
6459180
6460880
6462600
6464360
6466096
6467828
6469568
6471256
6473008
6474752
6476572
6478388
6480100
6481880
6483756
6485692
6487652
6489532
6491448
6493464
6495504
6497556
6499532
6501504
6503528
6505636
6507768
6509824
6512004
6514340
6516684
6519076
6521716
6524492
6527420
6530420
6533580
6536832
6540136
6543368
6546656
6549788
6552840
6555808
6558892
6561972
6565244
6568452
6571476
6574556
6577632
6580664
6583612
6586456
6589140
6591752
6594348
6596852
6599424
6601908
6604480
6607108
6609720
6612324
6615016
6617836
6620504
6623116
6625720
6628276
6630668
6633084
6635488
6637840
6640148
6642348
6644496
6646548
6648704
6650792
6652780
6654792
6656912
6659068
6661160
6663292
6665472
6667644
6669788
6672020
6674216
6676448
6678680
6680916
6683156
6685360
6687576
6689732
6691920
6694152
6696384
6698576
6700712
6702884
6705096
6707272
6709532
6711848
6714128
6716336
6718556
6720844
6723160
6725524
6727792
6730156
6732508
6734824
6737156
6739552
6741924
6744104
6746300
6748484
6750880
6753340
6755820
6758340
6761052
6763736
6766476
6769444
6772188
6775160
6778052
6780968
6783860
6786812
6789920
6793048
6796264
6799500
6803024
6806920
6810948
6815424
6820168
6825344
6830848
6836868
6844348
6852004
6862428
6873376
6886696
6902672
6915120
6925668
6935928
6944008
6951120
6957652
6964492
6970988
6977284
6982780
6988044
6992808
6997264
7001704
7005444
7009368
7013368
7017496
7021472
7025020
7028396
7031816
7035188
7038372
7041424
7044476
7047532
7050504
7053424
7056372
7059168
7061960
7064840
7067820
7070580
7073476
7076272
7079136
7081816
7084480
7087196
7089804
7092404
7095108
7097716
