16
821328
861172
1025776
1242984
2746244
3047332
3064232
3076284
3088416
3099492
3109128
3117704
3125896
3133544
3140924
3148056
3155136
3161928
3168628
3175004
3181080
3186904
3192636
3198244
3203852
3209352
3214904
3220272
3225456
3230752
3235856
3240932
3245856
3250720
3255756
3260644
3265376
3270068
3274860
3279436
3283964
3288412
3292916
3297308
3301620
3305968
3310128
3314388
3318672
3322892
3326972
3331048
3334972
3339156
3343236
3347260
3351160
3354972
3358896
3362844
3366740
3370392
3374156
3377948
3381976
3385604
3389420
3392952
3396652
3400468
3404004
3407448
3410976
3414528
3418140
3421680
3425292
3428852
3432396
3435928
3439500
3443060
3446656
3450144
3453684
3457324
3460904
3464352
3467880
3471452
3474804
3478428
3481936
3485404
3488936
3492304
3495748
3499304
3502664
3506200
3509784
3513224
3516752
3520124
3523460
3526912
3530280
3533836
3537280
3540560
3544044
3547488
3550788
3554228
3557644
3560968
3564388
3567764
3571180
3574492
3577816
3581124
3584436
3587788
3591204
3594540
3597972
3601360
3604820
3608184
3611568
3615000
3618440
3621768
3625236
3628648
3632136
3635572
3639080
3642680
3646056
3649848
3653496
3657056
3660632
3664320
3668032
3671708
3675428
3679084
3682684
3686216
3689880
3693660
3697376
3701248
3705008
3708804
3712712
3716584
3720560
3724664
3728560
3732476
3736460
3740484
3744560
3748508
3752664
3756776
3761116
3765380
3769644
3774016
3778404
3782836
3787284
3791616
3796044
3800672
3805432
3810416
3815360
3820412
3825676
3830844
3836312
3841972
3847788
3854052
3860548
3867240
3873788
3880216
3886788
3894108
3902160
3910928
3920584
3930396
3940396
3950664
3961800
3974400
3989040
4005992
4028568
4063024
4257836
4280208
4294488
4305520
4316596
4327572
4336896
4344656
4351924
4359080
4366084
4373268
4380340
4387108
4394084
4400348
4406656
4412556
4418404
4424192
4430396
4436404
4442324
4448088
4453688
4458936
4464068
4469092
4474040
4479248
4484120
4489256
4495016
4499228
4503772
4508460
4513044
4517388
4521724
4525860
4530388
4534204
4537860
4541544
4545700
4549700
4553572
4557416
4561340
4565336
4569156
4572924
4576676
4580576
4584184
4587776
4591232
4594868
4598552
4601924
4605472
4608860
4612288
4615712
4618836
4621772
4625136
4628212
4631552
4634956
4638244
4641628
4645060
4648112
4651136
4654188
4657556
4660712
4663792
4666708
4669660
4672608
4675476
4678404
4681480
4684352
4687380
4690352
4693276
4696192
4699120
4701860
4704564
4707276
4710068
4712804
4715480
4718148
4720812
4723540
4726220
4728912
4731564
4734308
4737016
4739632
4742256
4744944
4747548
4750148
4752736
4755276
4757872
4760328
4762712
4765072
4767420
4769836
4772392
4774740
4777020
4779320
4781584
4783888
4786204
4788448
4790740
4792968
4795192
4797476
4799664
4801872
4804116
4806220
4808508
4810760
4812892
4815128
4817324
4819504
4821720
4823880
4826056
4828248
4830376
4832484
4834544
4836572
4838532
4840620
4842800
4844812
4846808
4848824
4850860
4852860
4854672
4856548
4858592
4860664
4862696
4864668
4866596
4868520
4870508
4872456
4874424
4876356
4878244
4880136
4882072
4884000
4885892
4887776
4889604
4891448
4893292
4895140
4896984
4898824
4900656
4902480
4904280
4906064
4907880
4909668
4911404
4913136
4914932
4916716
4918456
4920216
4922032
4923776
4925428
4927192
4928932
4930632
4932300
4934012
4935744
4937420
4939084
4940756
4942376
4943988
4945684
4947324
4948936
4950532
4952164
4953840
4955480
4957092
4958712
4960304
4961936
4963556
4965172
4966772
4968356
4969960
4971512
4973036
4974596
4976172
4977740
4979252
4980768
4982280
4983828
4985388
4986904
4988456
4990020
4991504
4992968
4994464
4995960
4997464
4998944
5000384
5001852
5003336
5004800
5006280
5007744
5009172
5010632
5012112
5013564
5015024
5016464
5017876
5019308
5020756
5022200
5023620
5025048
5026480
5027916
5029340
5030720
5032100
5033488
5034832
5036180
5037568
5038940
5040288
5041624
5043016
5044380
5045748
5047076
5048400
5049720
5051052
5052388
5053724
5055028
5056340
5057652
5058968
5060256
5061564
5062860
5064172
5065468
5066752
5068028
5069316
5070628
5071912
5073184
5074468
5075756
5077056
5078368
5079648
5080944
5082208
5083476
5084732
5086004
5087288
5088576
5089836
5091120
5092384
5093624
5094868
5096148
5097420
5098668
5099892
5101092
5102320
5103556
5104804
5106016
5107236
5108448
5109632
5110816
5112004
5113188
5114388
5115596
5116796
5117980
5119156
5120296
5121444
5122584
5123740
5124904
5126028
5127164
5128296
5129464
5130624
5131740
5132872
5134008
5135164
5136324
5137448
5138564
5139660
5140788
5141924
5143080
5144216
5145344
5146476
5147612
5148760
5149892
5151004
5152084
5153164
5154268
5155420
5156552
5157656
5158756
5159844
5160944
5162048
5163140
5164240
5165320
5166380
5167480
5168588
5169664
5170708
5171740
5172816
5173908
5174960
5176004
5177060
5178132
5179220
5180296
5181328
5182344
5183368
5184404
5185476
5186532
5187600
5188640
5189664
5190668
5191668
5192688
5193748
5194820
5195868
5196912
5197960
5198948
5199912
5200908
5201932
5202964
5203964
5204988
5205964
5206952
5207920
5208912
5209908
5210912
5211912
5212900
5213892
5214988
5216172
5217192
5218120
5219036
5219928
5220868
5221848
5222864
5223792
5224628
5225528
5226580
5227640
5228672
5229648
5230592
5231508
5232436
5233404
5234404
5235412
5236412
5237356
5238252
5239176
5240148
5241120
5242088
5243040
5243968
5244916
5245876
5246824
5247784
5248724
5249656
5250584
5251516
5252464
5253436
5254364
5255252
5256168
5257108
5258064
5259036
5259996
5260936
5261844
5262740
5263628
5264544
5265488
5266432
5267364
5268284
5269216
5270136
5271072
5272024
5272980
5273912
5274820
5275724
5276624
5277552
5278472
5279404
5280324
5281232
5282116
5282988
5283864
5284756
5285672
5286592
5287496
5288384
5289276
5290152
5291040
5291936
5292840
5293724
5294620
5295516
5296388
5297276
5298152
5299024
5299888
5300756
5301640
5302524
5303420
5304316
5305208
5306084
5306940
5307784
5308648
5309520
5310416
5311328
5312208
5313092
5313944
5314784
5315640
5316508
5317392
5318288
5319184
5320076
5320948
5321820
5322680
5323536
5324412
5325304
5326192
5327056
5327920
5328776
5329628
5330488
5331348
5332212
5333096
5333964
5334816
5335668
5336524
5337396
5338268
5339152
5340032
5340880
5341708
5342528
5343368
5344236
5345108
5345980
5346840
5347684
5348552
5349392
5350236
5351084
5351924
5352756
5353592
5354416
5355248
5356084
5356936
5357784
5358628
5359452
5360264
5361072
5361888
5362708
5363532
5364372
5365208
5366032
5366840
5367660
5368484
5369324
5370176
5371024
5371860
5372680
5373480
5374320
5375168
5376008
5376840
5377684
5378504
5379316
5380108
5380928
5381760
5382588
5383436
5384284
5385112
5385924
5386728
5387532
5388352
5389164
5390012
5390888
5391732
5392552
5393368
5394188
5395008
5395828
5396636
5397456
5398268
5399112
5399952
5400788
5401624
5402468
5403316
5404140
5404960
5405784
5406600
5407416
5408220
5409020
5409824
5410636
5411472
5412288
5413092
5413872
5414648
5415432
5416244
5417088
5417920
5418740
5419556
5420356
5421168
5421988
5422796
5423608
5424404
5425220
5426040
5426876
5427692
5428492
5429292
5430104
5430912
5431712
5432508
5433320
5434132
5434936
5435740
5436556
5437364
5438160
5438960
5439768
5440568
5441384
5442192
5442988
5443768
5444556
5445348
5446160
5446984
5447832
5448664
5449484
5450300
5451092
5451884
5452664
5453468
5454276
5455096
5455904
5456736
5457564
5458384
5459192
5459992
5460784
5461564
5462356
5463148
5463944
5464740
5465540
5466328
5467116
5467904
5468696
5469492
5470276
5471068
5471876
5472688
5473504
5474320
5475140
5475944
5476732
5477516
5478332
5479152
5479952
5480760
5481568
5482376
5483176
5483996
5484804
5485600
5486400
5487192
5488004
5488808
5489596
5490384
5491172
5491964
5492776
5493584
5494388
5495192
5495964
5496760
5497540
5498320
5499108
5499900
5500692
5501492
5502304
5503112
5503904
5504696
5505492
5506304
5507100
5507904
5508700
5509496
5510284
5511092
5511904
5512720
5513552
5514364
5515180
5515988
5516772
5517560
5518352
5519144
5519944
5520752
5521564
5522388
5523204
5524012
5524820
5525624
5526416
5527216
5528020
5528824
5529620
5530436
5531232
5532044
5532832
5533640
5534436
5535228
5536024
5536836
5537640
5538456
5539260
5540060
5540856
5541648
5542440
5543248
5544064
5544884
5545700
5546500
5547308
5548124
5548944
5549752
5550564
5551364
5552152
5552936
5553724
5554520
5555312
5556124
5556944
5557756
5558576
5559392
5560180
5560960
5561752
5562568
5563384
5564212
5565052
5565884
5566724
5567540
5568336
5569128
5569936
5570772
5571620
5572448
5573236
5574028
5574848
5575676
5576488
5577304
5578144
5578972
5579784
5580592
5581404
5582208
5583000
5583784
5584600
5585464
5586340
5587200
5588028
5588848
5589652
5590460
5591252
5592076
5592912
5593752
5594596
5595432
5596260
5597084
5597900
5598704
5599500
5600316
5601152
5601980
5602804
5603628
5604468
5605292
5606128
5606956
5607760
5608572
5609384
5610216
5611060
5611908
5612712
5613520
5614320
5615136
5615960
5616804
5617680
5618532
5619368
5620184
5621000
5621816
5622660
5623516
5624376
5625228
5626060
5626888
5627704
5628536
5629376
5630240
5631088
5631936
5632760
5633584
5634412
5635244
5636112
5636980
5637844
5638676
5639496
5640340
5641188
5642036
5642888
5643744
5644592
5645404
5646220
5647064
5647924
5648788
5649644
5650508
5651352
5652192
5653008
5653848
5654712
5655584
5656452
5657296
5658144
5658988
5659816
5660664
5661504
5662352
5663188
5664028
5664868
5665740
5666636
5667524
5668380
5669220
5670068
5670944
5671820
5672688
5673560
5674428
5675272
5676116
5676964
5677816
5678692
5679556
5680408
5681260
5682120
5682984
5683860
5684740
5685588
5686444
5687320
5688196
5689064
5689920
5690796
5691668
5692528
5693372
5694220
5695084
5695952
5696824
5697692
5698548
5699404
5700252
5701096
5701948
5702816
5703700
5704588
5705460
5706332
5707196
5708056
5708924
5709800
5710668
5711536
5712400
5713252
5714116
5714988
5715880
5716772
5717652
5718540
5719412
5720276
5721136
5722004
5722872
5723740
5724620
5725500
5726380
5727252
5728140
5729016
5729876
5730744
5731616
5732484
5733364
5734248
5735124
5736008
5736880
5737752
5738628
5739512
5740384
5741268
5742152
5743024
5743880
5744744
5745628
5746536
5747428
5748320
5749204
5750092
5750956
5751808
5752672
5753556
5754460
5755360
5756272
5757152
5758036
5758908
5759780
5760672
5761564
5762460
5763356
5764232
5765120
5765988
5766856
5767720
5768588
5769460
5770336
5771228
5772104
5772992
5773884
5774768
5775644
5776520
5777392
5778280
5779176
5780080
5780980
5781856
5782720
5783592
5784456
5785328
5786208
5787104
5788012
5788888
5789768
5790644
5791524
5792436
5793340
5794232
5795128
5796012
5796880
5797752
5798640
5799524
5800404
5801284
5802168
5803048
5803936
5804820
5805704
5806596
5807488
5808368
5809236
5810128
5811024
5811912
5812812
5813708
5814604
5815488
5816360
5817236
5818124
5819016
5819908
5820804
5821684
5822580
5823476
5824364
5825236
5826132
5827032
5827916
5828788
5829668
5830548
5831424
5832332
5833232
5834128
5835008
5835888
5836764
5837636
5838528
5839452
5840372
5841268
5842148
5843004
5843884
5844788
5845684
5846592
5847500
5848412
5849292
5850180
5851076
5851976
5852884
5853776
5854636
5855492
5856344
5857232
5858136
5859056
5859984
5860880
5861756
5862632
5863500
5864392
5865296
5866212
5867104
5867984
5868860
5869740
5870632
5871532
5872440
5873320
5874188
5875036
5875904
5876776
5877636
5878504
5879372
5880228
5881088
5881948
5882844
5883744
5884648
5885532
5886424
5887292
5888140
5889000
5889884
5890760
5891656
5892552
5893428
5894296
5895164
5896064
5896972
5897860
5898740
5899628
5900496
5901360
5902256
5903164
5904056
5904916
5905744
5906576
5907428
5908312
5909296
5910312
5911204
5912024
5912820
5913612
5914424
5915276
5916180
5917080
5917920
5918668
5919496
5920404
5921344
5922276
5923196
5924068
5924908
5925704
5926504
5927344
5928236
5929140
5930028
5930872
5931708
5932540
5933372
5934200
5935060
5935936
5936820
5937692
5938556
5939396
5940224
5941092
5941988
5942904
5943828
5944696
5945528
5946324
5947144
5948000
5948872
5949744
5950592
5951412
5952224
5953012
5953848
5954696
5955580
5956476
5957376
5958228
5959072
5959904
5960720
5961540
5962380
5963248
5964096
5964952
5965792
5966636
5967472
5968304
5969124
5969964
5970796
5971616
5972432
5973252
5974084
5974928
5975764
5976596
5977432
5978252
5979048
5979844
5980632
5981432
5982256
5983144
5984024
5984884
5985712
5986520
5987324
5988128
5988948
5989780
5990616
5991452
5992276
5993092
5993908
5994716
5995536
5996372
5997212
5998044
5998876
5999704
6000536
6001360
6002192
6003012
6003824
6004620
6005412
6006224
6007048
6007880
6008716
6009540
6010364
6011172
6011964
6012772
6013584
6014408
6015228
6016048
6016856
6017664
6018468
6019280
6020104
6020924
6021740
6022548
6023336
6024124
6024888
6025664
6026444
6027244
6028040
6028836
6029644
6030460
6031280
6032092
6032896
6033704
6034492
6035284
6036060
6036840
6037624
6038416
6039224
6040016
6040800
6041580
6042360
6043132
6043912
6044696
6045488
6046284
6047068
6047836
6048604
6049384
6050152
6050912
6051680
6052440
6053200
6053968
6054764
6055548
6056332
6057104
6057868
6058612
6059364
6060120
6060892
6061696
6062496
6063284
6064044
6064784
6065520
6066236
6066968
6067728
6068500
6069276
6070048
6070800
6071552
6072288
6073048
6073788
6074544
6075300
6076052
6076804
6077552
6078304
6079052
6079788
6080544
6081308
6082056
6082812
6083568
6084316
6085060
6085824
6086580
6087340
6088084
6088828
6089568
6090300
6091028
6091756
6092492
6093240
6094012
6094784
6095532
6096268
6096980
6097684
6098372
6099096
6099828
6100584
6101344
6102112
6102864
6103604
6104312
6105012
6105708
6106420
6107136
6107848
6108584
6109316
6110044
6110764
6111476
6112200
6112920
6113636
6114356
6115084
6115816
6116544
6117268
6117992
6118708
6119424
6120132
6120840
6121576
6122316
6123060
6123792
6124520
6125236
6125940
6126648
6127364
6128088
6128828
6129556
6130280
6131004
6131724
6132432
6133144
6133856
6134560
6135272
6135996
6136708
6137416
6138116
6138820
6139504
6140204
6140908
6141620
6142324
6143028
6143716
6144400
6145088
6145768
6146448
6147136
6147824
6148504
6149168
6149836
6150512
6151196
6151880
6152560
6153248
6153936
6154624
6155316
6156016
6156708
6157392
6158064
6158724
6159392
6160064
6160740
6161428
6162132
6162824
6163512
6164192
6164864
6165524
6166192
6166868
6167544
6168208
6168868
6169532
6170204
6170892
6171576
6172268
6172952
6173628
6174288
6174952
6175608
6176252
6176904
6177568
6178244
6178916
6179584
6180252
6180928
6181616
6182304
6182976
6183636
6184288
6184940
6185604
6186280
6186964
6187644
6188328
6189000
6189660
6190316
6190984
6191648
6192328
6193004
6193676
6194328
6194956
6195588
6196252
6196916
6197576
6198228
6198880
6199528
6200176
6200828
6201492
6202148
6202796
6203428
6204064
6204740
6205472
6206176
6206844
6207464
6208068
6208660
6209256
6209876
6210476
6211056
6211652
6212324
6213032
6213724
6214384
6215024
6215652
6216280
6216912
6217540
6218192
6218852
6219504
6220152
6220800
6221448
6222088
6222712
6223332
6223960
6224596
6225240
6225888
6226536
6227176
6227804
6228436
6229060
6229692
6230332
6230980
6231604
6232220
6232848
6233488
6234136
6234776
6235408
6236032
6236652
6237268
6237888
6238516
6239148
6239776
6240416
6241048
6241688
6242316
6242944
6243584
6244204
6244836
6245460
6246076
6246700
6247336
6247968
6248616
6249256
6249888
6250508
6251124
6251736
6252352
6252984
6253616
6254244
6254868
6255480
6256084
6256692
6257300
6257916
6258536
6259156
6259776
6260404
6261020
6261636
6262240
6262840
6263436
6264036
6264648
6265268
6265892
6266516
6267136
6267748
6268356
6268956
6269564
6270172
6270780
6271384
6271992
6272592
6273196
6273800
6274412
6275036
6275660
6276276
6276888
6277508
6278120
6278728
6279336
6279940
6280552
6281156
6281760
6282360
6282964
6283588
6284208
6284832
6285448
6286072
6286680
6287288
6287896
6288500
6289100
6289696
6290288
6290900
6291500
6292116
6292720
6293328
6293932
6294536
6295132
6295732
6296344
6296948
6297560
6298156
6298752
6299340
6299936
6300528
6301136
6301740
6302340
6302940
6303540
6304136
6304736
6305336
6305924
6306520
6307108
6307708
6308308
6308908
6309508
6310104
6310696
6311288
6311880
6312472
6313052
6313632
6314212
6314804
6315396
6315992
6316592
6317200
6317812
6318416
6319004
6319592
6320184
6320776
6321368
6321964
6322568
6323164
6323764
6324368
6324952
6325540
6326124
6326708
6327316
6327916
6328512
6329104
6329704
6330292
6330896
6331480
6332072
6332660
6333264
6333864
6334456
6335056
6335652
6336240
6336832
6337420
6338016
6338612
6339204
6339788
6340364
6340944
6341532
6342132
6342712
6343308
6343892
6344476
6345060
6345656
6346240
6346824
6347408
6347988
6348576
6349160
6349752
6350340
6350928
6351512
6352100
6352688
6353272
6353860
6354452
6355044
6355628
6356204
6356764
6357344
6357924
6358504
6359088
6359676
6360268
6360864
6361448
6362044
6362628
6363204
6363780
6364348
6364920
6365488
6366056
6366636
6367220
6367816
6368412
6369000
6369596
6370176
6370752
6371324
6371904
6372484
6373072
6373660
6374244
6374832
6375424
6376012
6376596
6377168
6377744
6378316
6378888
6379464
6380040
6380620
6381200
6381780
6382364
6382948
6383536
6384112
6384688
6385264
6385836
6386428
6387028
6387632
6388228
6388816
6389400
6389984
6390560
6391132
6391704
6392284
6392860
6393432
6394020
6394608
6395188
6395768
6396340
6396916
6397488
6398060
6398632
6399208
6399792
6400376
6400968
6401556
6402140
6402716
6403296
6403872
6404448
6405020
6405600
6406184
6406772
6407360
6407948
6408528
6409104
6409680
6410252
6410836
6411416
6412000
6412584
6413160
6413744
6414328
6414920
6415504
6416092
6416676
6417268
6417852
6418436
6419012
6419608
6420196
6420788
6421380
6421976
6422560
6423148
6423736
6424320
6424904
6425496
6426084
6426664
6427240
6427816
6428392
6428968
6429540
6430112
6430684
6431260
6431844
6432436
6433028
6433616
6434208
6434788
6435372
6435952
6436532
6437108
6437688
6438272
6438852
6439436
6440024
6440620
6441220
6441808
6442404
6442992
6443580
6444160
6444740
6445316
6445884
6446456
6447028
6447604
6448188
6448776
6449356
6449956
6450552
6451152
6451748
6452340
6452928
6453516
6454112
6454700
6455280
6455856
6456440
6457036
6457628
6458212
6458788
6459360
6459952
6460544
6461132
6461724
6462308
6462900
6463484
6464072
6464668
6465252
6465828
6466396
6466980
6467584
6468192
6468804
6469412
6470016
6470616
6471200
6471776
6472356
6472932
6473520
6474116
6474704
6475296
6475892
6476488
6477076
6477672
6478264
6478868
6479460
6480056
6480648
6481244
6481832
6482428
6483024
6483620
6484204
6484788
6485380
6485984
6486588
6487188
6487780
6488380
6488968
6489564
6490164
6490768
6491372
6491964
6492548
6493128
6493720
6494312
6494924
6495524
6496128
6496728
6497328
6497912
6498492
6499068
6499644
6500232
6500820
6501412
6502012
6502612
6503216
6503828
6504432
6505040
6505636
6506228
6506820
6507412
6508008
6508600
6509208
6509820
6510416
6511016
6511612
6512208
6512800
6513392
6513992
6514584
6515176
6515768
6516360
6516964
6517576
6518184
6518784
6519388
6519988
6520592
6521204
6521816
6522416
6523012
6523600
6524184
6524772
6525368
6525976
6526584
6527184
6527788
6528388
6528988
6529596
6530204
6530804
6531404
6532012
6532620
6533228
6533824
6534416
6534996
6535580
6536168
6536772
6537384
6538000
6538604
6539204
6539800
6540392
6540988
6541580
6542180
6542784
6543392
6544008
6544620
6545232
6545840
6546444
6547044
6547632
6548232
6548824
6549420
6550016
6550612
6551220
6551828
6552436
6553044
6553648
6554252
6554856
6555468
6556072
6556672
6557264
6557880
6558492
6559108
6559724
6560336
6560944
6561548
6562152
6562760
6563360
6563964
6564572
6565188
6565804
6566412
6567016
6567636
6568248
6568860
6569472
6570080
6570692
6571300
6571908
6572520
6573136
6573764
6574388
6574996
6575616
6576228
6576836
6577448
6578056
6578656
6579264
6579868
6580484
6581124
6581752
6582384
6583004
6583616
6584216
6584812
6585400
6585992
6586600
6587216
6587836
6588464
6589080
6589708
6590328
6590940
6591548
6592152
6592752
6593356
6593960
6594568
6595176
6595784
6596384
6596996
6597620
6598240
6598864
6599476
6600076
6600688
6601308
6601920
6602528
6603128
6603736
6604360
6604976
6605592
6606200
6606816
6607424
6608028
6608652
6609272
6609896
6610508
6611116
6611724
6612332
6612944
6613556
6614176
6614792
6615412
6616028
6616640
6617256
6617860
6618456
6619072
6619684
6620308
6620928
6621548
6622168
6622792
6623424
6624052
6624668
6625292
6625896
6626520
6627132
6627736
6628348
6628964
6629576
6630196
6630820
6631428
6632052
6632664
6633272
6633896
6634516
6635136
6635756
6636376
6637008
6637636
6638248
6638868
6639480
6640092
6640716
6641348
6641972
6642604
6643232
6643856
6644476
6645104
6645740
6646376
6647016
6647648
6648276
6648912
6649544
6650172
6650784
6651392
6652016
6652640
6653268
6653896
6654528
6655164
6655796
6656412
6657008
6657608
6658216
6658840
6659468
6660112
6660756
6661396
6662032
6662664
6663280
6663900
6664516
6665132
6665744
6666372
6666996
6667616
6668240
6668852
6669468
6670080
6670688
6671300
6671920
6672540
6673176
6673800
6674428
6675036
6675644
6676252
6676864
6677480
6678096
6678724
6679352
6679976
6680608
6681236
6681856
6682476
6683092
6683716
6684348
6684964
6685608
6686248
6686884
6687516
6688168
6688796
6689416
6690060
6690692
6691316
6691928
6692516
6693108
6693700
6694312
6694980
6695700
6696408
6697068
6697688
6698280
6698876
6699464
6700060
6700660
6701252
6701816
6702408
6703056
6703724
6704400
6705052
6705688
6706304
6706908
6707516
6708124
6708752
6709392
6710032
6710660
6711284
6711904
6712516
6713124
6713728
6714340
6714956
6715580
6716204
6716836
6717456
6718076
6718700
6719332
6719976
6720616
6721224
6721820
6722428
6723044
6723664
6724276
6724888
6725488
6726084
6726680
6727280
6727888
6728492
6729096
6729716
6730324
6730936
6731544
6732148
6732752
6733352
6733952
6734544
6735144
6735744
6736336
6736940
6737540
6738140
6738736
6739336
6739932
6740536
6741140
6741752
6742360
6742960
6743564
6744164
6744768
6745360
6745940
6746536
6747132
6747748
6748372
6748996
6749624
6750232
6750840
6751440
6752036
6752640
6753232
6753828
6754424
6755024
6755628
6756236
6756840
6757444
6758052
6758664
6759276
6759884
6760500
6761100
6761700
6762280
6762852
6763416
6764004
6764588
6765180
6765780
6766376
6766968
6767572
6768172
6768764
6769360
6769952
6770540
6771128
6771716
6772308
6772908
6773500
6774096
6774676
6775264
6775844
6776420
6777000
6777584
6778156
6778728
6779312
6779892
6780484
6781076
6781664
6782252
6782836
6783420
6784012
6784600
6785180
6785756
6786340
6786920
6787512
6788104
6788704
6789288
6789872
6790444
6791028
6791612
6792188
6792776
6793356
6793952
6794552
6795152
6795748
6796336
6796916
6797492
6798064
6798632
6799200
6799772
6800352
6800948
6801544
6802148
6802752
6803356
6803952
6804536
6805112
6805692
6806268
6806844
6807420
6807996
6808576
6809148
6809712
6810276
6810840
6811416
6811988
6812560
6813128
6813700
6814272
6814852
6815436
6816020
6816592
6817164
6817732
6818308
6818880
6819448
6820020
6820580
6821156
6821728
6822292
6822868
6823444
6824020
6824588
6825156
6825712
6826268
6826824
6827372
6827928
6828496
6829060
6829624
6830184
6830744
6831308
6831868
6832432
6832992
6833556
6834124
6834688
6835268
6835836
6836396
6836960
6837516
6838060
6838596
6839136
6839676
6840232
6840792
6841368
6841940
6842516
6843084
6843636
6844184
6844724
6845268
6845812
6846360
6846920
6847476
6848048
6848624
6849200
6849768
6850340
6850900
6851452
6852000
6852568
6853132
6853704
6854272
6854848
6855412
6855984
6856552
6857116
6857684
6858244
6858788
6859336
6859888
6860448
6861012
6861572
6862132
6862688
6863244
6863796
6864348
6864896
6865448
6865992
6866544
6867096
6867648
6868196
6868756
6869312
6869860
6870400
6870948
6871492
6872028
6872564
6873100
6873632
6874156
6874680
6875212
6875744
6876284
6876828
6877376
6877920
6878472
6879020
6879572
6880112
6880656
6881192
6881720
6882260
6882796
6883328
6883872
6884412
6884948
6885480
6886004
6886524
6887052
6887588
6888136
6888684
6889224
6889764
6890296
6890820
6891352
6891872
6892388
6892904
6893424
6893944
6894460
6894980
6895508
6896048
6896600
6897148
6897688
6898220
6898748
6899276
6899816
6900344
6900864
6901380
6901900
6902424
6902948
6903480
6904012
6904548
6905080
6905604
6906128
6906664
6907204
6907740
6908276
6908808
6909324
6909836
6910352
6910880
6911404
6911936
6912468
6912996
6913520
6914040
6914560
6915092
6915612
6916132
6916648
6917168
6917708
6918296
6918872
6919444
6919980
6920488
6920992
6921492
6921992
6922476
6922944
6923412
6923908
6924428
6924968
6925504
6926028
6926556
6927072
6927592
6928120
6928648
6929176
6929704
6930224
6930740
6931264
6931784
6932304
6932828
6933344
6933864
6934384
6934900
6935420
6935932
6936448
6936956
6937484
6938008
6938544
6939072
6939576
6940076
6940576
6941080
6941592
6942108
6942620
6943132
6943648
6944152
6944664
6945176
6945696
6946212
6946728
6947244
6947752
6948276
6948796
6949320
6949844
6950360
6950876
6951380
6951880
6952384
6952896
6953412
6953940
6954460
6954980
6955496
6956008
6956520
6957044
6957564
6958084
6958600
6959108
6959616
6960120
6960632
6961148
6961660
6962176
6962688
6963204
6963712
6964220
6964720
6965204
6965696
6966188
6966692
6967204
6967724
6968256
6968776
6969292
6969800
6970300
6970804
6971304
6971800
6972284
6972784
6973276
6973776
6974276
6974776
6975276
6975776
6976280
6976780
6977284
6977800
6978300
6978800
6979296
6979788
6980284
6980772
6981264
6981760
6982260
6982764
6983268
6983768
6984272
6984768
6985268
6985764
6986260
6986756
6987252
6987752
6988260
6988768
6989272
6989772
6990272
6990768
6991256
6991748
6992232
6992720
6993212
6993712
6994204
6994704
6995204
6995700
6996200
6996700
6997204
6997704
6998204
6998704
6999208
6999708
7000208
7000700
7001192
7001680
7002168
7002656
7003148
7003636
7004128
7004620
7005116
7005612
7006112
7006616
7007108
7007596
7008084
7008576
7009064
7009552
7010056
7010564
7011064
7011560
7012056
7012552
7013048
7013540
7014028
7014512
7014992
7015480
7015968
7016464
7016956
7017456
7017964
7018476
7018984
7019488
7019988
7020488
7020984
7021468
7021952
7022436
7022924
7023416
7023912
7024408
7024904
7025400
7025888
7026368
7026852
7027332
7027812
7028308
7028796
7029284
7029776
7030272
7030768
7031264
7031752
7032236
7032716
7033204
7033692
7034180
7034672
7035156
7035640
7036124
7036616
7037104
7037600
7038096
7038592
7039092
7039588
7040080
7040568
7041056
7041540
7042020
7042504
7042988
7043472
7043968
7044460
7044952
7045444
7045928
7046416
7046908
7047400
7047896
7048396
7048888
7049376
7049864
7050344
7050836
7051316
7051804
7052292
7052776
7053260
7053748
7054240
7054728
7055220
7055708
7056200
7056696
7057188
7057680
7058168
7058656
7059136
7059616
7060092
7060564
7061040
7061516
7061992
7062472
7062956
7063440
7063924
7064420
7064916
7065420
7065916
7066408
7066896
7067376
7067852
7068336
7068812
7069308
7069800
7070288
7070780
7071272
7071756
7072240
7072720
7073200
7073672
7074152
7074628
7075104
7075580
7076052
7076528
7077000
7077476
7077960
7078440
7078928
7079424
7079920
7080416
7080916
7081412
7081904
7082392
7082872
7083352
7083832
7084316
7084792
7085284
7085768
7086256
7086736
7087216
7087704
7088188
7088676
7089164
7089648
7090136
7090628
7091124
7091612
7092112
7092608
7093104
7093596
7094088
7094580
7095064
7095552
7096036
7096520
7097004
7097496
7097984
7098476
7098972
7099468
7099964
7100452
7100944
7101424
7101908
7102388
7102868
7103348
7103820
7104300
7104780
7105256
7105744
7106236
7106736
7107232
7107720
7108208
7108692
7109168
7109660
7110136
7110620
7111100
7111576
7112056
7112532
7113024
7113512
7114008
7114508
7115004
7115504
7116000
7116492
7116976
7117460
7117940
7118424
7118900
7119388
7119880
7120368
7120860
7121352
7121848
7122348
7122844
7123336
7123832
7124320
7124808
7125296
7125776
7126256
7126740
7127236
7127724
7128208
7128688
7129172
7129668
7130160
7130652
7131144
7131644
7132140
7132636
7133132
7133628
7134116
7134592
7135068
7135552
7136048
7136552
7137056
7137556
7138056
7138548
7139036
7139528
7140024
7140524
7141020
7141516
7142008
7142512
7143012
7143512
7144004
7144500
7144992
7145484
7145976
7146472
7146972
7147472
7147972
7148472
7148972
7149468
7149964
7150464
7150956
7151464
7151960
7152456
7152948
7153436
7153932
7154428
7154936
7155444
7155952
7156452
7156952
7157448
7157948
7158444
7158932
7159420
7159908
7160396
7160880
7161368
7161856
7162344
7162832
7163316
7163796
7164276
7164760
7165248
7165748
7166260
7166772
7167280
7167788
7168292
7168792
7169292
7169796
7170304
7170812
7171308
7171800
7172300
7172804
7173308
7173812
7174320
7174820
7175320
7175816
7176304
7176804
7177296
7177780
7178272
7178760
7179252
7179748
7180264
7180776
7181284
7181800
7182304
7182800
7183292
7183788
7184288
7184784
7185280
7185772
7186272
7186776
7187280
7187784
7188284
7188776
7189268
7189756
7190256
7190748
7191256
7191756
7192256
7192752
7193252
7193752
7194256
7194752
7195248
7195740
7196228
7196720
7197216
7197712
7198216
7198716
7199220
7199720
7200224
7200728
7201240
7201748
7202252
7202752
7203252
7203748
7204248
7204748
7205252
7205756
7206256
7206768
7207268
7207772
7208272
7208776
7209284
7209784
7210280
7210776
7211272
7211768
7212272
7212776
7213280
7213784
7214288
7214796
7215304
7215816
7216332
7216848
7217364
7217880
7218384
7218884
7219396
7219904
7220408
7220912
7221420
7221924
7222428
7222932
7223440
7223948
7224456
7224960
7225472
7225988
7226504
7227020
7227536
7228040
7228540
7229036
7229544
7230056
7230572
7231080
7231588
7232096
7232600
7233092
7233588
7234076
7234568
7235064
7235564
7236064
7236572
7237080
7237592
7238108
7238624
7239132
7239636
7240136
7240628
7241124
7241616
7242112
7242604
7243100
7243604
7244108
7244620
7245136
7245644
7246148
7246652
7247152
7247656
7248152
7248664
7249176
7249680
7250192
7250692
7251192
7251680
7252176
7252676
7253172
7253676
7254176
7254676
7255172
7255668
7256160
7256664
7257168
7257676
7258184
7258696
7259200
7259708
7260216
7260720
7261220
7261712
7262208
7262700
7263192
7263688
7264184
7264688
7265192
7265704
7266220
7266736
7267260
7267768
7268280
7268780
7269280
7269776
7270264
7270764
7271256
7271756
7272260
7272772
7273284
7273800
7274316
7274824
7275332
7275844
7276360
7276868
7277376
7277876
7278376
7278884
7279396
7279916
7280432
7280948
7281464
7281972
7282484
7282992
7283508
7284020
7284524
7285024
7285520
7286020
7286520
7287016
7287516
7288016
7288512
7289012
7289520
7290028
7290548
7291068
7291588
7292096
7292604
7293112
7293628
7294144
7294660
7295168
7295680
7296188
7296696
7297196
7297700
7298200
7298696
7299196
7299700
7300208
7300712
7301228
7301748
7302264
7302780
7303292
7303812
7304320
7304824
7305328
7305832
7306332
7306840
7307344
7307856
7308368
7308868
7309388
7309904
7310416
7310924
7311444
7311960
7312476
7312992
7313512
7314020
7314544
7315056
7315568
7316084
7316596
7317116
7317632
7318156
7318676
7319192
7319724
7320244
7320764
7321268
7321780
7322288
7322804
7323336
7323888
7324436
7324964
7325484
7325996
7326504
7327016
7327528
7328044
7328552
7329036
7329536
7330048
7330584
7331144
7331696
7332244
7332788
7333316
7333840
7334368
7334896
7335428
7335960
7336492
7337028
7337560
7338100
7338644
7339180
7339720
7340260
7340796
7341332
7341864
7342392
7342932
7343472
7344024
7344596
7345156
7345700
7346220
7346756
7347296
7347844
7348400
7348952
7349492
7350024
7350548
7351076
7351604
7352136
7352676
7353220
7353780
7354336
7354892
7355444
7355988
7356536
7357080
7357628
7358176
7358716
7359272
7359820
7360364
7360904
7361448
7361996
7362536
7363092
7363640
7364208
7364768
7365336
7365896
7366456
7367016
7367560
7368104
7368636
7369180
7369732
7370300
7370880
7371452
7372016
7372580
7373148
7373716
7374292
7374868
7375440
7376016
7376596
7377168
7377740
7378300
7378856
7379404
7379956
7380516
7381084
7381668
7382268
7382868
7383456
7384036
7384588
7385144
7385696
7386260
7386828
7387404
7388004
7388604
7389204
7389792
7390368
7390928
7391492
7392056
7392624
7393196
7393784
7394380
7394980
7395588
7396200
7396808
7397408
7398004
7398588
7399168
7399752
7400340
7400936
7401544
7402156
7402772
7403388
7403992
7404592
7405200
7405804
7406404
7407004
7407616
7408236
7408860
7409488
7410112
7410732
7411340
7411944
7412548
7413160
7413776
7414396
7415012
7415644
7416280
7416920
7417564
7418200
7418828
7419452
7420060
7420672
7421296
7421932
7422576
7423236
7423880
7424528
7425160
7425776
7426396
7427012
7427644
7428280
7428924
7429576
7430228
7430876
7431540
7432188
7432820
7433456
7434100
7434760
7435428
7436084
7436748
7437404
7438064
7438740
7439408
7440072
7440724
7441376
7442036
7442700
7443372
7444060
7444744
7445428
7446100
7446772
7447456
7448148
7448840
7449536
7450232
7450936
7451624
7452308
7452980
7453640
7454304
7454976
7455660
7456364
7457088
7457832
7458568
7459280
7459964
7460644
7461312
7461988
7462696
7463412
7464152
7464888
7465620
7466336
7467056
7467776
7468492
7469216
7469952
7470692
7471436
7472172
7472908
7473660
7474396
7475120
7475860
7476612
7477384
7478160
7478928
7479696
7480460
7481220
7481980
7482752
7483528
7484300
7485068
7485836
7486620
7487416
7488224
7489032
7489836
7490632
7491416
7492212
7493004
7493796
7494584
7495376
7496184
7497012
7497824
7498624
7499440
7500256
7501064
7501888
7502708
7503516
7504316
7505124
7505932
7506736
7507572
7508416
7509256
7510088
7510912
7511756
7512600
7513444
7514288
7515144
7515992
7516852
7517708
7518568
7519440
7520316
7521188
7522064
7522932
7523804
7524700
7525620
7526552
7527472
7528392
7529280
7530156
7531040
7531932
7532852
7533788
7534760
7535720
7536652
7537568
7538464
7539344
7540276
7541252
7542240
7543208
7544176
7545136
7546100
7547076
7548044
7549032
7550012
7550972
7551964
7552964
7553944
7554916
7555912
7556944
7557968
7558964
7559944
7560944
7561968
7563020
7564064
7565072
7566100
7567128
7568184
7569244
7570324
7571428
7572552
7573636
7574700
7575764
7576864
7578024
7579180
7580296
7581428
7582556
7583652
7584764
7585964
7587188
7588396
7589532
7590688
7591848
7593044
7594220
7595428
7596668
7597888
7599100
7600276
7601504
7602952
7604508
7605720
7606924
7608100
7609276
7610588
7611908
7613248
7614428
7615496
7616844
7618456
7619924
7621248
7622532
7623852
7625268
7626720
7628176
7629608
7631128
7632736
7634200
7635640
7637224
7638876
7640408
7641956
7643536
7645168
7646848
7648540
7650192
7651892
7653628
7655356
7657132
7659008
7660824
7662692
7664404
7666184
7668192
7670252
7672200
7674148
7676172
7678200
7680244
7682400
7684564
7686840
7689200
7691540
7693996
7696544
7699080
7701780
7704612
7707544
7710464
7713600
7716856
7720260
7723780
7727520
7731604
7736048
7740812
7746208
7752500
7760240
7772732
7831796
7840896
7849428
7857428
7864644
7871220
7877484
7883356
7888748
7894220
7899488
7904700
7909904
7914908
7919936
7924772
7929852
7934884
7939804
7944544
7949468
7954312
7959012
7963756
7968812
7973468
7977904
7982496
7986992
7991652
7996092
8001208
8006316
8009676
8014892
8019024
8024000
8028528
8033020
8037576
8042124
8046716
8051296
8055896
8060452
8065100
8069404
8074028
8078456
8082924
8087508
8092160
8096616
8101300
8105720
8110300
8114820
8119328
8123800
8128620
8133384
8137776
8142984
8148512
8156592
8158812
8164336
8168648
8173568
8178068
8182912
8187776
8192140
8196776
8202728
8207732
8212884
8218120
8223312
8228572
8233756
8238944
8243784
8249148
8254260
8259580
8264996
8270476
8275788
8281128
8286792
8292580
8298264
8304076
8309924
8315664
8321532
8327184
8333268
8339188
8345404
8351820
8358164
8364612
8371112
8377564
8384160
8390956
8397984
8405144
8412388
8419756
8427280
8435284
8443040
8451068
8459416
8467996
8476988
8486288
8495712
8505500
8515868
8526888
8538324
8550900
8564300
8578980
8594640
8612564
8633960
8658776
8697308
9121520
9131960
9142220
9151356
9158596
9164704
9170300
9175804
9181392
9187176
9192784
9198680
9204420
9210448
9217072
9224864
9234448
9246552
9263768
9429420
9453308
9496840
9827668
9863244
9982480
10007712
10040872
10092568
