16
24636
156700
377720
462604
557196
599088
622800
644336
661912
675912
687468
697580
706756
715208
723048
730524
737708
744320
750760
756688
762372
767976
772996
777868
782612
787132
791480
795716
799892
804028
808032
811768
815616
819328
822900
826432
829848
833216
836484
839688
842880
846032
849112
852112
855160
858140
861008
863876
866668
869464
872304
875024
877700
880464
883096
885700
888308
890840
893308
895800
898284
900840
903260
905676
908064
910364
912688
915048
917360
919664
921944
924212
926452
928636
930868
933048
935224
937364
939444
941556
943692
945792
947824
949896
951908
953924
955900
957916
959892
961844
963812
965792
967724
969644
971568
973372
975268
977224
979076
980892
982736
984620
986448
988236
990032
991840
993612
995396
997224
999000
1000712
1002452
1004240
1005972
1007608
1009240
1010896
1012636
1014348
1016024
1017792
1019428
1021000
1022556
1024184
1025796
1027404
1028952
1030560
1032132
1033612
1034972
1036640
1038352
1039896
1041376
1042908
1044456
1045964
1047380
1048896
1050508
1052004
1053440
1054848
1056328
1057856
1059328
1060748
1062180
1063616
1065052
1066484
1067900
1069380
1070796
1072156
1073576
1074980
1076432
1077896
1079252
1080564
1081876
1083252
1084636
1085980
1087332
1088692
1090008
1091328
1092592
1093900
1095248
1096588
1097928
1099228
1100488
1101776
1103084
1104360
1105640
1106920
1108188
1109436
1110648
1111880
1113144
1114436
1115676
1116900
1118132
1119336
1120568
1121800
1123008
1124224
1125424
1126616
1127804
1129000
1130176
1131332
1132492
1133672
1134852
1136060
1137260
1138440
1139596
1140740
1141872
1143032
1144192
1145336
1146488
1147608
1148728
1149860
1150984
1152108
1153228
1154336
1155452
1156568
1157672
1158796
1159908
1161012
1162108
1163192
1164280
1165360
1166432
1167492
1168556
1169624
1170704
1171792
1172860
1173916
1174984
1176044
1177096
1178148
1179192
1180252
1181308
1182352
1183392
1184444
1185488
1186548
1187596
1188628
1189648
1190652
1191652
1192668
1193676
1194720
1195752
1196760
1197756
1198756
1199752
1200760
1201764
1202756
1203732
1204704
1205684
1206680
1207676
1208652
1209620
1210576
1211524
1212492
1213460
1214420
1215408
1216364
1217316
1218276
1219232
1220180
1221136
1222084
1223028
1223968
1224916
1225864
1226792
1227736
1228672
1229604
1230544
1231472
1232412
1233344
1234264
1235180
1236096
1237016
1237948
1238876
1239816
1240736
1241632
1242544
1243428
1244316
1245232
1246132
1247048
1247944
1248828
1249716
1250624
1251524
1252424
1253320
1254204
1255076
1255972
1256864
1257740
1258636
1259528
1260396
1261256
1262128
1263004
1263876
1264740
1265612
1266488
1267364
1268240
1269104
1269976
1270860
1271736
1272608
1273468
1274324
1275176
1276028
1276896
1277764
1278636
1279504
1280368
1281232
1282100
1282952
1283820
1284692
1285556
1286420
1287284
1288152
1289008
1289860
1290712
1291548
1292376
1293188
1294032
1294868
1295712
1296552
1297380
1298208
1299016
1299820
1300612
1301400
1302200
1303008
1303820
1304612
1305408
1306188
1306976
1307772
1308564
1309356
1310136
1310928
1311720
1312504
1313272
1314068
1314868
1315656
1316444
1317228
1318008
1318796
1319572
1320368
1321160
1321956
1322748
1323536
1324328
1325104
1325880
1326668
1327456
1328240
1329028
1329808
1330580
1331348
1332116
1332888
1333660
1334432
1335208
1335984
1336760
1337532
1338296
1339060
1339824
1340584
1341356
1342136
1342924
1343700
1344460
1345220
1345976
1346732
1347496
1348264
1349032
1349800
1350580
1351356
1352116
1352876
1353620
1354352
1355088
1355828
1356588
1357356
1358124
1358880
1359632
1360360
1361100
1361832
1362568
1363308
1364068
1364824
1365560
1366292
1367032
1367756
1368464
1369184
1369916
1370660
1371400
1372116
1372832
1373560
1374280
1375008
1375744
1376480
1377208
1377928
1378652
1379380
1380120
1380856
1381588
1382308
1383020
1383728
1384452
1385184
1385912
1386648
1387364
1388080
1388768
1389460
1390168
1390880
1391596
1392320
1393052
1393768
1394468
1395172
1395872
1396568
1397272
1397984
1398704
1399444
1400232
1400988
1401708
1402392
1403072
1403748
1404432
1405132
1405808
1406452
1407092
1407780
1408504
1409244
1409976
1410700
1411416
1412124
1412828
1413512
1414208
1414916
1415632
1416328
1417020
1417724
1418428
1419132
1419828
1420528
1421232
1421932
1422632
1423316
1424004
1424680
1425364
1426048
1426728
1427444
1428144
1428852
1429564
1430264
1430952
1431628
1432312
1432992
1433680
1434368
1435060
1435752
1436448
1437144
1437852
1438548
1439256
1439948
1440640
1441332
1442020
1442696
1443368
1444044
1444724
1445404
1446088
1446776
1447472
1448168
1448848
1449524
1450192
1450852
1451512
1452176
1452844
1453524
1454200
1454880
1455540
1456204
1456880
1457568
1458268
1458964
1459660
1460344
1461024
1461680
1462340
1462992
1463640
1464292
1464984
1465680
1466384
1467076
1467760
1468424
1469080
1469736
1470400
1471076
1471760
1472436
1473108
1473772
1474440
1475104
1475784
1476456
1477124
1477792
1478468
1479140
1479812
1480480
1481144
1481816
1482492
1483156
1483828
1484496
1485164
1485832
1486496
1487152
1487812
1488472
1489140
1489816
1490496
1491172
1491832
1492480
1493144
1493792
1494444
1495084
1495736
1496400
1497072
1497752
1498420
1499088
1499760
1500428
1501104
1501756
1502412
1503068
1503728
1504396
1505068
1505736
1506408
1507080
1507744
1508416
1509076
1509740
1510404
1511080
1511764
1512428
1513100
1513752
1514392
1515028
1515676
1516324
1516992
1517656
1518324
1519000
1519656
1520316
1520972
1521632
1522280
1522928
1523588
1524252
1524904
1525556
1526208
1526868
1527520
1528176
1528824
1529480
1530128
1530780
1531428
1532076
1532720
1533372
1534028
1534688
1535328
1535976
1536628
1537284
1537936
1538584
1539232
1539888
1540548
1541212
1541876
1542552
1543220
1543896
1544556
1545212
1545872
1546524
1547180
1547828
1548484
1549136
1549800
1550460
1551128
1551784
1552432
1553092
1553748
1554404
1555064
1555716
1556380
1557040
1557696
1558344
1558988
1559636
1560288
1560944
1561604
1562264
1562924
1563580
1564228
1564880
1565532
1566180
1566824
1567476
1568132
1568796
1569460
1570136
1570812
1571476
1572132
1572780
1573424
1574064
1574704
1575348
1575992
1576640
1577296
1577956
1578608
1579264
1579908
1580564
1581216
1581876
1582536
1583188
1583836
1584496
1585160
1585824
1586488
1587152
1587812
1588468
1589124
1589780
1590440
1591092
1591736
1592380
1593028
1593684
1594332
1594996
1595652
1596332
1597004
1597668
1598332
1598984
1599636
1600292
1600948
1601608
1602272
1602932
1603588
1604244
1604900
1605556
1606216
1606876
1607528
1608164
1608820
1609464
1610128
1610792
1611444
1612116
1612772
1613428
1614088
1614752
1615416
1616092
1616760
1617432
1618092
1618752
1619408
1620060
1620724
1621388
1622040
1622704
1623360
1624016
1624672
1625328
1625988
1626648
1627324
1627992
1628668
1629336
1630020
1630692
1631360
1632024
1632684
1633364
1634024
1634672
1635324
1635964
1636620
1637280
1637944
1638616
1639292
1639964
1640636
1641300
1641960
1642624
1643296
1643960
1644620
1645284
1645936
1646600
1647268
1647928
1648580
1649232
1649900
1650572
1651244
1651928
1652608
1653280
1653944
1654600
1655252
1655912
1656572
1657244
1657916
1658600
1659284
1659960
1660624
1661296
1661964
1662624
1663300
1663968
1664656
1665340
1666036
1666712
1667380
1668040
1668692
1669352
1670020
1670704
1671392
1672080
1672756
1673420
1674092
1674756
1675436
1676112
1676792
1677472
1678172
1678856
1679524
1680196
1680864
1681536
1682196
1682856
1683524
1684220
1684916
1685616
1686288
1686944
1687620
1688284
1688944
1689624
1690296
1690972
1691640
1692332
1693016
1693704
1694396
1695116
1695816
1696508
1697180
1697848
1698524
1699192
1699856
1700520
1701192
1701868
1702552
1703236
1703920
1704600
1705284
1705984
1706680
1707372
1708052
1708732
1709408
1710092
1710764
1711424
1712076
1712760
1713436
1714112
1714804
1715504
1716208
1716908
1717592
1718268
1718944
1719616
1720288
1720960
1721632
1722320
1723012
1723708
1724396
1725076
1725768
1726448
1727124
1727788
1728452
1729124
1729812
1730504
1731204
1731896
1732588
1733264
1733944
1734648
1735348
1736060
1736756
1737444
1738132
1738828
1739520
1740208
1740900
1741604
1742300
1742996
1743692
1744400
1745096
1745792
1746480
1747176
1747868
1748556
1749244
1749924
1750608
1751300
1751976
1752660
1753368
1754076
1754792
1755492
1756180
1756860
1757548
1758232
1758920
1759620
1760328
1761028
1761728
1762424
1763124
1763816
1764508
1765208
1765900
1766604
1767292
1767980
1768672
1769372
1770080
1770776
1771468
1772164
1772872
1773576
1774264
1774948
1775620
1776296
1776976
1777656
1778344
1779032
1779728
1780432
1781124
1781816
1782508
1783200
1783888
1784576
1785260
1785952
1786640
1787328
1788020
1788708
1789408
1790112
1790816
1791512
1792224
1792924
1793616
1794320
1795004
1795696
1796392
1797096
1797800
1798504
1799208
1799916
1800616
1801308
1801988
1802680
1803356
1804052
1804756
1805456
1806160
1806872
1807572
1808276
1808980
1809668
1810356
1811044
1811728
1812408
1813092
1813792
1814496
1815192
1815880
1816576
1817268
1817972
1818664
1819360
1820064
1820760
1821448
1822136
1822824
1823520
1824216
1824916
1825616
1826308
1826984
1827656
1828320
1828996
1829676
1830388
1831092
1831792
1832484
1833164
1833852
1834524
1835200
1835876
1836564
1837260
1837956
1838644
1839336
1840020
1840696
1841380
1842060
1842748
1843448
1844140
1844828
1845516
1846200
1846876
1847540
1848212
1848896
1849584
1850276
1850960
1851652
1852332
1853012
1853696
1854360
1855036
1855700
1856380
1857060
1857744
1858432
1859116
1859800
1860492
1861184
1861864
1862544
1863220
1863896
1864568
1865236
1865912
1866604
1867292
1867980
1868656
1869344
1870032
1870716
1871404
1872088
1872772
1873464
1874152
1874832
1875512
1876176
1876836
1877512
1878176
1878848
1879516
1880200
1880884
1881568
1882248
1882928
1883596
1884264
1884928
1885592
1886256
1886912
1887584
1888248
1888916
1889592
1890272
1890940
1891612
1892276
1892932
1893596
1894252
1894916
1895572
1896236
1896896
1897556
1898216
1898888
1899548
1900220
1900884
1901548
1902216
1902880
1903540
1904196
1904876
1905536
1906184
1906836
1907492
1908152
1908832
1909496
1910164
1910816
1911468
1912120
1912756
1913412
1914060
1914712
1915380
1916048
1916712
1917368
1918016
1918676
1919324
1919964
1920604
1921252
1921908
1922568
1923220
1923864
1924520
1925164
1925808
1926460
1927116
1927772
1928416
1929048
1929684
1930320
1930944
1931580
1932220
1932864
1933516
1934164
1934812
1935464
1936112
1936752
1937392
1938032
1938680
1939316
1939940
1940568
1941204
1941844
1942472
1943100
1943716
1944340
1944972
1945604
1946276
1946948
1947612
1948248
1948868
1949488
1950100
1950708
1951332
1951952
1952568
1953164
1953768
1954412
1955052
1955708
1956344
1956976
1957596
1958208
1958824
1959448
1960076
1960716
1961336
1961952
1962576
1963196
1963816
1964428
1965044
1965660
1966280
1966900
1967528
1968160
1968780
1969400
1970016
1970632
1971268
1971896
1972516
1973124
1973732
1974340
1974948
1975556
1976164
1976772
1977388
1978000
1978604
1979208
1979820
1980428
1981040
1981656
1982264
1982872
1983480
1984076
1984676
1985276
1985872
1986480
1987084
1987700
1988308
1988912
1989508
1990108
1990712
1991316
1991912
1992512
1993116
1993720
1994320
1994916
1995504
1996092
1996664
1997236
1997824
1998416
1999016
1999628
2000236
2000840
2001432
2002020
2002600
2003180
2003760
2004340
2004924
2005508
2006092
2006684
2007276
2007864
2008448
2009028
2009612
2010192
2010776
2011352
2011944
2012532
2013120
2013712
2014300
2014880
2015460
2016032
2016604
2017176
2017752
2018328
2018912
2019496
2020080
2020660
2021244
2021824
2022400
2022972
2023548
2024128
2024708
2025284
2025864
2026444
2027020
2027588
2028156
2028724
2029288
2029848
2030428
2031004
2031576
2032144
2032708
2033272
2033836
2034400
2034952
2035512
2036072
2036636
2037200
2037772
2038340
2038904
2039472
2040032
2040588
2041144
2041692
2042244
2042796
2043356
2043920
2044488
2045056
2045628
2046188
2046752
2047304
2047864
2048408
2048952
2049504
2050052
2050608
2051172
2051732
2052292
2052856
2053408
2053968
2054512
2055060
2055608
2056156
2056704
2057256
2057800
2058348
2058896
2059436
2059980
2060524
2061064
2061612
2062160
2062704
2063248
2063796
2064344
2064892
2065432
2065976
2066516
2067060
2067608
2068156
2068704
2069248
2069792
2070332
2070872
2071408
2071936
2072464
2073004
2073540
2074084
2074632
2075184
2075728
2076284
2076828
2077380
2077924
2078460
2078996
2079536
2080080
2080620
2081168
2081720
2082268
2082820
2083376
2083924
2084472
2085020
2085564
2086096
2086640
2087180
2087716
2088248
2088776
2089308
2089832
2090372
2090908
2091436
2091964
2092488
2093012
2093528
2094040
2094544
2095052
2095564
2096084
2096604
2097124
2097644
2098160
2098672
2099176
2099692
2100204
2100720
2101236
2101756
2102272
2102796
2103308
2103824
2104336
2104848
2105356
2105876
2106400
2106916
2107440
2107960
2108476
2108984
2109496
2110008
2110516
2111032
2111544
2112056
2112560
2113068
2113568
2114068
2114564
2115064
2115572
2116088
2116604
2117120
2117636
2118144
2118656
2119164
2119664
2120172
2120676
2121188
2121700
2122204
2122704
2123204
2123712
2124224
2124728
2125236
2125740
2126248
2126752
2127264
2127780
2128292
2128808
2129320
2129828
2130340
2130836
2131352
2131864
2132380
2132888
2133392
2133900
2134400
2134900
2135400
2135904
2136412
2136924
2137436
2137936
2138440
2138936
2139424
2139912
2140404
2140900
2141404
2141904
2142408
2142908
2143412
2143908
2144408
2144904
2145404
2145900
2146400
2146900
2147396
2147896
2148396
2148888
2149376
2149860
2150344
2150832
2151336
2151836
2152332
2152824
2153304
2153784
2154276
2154776
2155276
2155776
2156276
2156776
2157268
2157756
2158236
2158720
2159204
2159680
2160168
2160664
2161184
2161704
2162220
2162720
2163208
2163680
2164156
2164628
2165092
2165544
2165992
2166448
2166924
2167420
2167916
2168416
2168912
2169408
2169908
2170404
2170892
2171396
2171892
2172384
2172872
2173360
2173852
2174336
2174820
2175312
2175800
2176292
2176780
2177264
2177740
2178220
2178700
2179180
2179668
2180160
2180652
2181148
2181648
2182144
2182636
2183128
2183604
2184084
2184560
2185032
2185500
2185972
2186440
2186916
2187400
2187884
2188364
2188856
2189344
2189832
2190324
2190812
2191292
2191772
2192252
2192728
2193204
2193684
2194164
2194648
2195128
2195608
2196084
2196560
2197040
2197516
2197996
2198476
2198960
2199440
2199920
2200400
2200888
2201368
2201856
2202332
2202804
2203272
2203740
2204208
2204684
2205156
2205624
2206096
2206576
2207060
2207548
2208036
2208520
2208996
2209480
2209952
2210424
2210896
2211368
2211840
2212308
2212780
2213248
2213720
2214184
2214660
2215132
2215608
2216092
2216576
2217052
2217528
2218000
2218476
2218948
2219420
2219888
2220360
2220836
2221312
2221784
2222256
2222724
2223196
2223660
2224136
2224612
2225080
2225552
2226024
2226496
2226968
2227440
2227912
2228372
2228844
2229312
2229780
2230248
2230716
2231192
2231664
2232148
2232624
2233104
2233584
2234064
2234544
2235024
2235500
2235972
2236440
2236912
2237376
2237848
2238316
2238784
2239248
2239716
2240188
2240656
2241120
2241580
2242044
2242508
2242976
2243452
2243928
2244404
2244880
2245352
2245820
2246300
2246772
2247248
2247716
2248192
2248664
2249136
2249604
2250068
2250540
2251004
2251468
2251928
2252396
2252860
2253324
2253788
2254248
2254712
2255180
2255652
2256124
2256592
2257056
2257524
2257992
2258460
2258924
2259388
2259848
2260316
2260784
2261252
2261728
2262200
2262668
2263136
2263600
2264068
2264536
2265004
2265476
2265940
2266408
2266872
2267348
2267824
2268292
2268768
2269236
2269708
2270176
2270648
2271116
2271588
2272056
2272520
2272980
2273448
2273908
2274368
2274828
2275292
2275756
2276216
2276684
2277144
2277612
2278076
2278536
2278996
2279460
2279920
2280388
2280856
2281328
2281808
2282280
2282752
2283224
2283692
2284156
2284624
2285080
2285540
2286000
2286456
2286920
2287380
2287848
2288316
2288776
2289240
2289716
2290184
2290660
2291128
2291600
2292072
2292544
2293016
2293488
2293956
2294424
2294896
2295360
2295828
2296292
2296756
2297220
2297684
2298148
2298612
2299084
2299552
2300024
2300496
2300968
2301436
2301904
2302372
2302836
2303300
2303764
2304224
2304696
2305160
2305632
2306100
2306564
2307036
2307508
2307980
2308448
2308920
2309384
2309852
2310336
2310808
2311288
2311764
2312232
2312700
2313168
2313644
2314116
2314584
2315056
2315524
2315992
2316464
2316932
2317404
2317868
2318328
2318796
2319260
2319724
2320196
2320664
2321136
2321600
2322064
2322536
2323008
2323480
2323956
2324428
2324904
2325376
2325848
2326320
2326792
2327264
2327736
2328196
2328672
2329140
2329616
2330088
2330560
2331032
2331504
2331976
2332448
2332912
2333380
2333852
2334316
2334780
2335248
2335724
2336192
2336668
2337140
2337608
2338076
2338544
2339016
2339488
2339960
2340432
2340900
2341372
2341844
2342312
2342784
2343264
2343744
2344220
2344700
2345172
2345644
2346120
2346588
2347060
2347528
2347992
2348464
2348932
2349404
2349876
2350352
2350832
2351308
2351780
2352260
2352732
2353204
2353672
2354140
2354600
2355068
2355536
2356008
2356468
2356948
2357416
2357888
2358360
2358828
2359300
2359780
2360256
2360728
2361200
2361668
2362144
2362620
2363092
2363572
2364048
2364520
2364996
2365476
2365948
2366420
2366896
2367368
2367836
2368312
2368784
2369272
2369752
2370236
2370720
2371200
2371676
2372152
2372624
2373096
2373568
2374040
2374516
2374988
2375464
2375936
2376416
2376888
2377384
2377864
2378348
2378824
2379304
2379780
2380252
2380728
2381200
2381668
2382132
2382600
2383072
2383548
2384028
2384508
2384988
2385464
2385940
2386416
2386896
2387372
2387852
2388320
2388788
2389260
2389728
2390204
2390672
2391144
2391620
2392092
2392564
2393032
2393496
2393964
2394436
2394912
2395384
2395856
2396328
2396804
2397284
2397776
2398268
2398756
2399240
2399716
2400192
2400664
2401136
2401608
2402080
2402548
2403020
2403496
2403968
2404456
2404940
2405424
2405904
2406384
2406864
2407332
2407808
2408276
2408736
2409204
2409672
2410144
2410624
2411108
2411592
2412080
2412560
2413044
2413524
2414004
2414484
2414968
2415448
2415920
2416392
2416880
2417368
2417856
2418344
2418828
2419304
2419788
2420256
2420736
2421208
2421688
2422160
2422640
2423120
2423604
2424092
2424580
2425068
2425544
2426020
2426492
2426968
2427436
2427908
2428380
2428852
2429328
2429804
2430288
2430768
2431248
2431732
2432212
2432684
2433164
2433632
2434116
2434592
2435068
2435544
2436020
2436496
2436976
2437464
2437944
2438436
2438920
2439400
2439876
2440360
2440836
2441312
2441792
2442272
2442752
2443228
2443700
2444176
2444652
2445128
2445608
2446092
2446572
2447048
2447532
2448012
2448488
2448964
2449440
2449912
2450380
2450848
2451320
2451792
2452272
2452752
2453228
2453704
2454180
2454668
2455144
2455628
2456104
2456580
2457048
2457524
2458000
2458488
2458980
2459464
2459948
2460424
2460896
2461368
2461836
2462304
2462780
2463260
2463740
2464224
2464704
2465184
2465664
2466148
2466628
2467108
2467580
2468048
2468512
2468976
2469452
2469920
2470392
2470864
2471340
2471824
2472304
2472784
2473256
2473736
2474208
2474684
2475152
2475628
2476100
2476576
2477052
2477524
2478000
2478472
2478944
2479412
2479888
2480360
2480832
2481304
2481772
2482240
2482712
2483184
2483656
2484128
2484608
2485092
2485568
2486052
2486528
2487000
2487472
2487944
2488404
2488880
2489352
2489820
2490296
2490764
2491240
2491716
2492196
2492676
2493156
2493636
2494112
2494588
2495056
2495528
2495992
2496456
2496908
2497380
2497848
2498316
2498796
2499276
2499756
2500240
2500720
2501200
2501676
2502148
2502612
2503080
2503548
2504012
2504480
2504948
2505424
2505896
2506372
2506844
2507312
2507776
2508244
2508708
2509172
2509640
2510108
2510576
2511052
2511528
2512008
2512484
2512964
2513432
2513900
2514372
2514836
2515296
2515752
2516208
2516660
2517116
2517580
2518048
2518524
2518996
2519464
2519932
2520400
2520876
2521344
2521812
2522280
2522744
2523204
2523668
2524128
2524588
2525052
2525512
2525972
2526432
2526900
2527364
2527832
2528292
2528764
2529228
2529692
2530156
2530616
2531076
2531536
2532004
2532472
2532932
2533400
2533856
2534316
2534772
2535236
2535692
2536152
2536612
2537072
2537528
2537992
2538452
2538916
2539380
2539836
2540288
2540744
2541200
2541660
2542116
2542572
2543024
2543476
2543924
2544376
2544840
2545316
2545796
2546268
2546732
2547188
2547644
2548100
2548556
2549008
2549456
2549892
2550324
2550764
2551208
2551660
2552116
2552576
2553040
2553500
2553956
2554408
2554868
2555324
2555780
2556232
2556680
2557136
2557584
2558032
2558488
2558940
2559396
2559852
2560308
2560760
2561216
2561668
2562112
2562564
2563020
2563472
2563924
2564372
2564820
2565264
2565704
2566148
2566588
2567032
2567476
2567920
2568364
2568808
2569260
2569708
2570164
2570616
2571064
2571512
2571960
2572400
2572848
2573292
2573740
2574184
2574632
2575080
2575532
2575976
2576420
2576860
2577300
2577752
2578192
2578636
2579076
2579516
2579956
2580396
2580836
2581280
2581712
2582148
2582588
2583024
2583464
2583912
2584360
2584812
2585260
2585704
2586144
2586584
2587020
2587456
2587884
2588312
2588748
2589180
2589616
2590052
2590488
2590928
2591368
2591808
2592248
2592688
2593120
2593564
2594000
2594436
2594872
2595304
2595736
2596164
2596600
2597036
2597468
2597912
2598348
2598784
2599220
2599652
2600088
2600520
2600960
2601392
2601824
2602256
2602696
2603128
2603564
2604000
2604436
2604872
2605304
2605736
2606164
2606596
2607028
2607460
2607888
2608320
2608748
2609176
2609600
2610040
2610472
2610904
2611336
2611768
2612196
2612628
2613056
2613488
2613912
2614344
2614768
2615188
2615612
2616032
2616456
2616880
2617304
2617740
2618168
2618600
2619032
2619460
2619888
2620312
2620740
2621160
2621584
2622008
2622440
2622868
2623296
2623728
2624148
2624584
2625008
2625432
2625856
2626276
2626696
2627120
2627536
2627956
2628372
2628788
2629204
2629624
2630044
2630468
2630892
2631320
2631744
2632168
2632592
2633012
2633432
2633852
2634268
2634680
2635096
2635512
2635924
2636336
2636752
2637172
2637588
2638012
2638432
2638856
2639276
2639704
2640128
2640548
2640968
2641392
2641812
2642228
2642648
2643064
2643484
2643904
2644332
2644756
2645188
2645616
2646048
2646480
2646912
2647340
2647780
2648204
2648632
2649056
2649468
2649888
2650292
2650704
2651116
2651524
2651940
2652356
2652772
2653184
2653600
2654012
2654420
2654832
2655240
2655644
2656044
2656440
2656844
2657248
2657656
2658068
2658476
2658880
2659280
2659680
2660076
2660476
2660880
2661284
2661692
2662100
2662512
2662920
2663336
2663752
2664164
2664568
2664972
2665380
2665788
2666188
2666596
2667000
2667408
2667808
2668212
2668612
2669012
2669416
2669820
2670220
2670624
2671020
2671424
2671832
2672236
2672640
2673052
2673456
2673864
2674264
2674660
2675056
2675452
2675844
2676240
2676640
2677036
2677436
2677836
2678240
2678644
2679044
2679444
2679844
2680244
2680640
2681040
2681440
2681840
2682244
2682644
2683048
2683456
2683860
2684264
2684664
2685064
2685460
2685860
2686264
2686664
2687068
2687472
2687872
2688276
2688676
2689076
2689480
2689884
2690284
2690680
2691076
2691476
2691872
2692260
2692656
2693056
2693452
2693852
2694248
2694640
2695032
2695428
2695820
2696220
2696620
2697016
2697416
2697816
2698220
2698624
2699028
2699428
2699828
2700228
2700624
2701024
2701424
2701828
2702232
2702632
2703028
2703416
2703808
2704200
2704592
2704988
2705384
2705780
2706172
2706572
2706968
2707364
2707764
2708168
2708568
2708976
2709392
2709804
2710220
2710620
2711012
2711396
2711772
2712152
2712524
2712888
2713252
2713620
2713996
2714380
2714772
2715168
2715568
2715964
2716364
2716764
2717168
2717576
2717976
2718380
2718776
2719168
2719556
2719940
2720320
2720704
2721084
2721476
2721864
2722256
2722644
2723036
2723428
2723828
2724224
2724624
2725016
2725404
2725792
2726180
2726568
2726956
2727348
2727736
2728124
2728516
2728904
2729292
2729684
2730072
2730468
2730860
2731252
2731640
2732028
2732420
2732804
2733188
2733572
2733960
2734340
2734728
2735116
2735504
2735896
2736296
2736692
2737088
2737484
2737884
2738280
2738676
2739068
2739456
2739844
2740224
2740604
2740980
2741364
2741740
2742128
2742516
2742904
2743292
2743684
2744076
2744464
2744848
2745232
2745616
2746000
2746388
2746780
2747168
2747560
2747948
2748332
2748716
2749100
2749484
2749864
2750240
2750616
2750996
2751372
2751748
2752132
2752512
2752896
2753284
2753676
2754068
2754456
2754852
2755240
2755628
2756016
2756400
2756788
2757164
2757548
2757928
2758308
2758684
2759060
2759436
2759820
2760200
2760584
2760968
2761356
2761744
2762132
2762528
2762912
2763296
2763684
2764064
2764448
2764824
2765204
2765588
2765968
2766352
2766732
2767112
2767504
2767888
2768276
2768664
2769052
2769436
2769824
2770208
2770588
2770972
2771356
2771736
2772124
2772508
2772888
2773268
2773644
2774024
2774404
2774784
2775168
2775556
2775940
2776328
2776712
2777100
2777476
2777856
2778240
2778616
2778996
2779376
2779760
2780140
2780516
2780900
2781280
2781660
2782040
2782424
2782804
2783184
2783560
2783940
2784316
2784696
2785076
2785456
2785844
2786232
2786616
2787000
2787384
2787764
2788144
2788524
2788900
2789280
2789660
2790036
2790420
2790800
2791180
2791560
2791940
2792320
2792700
2793080
2793464
2793848
2794228
2794612
2794996
2795380
2795764
2796152
2796540
2796924
2797308
2797692
2798072
2798452
2798832
2799212
2799588
2799964
2800340
2800716
2801088
2801464
2801844
2802224
2802600
2802980
2803364
2803748
2804128
2804512
2804896
2805272
2805656
2806036
2806412
2806792
2807172
2807548
2807928
2808308
2808688
2809068
2809448
2809824
2810204
2810584
2810960
2811340
2811720
2812100
2812476
2812856
2813236
2813616
2814000
2814384
2814768
2815152
2815536
2815924
2816308
2816696
2817080
2817464
2817848
2818224
2818600
2818980
2819352
2819724
2820092
2820468
2820844
2821220
2821600
2821984
2822368
2822752
2823140
2823528
2823912
2824296
2824676
2825064
2825440
2825828
2826208
2826592
2826976
2827352
2827736
2828116
2828500
2828884
2829268
2829648
2830028
2830408
2830788
2831172
2831548
2831932
2832308
2832696
2833076
2833460
2833844
2834232
2834620
2835008
2835396
2835776
2836160
2836540
2836916
2837296
2837672
2838052
2838428
2838804
2839180
2839552
2839932
2840312
2840696
2841076
2841464
2841852
2842236
2842620
2843008
2843392
2843776
2844160
2844544
2844924
2845304
2845684
2846068
2846444
2846828
2847208
2847592
2847972
2848348
2848736
2849120
2849508
2849888
2850276
2850660
2851044
2851428
2851808
2852192
2852572
2852956
2853336
2853716
2854096
2854480
2854864
2855248
2855628
2856008
2856392
2856776
2857160
2857544
2857932
2858316
2858700
2859084
2859472
2859856
2860248
2860636
2861024
2861412
2861800
2862180
2862568
2862952
2863332
2863712
2864092
2864472
2864852
2865236
2865620
2866004
2866384
2866772
2867156
2867544
2867928
2868308
2868696
2869080
2869464
2869844
2870220
2870604
2870988
2871368
2871752
2872132
2872512
2872900
2873288
2873672
2874056
2874440
2874828
2875212
2875600
2875988
2876372
2876748
2877132
2877516
2877904
2878300
2878696
2879088
2879472
2879864
2880252
2880636
2881020
2881408
2881792
2882172
2882552
2882936
2883320
2883704
2884088
2884472
2884860
2885244
2885628
2886016
2886400
2886784
2887172
2887560
2887944
2888328
2888708
2889092
2889472
2889852
2890236
2890620
2891008
2891392
2891776
2892164
2892552
2892936
2893324
2893708
2894100
2894484
2894864
2895248
2895628
2896008
2896388
2896768
2897148
2897524
2897904
2898284
2898668
2899052
2899440
2899828
2900212
2900600
2900988
2901380
2901772
2902164
2902552
2902940
2903324
2903708
2904092
2904480
2904868
2905252
2905640
2906024
2906416
2906804
2907192
2907580
2907968
2908356
2908736
2909120
2909500
2909880
2910256
2910636
2911016
2911396
2911784
2912176
2912568
2912960
2913348
2913740
2914128
2914520
2914912
2915300
2915688
2916072
2916452
2916836
2917224
2917604
2917992
2918380
2918760
2919148
2919536
2919920
2920312
2920700
2921088
2921472
2921860
2922248
2922640
2923032
2923420
2923808
2924196
2924584
2924972
2925360
2925748
2926136
2926520
2926904
2927288
2927672
2928056
2928440
2928816
2929200
2929580
2929964
2930348
2930736
2931124
2931516
2931904
2932296
2932684
2933076
2933464
2933852
2934236
2934628
2935016
2935400
2935788
2936176
2936556
2936944
2937328
2937712
2938096
2938480
2938864
2939248
2939632
2940016
2940404
2940792
2941180
2941568
2941952
2942344
2942736
2943124
2943504
2943892
2944272
2944648
2945024
2945400
2945780
2946156
2946532
2946916
2947300
2947684
2948072
2948460
2948848
2949232
2949616
2950000
2950392
2950776
2951164
2951556
2951944
2952324
2952704
2953080
2953464
2953844
2954232
2954620
2955008
2955400
2955784
2956168
2956552
2956936
2957320
2957704
2958084
2958460
2958840
2959220
2959600
2959976
2960356
2960736
2961116
2961500
2961884
2962260
2962648
2963028
2963408
2963792
2964172
2964552
2964940
2965320
2965700
2966080
2966456
2966840
2967220
2967604
2967984
2968364
2968748
2969128
2969508
2969892
2970272
2970652
2971032
2971416
2971792
2972180
2972560
2972948
2973336
2973720
2974104
2974496
2974876
2975260
2975636
2976012
2976388
2976764
2977144
2977524
2977908
2978296
2978688
2979084
2979480
2979868
2980256
2980640
2981012
2981388
2981764
2982140
2982520
2982900
2983284
2983664
2984052
2984436
2984824
2985216
2985604
2985992
2986376
2986760
2987140
2987524
2987904
2988284
2988664
2989040
2989420
2989796
2990176
2990556
2990940
2991320
2991700
2992080
2992460
2992836
2993212
2993588
2993964
2994340
2994720
2995100
2995484
2995868
2996252
2996632
2997012
2997392
2997768
2998144
2998528
2998908
2999288
2999668
3000048
3000428
3000808
3001196
3001580
3001964
3002348
3002732
3003116
3003500
3003880
3004264
3004644
3005024
3005404
3005780
3006160
3006536
3006916
3007296
3007680
3008060
3008444
3008824
3009208
3009588
3009972
3010352
3010732
3011108
3011484
3011860
3012236
3012612
3012992
3013368
3013748
3014132
3014516
3014900
3015284
3015668
3016052
3016436
3016816
3017192
3017580
3017960
3018348
3018724
3019104
3019476
3019848
3020220
3020604
3021000
3021392
3021792
3022184
3022572
3022956
3023340
3023720
3024096
3024464
3024832
3025196
3025564
3025936
3026316
3026696
3027080
3027464
3027852
3028236
3028620
3029012
3029408
3029800
3030188
3030568
3030960
3031340
3031720
3032100
3032480
3032864
3033248
3033636
3034020
3034412
3034800
3035188
3035580
3035972
3036364
3036752
3037136
3037516
3037896
3038268
3038648
3039028
3039412
3039792
3040176
3040560
3040948
3041336
3041724
3042112
3042500
3042892
3043276
3043668
3044052
3044436
3044820
3045204
3045592
3045976
3046360
3046752
3047144
3047536
3047928
3048328
3048724
3049120
3049516
3049908
3050296
3050684
3051068
3051456
3051840
3052220
3052604
3052988
3053372
3053768
3054160
3054560
3054956
3055352
3055752
3056152
3056544
3056932
3057324
3057716
3058108
3058492
3058888
3059284
3059676
3060072
3060468
3060872
3061268
3061672
3062076
3062476
3062876
3063272
3063672
3064064
3064460
3064856
3065252
3065648
3066044
3066448
3066852
3067256
3067656
3068064
3068464
3068860
3069264
3069664
3070060
3070456
3070856
3071248
3071652
3072056
3072460
3072868
3073276
3073684
3074096
3074500
3074908
3075316
3075720
3076120
3076520
3076920
3077316
3077720
3078124
3078528
3078940
3079348
3079756
3080168
3080576
3080992
3081400
3081804
3082212
3082616
3083024
3083428
3083832
3084240
3084648
3085056
3085464
3085880
3086288
3086700
3087108
3087516
3087924
3088328
3088736
3089148
3089560
3089972
3090384
3090796
3091204
3091616
3092028
3092440
3092848
3093260
3093672
3094088
3094496
3094916
3095328
3095744
3096148
3096564
3096972
3097384
3097812
3098232
3098660
3099084
3099512
3099936
3100360
3100784
3101208
3101624
3102040
3102456
3102864
3103284
3103704
3104124
3104548
3104968
3105396
3105820
3106248
3106672
3107100
3107524
3107956
3108384
3108832
3109276
3109728
3110176
3110624
3111072
3111520
3111964
3112412
3112860
3113316
3113760
3114208
3114656
3115100
3115544
3115988
3116432
3116872
3117316
3117756
3118200
3118644
3119088
3119532
3119976
3120420
3120856
3121288
3121728
3122168
3122608
3123048
3123488
3123920
3124360
3124796
3125228
3125668
3126104
3126544
3126984
3127428
3127868
3128312
3128756
3129204
3129652
3130100
3130560
3131016
3131464
3131912
3132360
3132808
3133252
3133700
3134148
3134592
3135040
3135488
3135944
3136396
3136852
3137312
3137760
3138220
3138676
3139128
3139580
3140032
3140484
3140932
3141380
3141832
3142280
3142732
3143184
3143640
3144100
3144564
3145020
3145484
3145944
3146396
3146852
3147304
3147756
3148208
3148656
3149116
3149576
3150036
3150500
3150972
3151448
3151920
3152392
3152856
3153328
3153792
3154260
3154732
3155204
3155672
3156140
3156604
3157072
3157544
3158020
3158496
3158972
3159444
3159920
3160396
3160872
3161352
3161832
3162312
3162788
3163268
3163736
3164216
3164688
3165160
3165636
3166116
3166600
3167088
3167568
3168048
3168532
3169024
3169520
3170012
3170500
3170988
3171468
3171948
3172428
3172908
3173392
3173880
3174364
3174856
3175344
3175836
3176328
3176820
3177312
3177800
3178280
3178756
3179236
3179724
3180224
3180724
3181232
3181740
3182244
3182740
3183232
3183724
3184212
3184708
3185196
3185688
3186200
3186740
3187280
3187816
3188340
3188840
3189332
3189816
3190300
3190764
3191212
3191672
3192140
3192636
3193148
3193672
3194196
3194724
3195248
3195772
3196288
3196804
3197320
3197820
3198324
3198820
3199332
3199840
3200352
3200868
3201384
3201900
3202432
3202952
3203476
3203996
3204508
3205036
3205556
3206080
3206608
3207128
3207648
3208168
3208692
3209216
3209748
3210280
3210812
3211340
3211868
3212392
3212924
3213460
3214000
3214536
3215076
3215612
3216152
3216688
3217236
3217788
3218336
3218876
3219416
3219964
3220508
3221052
3221604
3222164
3222728
3223288
3223844
3224396
3224948
3225496
3226052
3226608
3227160
3227716
3228272
3228832
3229392
3229956
3230524
3231088
3231664
3232232
3232796
3233368
3233936
3234504
3235068
3235628
3236200
3236772
3237360
3237944
3238532
3239112
3239704
3240288
3240856
3241432
3242004
3242576
3243148
3243720
3244284
3244852
3245420
3245996
3246580
3247172
3247768
3248368
3248976
3249572
3250160
3250740
3251316
3251900
3252488
3253088
3253688
3254292
3254896
3255500
3256108
3256708
3257308
3257908
3258516
3259120
3259732
3260336
3260940
3261552
3262168
3262784
3263392
3264008
3264616
3265232
3265852
3266476
3267108
3267748
3268388
3269028
3269660
3270292
3270920
3271544
3272176
3272816
3273452
3274088
3274724
3275384
3276052
3276716
3277372
3278024
3278668
3279312
3279956
3280604
3281244
3281896
3282556
3283232
3283916
3284592
3285268
3285956
3286628
3287296
3287976
3288660
3289348
3290040
3290732
3291428
3292120
3292804
3293488
3294180
3294860
3295560
3296260
3296972
3297676
3298388
3299092
3299796
3300504
3301212
3301940
3302684
3303420
3304140
3304872
3305596
3306328
3307044
3307760
3308484
3309224
3309960
3310716
3311460
3312200
3312952
3313700
3314440
3315200
3315960
3316728
3317492
3318248
3319016
3319780
3320572
3321368
3322156
3322940
3323728
3324508
3325280
3326068
3326856
3327648
3328444
3329248
3330064
3330880
3331692
3332492
3333308
3334120
3334944
3335776
3336600
3337444
3338280
3339124
3339972
3340824
3341676
3342536
3343404
3344280
3345156
3346044
3346916
3347808
3348704
3349612
3350524
3351428
3352332
3353240
3354164
3355092
3356024
3356980
3357944
3358904
3359860
3360812
3361784
3362784
3363780
3364776
3365776
3366780
3367784
3368788
3369808
3370840
3371884
3372916
3373940
3374972
3376000
3377044
3378108
3379176
3380276
3381364
3382468
3383568
3384684
3385812
3386968
3388104
3389240
3390384
3391540
3392736
3393956
3395156
3396408
3397636
3398868
3400104
3401360
3402636
3403948
3405236
3406556
3407872
3409248
3410632
3412024
3413436
3414856
3416316
3417812
3419284
3420844
3422420
3424020
3425596
3427188
3428844
3430532
3432212
3433928
3435688
3437436
3439240
3441084
3442980
3444956
3446908
3448928
3451008
3453204
3455500
3457808
3460204
3462768
3465436
3468192
3471104
3474188
3477540
3481140
3485140
3489400
3494508
3500592
3508776
3545516
3555012
3562408
3568732
3574356
3579504
3583756
3587992
3591708
3595576
3599128
3602552
3605736
3608836
3611920
3614864
3617684
3620524
3623312
3626044
3628816
3631376
3633868
3636516
3639076
3641408
3643840
3646228
3648588
3650920
3653112
3655344
3657584
3659672
3661780
3663912
3666032
3668088
3670104
3672108
3674164
3676152
3678116
3680048
3681996
3683936
3685884
3687764
3689584
3691368
3693288
3695168
3697004
3698800
3700588
3702420
3704208
3705904
3707616
3709328
3711036
3712720
3714396
3716036
3717696
3719396
3721060
3722668
3724260
3725848
3727448
3729088
3730696
3732296
3733824
3735348
3736940
3738512
3740064
3741616
3743136
3744664
3746188
3747696
3749168
3750644
3752140
3753620
3755132
3756592
3758068
3759540
3761056
3762540
3764004
3765444
3766876
3768300
3769724
3771092
3772516
3773932
3775328
3776688
3778088
3779480
3780884
3782244
3783636
3785016
3786376
3787764
3789120
3790452
3791780
3793140
3794480
3795804
3797144
3798484
3799828
3801172
3802460
3803756
3805044
3806344
3807672
3808964
3810252
3811572
3812860
3814124
3815408
3816728
3817988
3819248
3820504
3821760
3823016
3824224
3825488
3826756
3827992
3829228
3830460
3831680
3832916
3834148
3835380
3836568
3837760
3839012
3840276
3841504
3842708
3843888
3845076
3846300
3847520
3848680
3849828
3851012
3852200
3853396
3854548
3855704
3856864
3858004
3859172
3860356
3861576
3862760
3863916
3865052
3866220
3867348
3868488
3869632
3870784
3871924
3873052
3874192
3875336
3876488
3877636
3878804
3879972
3881104
3882224
3883336
3884460
3885608
3886752
3887892
3889028
3890140
3891240
3892312
3893396
3894488
3895600
3896716
3897832
3898920
3900024
3901128
3902232
3903340
3904432
3905496
3906608
3907712
3908808
3909896
3910972
3912048
3913116
3914228
3915340
3916448
3917544
3918600
3919640
3920712
3921808
3922900
3924024
3925108
3926180
3927244
3928320
3929416
3930484
3931536
3932588
3933656
3934744
3935816
3936872
3937952
3939008
3940056
3941128
3942188
3943240
3944292
3945336
3946392
3947448
3948524
3949576
3950616
3951652
3952688
3953732
3954796
3955876
3956952
3958024
3959076
3960116
3961140
3962184
3963244
3964316
3965388
3966444
3967496
3968532
3969556
3970592
3971636
3972680
3973720
3974748
3975748
3976776
3977824
3978868
3979904
3980940
3981956
3982976
3983980
3984984
3986008
3987036
3988056
3989064
3990064
3991064
3992096
3993140
3994188
3995236
3996248
3997264
3998264
3999260
4000264
4001272
4002272
4003280
4004292
4005296
4006284
4007288
4008324
4009384
4010392
4011380
4012348
4013324
4014344
4015420
4016432
4017376
4018324
4019280
4020292
4021324
4022376
4023380
4024372
4025372
4026364
4027356
4028368
4029376
4030380
4031376
4032352
4033328
4034340
4035360
4036336
4037288
4038228
4039188
4040168
4041164
4042164
4043176
4044168
4045172
4046200
4047376
4048476
4049408
4050320
4051228
4052160
4053120
4054096
4055088
4056020
4057020
4058084
4059092
4060092
4061068
4062040
4063020
4064012
4064984
4065960
4066948
4067940
4068936
4069936
4070904
4071848
4072808
4073832
4074836
4075860
4076872
4077880
4078836
4079784
4080752
4081732
4082732
4083756
4084732
4085708
4086684
4087684
4088684
4089680
4090668
4091632
4092612
4093600
4094604
4095604
4096632
4097628
4098596
4099560
4100536
4101540
4102560
4103576
4104576
4105564
4106544
4107548
4108556
4109548
4110536
4111520
4112520
4113540
4114540
4115528
4116516
4117508
4118500
4119484
4120456
4121432
4122408
4123392
4124400
4125412
4126432
4127444
4128468
4129468
4130476
4131488
4132500
4133504
4134492
4135464
4136436
4137384
4138336
4139304
4140308
4141340
4142356
4143336
4144316
4145288
4146268
4147268
4148308
4149336
4150356
4151368
4152360
4153316
4154268
4155260
4156260
4157264
4158284
4159284
4160288
4161304
4162312
4163312
4164316
4165328
4166300
4167288
4168308
4169332
4170360
4171372
4172368
4173368
4174372
4175388
4176396
4177412
4178400
4179412
4180420
4181464
4182492
4183500
4184520
4185520
4186524
4187516
4188512
4189512
4190508
4191520
4192524
4193560
4194580
4195584
4196592
4197584
4198592
4199584
4200584
4201608
4202640
4203688
4204736
4205768
4206768
4207744
4208744
4209780
4210824
4211852
4212864
4213868
4214880
4215916
4216960
4217996
4219024
4220036
4221036
4222064
4223112
4224144
4225188
4226236
4227272
4228324
4229368
4230416
4231472
4232500
4233528
4234576
4235620
4236648
4237712
4238748
4239776
4240824
4241876
4242932
4244004
4245060
4246092
4247140
4248196
4249244
4250324
4251400
4252456
4253480
4254532
4255588
4256696
4257780
4258856
4259924
4260984
4262068
4263144
4264216
4265300
4266380
4267464
4268536
4269600
4270688
4271808
4272928
4274032
4275112
4276192
4277292
4278400
4279500
4280588
4281676
4282780
4283900
4285016
4286144
4287252
4288356
4289456
4290580
4291704
4292848
4293988
4295124
4296276
4297408
4298532
4299676
4300828
4301980
4303120
4304252
4305388
4306544
4307708
4308888
4310048
4311200
4312380
4313556
4314732
4315936
4317128
4318304
4319480
4320656
4321860
4323088
4324332
4325568
4326776
4327972
4329176
4330396
4331620
4332856
4334096
4335348
4336596
4337836
4339064
4340312
4341620
4342916
4344176
4345412
4346684
4347976
4349308
4350628
4351892
4353156
4354416
4355760
4357124
4358484
4359816
4361148
4362488
4363868
4365228
4366568
4367896
4369288
4370712
4372076
4373444
4374816
4376220
4377660
4379108
4380516
4381920
4383300
4384688
4386160
4387732
4389288
4390764
4392208
4393664
4395180
4396716
4398264
4399864
4401464
4403032
4404608
4406228
4407872
4409492
4411112
4412760
4414416
4416084
4417796
4419524
4421240
4422972
4424720
4426512
4428292
4430088
4431916
4433732
4435644
4437564
4439508
4441476
4443456
4445436
4447456
4449540
4451608
4453696
4455980
4458172
4460332
4462668
4464864
4467204
4469544
4471880
4474384
4476888
4479464
4482172
4484804
4487612
4490512
4493432
4496508
4499624
4503016
4506376
4509884
4513752
4517564
4521680
4526072
4530912
4536456
4542704
4548040
4552812
4557488
4562200
4568120
4571152
4575152
4578992
4583232
4586868
4591000
4595572
4600104
4603892
4607392
4611288
4614820
4618288
4621680
4624948
4628292
4631848
4635056
4638368
4641444
4644496
4647472
4650240
4652928
4655508
4658160
4660636
4663096
4665544
4667928
4670304
4672560
4674876
4677068
4679088
4681152
4683288
4685216
4687104
4688996
4690824
4692576
4694348
4696112
4697776
4699472
4701188
4702880
4704528
4706140
4707724
4709344
4710984
4712616
4714196
4715772
4717324
4718880
4720400
4721880
4723376
4724832
4726272
4727700
4729092
4730528
4732016
4733548
4735040
4736500
4737832
4739172
4740504
4741900
4743344
4744808
4746224
4747532
4748808
4750196
4751584
4752960
4754328
4755700
4757032
4758372
4759728
4761096
4762488
4763852
4765196
4766528
4767832
4769172
4770556
4771912
4773228
4774508
4775756
4777072
4778432
4779772
4781092
4782440
4783752
4785016
4786248
4787528
4788804
4790072
4791332
4792616
4793904
4795200
4796488
4797760
4799048
4800408
4801760
4803072
4804320
4805556
4806812
4808096
4809436
4810756
4812052
4813308
4814584
4815888
4817204
4818544
4819864
4821152
4822424
4823712
4824972
4826252
4827540
4828816
4830092
4831360
4832640
4833920
4835196
4836456
4837736
4839028
4840304
4841568
4842816
4844096
4845412
4846688
4847992
4849256
4850520
4851788
4853044
4854300
4855596
4856868
4858108
4859364
4860632
4861896
4863208
4864492
4865728
4866948
4868184
4869468
4870744
4872004
4873264
4874516
4875740
4876964
4878196
4879416
4880648
4881872
4883080
4884288
4885500
4886712
4887896
4889084
4890308
4891520
4892716
4893888
4895056
4896232
4897416
4898592
4899744
4900888
4902048
4903200
4904332
4905444
4906580
4907736
4908872
4910000
4911120
4912212
4913320
4914424
4915512
4916620
4917744
4918876
4920064
4921220
4922396
4923576
4924800
4926004
4927208
4928424
4929656
4930896
4932140
4933400
4934648
4935900
4937136
4938368
4939608
4940876
4942116
4943340
4944532
4945768
4947004
4948220
4949456
4950664
4951852
4953060
4954300
4955568
4956856
4958144
4959456
4960768
4962040
4963352
4964700
4966040
4967416
4968832
4970248
4971676
4973172
4974668
4976168
4977672
4979180
4980672
4982172
4983724
4985320
4986912
4988484
4990092
4991720
4993368
4994960
4996536
4998120
4999728
5001384
5003072
5004732
5006404
5008124
5009936
5011808
5013668
5015536
5017472
5019476
5021528
5023576
5025656
5027784
5029980
5032184
5034344
5036584
5038812
5041020
5043240
5045472
5047708
5049800
5051876
5054180
5056352
5058452
5060644
5062892
5065188
5067504
5069836
5071996
5074268
5076632
5078896
5081188
5083480
5085644
5087820
5089880
5091960
5094068
5096112
5098116
5100300
5102456
5104400
5106440
5108784
5110868
5112844
5114976
5117192
5119124
5121076
5123144
5125308
5127336
5129260
5131276
5133400
5135448
5137240
5139060
5141072
5143068
5144980
5146772
5148632
5150480
5152188
5154004
5155928
5157624
5159212
5161032
5162876
5164684
5166492
5168396
5170364
5172140
5173984
5175864
5177696
5179544
5181368
5183264
5185140
5186980
5188828
5190720
5192556
5194404
5196196
5197984
5199748
5201456
5203224
5205036
5206808
5208560
5210244
5211908
5213632
5215304
5216880
5218452
5220068
5221780
5223556
5225404
5227168
5228804
5230476
5232176
5233832
5235536
5237228
5238852
5240432
5242040
5243668
5245332
5246988
5248564
5250072
5251612
5253200
5254888
5256480
5258044
5259564
5261124
5262628
5264152
5265724
5267280
5268808
5270304
5271752
5273204
5274688
5276176
5277664
5279096
5280592
5282096
5283640
5285140
5286592
5288048
5289480
5290892
5292276
5293616
5295024
5296516
5297968
5299412
5300840
5302260
5303596
5304988
5306356
5307756
5309200
5310612
5311916
5313204
5314568
5316052
5317492
5318892
5320236
5321588
5322920
5324284
5325672
5327024
5328368
5329708
5331024
5332308
5333608
5334948
5336336
5337680
5339028
5340388
5341788
5343180
5344504
5345784
5347068
5348336
5349628
5350924
5352236
5353496
5354744
5356000
5357304
5358624
5359924
5361204
5362468
5363692
5364952
5366288
5367668
5368952
5370208
5371448
5372680
5373924
5375264
5376628
5377980
5379228
5380400
5381592
5382820
5384108
5385392
5386696
5387980
5389240
5390444
5391656
5392928
5394240
5395528
5396800
5398104
5399400
5400672
5401904
5403168
5404548
5405876
5407156
5408396
5409656
5410972
5412292
5413604
5414956
5416324
5417604
5418880
5420188
5421476
5422800
5424160
5425552
5426900
5428184
5429456
5430816
5432220
5433704
5435132
5436532
5437928
5439324
5440716
5442104
5443528
5444980
5446480
5447904
5449296
5450776
5452268
5453752
5455216
5456716
5458248
5459780
5461248
5462756
5464276
5465780
5467264
5468780
5470328
5471912
5473488
5475040
5476612
5478252
5479912
5481584
5483268
5484960
5486704
5488488
5490356
5492264
5494188
5496196
5498252
5500372
5502596
5504836
5507108
5509420
5511812
5514172
5516604
5519200
5521704
5524180
5526840
5529436
5531864
5534472
5536964
5539472
5542100
5545100
5547732
5550520
5553044
5555372
5558288
5560508
5562920
5565696
5568340
5570948
5573628
5576948
5579768
5584368
5591108
5599188
5606976
5612604
5617496
5622424
5627928
5632904
