16
277516
308124
327752
341728
352652
362132
370156
377520
384396
390652
396732
402552
408084
413296
418188
422852
427424
431904
436272
440396
444556
448452
452480
456244
459984
463812
467328
470884
474356
477664
481060
484352
487616
490912
494116
497200
500300
503304
506304
509268
512120
514940
517832
520484
523148
525940
528632
531308
534020
536580
539100
541704
544284
546944
549392
551836
554336
556712
559100
561504
563832
566152
568528
570764
572972
575192
577452
579640
581868
584060
586168
588296
590432
592552
594636
596740
598808
600836
602872
604892
606892
608900
610900
612912
614840
616836
618768
620608
622508
624508
626320
628108
629964
631756
633600
635432
637264
639056
640816
642604
644420
646160
647872
649628
651436
653188
654844
656476
658188
659876
661580
663296
665124
666784
668348
669932
671576
673160
674736
676324
677976
679532
680984
682372
684112
685832
687376
688880
690452
692012
693532
694996
696528
698112
699608
701064
702536
704012
705528
707012
708452
709888
711328
712764
714196
715636
717092
718532
719936
721380
722812
724276
725772
727144
728428
729736
731144
732568
733936
735292
736640
737984
739276
740544
741884
743228
744588
745912
747212
748484
749800
751120
752408
753668
754964
756276
757540
758792
760044
761304
762592
763856
765092
766308
767552
768796
770040
771276
772508
773732
774964
776172
777380
778568
779724
780916
782112
783308
784500
785692
786860
788020
789196
790360
791532
792676
793832
794968
796124
797284
798428
799564
800672
801784
802892
804020
805128
806228
807332
808440
809572
810692
811792
812888
813980
815068
816152
817236
818328
819412
820488
821560
822624
823700
824752
825800
826856
827892
828936
829972
831020
832076
833104
834148
835180
836208
837240
838272
839284
840288
841272
842264
843276
844304
845312
846316
847316
848312
849316
850308
851284
852252
853212
854208
855208
856204
857196
858160
859120
860080
861048
862028
863000
863976
864924
865896
866860
867816
868776
869724
870668
871604
872568
873520
874468
875396
876328
877260
878184
879108
880040
880972
881900
882840
883760
884680
885608
886536
887448
888344
889240
890136
891028
891904
892800
893700
894604
895492
896384
897264
898152
899048
899928
900808
901700
902564
903424
904288
905160
906032
906916
907788
908668
909548
910428
911296
912164
913020
913868
914724
915576
916444
917312
918172
919024
919864
920712
921552
922420
923272
924132
924980
925812
926636
927448
928272
929100
929932
930776
931612
932448
933292
934116
934948
935764
936592
937404
938240
939060
939880
940704
941528
942348
943188
944012
944852
945684
946504
947336
948156
948960
949780
950588
951408
952216
953012
953828
954636
955456
956288
957116
957936
958764
959576
960376
961168
961960
962760
963556
964332
965116
965888
966660
967432
968224
969012
969796
970568
971336
972104
972856
973608
974356
975116
975876
976648
977424
978196
978952
979688
980412
981136
981876
982636
983400
984164
984912
985660
986400
987144
987884
988648
989408
990180
990936
991692
992444
993188
993928
994664
995404
996144
996900
997652
998408
999156
999888
1000608
1001308
1002024
1002744
1003484
1004232
1004992
1005744
1006484
1007208
1007948
1008688
1009420
1010144
1010880
1011608
1012336
1013064
1013796
1014516
1015244
1015968
1016696
1017432
1018160
1018872
1019588
1020308
1021044
1021800
1022536
1023260
1023976
1024680
1025380
1026072
1026784
1027492
1028208
1028916
1029628
1030336
1031048
1031748
1032464
1033168
1033880
1034584
1035276
1035976
1036692
1037408
1038120
1038824
1039532
1040228
1040920
1041608
1042292
1042972
1043672
1044364
1045072
1045804
1046572
1047324
1048044
1048728
1049404
1050072
1050740
1051412
1052064
1052700
1053348
1054040
1054756
1055464
1056180
1056872
1057556
1058244
1058928
1059600
1060284
1060980
1061672
1062356
1063024
1063712
1064388
1065064
1065744
1066420
1067116
1067816
1068512
1069192
1069864
1070524
1071184
1071844
1072504
1073192
1073884
1074580
1075284
1075976
1076664
1077336
1078000
1078664
1079328
1079992
1080652
1081328
1082000
1082692
1083368
1084052
1084736
1085412
1086096
1086780
1087464
1088132
1088804
1089472
1090144
1090808
1091484
1092156
1092836
1093512
1094176
1094828
1095476
1096136
1096792
1097472
1098152
1098828
1099488
1100132
1100784
1101424
1102080
1102752
1103428
1104108
1104788
1105464
1106132
1106800
1107448
1108080
1108704
1109336
1109984
1110644
1111316
1111988
1112656
1113336
1114004
1114656
1115320
1115988
1116640
1117288
1117928
1118576
1119212
1119864
1120512
1121156
1121804
1122452
1123108
1123760
1124424
1125080
1125732
1126384
1127032
1127684
1128320
1128964
1129604
1130260
1130916
1131568
1132220
1132872
1133520
1134164
1134812
1135452
1136104
1136752
1137412
1138056
1138716
1139348
1140000
1140648
1141296
1141948
1142604
1143256
1143900
1144556
1145212
1145872
1146528
1147184
1147832
1148476
1149112
1149760
1150392
1151024
1151668
1152316
1152976
1153632
1154292
1154948
1155600
1156236
1156868
1157488
1158104
1158736
1159368
1160008
1160652
1161292
1161928
1162556
1163188
1163816
1164452
1165088
1165728
1166372
1167024
1167672
1168300
1168932
1169560
1170188
1170824
1171460
1172100
1172736
1173368
1174000
1174636
1175272
1175908
1176556
1177200
1177844
1178476
1179108
1179744
1180388
1181028
1181660
1182296
1182924
1183560
1184188
1184820
1185464
1186104
1186748
1187384
1188012
1188656
1189296
1189936
1190580
1191220
1191860
1192508
1193156
1193796
1194432
1195064
1195688
1196316
1196948
1197584
1198220
1198856
1199500
1200140
1200780
1201420
1202052
1202688
1203324
1203960
1204596
1205232
1205864
1206504
1207144
1207788
1208424
1209056
1209692
1210324
1210964
1211604
1212240
1212876
1213508
1214140
1214772
1215404
1216032
1216664
1217292
1217920
1218548
1219176
1219804
1220448
1221080
1221712
1222332
1222964
1223600
1224228
1224856
1225484
1226116
1226740
1227372
1228004
1228644
1229280
1229912
1230552
1231184
1231808
1232428
1233052
1233668
1234292
1234928
1235560
1236192
1236824
1237472
1238112
1238744
1239376
1240008
1240632
1241264
1241904
1242540
1243184
1243824
1244464
1245108
1245752
1246388
1247036
1247672
1248308
1248940
1249568
1250196
1250820
1251456
1252088
1252720
1253352
1253984
1254612
1255240
1255872
1256500
1257140
1257772
1258428
1259068
1259716
1260360
1260992
1261620
1262256
1262892
1263528
1264168
1264800
1265432
1266064
1266696
1267348
1267992
1268636
1269280
1269924
1270560
1271192
1271816
1272448
1273088
1273724
1274372
1275020
1275672
1276320
1276960
1277592
1278224
1278856
1279492
1280128
1280768
1281400
1282036
1282672
1283304
1283940
1284572
1285208
1285844
1286484
1287124
1287764
1288396
1289036
1289672
1290308
1290944
1291580
1292216
1292852
1293496
1294144
1294800
1295444
1296100
1296748
1297392
1298048
1298688
1299312
1299956
1300600
1301248
1301896
1302540
1303192
1303844
1304496
1305144
1305780
1306416
1307048
1307688
1308328
1308972
1309620
1310268
1310912
1311548
1312200
1312848
1313492
1314128
1314768
1315416
1316064
1316712
1317356
1318000
1318652
1319304
1319940
1320568
1321192
1321840
1322500
1323180
1323844
1324496
1325156
1325800
1326440
1327076
1327708
1328336
1328968
1329612
1330272
1330936
1331608
1332280
1332940
1333596
1334236
1334872
1335512
1336164
1336816
1337476
1338132
1338800
1339456
1340104
1340748
1341400
1342052
1342708
1343360
1344004
1344656
1345312
1345964
1346620
1347272
1347928
1348576
1349212
1349864
1350516
1351176
1351832
1352496
1353152
1353808
1354468
1355128
1355788
1356444
1357100
1357744
1358384
1359028
1359680
1360348
1361016
1361676
1362348
1363004
1363656
1364288
1364916
1365548
1366184
1366836
1367496
1368160
1368832
1369504
1370188
1370860
1371516
1372160
1372800
1373444
1374100
1374764
1375428
1376100
1376760
1377416
1378060
1378724
1379376
1380048
1380708
1381372
1382044
1382704
1383364
1384008
1384660
1385320
1385992
1386660
1387324
1388008
1388684
1389352
1390028
1390684
1391344
1391996
1392648
1393300
1393956
1394636
1395304
1395968
1396640
1397320
1398004
1398672
1399340
1400000
1400656
1401316
1401976
1402628
1403288
1403952
1404608
1405272
1405932
1406608
1407280
1407948
1408608
1409280
1409956
1410632
1411300
1411960
1412612
1413268
1413924
1414576
1415232
1415904
1416580
1417260
1417932
1418600
1419256
1419904
1420560
1421216
1421876
1422544
1423216
1423872
1424548
1425216
1425888
1426552
1427216
1427884
1428544
1429204
1429860
1430524
1431180
1431844
1432512
1433184
1433844
1434508
1435168
1435828
1436496
1437168
1437832
1438500
1439168
1439840
1440508
1441192
1441864
1442536
1443204
1443872
1444528
1445196
1445868
1446536
1447212
1447880
1448552
1449220
1449896
1450560
1451232
1451900
1452564
1453220
1453876
1454536
1455212
1455884
1456560
1457224
1457892
1458552
1459208
1459852
1460508
1461172
1461848
1462528
1463196
1463864
1464524
1465188
1465840
1466488
1467144
1467808
1468468
1469132
1469796
1470464
1471120
1471772
1472436
1473096
1473768
1474436
1475096
1475764
1476420
1477072
1477732
1478380
1479036
1479696
1480376
1481044
1481704
1482368
1483020
1483668
1484328
1484984
1485644
1486304
1486956
1487612
1488268
1488928
1489588
1490232
1490896
1491552
1492212
1492860
1493516
1494164
1494820
1495464
1496116
1496772
1497436
1498096
1498748
1499404
1500048
1500704
1501356
1502008
1502648
1503300
1503940
1504600
1505256
1505908
1506564
1507212
1507864
1508508
1509152
1509800
1510464
1511124
1511784
1512440
1513100
1513756
1514412
1515072
1515728
1516368
1517020
1517676
1518336
1518996
1519668
1520324
1520972
1521640
1522292
1522944
1523604
1524264
1524932
1525588
1526232
1526864
1527500
1528128
1528752
1529392
1530044
1530700
1531352
1532000
1532652
1533300
1533936
1534572
1535208
1535832
1536468
1537112
1537768
1538420
1539068
1539700
1540328
1540960
1541592
1542216
1542864
1543492
1544136
1544772
1545412
1546048
1546688
1547320
1547968
1548600
1549240
1549880
1550520
1551152
1551780
1552404
1553032
1553656
1554284
1554916
1555548
1556204
1556856
1557500
1558144
1558772
1559380
1559996
1560624
1561252
1561880
1562512
1563140
1563772
1564400
1565028
1565652
1566276
1566900
1567524
1568144
1568776
1569416
1570056
1570688
1571308
1571912
1572516
1573124
1573736
1574388
1575052
1575700
1576336
1576944
1577556
1578156
1578756
1579356
1579952
1580552
1581132
1581732
1582348
1582988
1583632
1584280
1584916
1585540
1586152
1586752
1587352
1587956
1588564
1589172
1589776
1590392
1591016
1591628
1592244
1592852
1593452
1594048
1594640
1595236
1595844
1596448
1597076
1597696
1598320
1598948
1599576
1600180
1600768
1601348
1601932
1602516
1603108
1603712
1604316
1604936
1605552
1606160
1606764
1607364
1607952
1608552
1609140
1609732
1610328
1610928
1611524
1612112
1612712
1613312
1613904
1614500
1615096
1615684
1616276
1616876
1617472
1618064
1618668
1619264
1619848
1620448
1621036
1621632
1622216
1622808
1623396
1623976
1624552
1625132
1625712
1626292
1626884
1627476
1628060
1628648
1629232
1629812
1630392
1630972
1631552
1632136
1632720
1633308
1633892
1634476
1635056
1635628
1636204
1636780
1637352
1637932
1638500
1639084
1639664
1640244
1640832
1641408
1641980
1642544
1643108
1643676
1644240
1644812
1645388
1645960
1646540
1647108
1647676
1648236
1648796
1649360
1649920
1650476
1651036
1651604
1652164
1652732
1653300
1653868
1654428
1654984
1655552
1656104
1656660
1657216
1657784
1658348
1658916
1659480
1660048
1660608
1661168
1661728
1662276
1662832
1663384
1663940
1664500
1665060
1665624
1666192
1666748
1667312
1667868
1668416
1668960
1669504
1670064
1670616
1671168
1671728
1672288
1672844
1673396
1673952
1674500
1675048
1675592
1676136
1676680
1677220
1677772
1678320
1678864
1679408
1679952
1680500
1681040
1681588
1682132
1682676
1683216
1683764
1684304
1684848
1685392
1685928
1686460
1687004
1687544
1688084
1688620
1689152
1689688
1690224
1690764
1691300
1691840
1692376
1692920
1693456
1693988
1694524
1695056
1695588
1696136
1696676
1697212
1697748
1698276
1698804
1699336
1699872
1700400
1700932
1701464
1701992
1702528
1703064
1703596
1704132
1704668
1705196
1705728
1706252
1706772
1707288
1707800
1708316
1708836
1709360
1709896
1710428
1710960
1711484
1712016
1712536
1713060
1713564
1714088
1714608
1715132
1715656
1716188
1716724
1717260
1717796
1718328
1718860
1719384
1719904
1720428
1720952
1721472
1722004
1722532
1723064
1723592
1724120
1724644
1725168
1725696
1726224
1726752
1727276
1727796
1728304
1728824
1729332
1729848
1730364
1730876
1731392
1731900
1732412
1732936
1733452
1733960
1734468
1734968
1735480
1735988
1736484
1736976
1737464
1737960
1738456
1738952
1739452
1739952
1740444
1740936
1741424
1741916
1742412
1742916
1743416
1743924
1744424
1744924
1745424
1745924
1746424
1746924
1747428
1747932
1748436
1748944
1749452
1749948
1750440
1750940
1751432
1751932
1752436
1752936
1753432
1753924
1754412
1754908
1755400
1755876
1756368
1756852
1757344
1757844
1758352
1758856
1759356
1759852
1760348
1760832
1761324
1761812
1762304
1762796
1763280
1763772
1764256
1764752
1765240
1765728
1766216
1766704
1767196
1767684
1768176
1768684
1769180
1769676
1770172
1770660
1771148
1771632
1772120
1772600
1773096
1773584
1774064
1774544
1775024
1775516
1776012
1776512
1777012
1777512
1778008
1778496
1778984
1779468
1779968
1780456
1780940
1781428
1781908
1782392
1782876
1783356
1783836
1784312
1784796
1785280
1785772
1786276
1786784
1787284
1787780
1788260
1788736
1789204
1789668
1790124
1790568
1791012
1791464
1791936
1792420
1792912
1793416
1793904
1794392
1794876
1795360
1795844
1796332
1796808
1797292
1797768
1798244
1798720
1799192
1799668
1800148
1800624
1801104
1801584
1802064
1802536
1803000
1803468
1803940
1804408
1804884
1805360
1805836
1806312
1806796
1807276
1807756
1808228
1808704
1809172
1809640
1810100
1810564
1811028
1811496
1811972
1812460
1812940
1813416
1813896
1814380
1814860
1815336
1815808
1816280
1816752
1817212
1817684
1818156
1818628
1819100
1819568
1820036
1820504
1820972
1821444
1821916
1822392
1822868
1823336
1823816
1824284
1824752
1825224
1825696
1826168
1826640
1827108
1827576
1828044
1828508
1828968
1829424
1829876
1830332
1830788
1831256
1831724
1832196
1832668
1833136
1833604
1834072
1834540
1835004
1835472
1835936
1836400
1836860
1837316
1837784
1838240
1838704
1839168
1839632
1840096
1840564
1841036
1841508
1841976
1842448
1842916
1843376
1843836
1844292
1844752
1845212
1845676
1846136
1846604
1847060
1847524
1847988
1848444
1848912
1849368
1849832
1850292
1850756
1851216
1851680
1852136
1852600
1853056
1853516
1853972
1854432
1854892
1855356
1855824
1856288
1856752
1857216
1857680
1858136
1858608
1859068
1859524
1859992
1860448
1860912
1861376
1861840
1862300
1862756
1863212
1863668
1864124
1864576
1865028
1865480
1865936
1866396
1866856
1867316
1867780
1868240
1868700
1869160
1869624
1870084
1870548
1871008
1871472
1871936
1872396
1872856
1873312
1873764
1874228
1874684
1875140
1875596
1876052
1876504
1876956
1877408
1877860
1878320
1878780
1879240
1879696
1880160
1880620
1881080
1881536
1881984
1882444
1882896
1883352
1883808
1884268
1884732
1885192
1885660
1886116
1886580
1887036
1887492
1887948
1888400
1888852
1889296
1889752
1890208
1890668
1891128
1891588
1892048
1892500
1892960
1893416
1893868
1894328
1894784
1895240
1895692
1896148
1896608
1897060
1897520
1897980
1898444
1898904
1899364
1899816
1900276
1900732
1901192
1901644
1902104
1902560
1903016
1903476
1903932
1904388
1904844
1905300
1905760
1906216
1906664
1907124
1907576
1908028
1908480
1908928
1909380
1909840
1910296
1910748
1911204
1911660
1912116
1912576
1913036
1913492
1913944
1914400
1914848
1915300
1915752
1916204
1916656
1917112
1917560
1918012
1918472
1918924
1919376
1919832
1920292
1920744
1921204
1921656
1922116
1922564
1923024
1923476
1923932
1924380
1924836
1925288
1925744
1926208
1926672
1927136
1927592
1928056
1928508
1928960
1929408
1929860
1930308
1930756
1931204
1931652
1932108
1932564
1933016
1933476
1933928
1934384
1934844
1935300
1935760
1936216
1936668
1937132
1937588
1938048
1938508
1938964
1939420
1939872
1940328
1940784
1941240
1941696
1942148
1942596
1943044
1943500
1943960
1944420
1944888
1945356
1945824
1946288
1946752
1947212
1947672
1948128
1948584
1949040
1949492
1949952
1950404
1950852
1951316
1951768
1952224
1952680
1953136
1953592
1954052
1954508
1954968
1955424
1955876
1956336
1956792
1957248
1957700
1958156
1958612
1959068
1959524
1959980
1960440
1960900
1961364
1961820
1962280
1962744
1963200
1963660
1964116
1964572
1965032
1965492
1965948
1966404
1966864
1967320
1967780
1968240
1968692
1969148
1969612
1970072
1970536
1971004
1971460
1971920
1972380
1972840
1973300
1973760
1974216
1974672
1975124
1975584
1976040
1976504
1976968
1977428
1977896
1978360
1978828
1979292
1979752
1980216
1980672
1981132
1981588
1982040
1982496
1982960
1983424
1983884
1984348
1984812
1985276
1985740
1986204
1986668
1987124
1987584
1988040
1988496
1988956
1989412
1989876
1990332
1990792
1991248
1991700
1992156
1992612
1993072
1993532
1993992
1994460
1994924
1995384
1995852
1996308
1996776
1997240
1997700
1998164
1998620
1999088
1999548
2000012
2000480
2000940
2001400
2001852
2002308
2002756
2003216
2003676
2004140
2004600
2005064
2005520
2005992
2006456
2006916
2007376
2007828
2008284
2008728
2009188
2009648
2010100
2010568
2011036
2011504
2011976
2012440
2012900
2013360
2013828
2014292
2014748
2015204
2015652
2016104
2016564
2017028
2017496
2017968
2018436
2018900
2019368
2019832
2020304
2020772
2021232
2021700
2022156
2022616
2023076
2023544
2024012
2024476
2024944
2025408
2025872
2026328
2026792
2027256
2027716
2028176
2028628
2029092
2029548
2030016
2030484
2030948
2031416
2031880
2032336
2032800
2033260
2033728
2034192
2034648
2035104
2035568
2036028
2036496
2036960
2037424
2037892
2038356
2038816
2039280
2039740
2040204
2040660
2041112
2041568
2042024
2042484
2042952
2043412
2043880
2044340
2044808
2045272
2045736
2046208
2046668
2047132
2047600
2048064
2048528
2048992
2049448
2049912
2050376
2050836
2051296
2051752
2052212
2052676
2053144
2053612
2054080
2054548
2055020
2055488
2055956
2056420
2056888
2057356
2057812
2058280
2058740
2059200
2059660
2060128
2060592
2061052
2061520
2061984
2062448
2062912
2063384
2063856
2064324
2064796
2065260
2065736
2066208
2066676
2067144
2067612
2068076
2068540
2068996
2069460
2069928
2070388
2070852
2071316
2071780
2072252
2072716
2073184
2073656
2074120
2074580
2075036
2075496
2075956
2076420
2076884
2077352
2077808
2078272
2078736
2079192
2079652
2080116
2080580
2081052
2081524
2081992
2082464
2082932
2083400
2083872
2084336
2084800
2085260
2085716
2086176
2086636
2087092
2087552
2088008
2088472
2088940
2089404
2089868
2090336
2090800
2091264
2091728
2092188
2092648
2093112
2093572
2094032
2094492
2094952
2095412
2095876
2096336
2096796
2097260
2097720
2098184
2098640
2099100
2099564
2100024
2100484
2100948
2101416
2101880
2102344
2102808
2103276
2103740
2104196
2104656
2105112
2105568
2106024
2106476
2106928
2107376
2107840
2108292
2108760
2109224
2109688
2110152
2110616
2111076
2111532
2111988
2112444
2112900
2113356
2113812
2114268
2114732
2115204
2115672
2116140
2116608
2117072
2117532
2117996
2118452
2118912
2119368
2119824
2120284
2120748
2121212
2121680
2122152
2122616
2123088
2123552
2124012
2124480
2124944
2125404
2125868
2126324
2126780
2127236
2127688
2128140
2128596
2129048
2129504
2129964
2130424
2130892
2131360
2131828
2132288
2132748
2133200
2133656
2134116
2134568
2135012
2135464
2135908
2136348
2136804
2137252
2137704
2138156
2138612
2139064
2139524
2139980
2140440
2140900
2141356
2141816
2142272
2142732
2143188
2143644
2144092
2144548
2145000
2145452
2145900
2146348
2146808
2147264
2147720
2148184
2148644
2149104
2149560
2150012
2150476
2150932
2151380
2151824
2152268
2152712
2153160
2153604
2154052
2154500
2154952
2155404
2155864
2156324
2156788
2157248
2157712
2158160
2158608
2159044
2159488
2159932
2160392
2160852
2161320
2161768
2162232
2162680
2163128
2163572
2164012
2164456
2164896
2165320
2165748
2166188
2166632
2167088
2167552
2168012
2168480
2168936
2169388
2169836
2170280
2170724
2171164
2171600
2172040
2172476
2172916
2173360
2173812
2174260
2174724
2175180
2175636
2176084
2176528
2176972
2177412
2177852
2178296
2178740
2179172
2179608
2180040
2180476
2180916
2181352
2181796
2182236
2182676
2183116
2183560
2184004
2184452
2184896
2185344
2185792
2186236
2186676
2187116
2187552
2187988
2188424
2188860
2189292
2189720
2190168
2190612
2191048
2191492
2191936
2192384
2192824
2193264
2193692
2194132
2194564
2195004
2195440
2195872
2196312
2196748
2197180
2197616
2198048
2198488
2198928
2199372
2199816
2200252
2200692
2201120
2201560
2201996
2202428
2202864
2203296
2203728
2204164
2204592
2205028
2205456
2205888
2206320
2206756
2207188
2207616
2208052
2208488
2208916
2209356
2209788
2210220
2210652
2211084
2211512
2211940
2212372
2212796
2213232
2213660
2214088
2214516
2214940
2215368
2215796
2216220
2216648
2217072
2217500
2217928
2218356
2218784
2219216
2219644
2220072
2220500
2220928
2221352
2221776
2222204
2222628
2223048
2223476
2223896
2224320
2224740
2225160
2225580
2226004
2226424
2226852
2227280
2227708
2228136
2228560
2228984
2229408
2229828
2230252
2230668
2231088
2231504
2231920
2232336
2232760
2233180
2233604
2234032
2234460
2234888
2235308
2235728
2236148
2236568
2236992
2237412
2237824
2238244
2238664
2239080
2239500
2239916
2240332
2240760
2241180
2241608
2242028
2242448
2242872
2243284
2243696
2244116
2244532
2244948
2245360
2245784
2246196
2246612
2247020
2247436
2247852
2248268
2248684
2249096
2249512
2249924
2250340
2250756
2251172
2251592
2252012
2252424
2252840
2253248
2253660
2254064
2254468
2254880
2255288
2255700
2256112
2256516
2256932
2257344
2257756
2258176
2258588
2259000
2259408
2259816
2260224
2260628
2261036
2261440
2261848
2262260
2262672
2263084
2263496
2263912
2264324
2264740
2265152
2265564
2265976
2266388
2266796
2267204
2267616
2268028
2268440
2268856
2269268
2269680
2270092
2270504
2270920
2271336
2271748
2272160
2272576
2272996
2273412
2273824
2274232
2274652
2275064
2275476
2275888
2276296
2276704
2277112
2277516
2277920
2278328
2278724
2279132
2279536
2279940
2280344
2280748
2281152
2281556
2281952
2282352
2282744
2283132
2283524
2283912
2284300
2284688
2285076
2285472
2285864
2286260
2286652
2287044
2287436
2287832
2288232
2288632
2289028
2289432
2289832
2290236
2290636
2291036
2291436
2291836
2292232
2292628
2293032
2293432
2293832
2294232
2294628
2295024
2295428
2295824
2296220
2296616
2297008
2297400
2297792
2298184
2298576
2298960
2299340
2299728
2300112
2300500
2300892
2301288
2301684
2302080
2302476
2302872
2303272
2303668
2304060
2304452
2304840
2305228
2305616
2305996
2306380
2306772
2307156
2307556
2307948
2308340
2308732
2309132
2309524
2309916
2310316
2310708
2311100
2311488
2311880
2312268
2312656
2313048
2313432
2313824
2314212
2314600
2314996
2315392
2315792
2316184
2316576
2316964
2317352
2317740
2318128
2318520
2318908
2319296
2319680
2320068
2320452
2320840
2321240
2321636
2322032
2322436
2322852
2323260
2323668
2324068
2324456
2324840
2325224
2325600
2325968
2326312
2326688
2327052
2327420
2327800
2328188
2328580
2328976
2329376
2329780
2330176
2330576
2330980
2331380
2331780
2332168
2332560
2332948
2333328
2333708
2334084
2334468
2334852
2335236
2335620
2336008
2336396
2336784
2337172
2337564
2337956
2338340
2338716
2339104
2339484
2339864
2340252
2340632
2341020
2341408
2341796
2342188
2342576
2342964
2343348
2343732
2344112
2344496
2344872
2345252
2345628
2346004
2346380
2346756
2347136
2347516
2347900
2348292
2348688
2349080
2349476
2349868
2350252
2350636
2351016
2351392
2351768
2352148
2352528
2352908
2353288
2353664
2354036
2354420
2354796
2355180
2355556
2355944
2356328
2356712
2357092
2357480
2357860
2358236
2358608
2358996
2359372
2359756
2360136
2360520
2360900
2361288
2361668
2362052
2362436
2362816
2363196
2363576
2363948
2364320
2364704
2365080
2365460
2365844
2366228
2366608
2366992
2367376
2367756
2368136
2368508
2368892
2369268
2369652
2370028
2370404
2370780
2371160
2371532
2371912
2372288
2372664
2373036
2373416
2373792
2374172
2374552
2374932
2375312
2375688
2376064
2376440
2376816
2377188
2377564
2377940
2378316
2378696
2379072
2379452
2379836
2380216
2380600
2380980
2381360
2381736
2382116
2382488
2382860
2383232
2383600
2383972
2384344
2384712
2385084
2385456
2385828
2386204
2386580
2386956
2387332
2387708
2388088
2388472
2388852
2389228
2389604
2389972
2390344
2390716
2391088
2391456
2391832
2392204
2392580
2392952
2393324
2393704
2394080
2394456
2394832
2395208
2395584
2395960
2396332
2396712
2397084
2397460
2397836
2398216
2398588
2398964
2399336
2399708
2400080
2400452
2400820
2401192
2401568
2401944
2402320
2402700
2403080
2403456
2403832
2404204
2404576
2404948
2405320
2405688
2406064
2406428
2406804
2407172
2407552
2407928
2408304
2408684
2409064
2409436
2409816
2410192
2410564
2410940
2411312
2411684
2412056
2412432
2412804
2413176
2413552
2413924
2414300
2414672
2415048
2415420
2415792
2416172
2416544
2416920
2417296
2417668
2418044
2418420
2418796
2419168
2419540
2419916
2420292
2420664
2421036
2421416
2421792
2422160
2422536
2422900
2423276
2423644
2424012
2424380
2424752
2425120
2425488
2425864
2426240
2426616
2426988
2427364
2427740
2428112
2428488
2428860
2429232
2429604
2429976
2430348
2430716
2431088
2431456
2431824
2432196
2432564
2432940
2433316
2433688
2434064
2434436
2434812
2435184
2435556
2435928
2436300
2436672
2437044
2437428
2437800
2438184
2438560
2438936
2439312
2439684
2440056
2440428
2440796
2441164
2441532
2441900
2442268
2442640
2443008
2443380
2443752
2444124
2444496
2444872
2445244
2445624
2446000
2446372
2446748
2447124
2447500
2447876
2448248
2448624
2449000
2449372
2449744
2450116
2450484
2450852
2451220
2451592
2451968
2452344
2452720
2453096
2453480
2453860
2454244
2454620
2454996
2455372
2455748
2456124
2456500
2456872
2457240
2457612
2457980
2458352
2458720
2459092
2459464
2459840
2460216
2460588
2460960
2461336
2461708
2462084
2462456
2462828
2463196
2463564
2463932
2464308
2464680
2465056
2465432
2465808
2466192
2466572
2466952
2467332
2467716
2468096
2468468
2468844
2469212
2469580
2469944
2470308
2470676
2471048
2471420
2471796
2472172
2472548
2472928
2473304
2473684
2474064
2474436
2474812
2475184
2475560
2475932
2476304
2476676
2477044
2477416
2477788
2478168
2478544
2478920
2479304
2479684
2480064
2480440
2480824
2481200
2481576
2481956
2482328
2482700
2483076
2483456
2483832
2484208
2484584
2484956
2485332
2485712
2486092
2486468
2486844
2487216
2487588
2487956
2488332
2488708
2489084
2489460
2489840
2490212
2490588
2490964
2491336
2491712
2492092
2492464
2492848
2493228
2493608
2493984
2494360
2494732
2495112
2495484
2495856
2496228
2496608
2496984
2497360
2497744
2498128
2498504
2498884
2499260
2499636
2500012
2500384
2500760
2501136
2501512
2501888
2502264
2502640
2503012
2503384
2503760
2504128
2504504
2504876
2505248
2505616
2505988
2506360
2506732
2507100
2507472
2507844
2508216
2508592
2508968
2509344
2509716
2510092
2510464
2510840
2511224
2511608
2511992
2512376
2512756
2513128
2513512
2513888
2514260
2514640
2515020
2515392
2515768
2516144
2516516
2516896
2517276
2517652
2518028
2518408
2518780
2519152
2519524
2519892
2520268
2520644
2521020
2521400
2521780
2522164
2522544
2522924
2523304
2523676
2524048
2524432
2524808
2525184
2525560
2525940
2526312
2526688
2527064
2527440
2527816
2528192
2528572
2528940
2529324
2529700
2530080
2530456
2530828
2531200
2531572
2531940
2532324
2532696
2533072
2533444
2533824
2534204
2534576
2534964
2535340
2535724
2536104
2536484
2536860
2537236
2537616
2537992
2538368
2538744
2539116
2539488
2539864
2540236
2540616
2541000
2541380
2541760
2542144
2542524
2542904
2543288
2543668
2544044
2544420
2544800
2545176
2545552
2545924
2546300
2546676
2547044
2547416
2547796
2548168
2548548
2548924
2549308
2549684
2550068
2550448
2550832
2551212
2551596
2551980
2552360
2552736
2553108
2553484
2553860
2554236
2554616
2554996
2555372
2555756
2556132
2556512
2556892
2557272
2557648
2558016
2558388
2558760
2559132
2559508
2559884
2560264
2560640
2561016
2561392
2561760
2562132
2562508
2562880
2563256
2563632
2564012
2564388
2564760
2565136
2565512
2565888
2566264
2566648
2567028
2567404
2567784
2568160
2568528
2568904
2569272
2569644
2570016
2570388
2570760
2571132
2571508
2571884
2572260
2572640
2573020
2573400
2573780
2574160
2574536
2574908
2575276
2575644
2576008
2576376
2576740
2577108
2577476
2577848
2578216
2578584
2578964
2579340
2579716
2580096
2580468
2580840
2581220
2581596
2581968
2582336
2582704
2583068
2583432
2583800
2584164
2584528
2584900
2585264
2585640
2586012
2586384
2586756
2587132
2587504
2587880
2588252
2588620
2588992
2589360
2589728
2590100
2590472
2590844
2591216
2591596
2591968
2592344
2592724
2593100
2593476
2593856
2594228
2594600
2594968
2595336
2595704
2596076
2596444
2596816
2597192
2597568
2597940
2598320
2598708
2599084
2599468
2599844
2600224
2600596
2600972
2601344
2601712
2602076
2602444
2602812
2603180
2603548
2603920
2604296
2604676
2605048
2605416
2605788
2606164
2606536
2606908
2607272
2607636
2608004
2608364
2608728
2609088
2609456
2609828
2610192
2610568
2610940
2611316
2611688
2612064
2612436
2612812
2613184
2613560
2613928
2614296
2614664
2615028
2615392
2615752
2616112
2616480
2616848
2617220
2617600
2617976
2618348
2618724
2619100
2619476
2619848
2620220
2620592
2620956
2621324
2621688
2622056
2622420
2622788
2623156
2623524
2623888
2624260
2624636
2625012
2625388
2625760
2626128
2626496
2626868
2627236
2627612
2628000
2628380
2628760
2629140
2629512
2629880
2630244
2630608
2630968
2631316
2631684
2632028
2632400
2632764
2633132
2633508
2633888
2634268
2634644
2635020
2635396
2635768
2636144
2636520
2636896
2637272
2637648
2638016
2638388
2638752
2639120
2639488
2639856
2640228
2640604
2640980
2641360
2641740
2642124
2642508
2642888
2643264
2643632
2644000
2644368
2644712
2645088
2645436
2645816
2646184
2646556
2646924
2647300
2647676
2648056
2648436
2648824
2649208
2649592
2649972
2650352
2650724
2651100
2651468
2651836
2652204
2652576
2652952
2653324
2653696
2654080
2654464
2654844
2655224
2655608
2655992
2656372
2656752
2657132
2657508
2657880
2658252
2658624
2658992
2659360
2659732
2660108
2660488
2660872
2661256
2661640
2662024
2662404
2662788
2663168
2663548
2663928
2664312
2664688
2665068
2665448
2665828
2666208
2666588
2666968
2667352
2667736
2668116
2668500
2668884
2669268
2669644
2670028
2670408
2670788
2671172
2671552
2671936
2672320
2672704
2673088
2673468
2673852
2674236
2674616
2675004
2675380
2675768
2676148
2676540
2676924
2677308
2677692
2678080
2678468
2678852
2679236
2679620
2680004
2680392
2680780
2681168
2681556
2681944
2682328
2682720
2683108
2683500
2683884
2684272
2684664
2685052
2685432
2685824
2686212
2686596
2686984
2687380
2687768
2688160
2688552
2688940
2689332
2689724
2690120
2690516
2690908
2691304
2691696
2692088
2692480
2692868
2693256
2693648
2694036
2694428
2694820
2695212
2695604
2695996
2696388
2696784
2697176
2697568
2697968
2698364
2698760
2699152
2699552
2699952
2700344
2700740
2701132
2701528
2701924
2702320
2702716
2703116
2703516
2703916
2704308
2704716
2705112
2705508
2705904
2706300
2706696
2707092
2707488
2707892
2708288
2708692
2709088
2709492
2709884
2710288
2710688
2711088
2711492
2711896
2712296
2712700
2713104
2713512
2713912
2714320
2714724
2715128
2715524
2715932
2716332
2716732
2717140
2717544
2717956
2718368
2718780
2719192
2719604
2720016
2720428
2720840
2721256
2721664
2722080
2722492
2722908
2723324
2723744
2724168
2724592
2725012
2725444
2725880
2726308
2726740
2727176
2727612
2728048
2728492
2728928
2729368
2729804
2730248
2730688
2731124
2731568
2732008
2732444
2732884
2733328
2733764
2734208
2734648
2735088
2735520
2735964
2736396
2736828
2737256
2737692
2738128
2738564
2739000
2739436
2739872
2740308
2740744
2741176
2741612
2742044
2742472
2742916
2743352
2743788
2744224
2744660
2745092
2745532
2745972
2746420
2746872
2747328
2747784
2748232
2748688
2749140
2749588
2750040
2750492
2750944
2751396
2751852
2752308
2752768
2753224
2753680
2754136
2754592
2755044
2755496
2755952
2756400
2756856
2757312
2757764
2758220
2758668
2759120
2759572
2760024
2760484
2760940
2761396
2761856
2762312
2762772
2763232
2763696
2764156
2764612
2765068
2765520
2765976
2766428
2766876
2767332
2767792
2768252
2768712
2769180
2769644
2770112
2770576
2771040
2771496
2771948
2772392
2772840
2773288
2773744
2774200
2774656
2775116
2775572
2776024
2776488
2776956
2777420
2777888
2778356
2778808
2779268
2779728
2780192
2780656
2781124
2781588
2782056
2782520
2782976
2783444
2783908
2784380
2784852
2785328
2785804
2786284
2786772
2787264
2787748
2788216
2788676
2789136
2789588
2790044
2790496
2790936
2791368
2791812
2792280
2792760
2793248
2793740
2794228
2794712
2795208
2795692
2796180
2796664
2797148
2797628
2798104
2798580
2799064
2799544
2800028
2800508
2800992
2801480
2801968
2802452
2802936
2803416
2803896
2804380
2804864
2805356
2805840
2806328
2806816
2807308
2807800
2808292
2808780
2809272
2809768
2810260
2810752
2811240
2811736
2812228
2812716
2813208
2813704
2814200
2814700
2815204
2815712
2816216
2816724
2817228
2817728
2818228
2818724
2819220
2819724
2820228
2820728
2821228
2821732
2822232
2822732
2823244
2823756
2824272
2824788
2825296
2825812
2826320
2826840
2827356
2827868
2828384
2828904
2829424
2829952
2830476
2831000
2831516
2832028
2832552
2833076
2833612
2834148
2834688
2835216
2835760
2836288
2836816
2837348
2837888
2838420
2838952
2839480
2840024
2840572
2841116
2841668
2842216
2842768
2843320
2843872
2844428
2844976
2845524
2846068
2846608
2847152
2847704
2848260
2848820
2849384
2849944
2850504
2851072
2851624
2852184
2852740
2853308
2853868
2854436
2855004
2855576
2856152
2856724
2857288
2857856
2858420
2858988
2859560
2860132
2860704
2861280
2861860
2862440
2863020
2863600
2864180
2864752
2865328
2865908
2866484
2867060
2867636
2868212
2868796
2869376
2869976
2870560
2871144
2871732
2872312
2872900
2873480
2874068
2874640
2875228
2875816
2876416
2877012
2877608
2878204
2878792
2879384
2879980
2880580
2881168
2881760
2882360
2882964
2883576
2884180
2884784
2885388
2885992
2886588
2887196
2887804
2888408
2889008
2889620
2890232
2890844
2891460
2892084
2892716
2893352
2893980
2894612
2895240
2895864
2896484
2897108
2897732
2898372
2899020
2899668
2900324
2900976
2901628
2902272
2902912
2903556
2904208
2904872
2905540
2906212
2906876
2907540
2908212
2908892
2909568
2910248
2910924
2911616
2912300
2912996
2913680
2914364
2915052
2915744
2916456
2917160
2917868
2918568
2919280
2919980
2920692
2921404
2922112
2922820
2923544
2924280
2925024
2925748
2926488
2927216
2927936
2928664
2929396
2930132
2930872
2931620
2932368
2933112
2933852
2934604
2935344
2936080
2936820
2937568
2938316
2939072
2939824
2940580
2941332
2942092
2942864
2943640
2944408
2945176
2945944
2946708
2947480
2948256
2949044
2949840
2950628
2951432
2952228
2953012
2953804
2954608
2955400
2956196
2957008
2957844
2958672
2959492
2960332
2961176
2962028
2962872
2963720
2964564
2965404
2966256
2967128
2968020
2968912
2969828
2970732
2971624
2972520
2973412
2974324
2975248
2976164
2977080
2978004
2978936
2979896
2980832
2981792
2982748
2983704
2984672
2985652
2986648
2987652
2988664
2989672
2990692
2991720
2992732
2993764
2994808
2995848
2996884
2997956
2999028
3000100
3001184
3002260
3003312
3004408
3005500
3006624
3007752
3008884
3010016
3011160
3012312
3013468
3014624
3015812
3016992
3018184
3019392
3020604
3021856
3023104
3024364
3025624
3026912
3028224
3029548
3030892
3032236
3033580
3034996
3036448
3037892
3039316
3040796
3042292
3043836
3045396
3046944
3048528
3050164
3051844
3053528
3055240
3057020
3058788
3060628
3062528
3064420
3066360
3068380
3070408
3072488
3074640
3076804
3079060
3081400
3083800
3086424
3089096
3091844
3094872
3098216
3101664
3105452
3109948
3114792
3120952
3128904
3170256
3178332
3184952
3190544
3196012
3200804
3205180
3209232
3213124
3216624
3219988
3223208
3226284
3229360
3232232
3235128
3238036
3240680
3243364
3246100
3248728
3251236
3253724
3256208
3258664
3261100
3263420
3265744
3268120
3270392
3272640
3274820
3277028
3279160
3281284
3283392
3285460
3287512
3289544
3291528
3293524
3295508
3297456
3299396
3301332
3303204
3305128
3307032
3308892
3310744
3312552
3314372
3316144
3317944
3319712
3321420
3323136
3324892
3326612
3328320
3329976
3331612
3333272
3334924
3336556
3338168
3339764
3341348
3342972
3344584
3346132
3347668
3349244
3350772
3352296
3353844
3355376
3356900
3358396
3359868
3361368
3362864
3364324
3365788
3367248
3368744
3370196
3371636
3373056
3374480
3375924
3377352
3378768
3380212
3381612
3382968
3384300
3385640
3387028
3388432
3389852
3391224
3392568
3393920
3395280
3396632
3397968
3399252
3400620
3401952
3403280
3404596
3405908
3407228
3408564
3409852
3411144
3412428
3413712
3415008
3416332
3417648
3418932
3420200
3421460
3422724
3423984
3425256
3426532
3427792
3429036
3430280
3431536
3432752
3433976
3435216
3436464
3437716
3438944
3440128
3441324
3442536
3443748
3444984
3446224
3447460
3448664
3449840
3451012
3452180
3453388
3454584
3455780
3456956
3458108
3459256
3460408
3461548
3462700
3463852
3465008
3466148
3467284
3468400
3469516
3470628
3471776
3472928
3474064
3475180
3476260
3477384
3478496
3479628
3480780
3481908
3483012
3484140
3485260
3486376
3487488
3488596
3489696
3490800
3491928
3493044
3494168
3495252
3496336
3497416
3498488
3499572
3500676
3501776
3502860
3503944
3505016
3506072
3507144
3508236
3509328
3510416
3511496
3512568
3513632
3514724
3515804
3516864
3517904
3518940
3519976
3521028
3522088
3523140
3524204
3525264
3526316
3527368
3528420
3529472
3530528
3531572
3532608
3533632
3534656
3535680
3536684
3537708
3538732
3539788
3540828
3541860
3542884
3543920
3544956
3545972
3546996
3548036
3549064
3550092
3551140
3552184
3553216
3554236
3555244
3556260
3557268
3558296
3559320
3560344
3561348
3562344
3563348
3564372
3565388
3566396
3567400
3568400
3569424
3570440
3571428
3572436
3573424
3574428
3575428
3576452
3577476
3578480
3579476
3580428
3581376
3582352
3583360
3584372
3585376
3586372
3587352
3588324
3589324
3590316
3591300
3592284
3593248
3594196
3595160
3596144
3597136
3598156
3599156
3600132
3601100
3602072
3603048
3604024
3605000
3605976
3606944
3607908
3608880
3609848
3610820
3611792
3612764
3613736
3614720
3615692
3616684
3617660
3618636
3619604
3620564
3621540
3622508
3623472
3624432
3625408
3626376
3627344
3628316
3629296
3630268
3631224
3632168
3633112
3634056
3635020
3635980
3636924
3637876
3638828
3639760
3640696
3641640
3642624
3643608
3644568
3645512
3646448
3647384
3648332
3649276
3650228
3651188
3652144
3653088
3654024
3654948
3655884
3656844
3657772
3658700
3659640
3660588
3661512
3662436
3663432
3664408
3665348
3666268
3667172
3668088
3669032
3670060
3671044
3671952
3672844
3673744
3674660
3675616
3676584
3677540
3678480
3679412
3680332
3681256
3682204
3683140
3684064
3684988
3685908
3686816
3687768
3688744
3689700
3690636
3691540
3692436
3693344
3694252
3695176
3696152
3697092
3698036
3699012
3700136
3701180
3702076
3702936
3703776
3704660
3705556
3706484
3707412
3708284
3709220
3710224
3711208
3712172
3713108
3714012
3714936
3715864
3716804
3717728
3718652
3719576
3720544
3721496
3722428
3723324
3724236
3725208
3726200
3727176
3728132
3729060
3729968
3730908
3731836
3732780
3733724
3734648
3735576
3736496
3737416
3738364
3739328
3740288
3741260
3742200
3743112
3744016
3744964
3745920
3746888
3747836
3748772
3749708
3750644
3751556
3752448
3753344
3754280
3755212
3756160
3757116
3758056
3758968
3759860
3760784
3761708
3762648
3763576
3764516
3765464
3766396
3767316
3768240
3769172
3770100
3771036
3771956
3772864
3773780
3774712
3775676
3776640
3777596
3778544
3779476
3780400
3781328
3782264
3783212
3784172
3785120
3786068
3786996
3787936
3788892
3789836
3790764
3791700
3792628
3793548
3794476
3795424
3796396
3797368
3798332
3799268
3800208
3801132
3802076
3803020
3803968
3804940
3805872
3806832
3807796
3808760
3809712
3810664
3811596
3812524
3813476
3814452
3815452
3816428
3817400
3818324
3819244
3820164
3821096
3822044
3823004
3823964
3824924
3825868
3826832
3827788
3828724
3829680
3830640
3831588
3832532
3833516
3834476
3835428
3836360
3837296
3838268
3839268
3840260
3841236
3842192
3843168
3844124
3845076
3846024
3847000
3847980
3848960
3849948
3850924
3851904
3852876
3853876
3854868
3855824
3856800
3857792
3858784
3859776
3860764
3861720
3862688
3863644
3864616
3865616
3866632
3867644
3868640
3869640
3870612
3871584
3872560
3873548
3874556
3875568
3876588
3877616
3878636
3879640
3880660
3881664
3882660
3883668
3884688
3885696
3886724
3887748
3888764
3889772
3890776
3891808
3892848
3893880
3894920
3895932
3896928
3897932
3898976
3900012
3901036
3902084
3903116
3904164
3905228
3906272
3907304
3908332
3909384
3910424
3911460
3912500
3913540
3914588
3915640
3916700
3917780
3918856
3919908
3920984
3922036
3923108
3924196
3925256
3926332
3927404
3928480
3929588
3930700
3931804
3932912
3934016
3935120
3936228
3937328
3938440
3939576
3940720
3941860
3942992
3944140
3945284
3946452
3947596
3948756
3949912
3951084
3952236
3953404
3954564
3955700
3956836
3958016
3959204
3960388
3961568
3962732
3963912
3965112
3966316
3967508
3968704
3969912
3971140
3972332
3973520
3974732
3975992
3977264
3978520
3979756
3980984
3982236
3983496
3984724
3985984
3987264
3988576
3989888
3991196
3992496
3993788
3995096
3996420
3997756
3999096
4000472
4001836
4003208
4004580
4005960
4007344
4008736
4010152
4011608
4013064
4014476
4015916
4017372
4018868
4020344
4021804
4023244
4024704
4026200
4027732
4029344
4030936
4032452
4033992
4035576
4037200
4038792
4040372
4042044
4043736
4045428
4047144
4048840
4050528
4052216
4053968
4055736
4057508
4059348
4061196
4063068
4064976
4066912
4068804
4070764
4072752
4074828
4076856
4078856
4081040
4083224
4085380
4087680
4090012
4092276
4094612
4097044
4099564
4102092
4104980
4107520
4110168
4113136
4115836
4118952
4121900
4125036
4128356
4131700
4135332
4139204
4143108
4147596
4152140
4157412
4162904
4169464
4177164
4186940
4206316
4256240
4267072
4277128
4286632
4296640
4305480
4313948
4322132
4330532
4339536
4348248
4357744
4367640
4378112
4389856
4403248
4418544
4437444
